Code - OSS (1.97.2, undefined, desktop)
Jupyter Extension Version: 2025.1.0.
Python Extension not installed.
Pylance Extension not installed.
Platform: linux (x64).
Home = /home/mhamdi
Temp Storage folder ~/.config/Code - OSS/User/globalStorage/ms-toolsai.jupyter/version-2025.1.0
Workspace folder /data/tmp/rm-test-async/layers/api
20:23:16.021 [warn] Disposing old controller startUsingLocalKernelSpec:'.python3./python./.-m#ipykernel_launcher' for view = 'jupyter-notebook'
20:23:16.033 [warn] Disposing old controller startUsingLocalKernelSpec:'.python3./python./.-m#ipykernel_launcher (Interactive)' for view = 'interactive'
20:23:28.645 [warn] Disposing old controller startUsingLocalKernelSpec:'.undefined.-xfrozen_modules=off./data/local_tmp/pyenvs/py312/venv/bin/python3./.-xfrozen_modules=off#-m#ipykernel_launcher' for view = 'jupyter-notebook'
20:23:28.646 [warn] Disposing old controller startUsingLocalKernelSpec:'.undefined.-xfrozen_modules=off./data/local_tmp/pyenvs/py312/venv/bin/python3./.-xfrozen_modules=off#-m#ipykernel_launcher (Interactive)' for view = 'interactive'
20:23:30.955 [info] Starting Kernel (Python Path: /data/tmp/rm-test-async/layers/api/venv/bin/python, Venv, 3.12.8) for '/data/tmp/rm-test-async/layers/api/nb.ipynb' (disableUI=true)
20:23:31.317 [info] Process Execution: /data/tmp/rm-test-async/layers/api/venv/bin/python -m pip list
20:23:31.336 [info] Process Execution: /data/tmp/rm-test-async/layers/api/venv/bin/python -c "import ipykernel; print(ipykernel.__version__); print("5dc3a68c-e34e-4080-9c3e-2a532b2ccb4d"); print(ipykernel.__file__)"
20:23:31.360 [info] Process Execution: /data/tmp/rm-test-async/layers/api/venv/bin/python -m ipykernel_launcher --f=/home/~/.local/share/jupyter/runtime/kernel-v3b04a58ff7f5241ab7627cdfac16a2a64b49da0b6.json
    > cwd: /data/tmp/rm-test-async/layers/api
20:23:32.759 [info] Kernel successfully started
20:23:32.780 [info] Process Execution: /data/tmp/rm-test-async/layers/api/venv/bin/python /home/~/.vscode-oss/extensions/ms-toolsai.jupyter-2025.1.0-linux-x64/pythonFiles/printJupyterDataDir.py
20:24:22.180 [info] Disposing request as the cell (1) was deleted /data/tmp/rm-test-async/layers/api/nb.ipynb
20:24:22.180 [info] Disposing request as the cell (1) was deleted /data/tmp/rm-test-async/layers/api/nb.ipynb
20:24:22.181 [info] Dispose Kernel '/data/tmp/rm-test-async/layers/api/nb.ipynb' associated with '/data/tmp/rm-test-async/layers/api/nb.ipynb'
20:24:25.390 [info] Starting Kernel (Python Path: /data/tmp/rm-test-async/layers/api/venv/bin/python, Venv, 3.12.8) for '/data/tmp/rm-test-async/layers/api/nb.ipynb' (disableUI=true)
20:24:25.417 [info] Process Execution: /data/tmp/rm-test-async/layers/api/venv/bin/python -c "import ipykernel; print(ipykernel.__version__); print("5dc3a68c-e34e-4080-9c3e-2a532b2ccb4d"); print(ipykernel.__file__)"
20:24:25.469 [info] Process Execution: /data/tmp/rm-test-async/layers/api/venv/bin/python -m ipykernel_launcher --f=/home/~/.local/share/jupyter/runtime/kernel-v39cc2ad8e912b261f6edab1b976c8f17bba00496d.json
    > cwd: /data/tmp/rm-test-async/layers/api
20:24:26.882 [info] Kernel successfully started
20:24:29.180 [info] Dispose Kernel '/data/tmp/rm-test-async/layers/api/nb.ipynb' associated with '/data/tmp/rm-test-async/layers/api/nb.ipynb'
20:24:29.180 [info] Dispose Kernel '/data/tmp/rm-test-async/layers/api/nb.ipynb' associated with '/data/tmp/rm-test-async/layers/api/nb.ipynb'
