Code - OSS (1.97.2, undefined, desktop)
Jupyter Extension Version: 2025.1.0.
Python Extension Version: 2025.2.0.
Pylance Extension Version: 2025.3.2.
Platform: linux (x64).
Home = /home/mhamdi
Temp Storage folder ~/.config/Code - OSS/User/globalStorage/ms-toolsai.jupyter/version-2025.1.0
Workspace folder /data/tmp/rm-test-async/layers/api
20:24:41.892 [error] Error in activating extension, failed in wy [Error: Extension 'ms-toolsai.jupyter' CANNOT use API proposal: notebookKernelSource.
Its package.json#enabledApiProposals-property declares:  but NOT notebookKernelSource.
 The missing proposal MUST be added and you must start in extension development mode or use the following command line switch: --enable-proposed-api ms-toolsai.jupyter
	at N (file:///usr/lib/code-oss/resources/app/out/vs/workbench/api/node/extensionHostProcess.js:110:16858)
	at Object.createNotebookControllerDetectionTask (file:///usr/lib/code-oss/resources/app/out/vs/workbench/api/node/extensionHostProcess.js:172:59121)
	at i (/home/~/.vscode-oss/extensions/ms-toolsai.jupyter-2025.1.0-linux-x64/dist/extension.node.js:299:6630)
	at wy.startRefreshWithPython (/home/~/.vscode-oss/extensions/ms-toolsai.jupyter-2025.1.0-linux-x64/dist/extension.node.js:299:6853)
	at wy.activate (/home/~/.vscode-oss/extensions/ms-toolsai.jupyter-2025.1.0-linux-x64/dist/extension.node.js:299:5077)
	at /home/~/.vscode-oss/extensions/ms-toolsai.jupyter-2025.1.0-linux-x64/dist/extension.node.js:382:27934
	at Array.map (<anonymous>)
	at hI.activate (/home/~/.vscode-oss/extensions/ms-toolsai.jupyter-2025.1.0-linux-x64/dist/extension.node.js:382:27920)
	at QG (/home/~/.vscode-oss/extensions/ms-toolsai.jupyter-2025.1.0-linux-x64/dist/extension.node.js:445:2137)
	at async Ehe (/home/~/.vscode-oss/extensions/ms-toolsai.jupyter-2025.1.0-linux-x64/dist/extension.node.js:447:454)]
20:24:41.901 [error] Error in activating extension, failed in ob [Error: Extension 'ms-toolsai.jupyter' CANNOT use API proposal: notebookKernelSource.
Its package.json#enabledApiProposals-property declares:  but NOT notebookKernelSource.
 The missing proposal MUST be added and you must start in extension development mode or use the following command line switch: --enable-proposed-api ms-toolsai.jupyter
	at N (file:///usr/lib/code-oss/resources/app/out/vs/workbench/api/node/extensionHostProcess.js:110:16858)
	at Object.registerKernelSourceActionProvider (file:///usr/lib/code-oss/resources/app/out/vs/workbench/api/node/extensionHostProcess.js:172:59243)
	at ob.activate (/home/~/.vscode-oss/extensions/ms-toolsai.jupyter-2025.1.0-linux-x64/dist/extension.node.js:304:116884)
	at /home/~/.vscode-oss/extensions/ms-toolsai.jupyter-2025.1.0-linux-x64/dist/extension.node.js:382:27934
	at Array.map (<anonymous>)
	at hI.activate (/home/~/.vscode-oss/extensions/ms-toolsai.jupyter-2025.1.0-linux-x64/dist/extension.node.js:382:27920)
	at QG (/home/~/.vscode-oss/extensions/ms-toolsai.jupyter-2025.1.0-linux-x64/dist/extension.node.js:445:2137)
	at async Ehe (/home/~/.vscode-oss/extensions/ms-toolsai.jupyter-2025.1.0-linux-x64/dist/extension.node.js:447:454)]
20:24:43.613 [warn] Failed to attach variable provider [Error: Extension 'ms-toolsai.jupyter' CANNOT use API proposal: notebookVariableProvider.
Its package.json#enabledApiProposals-property declares:  but NOT notebookVariableProvider.
 The missing proposal MUST be added and you must start in extension development mode or use the following command line switch: --enable-proposed-api ms-toolsai.jupyter
	at N (file:///usr/lib/code-oss/resources/app/out/vs/workbench/api/node/extensionHostProcess.js:110:16858)
	at set variableProvider (file:///usr/lib/code-oss/resources/app/out/vs/workbench/api/node/extensionHostProcess.js:171:20783)
	at n.create (/home/~/.vscode-oss/extensions/ms-toolsai.jupyter-2025.1.0-linux-x64/dist/extension.node.js:304:87851)
	at /home/~/.vscode-oss/extensions/ms-toolsai.jupyter-2025.1.0-linux-x64/dist/extension.node.js:304:101516
	at Array.forEach (<anonymous>)
	at Xy.addImpl (/home/~/.vscode-oss/extensions/ms-toolsai.jupyter-2025.1.0-linux-x64/dist/extension.node.js:304:101489)
	at /home/~/.vscode-oss/extensions/ms-toolsai.jupyter-2025.1.0-linux-x64/dist/extension.node.js:304:100569
	at Array.forEach (<anonymous>)
	at Xy.batchAdd (/home/~/.vscode-oss/extensions/ms-toolsai.jupyter-2025.1.0-linux-x64/dist/extension.node.js:304:100539)
	at Xy.createNotebookControllers (/home/~/.vscode-oss/extensions/ms-toolsai.jupyter-2025.1.0-linux-x64/dist/extension.node.js:304:99597)
	at Xy.loadControllersImpl (/home/~/.vscode-oss/extensions/ms-toolsai.jupyter-2025.1.0-linux-x64/dist/extension.node.js:304:99057)
	at Xy.loadControllers (/home/~/.vscode-oss/extensions/ms-toolsai.jupyter-2025.1.0-linux-x64/dist/extension.node.js:304:98807)
	at Xy.<anonymous> (/home/~/.vscode-oss/extensions/ms-toolsai.jupyter-2025.1.0-linux-x64/dist/extension.node.js:304:98175)
	at D.B (file:///usr/lib/code-oss/resources/app/out/vs/workbench/api/node/extensionHostProcess.js:27:2373)
	at D.fire (file:///usr/lib/code-oss/resources/app/out/vs/workbench/api/node/extensionHostProcess.js:27:2591)
	at Ah.value (/home/~/.vscode-oss/extensions/ms-toolsai.jupyter-2025.1.0-linux-x64/dist/extension.node.js:285:19835)
	at D.B (file:///usr/lib/code-oss/resources/app/out/vs/workbench/api/node/extensionHostProcess.js:27:2373)
	at D.C (file:///usr/lib/code-oss/resources/app/out/vs/workbench/api/node/extensionHostProcess.js:27:2443)
	at D.fire (file:///usr/lib/code-oss/resources/app/out/vs/workbench/api/node/extensionHostProcess.js:27:2660)
	at lb.buildDummyEnvironment (/home/~/.vscode-oss/extensions/ms-toolsai.jupyter-2025.1.0-linux-x64/dist/extension.node.js:304:145848)]
20:24:43.615 [warn] Failed to attach variable provider [Error: Extension 'ms-toolsai.jupyter' CANNOT use API proposal: notebookVariableProvider.
Its package.json#enabledApiProposals-property declares:  but NOT notebookVariableProvider.
 The missing proposal MUST be added and you must start in extension development mode or use the following command line switch: --enable-proposed-api ms-toolsai.jupyter
	at N (file:///usr/lib/code-oss/resources/app/out/vs/workbench/api/node/extensionHostProcess.js:110:16858)
	at set variableProvider (file:///usr/lib/code-oss/resources/app/out/vs/workbench/api/node/extensionHostProcess.js:171:20783)
	at n.create (/home/~/.vscode-oss/extensions/ms-toolsai.jupyter-2025.1.0-linux-x64/dist/extension.node.js:304:87851)
	at /home/~/.vscode-oss/extensions/ms-toolsai.jupyter-2025.1.0-linux-x64/dist/extension.node.js:304:101516
	at Array.forEach (<anonymous>)
	at Xy.addImpl (/home/~/.vscode-oss/extensions/ms-toolsai.jupyter-2025.1.0-linux-x64/dist/extension.node.js:304:101489)
	at /home/~/.vscode-oss/extensions/ms-toolsai.jupyter-2025.1.0-linux-x64/dist/extension.node.js:304:100569
	at Array.forEach (<anonymous>)
	at Xy.batchAdd (/home/~/.vscode-oss/extensions/ms-toolsai.jupyter-2025.1.0-linux-x64/dist/extension.node.js:304:100539)
	at Xy.createNotebookControllers (/home/~/.vscode-oss/extensions/ms-toolsai.jupyter-2025.1.0-linux-x64/dist/extension.node.js:304:99597)
	at Xy.loadControllersImpl (/home/~/.vscode-oss/extensions/ms-toolsai.jupyter-2025.1.0-linux-x64/dist/extension.node.js:304:99057)
	at Xy.loadControllers (/home/~/.vscode-oss/extensions/ms-toolsai.jupyter-2025.1.0-linux-x64/dist/extension.node.js:304:98807)
	at Xy.<anonymous> (/home/~/.vscode-oss/extensions/ms-toolsai.jupyter-2025.1.0-linux-x64/dist/extension.node.js:304:98175)
	at D.B (file:///usr/lib/code-oss/resources/app/out/vs/workbench/api/node/extensionHostProcess.js:27:2373)
	at D.fire (file:///usr/lib/code-oss/resources/app/out/vs/workbench/api/node/extensionHostProcess.js:27:2591)
	at Ah.value (/home/~/.vscode-oss/extensions/ms-toolsai.jupyter-2025.1.0-linux-x64/dist/extension.node.js:285:19835)
	at D.B (file:///usr/lib/code-oss/resources/app/out/vs/workbench/api/node/extensionHostProcess.js:27:2373)
	at D.C (file:///usr/lib/code-oss/resources/app/out/vs/workbench/api/node/extensionHostProcess.js:27:2443)
	at D.fire (file:///usr/lib/code-oss/resources/app/out/vs/workbench/api/node/extensionHostProcess.js:27:2660)
	at lb.buildDummyEnvironment (/home/~/.vscode-oss/extensions/ms-toolsai.jupyter-2025.1.0-linux-x64/dist/extension.node.js:304:145848)]
20:24:43.618 [warn] Failed to attach variable provider [Error: Extension 'ms-toolsai.jupyter' CANNOT use API proposal: notebookVariableProvider.
Its package.json#enabledApiProposals-property declares:  but NOT notebookVariableProvider.
 The missing proposal MUST be added and you must start in extension development mode or use the following command line switch: --enable-proposed-api ms-toolsai.jupyter
	at N (file:///usr/lib/code-oss/resources/app/out/vs/workbench/api/node/extensionHostProcess.js:110:16858)
	at set variableProvider (file:///usr/lib/code-oss/resources/app/out/vs/workbench/api/node/extensionHostProcess.js:171:20783)
	at n.create (/home/~/.vscode-oss/extensions/ms-toolsai.jupyter-2025.1.0-linux-x64/dist/extension.node.js:304:87851)
	at /home/~/.vscode-oss/extensions/ms-toolsai.jupyter-2025.1.0-linux-x64/dist/extension.node.js:304:101516
	at Array.forEach (<anonymous>)
	at Xy.addImpl (/home/~/.vscode-oss/extensions/ms-toolsai.jupyter-2025.1.0-linux-x64/dist/extension.node.js:304:101489)
	at /home/~/.vscode-oss/extensions/ms-toolsai.jupyter-2025.1.0-linux-x64/dist/extension.node.js:304:100569
	at Array.forEach (<anonymous>)
	at Xy.batchAdd (/home/~/.vscode-oss/extensions/ms-toolsai.jupyter-2025.1.0-linux-x64/dist/extension.node.js:304:100539)
	at Xy.createNotebookControllers (/home/~/.vscode-oss/extensions/ms-toolsai.jupyter-2025.1.0-linux-x64/dist/extension.node.js:304:99597)
	at Xy.loadControllersImpl (/home/~/.vscode-oss/extensions/ms-toolsai.jupyter-2025.1.0-linux-x64/dist/extension.node.js:304:99057)
	at Xy.loadControllers (/home/~/.vscode-oss/extensions/ms-toolsai.jupyter-2025.1.0-linux-x64/dist/extension.node.js:304:98807)
	at Xy.<anonymous> (/home/~/.vscode-oss/extensions/ms-toolsai.jupyter-2025.1.0-linux-x64/dist/extension.node.js:304:98175)
	at D.B (file:///usr/lib/code-oss/resources/app/out/vs/workbench/api/node/extensionHostProcess.js:27:2373)
	at D.fire (file:///usr/lib/code-oss/resources/app/out/vs/workbench/api/node/extensionHostProcess.js:27:2591)
	at Ah.value (/home/~/.vscode-oss/extensions/ms-toolsai.jupyter-2025.1.0-linux-x64/dist/extension.node.js:285:19835)
	at D.B (file:///usr/lib/code-oss/resources/app/out/vs/workbench/api/node/extensionHostProcess.js:27:2373)
	at D.C (file:///usr/lib/code-oss/resources/app/out/vs/workbench/api/node/extensionHostProcess.js:27:2443)
	at D.fire (file:///usr/lib/code-oss/resources/app/out/vs/workbench/api/node/extensionHostProcess.js:27:2660)
	at lb.buildDummyEnvironment (/home/~/.vscode-oss/extensions/ms-toolsai.jupyter-2025.1.0-linux-x64/dist/extension.node.js:304:145848)]
20:24:43.619 [warn] Failed to attach variable provider [Error: Extension 'ms-toolsai.jupyter' CANNOT use API proposal: notebookVariableProvider.
Its package.json#enabledApiProposals-property declares:  but NOT notebookVariableProvider.
 The missing proposal MUST be added and you must start in extension development mode or use the following command line switch: --enable-proposed-api ms-toolsai.jupyter
	at N (file:///usr/lib/code-oss/resources/app/out/vs/workbench/api/node/extensionHostProcess.js:110:16858)
	at set variableProvider (file:///usr/lib/code-oss/resources/app/out/vs/workbench/api/node/extensionHostProcess.js:171:20783)
	at n.create (/home/~/.vscode-oss/extensions/ms-toolsai.jupyter-2025.1.0-linux-x64/dist/extension.node.js:304:87851)
	at /home/~/.vscode-oss/extensions/ms-toolsai.jupyter-2025.1.0-linux-x64/dist/extension.node.js:304:101516
	at Array.forEach (<anonymous>)
	at Xy.addImpl (/home/~/.vscode-oss/extensions/ms-toolsai.jupyter-2025.1.0-linux-x64/dist/extension.node.js:304:101489)
	at /home/~/.vscode-oss/extensions/ms-toolsai.jupyter-2025.1.0-linux-x64/dist/extension.node.js:304:100569
	at Array.forEach (<anonymous>)
	at Xy.batchAdd (/home/~/.vscode-oss/extensions/ms-toolsai.jupyter-2025.1.0-linux-x64/dist/extension.node.js:304:100539)
	at Xy.createNotebookControllers (/home/~/.vscode-oss/extensions/ms-toolsai.jupyter-2025.1.0-linux-x64/dist/extension.node.js:304:99597)
	at Xy.loadControllersImpl (/home/~/.vscode-oss/extensions/ms-toolsai.jupyter-2025.1.0-linux-x64/dist/extension.node.js:304:99057)
	at Xy.loadControllers (/home/~/.vscode-oss/extensions/ms-toolsai.jupyter-2025.1.0-linux-x64/dist/extension.node.js:304:98807)
	at Xy.<anonymous> (/home/~/.vscode-oss/extensions/ms-toolsai.jupyter-2025.1.0-linux-x64/dist/extension.node.js:304:98175)
	at D.B (file:///usr/lib/code-oss/resources/app/out/vs/workbench/api/node/extensionHostProcess.js:27:2373)
	at D.fire (file:///usr/lib/code-oss/resources/app/out/vs/workbench/api/node/extensionHostProcess.js:27:2591)
	at Ah.value (/home/~/.vscode-oss/extensions/ms-toolsai.jupyter-2025.1.0-linux-x64/dist/extension.node.js:285:19835)
	at D.B (file:///usr/lib/code-oss/resources/app/out/vs/workbench/api/node/extensionHostProcess.js:27:2373)
	at D.C (file:///usr/lib/code-oss/resources/app/out/vs/workbench/api/node/extensionHostProcess.js:27:2443)
	at D.fire (file:///usr/lib/code-oss/resources/app/out/vs/workbench/api/node/extensionHostProcess.js:27:2660)
	at lb.buildDummyEnvironment (/home/~/.vscode-oss/extensions/ms-toolsai.jupyter-2025.1.0-linux-x64/dist/extension.node.js:304:145848)]
20:24:43.621 [warn] Failed to attach variable provider [Error: Extension 'ms-toolsai.jupyter' CANNOT use API proposal: notebookVariableProvider.
Its package.json#enabledApiProposals-property declares:  but NOT notebookVariableProvider.
 The missing proposal MUST be added and you must start in extension development mode or use the following command line switch: --enable-proposed-api ms-toolsai.jupyter
	at N (file:///usr/lib/code-oss/resources/app/out/vs/workbench/api/node/extensionHostProcess.js:110:16858)
	at set variableProvider (file:///usr/lib/code-oss/resources/app/out/vs/workbench/api/node/extensionHostProcess.js:171:20783)
	at n.create (/home/~/.vscode-oss/extensions/ms-toolsai.jupyter-2025.1.0-linux-x64/dist/extension.node.js:304:87851)
	at /home/~/.vscode-oss/extensions/ms-toolsai.jupyter-2025.1.0-linux-x64/dist/extension.node.js:304:101516
	at Array.forEach (<anonymous>)
	at Xy.addImpl (/home/~/.vscode-oss/extensions/ms-toolsai.jupyter-2025.1.0-linux-x64/dist/extension.node.js:304:101489)
	at /home/~/.vscode-oss/extensions/ms-toolsai.jupyter-2025.1.0-linux-x64/dist/extension.node.js:304:100569
	at Array.forEach (<anonymous>)
	at Xy.batchAdd (/home/~/.vscode-oss/extensions/ms-toolsai.jupyter-2025.1.0-linux-x64/dist/extension.node.js:304:100539)
	at Xy.createNotebookControllers (/home/~/.vscode-oss/extensions/ms-toolsai.jupyter-2025.1.0-linux-x64/dist/extension.node.js:304:99597)
	at Xy.loadControllersImpl (/home/~/.vscode-oss/extensions/ms-toolsai.jupyter-2025.1.0-linux-x64/dist/extension.node.js:304:99057)
	at Xy.loadControllers (/home/~/.vscode-oss/extensions/ms-toolsai.jupyter-2025.1.0-linux-x64/dist/extension.node.js:304:98807)
	at Xy.<anonymous> (/home/~/.vscode-oss/extensions/ms-toolsai.jupyter-2025.1.0-linux-x64/dist/extension.node.js:304:98175)
	at D.B (file:///usr/lib/code-oss/resources/app/out/vs/workbench/api/node/extensionHostProcess.js:27:2373)
	at D.fire (file:///usr/lib/code-oss/resources/app/out/vs/workbench/api/node/extensionHostProcess.js:27:2591)
	at Ah.value (/home/~/.vscode-oss/extensions/ms-toolsai.jupyter-2025.1.0-linux-x64/dist/extension.node.js:285:19835)
	at D.B (file:///usr/lib/code-oss/resources/app/out/vs/workbench/api/node/extensionHostProcess.js:27:2373)
	at D.C (file:///usr/lib/code-oss/resources/app/out/vs/workbench/api/node/extensionHostProcess.js:27:2443)
	at D.fire (file:///usr/lib/code-oss/resources/app/out/vs/workbench/api/node/extensionHostProcess.js:27:2660)
	at lb.buildDummyEnvironment (/home/~/.vscode-oss/extensions/ms-toolsai.jupyter-2025.1.0-linux-x64/dist/extension.node.js:304:145848)]
20:24:43.628 [warn] Failed to attach variable provider [Error: Extension 'ms-toolsai.jupyter' CANNOT use API proposal: notebookVariableProvider.
Its package.json#enabledApiProposals-property declares:  but NOT notebookVariableProvider.
 The missing proposal MUST be added and you must start in extension development mode or use the following command line switch: --enable-proposed-api ms-toolsai.jupyter
	at N (file:///usr/lib/code-oss/resources/app/out/vs/workbench/api/node/extensionHostProcess.js:110:16858)
	at set variableProvider (file:///usr/lib/code-oss/resources/app/out/vs/workbench/api/node/extensionHostProcess.js:171:20783)
	at n.create (/home/~/.vscode-oss/extensions/ms-toolsai.jupyter-2025.1.0-linux-x64/dist/extension.node.js:304:87851)
	at /home/~/.vscode-oss/extensions/ms-toolsai.jupyter-2025.1.0-linux-x64/dist/extension.node.js:304:101516
	at Array.forEach (<anonymous>)
	at Xy.addImpl (/home/~/.vscode-oss/extensions/ms-toolsai.jupyter-2025.1.0-linux-x64/dist/extension.node.js:304:101489)
	at /home/~/.vscode-oss/extensions/ms-toolsai.jupyter-2025.1.0-linux-x64/dist/extension.node.js:304:100569
	at Array.forEach (<anonymous>)
	at Xy.batchAdd (/home/~/.vscode-oss/extensions/ms-toolsai.jupyter-2025.1.0-linux-x64/dist/extension.node.js:304:100539)
	at Xy.createNotebookControllers (/home/~/.vscode-oss/extensions/ms-toolsai.jupyter-2025.1.0-linux-x64/dist/extension.node.js:304:99597)
	at Xy.loadControllersImpl (/home/~/.vscode-oss/extensions/ms-toolsai.jupyter-2025.1.0-linux-x64/dist/extension.node.js:304:99057)
	at Xy.loadControllers (/home/~/.vscode-oss/extensions/ms-toolsai.jupyter-2025.1.0-linux-x64/dist/extension.node.js:304:98807)
	at Xy.<anonymous> (/home/~/.vscode-oss/extensions/ms-toolsai.jupyter-2025.1.0-linux-x64/dist/extension.node.js:304:98175)
	at D.B (file:///usr/lib/code-oss/resources/app/out/vs/workbench/api/node/extensionHostProcess.js:27:2373)
	at D.fire (file:///usr/lib/code-oss/resources/app/out/vs/workbench/api/node/extensionHostProcess.js:27:2591)
	at Ah.value (/home/~/.vscode-oss/extensions/ms-toolsai.jupyter-2025.1.0-linux-x64/dist/extension.node.js:285:19835)
	at D.B (file:///usr/lib/code-oss/resources/app/out/vs/workbench/api/node/extensionHostProcess.js:27:2373)
	at D.C (file:///usr/lib/code-oss/resources/app/out/vs/workbench/api/node/extensionHostProcess.js:27:2443)
	at D.fire (file:///usr/lib/code-oss/resources/app/out/vs/workbench/api/node/extensionHostProcess.js:27:2660)
	at lb.buildDummyEnvironment (/home/~/.vscode-oss/extensions/ms-toolsai.jupyter-2025.1.0-linux-x64/dist/extension.node.js:304:145848)]
20:24:43.632 [warn] Failed to attach variable provider [Error: Extension 'ms-toolsai.jupyter' CANNOT use API proposal: notebookVariableProvider.
Its package.json#enabledApiProposals-property declares:  but NOT notebookVariableProvider.
 The missing proposal MUST be added and you must start in extension development mode or use the following command line switch: --enable-proposed-api ms-toolsai.jupyter
	at N (file:///usr/lib/code-oss/resources/app/out/vs/workbench/api/node/extensionHostProcess.js:110:16858)
	at set variableProvider (file:///usr/lib/code-oss/resources/app/out/vs/workbench/api/node/extensionHostProcess.js:171:20783)
	at n.create (/home/~/.vscode-oss/extensions/ms-toolsai.jupyter-2025.1.0-linux-x64/dist/extension.node.js:304:87851)
	at /home/~/.vscode-oss/extensions/ms-toolsai.jupyter-2025.1.0-linux-x64/dist/extension.node.js:304:101516
	at Array.forEach (<anonymous>)
	at Xy.addImpl (/home/~/.vscode-oss/extensions/ms-toolsai.jupyter-2025.1.0-linux-x64/dist/extension.node.js:304:101489)
	at /home/~/.vscode-oss/extensions/ms-toolsai.jupyter-2025.1.0-linux-x64/dist/extension.node.js:304:100569
	at Array.forEach (<anonymous>)
	at Xy.batchAdd (/home/~/.vscode-oss/extensions/ms-toolsai.jupyter-2025.1.0-linux-x64/dist/extension.node.js:304:100539)
	at Xy.createNotebookControllers (/home/~/.vscode-oss/extensions/ms-toolsai.jupyter-2025.1.0-linux-x64/dist/extension.node.js:304:99597)
	at Xy.loadControllersImpl (/home/~/.vscode-oss/extensions/ms-toolsai.jupyter-2025.1.0-linux-x64/dist/extension.node.js:304:99057)
	at Xy.loadControllers (/home/~/.vscode-oss/extensions/ms-toolsai.jupyter-2025.1.0-linux-x64/dist/extension.node.js:304:98807)
	at Xy.<anonymous> (/home/~/.vscode-oss/extensions/ms-toolsai.jupyter-2025.1.0-linux-x64/dist/extension.node.js:304:98175)
	at D.B (file:///usr/lib/code-oss/resources/app/out/vs/workbench/api/node/extensionHostProcess.js:27:2373)
	at D.fire (file:///usr/lib/code-oss/resources/app/out/vs/workbench/api/node/extensionHostProcess.js:27:2591)
	at Ah.value (/home/~/.vscode-oss/extensions/ms-toolsai.jupyter-2025.1.0-linux-x64/dist/extension.node.js:285:19835)
	at D.B (file:///usr/lib/code-oss/resources/app/out/vs/workbench/api/node/extensionHostProcess.js:27:2373)
	at D.C (file:///usr/lib/code-oss/resources/app/out/vs/workbench/api/node/extensionHostProcess.js:27:2443)
	at D.fire (file:///usr/lib/code-oss/resources/app/out/vs/workbench/api/node/extensionHostProcess.js:27:2660)
	at lb.buildDummyEnvironment (/home/~/.vscode-oss/extensions/ms-toolsai.jupyter-2025.1.0-linux-x64/dist/extension.node.js:304:145848)]
20:24:43.633 [warn] Failed to attach variable provider [Error: Extension 'ms-toolsai.jupyter' CANNOT use API proposal: notebookVariableProvider.
Its package.json#enabledApiProposals-property declares:  but NOT notebookVariableProvider.
 The missing proposal MUST be added and you must start in extension development mode or use the following command line switch: --enable-proposed-api ms-toolsai.jupyter
	at N (file:///usr/lib/code-oss/resources/app/out/vs/workbench/api/node/extensionHostProcess.js:110:16858)
	at set variableProvider (file:///usr/lib/code-oss/resources/app/out/vs/workbench/api/node/extensionHostProcess.js:171:20783)
	at n.create (/home/~/.vscode-oss/extensions/ms-toolsai.jupyter-2025.1.0-linux-x64/dist/extension.node.js:304:87851)
	at /home/~/.vscode-oss/extensions/ms-toolsai.jupyter-2025.1.0-linux-x64/dist/extension.node.js:304:101516
	at Array.forEach (<anonymous>)
	at Xy.addImpl (/home/~/.vscode-oss/extensions/ms-toolsai.jupyter-2025.1.0-linux-x64/dist/extension.node.js:304:101489)
	at /home/~/.vscode-oss/extensions/ms-toolsai.jupyter-2025.1.0-linux-x64/dist/extension.node.js:304:100569
	at Array.forEach (<anonymous>)
	at Xy.batchAdd (/home/~/.vscode-oss/extensions/ms-toolsai.jupyter-2025.1.0-linux-x64/dist/extension.node.js:304:100539)
	at Xy.createNotebookControllers (/home/~/.vscode-oss/extensions/ms-toolsai.jupyter-2025.1.0-linux-x64/dist/extension.node.js:304:99597)
	at Xy.loadControllersImpl (/home/~/.vscode-oss/extensions/ms-toolsai.jupyter-2025.1.0-linux-x64/dist/extension.node.js:304:99057)
	at Xy.loadControllers (/home/~/.vscode-oss/extensions/ms-toolsai.jupyter-2025.1.0-linux-x64/dist/extension.node.js:304:98807)
	at Xy.<anonymous> (/home/~/.vscode-oss/extensions/ms-toolsai.jupyter-2025.1.0-linux-x64/dist/extension.node.js:304:98175)
	at D.B (file:///usr/lib/code-oss/resources/app/out/vs/workbench/api/node/extensionHostProcess.js:27:2373)
	at D.fire (file:///usr/lib/code-oss/resources/app/out/vs/workbench/api/node/extensionHostProcess.js:27:2591)
	at Ah.value (/home/~/.vscode-oss/extensions/ms-toolsai.jupyter-2025.1.0-linux-x64/dist/extension.node.js:285:19835)
	at D.B (file:///usr/lib/code-oss/resources/app/out/vs/workbench/api/node/extensionHostProcess.js:27:2373)
	at D.C (file:///usr/lib/code-oss/resources/app/out/vs/workbench/api/node/extensionHostProcess.js:27:2443)
	at D.fire (file:///usr/lib/code-oss/resources/app/out/vs/workbench/api/node/extensionHostProcess.js:27:2660)
	at lb.buildDummyEnvironment (/home/~/.vscode-oss/extensions/ms-toolsai.jupyter-2025.1.0-linux-x64/dist/extension.node.js:304:145848)]
20:24:43.639 [warn] Failed to attach variable provider [Error: Extension 'ms-toolsai.jupyter' CANNOT use API proposal: notebookVariableProvider.
Its package.json#enabledApiProposals-property declares:  but NOT notebookVariableProvider.
 The missing proposal MUST be added and you must start in extension development mode or use the following command line switch: --enable-proposed-api ms-toolsai.jupyter
	at N (file:///usr/lib/code-oss/resources/app/out/vs/workbench/api/node/extensionHostProcess.js:110:16858)
	at set variableProvider (file:///usr/lib/code-oss/resources/app/out/vs/workbench/api/node/extensionHostProcess.js:171:20783)
	at n.create (/home/~/.vscode-oss/extensions/ms-toolsai.jupyter-2025.1.0-linux-x64/dist/extension.node.js:304:87851)
	at /home/~/.vscode-oss/extensions/ms-toolsai.jupyter-2025.1.0-linux-x64/dist/extension.node.js:304:101516
	at Array.forEach (<anonymous>)
	at Xy.addImpl (/home/~/.vscode-oss/extensions/ms-toolsai.jupyter-2025.1.0-linux-x64/dist/extension.node.js:304:101489)
	at /home/~/.vscode-oss/extensions/ms-toolsai.jupyter-2025.1.0-linux-x64/dist/extension.node.js:304:100569
	at Array.forEach (<anonymous>)
	at Xy.batchAdd (/home/~/.vscode-oss/extensions/ms-toolsai.jupyter-2025.1.0-linux-x64/dist/extension.node.js:304:100539)
	at Xy.createNotebookControllers (/home/~/.vscode-oss/extensions/ms-toolsai.jupyter-2025.1.0-linux-x64/dist/extension.node.js:304:99597)
	at Xy.loadControllersImpl (/home/~/.vscode-oss/extensions/ms-toolsai.jupyter-2025.1.0-linux-x64/dist/extension.node.js:304:99057)
	at Xy.loadControllers (/home/~/.vscode-oss/extensions/ms-toolsai.jupyter-2025.1.0-linux-x64/dist/extension.node.js:304:98807)
	at Xy.<anonymous> (/home/~/.vscode-oss/extensions/ms-toolsai.jupyter-2025.1.0-linux-x64/dist/extension.node.js:304:98175)
	at D.B (file:///usr/lib/code-oss/resources/app/out/vs/workbench/api/node/extensionHostProcess.js:27:2373)
	at D.fire (file:///usr/lib/code-oss/resources/app/out/vs/workbench/api/node/extensionHostProcess.js:27:2591)
	at Ah.value (/home/~/.vscode-oss/extensions/ms-toolsai.jupyter-2025.1.0-linux-x64/dist/extension.node.js:285:19835)
	at D.B (file:///usr/lib/code-oss/resources/app/out/vs/workbench/api/node/extensionHostProcess.js:27:2373)
	at D.C (file:///usr/lib/code-oss/resources/app/out/vs/workbench/api/node/extensionHostProcess.js:27:2443)
	at D.fire (file:///usr/lib/code-oss/resources/app/out/vs/workbench/api/node/extensionHostProcess.js:27:2660)
	at lb.buildDummyEnvironment (/home/~/.vscode-oss/extensions/ms-toolsai.jupyter-2025.1.0-linux-x64/dist/extension.node.js:304:145848)]
20:24:43.640 [warn] Failed to attach variable provider [Error: Extension 'ms-toolsai.jupyter' CANNOT use API proposal: notebookVariableProvider.
Its package.json#enabledApiProposals-property declares:  but NOT notebookVariableProvider.
 The missing proposal MUST be added and you must start in extension development mode or use the following command line switch: --enable-proposed-api ms-toolsai.jupyter
	at N (file:///usr/lib/code-oss/resources/app/out/vs/workbench/api/node/extensionHostProcess.js:110:16858)
	at set variableProvider (file:///usr/lib/code-oss/resources/app/out/vs/workbench/api/node/extensionHostProcess.js:171:20783)
	at n.create (/home/~/.vscode-oss/extensions/ms-toolsai.jupyter-2025.1.0-linux-x64/dist/extension.node.js:304:87851)
	at /home/~/.vscode-oss/extensions/ms-toolsai.jupyter-2025.1.0-linux-x64/dist/extension.node.js:304:101516
	at Array.forEach (<anonymous>)
	at Xy.addImpl (/home/~/.vscode-oss/extensions/ms-toolsai.jupyter-2025.1.0-linux-x64/dist/extension.node.js:304:101489)
	at /home/~/.vscode-oss/extensions/ms-toolsai.jupyter-2025.1.0-linux-x64/dist/extension.node.js:304:100569
	at Array.forEach (<anonymous>)
	at Xy.batchAdd (/home/~/.vscode-oss/extensions/ms-toolsai.jupyter-2025.1.0-linux-x64/dist/extension.node.js:304:100539)
	at Xy.createNotebookControllers (/home/~/.vscode-oss/extensions/ms-toolsai.jupyter-2025.1.0-linux-x64/dist/extension.node.js:304:99597)
	at Xy.loadControllersImpl (/home/~/.vscode-oss/extensions/ms-toolsai.jupyter-2025.1.0-linux-x64/dist/extension.node.js:304:99057)
	at Xy.loadControllers (/home/~/.vscode-oss/extensions/ms-toolsai.jupyter-2025.1.0-linux-x64/dist/extension.node.js:304:98807)
	at Xy.<anonymous> (/home/~/.vscode-oss/extensions/ms-toolsai.jupyter-2025.1.0-linux-x64/dist/extension.node.js:304:98175)
	at D.B (file:///usr/lib/code-oss/resources/app/out/vs/workbench/api/node/extensionHostProcess.js:27:2373)
	at D.fire (file:///usr/lib/code-oss/resources/app/out/vs/workbench/api/node/extensionHostProcess.js:27:2591)
	at Ah.value (/home/~/.vscode-oss/extensions/ms-toolsai.jupyter-2025.1.0-linux-x64/dist/extension.node.js:285:19835)
	at D.B (file:///usr/lib/code-oss/resources/app/out/vs/workbench/api/node/extensionHostProcess.js:27:2373)
	at D.C (file:///usr/lib/code-oss/resources/app/out/vs/workbench/api/node/extensionHostProcess.js:27:2443)
	at D.fire (file:///usr/lib/code-oss/resources/app/out/vs/workbench/api/node/extensionHostProcess.js:27:2660)
	at lb.buildDummyEnvironment (/home/~/.vscode-oss/extensions/ms-toolsai.jupyter-2025.1.0-linux-x64/dist/extension.node.js:304:145848)]
20:24:43.648 [warn] Failed to attach variable provider [Error: Extension 'ms-toolsai.jupyter' CANNOT use API proposal: notebookVariableProvider.
Its package.json#enabledApiProposals-property declares:  but NOT notebookVariableProvider.
 The missing proposal MUST be added and you must start in extension development mode or use the following command line switch: --enable-proposed-api ms-toolsai.jupyter
	at N (file:///usr/lib/code-oss/resources/app/out/vs/workbench/api/node/extensionHostProcess.js:110:16858)
	at set variableProvider (file:///usr/lib/code-oss/resources/app/out/vs/workbench/api/node/extensionHostProcess.js:171:20783)
	at n.create (/home/~/.vscode-oss/extensions/ms-toolsai.jupyter-2025.1.0-linux-x64/dist/extension.node.js:304:87851)
	at /home/~/.vscode-oss/extensions/ms-toolsai.jupyter-2025.1.0-linux-x64/dist/extension.node.js:304:101516
	at Array.forEach (<anonymous>)
	at Xy.addImpl (/home/~/.vscode-oss/extensions/ms-toolsai.jupyter-2025.1.0-linux-x64/dist/extension.node.js:304:101489)
	at /home/~/.vscode-oss/extensions/ms-toolsai.jupyter-2025.1.0-linux-x64/dist/extension.node.js:304:100569
	at Array.forEach (<anonymous>)
	at Xy.batchAdd (/home/~/.vscode-oss/extensions/ms-toolsai.jupyter-2025.1.0-linux-x64/dist/extension.node.js:304:100539)
	at Xy.createNotebookControllers (/home/~/.vscode-oss/extensions/ms-toolsai.jupyter-2025.1.0-linux-x64/dist/extension.node.js:304:99597)
	at Xy.loadControllersImpl (/home/~/.vscode-oss/extensions/ms-toolsai.jupyter-2025.1.0-linux-x64/dist/extension.node.js:304:99057)
	at Xy.loadControllers (/home/~/.vscode-oss/extensions/ms-toolsai.jupyter-2025.1.0-linux-x64/dist/extension.node.js:304:98807)
	at Xy.<anonymous> (/home/~/.vscode-oss/extensions/ms-toolsai.jupyter-2025.1.0-linux-x64/dist/extension.node.js:304:98175)
	at D.B (file:///usr/lib/code-oss/resources/app/out/vs/workbench/api/node/extensionHostProcess.js:27:2373)
	at D.fire (file:///usr/lib/code-oss/resources/app/out/vs/workbench/api/node/extensionHostProcess.js:27:2591)
	at Ah.value (/home/~/.vscode-oss/extensions/ms-toolsai.jupyter-2025.1.0-linux-x64/dist/extension.node.js:285:19835)
	at D.B (file:///usr/lib/code-oss/resources/app/out/vs/workbench/api/node/extensionHostProcess.js:27:2373)
	at D.C (file:///usr/lib/code-oss/resources/app/out/vs/workbench/api/node/extensionHostProcess.js:27:2443)
	at D.fire (file:///usr/lib/code-oss/resources/app/out/vs/workbench/api/node/extensionHostProcess.js:27:2660)
	at lb.buildDummyEnvironment (/home/~/.vscode-oss/extensions/ms-toolsai.jupyter-2025.1.0-linux-x64/dist/extension.node.js:304:145848)]
20:24:43.649 [warn] Failed to attach variable provider [Error: Extension 'ms-toolsai.jupyter' CANNOT use API proposal: notebookVariableProvider.
Its package.json#enabledApiProposals-property declares:  but NOT notebookVariableProvider.
 The missing proposal MUST be added and you must start in extension development mode or use the following command line switch: --enable-proposed-api ms-toolsai.jupyter
	at N (file:///usr/lib/code-oss/resources/app/out/vs/workbench/api/node/extensionHostProcess.js:110:16858)
	at set variableProvider (file:///usr/lib/code-oss/resources/app/out/vs/workbench/api/node/extensionHostProcess.js:171:20783)
	at n.create (/home/~/.vscode-oss/extensions/ms-toolsai.jupyter-2025.1.0-linux-x64/dist/extension.node.js:304:87851)
	at /home/~/.vscode-oss/extensions/ms-toolsai.jupyter-2025.1.0-linux-x64/dist/extension.node.js:304:101516
	at Array.forEach (<anonymous>)
	at Xy.addImpl (/home/~/.vscode-oss/extensions/ms-toolsai.jupyter-2025.1.0-linux-x64/dist/extension.node.js:304:101489)
	at /home/~/.vscode-oss/extensions/ms-toolsai.jupyter-2025.1.0-linux-x64/dist/extension.node.js:304:100569
	at Array.forEach (<anonymous>)
	at Xy.batchAdd (/home/~/.vscode-oss/extensions/ms-toolsai.jupyter-2025.1.0-linux-x64/dist/extension.node.js:304:100539)
	at Xy.createNotebookControllers (/home/~/.vscode-oss/extensions/ms-toolsai.jupyter-2025.1.0-linux-x64/dist/extension.node.js:304:99597)
	at Xy.loadControllersImpl (/home/~/.vscode-oss/extensions/ms-toolsai.jupyter-2025.1.0-linux-x64/dist/extension.node.js:304:99057)
	at Xy.loadControllers (/home/~/.vscode-oss/extensions/ms-toolsai.jupyter-2025.1.0-linux-x64/dist/extension.node.js:304:98807)
	at Xy.<anonymous> (/home/~/.vscode-oss/extensions/ms-toolsai.jupyter-2025.1.0-linux-x64/dist/extension.node.js:304:98175)
	at D.B (file:///usr/lib/code-oss/resources/app/out/vs/workbench/api/node/extensionHostProcess.js:27:2373)
	at D.fire (file:///usr/lib/code-oss/resources/app/out/vs/workbench/api/node/extensionHostProcess.js:27:2591)
	at Ah.value (/home/~/.vscode-oss/extensions/ms-toolsai.jupyter-2025.1.0-linux-x64/dist/extension.node.js:285:19835)
	at D.B (file:///usr/lib/code-oss/resources/app/out/vs/workbench/api/node/extensionHostProcess.js:27:2373)
	at D.C (file:///usr/lib/code-oss/resources/app/out/vs/workbench/api/node/extensionHostProcess.js:27:2443)
	at D.fire (file:///usr/lib/code-oss/resources/app/out/vs/workbench/api/node/extensionHostProcess.js:27:2660)
	at lb.buildDummyEnvironment (/home/~/.vscode-oss/extensions/ms-toolsai.jupyter-2025.1.0-linux-x64/dist/extension.node.js:304:145848)]
20:24:43.654 [warn] Failed to attach variable provider [Error: Extension 'ms-toolsai.jupyter' CANNOT use API proposal: notebookVariableProvider.
Its package.json#enabledApiProposals-property declares:  but NOT notebookVariableProvider.
 The missing proposal MUST be added and you must start in extension development mode or use the following command line switch: --enable-proposed-api ms-toolsai.jupyter
	at N (file:///usr/lib/code-oss/resources/app/out/vs/workbench/api/node/extensionHostProcess.js:110:16858)
	at set variableProvider (file:///usr/lib/code-oss/resources/app/out/vs/workbench/api/node/extensionHostProcess.js:171:20783)
	at n.create (/home/~/.vscode-oss/extensions/ms-toolsai.jupyter-2025.1.0-linux-x64/dist/extension.node.js:304:87851)
	at /home/~/.vscode-oss/extensions/ms-toolsai.jupyter-2025.1.0-linux-x64/dist/extension.node.js:304:101516
	at Array.forEach (<anonymous>)
	at Xy.addImpl (/home/~/.vscode-oss/extensions/ms-toolsai.jupyter-2025.1.0-linux-x64/dist/extension.node.js:304:101489)
	at /home/~/.vscode-oss/extensions/ms-toolsai.jupyter-2025.1.0-linux-x64/dist/extension.node.js:304:100569
	at Array.forEach (<anonymous>)
	at Xy.batchAdd (/home/~/.vscode-oss/extensions/ms-toolsai.jupyter-2025.1.0-linux-x64/dist/extension.node.js:304:100539)
	at Xy.createNotebookControllers (/home/~/.vscode-oss/extensions/ms-toolsai.jupyter-2025.1.0-linux-x64/dist/extension.node.js:304:99597)
	at Xy.loadControllersImpl (/home/~/.vscode-oss/extensions/ms-toolsai.jupyter-2025.1.0-linux-x64/dist/extension.node.js:304:99057)
	at Xy.loadControllers (/home/~/.vscode-oss/extensions/ms-toolsai.jupyter-2025.1.0-linux-x64/dist/extension.node.js:304:98807)
	at Xy.<anonymous> (/home/~/.vscode-oss/extensions/ms-toolsai.jupyter-2025.1.0-linux-x64/dist/extension.node.js:304:98175)
	at D.B (file:///usr/lib/code-oss/resources/app/out/vs/workbench/api/node/extensionHostProcess.js:27:2373)
	at D.fire (file:///usr/lib/code-oss/resources/app/out/vs/workbench/api/node/extensionHostProcess.js:27:2591)
	at Ah.value (/home/~/.vscode-oss/extensions/ms-toolsai.jupyter-2025.1.0-linux-x64/dist/extension.node.js:285:19835)
	at D.B (file:///usr/lib/code-oss/resources/app/out/vs/workbench/api/node/extensionHostProcess.js:27:2373)
	at D.C (file:///usr/lib/code-oss/resources/app/out/vs/workbench/api/node/extensionHostProcess.js:27:2443)
	at D.fire (file:///usr/lib/code-oss/resources/app/out/vs/workbench/api/node/extensionHostProcess.js:27:2660)
	at lb.buildDummyEnvironment (/home/~/.vscode-oss/extensions/ms-toolsai.jupyter-2025.1.0-linux-x64/dist/extension.node.js:304:145848)]
20:24:43.655 [warn] Failed to attach variable provider [Error: Extension 'ms-toolsai.jupyter' CANNOT use API proposal: notebookVariableProvider.
Its package.json#enabledApiProposals-property declares:  but NOT notebookVariableProvider.
 The missing proposal MUST be added and you must start in extension development mode or use the following command line switch: --enable-proposed-api ms-toolsai.jupyter
	at N (file:///usr/lib/code-oss/resources/app/out/vs/workbench/api/node/extensionHostProcess.js:110:16858)
	at set variableProvider (file:///usr/lib/code-oss/resources/app/out/vs/workbench/api/node/extensionHostProcess.js:171:20783)
	at n.create (/home/~/.vscode-oss/extensions/ms-toolsai.jupyter-2025.1.0-linux-x64/dist/extension.node.js:304:87851)
	at /home/~/.vscode-oss/extensions/ms-toolsai.jupyter-2025.1.0-linux-x64/dist/extension.node.js:304:101516
	at Array.forEach (<anonymous>)
	at Xy.addImpl (/home/~/.vscode-oss/extensions/ms-toolsai.jupyter-2025.1.0-linux-x64/dist/extension.node.js:304:101489)
	at /home/~/.vscode-oss/extensions/ms-toolsai.jupyter-2025.1.0-linux-x64/dist/extension.node.js:304:100569
	at Array.forEach (<anonymous>)
	at Xy.batchAdd (/home/~/.vscode-oss/extensions/ms-toolsai.jupyter-2025.1.0-linux-x64/dist/extension.node.js:304:100539)
	at Xy.createNotebookControllers (/home/~/.vscode-oss/extensions/ms-toolsai.jupyter-2025.1.0-linux-x64/dist/extension.node.js:304:99597)
	at Xy.loadControllersImpl (/home/~/.vscode-oss/extensions/ms-toolsai.jupyter-2025.1.0-linux-x64/dist/extension.node.js:304:99057)
	at Xy.loadControllers (/home/~/.vscode-oss/extensions/ms-toolsai.jupyter-2025.1.0-linux-x64/dist/extension.node.js:304:98807)
	at Xy.<anonymous> (/home/~/.vscode-oss/extensions/ms-toolsai.jupyter-2025.1.0-linux-x64/dist/extension.node.js:304:98175)
	at D.B (file:///usr/lib/code-oss/resources/app/out/vs/workbench/api/node/extensionHostProcess.js:27:2373)
	at D.fire (file:///usr/lib/code-oss/resources/app/out/vs/workbench/api/node/extensionHostProcess.js:27:2591)
	at Ah.value (/home/~/.vscode-oss/extensions/ms-toolsai.jupyter-2025.1.0-linux-x64/dist/extension.node.js:285:19835)
	at D.B (file:///usr/lib/code-oss/resources/app/out/vs/workbench/api/node/extensionHostProcess.js:27:2373)
	at D.C (file:///usr/lib/code-oss/resources/app/out/vs/workbench/api/node/extensionHostProcess.js:27:2443)
	at D.fire (file:///usr/lib/code-oss/resources/app/out/vs/workbench/api/node/extensionHostProcess.js:27:2660)
	at lb.buildDummyEnvironment (/home/~/.vscode-oss/extensions/ms-toolsai.jupyter-2025.1.0-linux-x64/dist/extension.node.js:304:145848)]
20:24:43.659 [warn] Failed to attach variable provider [Error: Extension 'ms-toolsai.jupyter' CANNOT use API proposal: notebookVariableProvider.
Its package.json#enabledApiProposals-property declares:  but NOT notebookVariableProvider.
 The missing proposal MUST be added and you must start in extension development mode or use the following command line switch: --enable-proposed-api ms-toolsai.jupyter
	at N (file:///usr/lib/code-oss/resources/app/out/vs/workbench/api/node/extensionHostProcess.js:110:16858)
	at set variableProvider (file:///usr/lib/code-oss/resources/app/out/vs/workbench/api/node/extensionHostProcess.js:171:20783)
	at n.create (/home/~/.vscode-oss/extensions/ms-toolsai.jupyter-2025.1.0-linux-x64/dist/extension.node.js:304:87851)
	at /home/~/.vscode-oss/extensions/ms-toolsai.jupyter-2025.1.0-linux-x64/dist/extension.node.js:304:101516
	at Array.forEach (<anonymous>)
	at Xy.addImpl (/home/~/.vscode-oss/extensions/ms-toolsai.jupyter-2025.1.0-linux-x64/dist/extension.node.js:304:101489)
	at /home/~/.vscode-oss/extensions/ms-toolsai.jupyter-2025.1.0-linux-x64/dist/extension.node.js:304:100569
	at Array.forEach (<anonymous>)
	at Xy.batchAdd (/home/~/.vscode-oss/extensions/ms-toolsai.jupyter-2025.1.0-linux-x64/dist/extension.node.js:304:100539)
	at Xy.createNotebookControllers (/home/~/.vscode-oss/extensions/ms-toolsai.jupyter-2025.1.0-linux-x64/dist/extension.node.js:304:99597)
	at Xy.loadControllersImpl (/home/~/.vscode-oss/extensions/ms-toolsai.jupyter-2025.1.0-linux-x64/dist/extension.node.js:304:99057)
	at Xy.loadControllers (/home/~/.vscode-oss/extensions/ms-toolsai.jupyter-2025.1.0-linux-x64/dist/extension.node.js:304:98807)
	at Xy.<anonymous> (/home/~/.vscode-oss/extensions/ms-toolsai.jupyter-2025.1.0-linux-x64/dist/extension.node.js:304:98175)
	at D.B (file:///usr/lib/code-oss/resources/app/out/vs/workbench/api/node/extensionHostProcess.js:27:2373)
	at D.fire (file:///usr/lib/code-oss/resources/app/out/vs/workbench/api/node/extensionHostProcess.js:27:2591)
	at Ah.value (/home/~/.vscode-oss/extensions/ms-toolsai.jupyter-2025.1.0-linux-x64/dist/extension.node.js:285:19835)
	at D.B (file:///usr/lib/code-oss/resources/app/out/vs/workbench/api/node/extensionHostProcess.js:27:2373)
	at D.C (file:///usr/lib/code-oss/resources/app/out/vs/workbench/api/node/extensionHostProcess.js:27:2443)
	at D.fire (file:///usr/lib/code-oss/resources/app/out/vs/workbench/api/node/extensionHostProcess.js:27:2660)
	at lb.buildDummyEnvironment (/home/~/.vscode-oss/extensions/ms-toolsai.jupyter-2025.1.0-linux-x64/dist/extension.node.js:304:145848)]
20:24:43.661 [warn] Failed to attach variable provider [Error: Extension 'ms-toolsai.jupyter' CANNOT use API proposal: notebookVariableProvider.
Its package.json#enabledApiProposals-property declares:  but NOT notebookVariableProvider.
 The missing proposal MUST be added and you must start in extension development mode or use the following command line switch: --enable-proposed-api ms-toolsai.jupyter
	at N (file:///usr/lib/code-oss/resources/app/out/vs/workbench/api/node/extensionHostProcess.js:110:16858)
	at set variableProvider (file:///usr/lib/code-oss/resources/app/out/vs/workbench/api/node/extensionHostProcess.js:171:20783)
	at n.create (/home/~/.vscode-oss/extensions/ms-toolsai.jupyter-2025.1.0-linux-x64/dist/extension.node.js:304:87851)
	at /home/~/.vscode-oss/extensions/ms-toolsai.jupyter-2025.1.0-linux-x64/dist/extension.node.js:304:101516
	at Array.forEach (<anonymous>)
	at Xy.addImpl (/home/~/.vscode-oss/extensions/ms-toolsai.jupyter-2025.1.0-linux-x64/dist/extension.node.js:304:101489)
	at /home/~/.vscode-oss/extensions/ms-toolsai.jupyter-2025.1.0-linux-x64/dist/extension.node.js:304:100569
	at Array.forEach (<anonymous>)
	at Xy.batchAdd (/home/~/.vscode-oss/extensions/ms-toolsai.jupyter-2025.1.0-linux-x64/dist/extension.node.js:304:100539)
	at Xy.createNotebookControllers (/home/~/.vscode-oss/extensions/ms-toolsai.jupyter-2025.1.0-linux-x64/dist/extension.node.js:304:99597)
	at Xy.loadControllersImpl (/home/~/.vscode-oss/extensions/ms-toolsai.jupyter-2025.1.0-linux-x64/dist/extension.node.js:304:99057)
	at Xy.loadControllers (/home/~/.vscode-oss/extensions/ms-toolsai.jupyter-2025.1.0-linux-x64/dist/extension.node.js:304:98807)
	at Xy.<anonymous> (/home/~/.vscode-oss/extensions/ms-toolsai.jupyter-2025.1.0-linux-x64/dist/extension.node.js:304:98175)
	at D.B (file:///usr/lib/code-oss/resources/app/out/vs/workbench/api/node/extensionHostProcess.js:27:2373)
	at D.fire (file:///usr/lib/code-oss/resources/app/out/vs/workbench/api/node/extensionHostProcess.js:27:2591)
	at Ah.value (/home/~/.vscode-oss/extensions/ms-toolsai.jupyter-2025.1.0-linux-x64/dist/extension.node.js:285:19835)
	at D.B (file:///usr/lib/code-oss/resources/app/out/vs/workbench/api/node/extensionHostProcess.js:27:2373)
	at D.C (file:///usr/lib/code-oss/resources/app/out/vs/workbench/api/node/extensionHostProcess.js:27:2443)
	at D.fire (file:///usr/lib/code-oss/resources/app/out/vs/workbench/api/node/extensionHostProcess.js:27:2660)
	at lb.buildDummyEnvironment (/home/~/.vscode-oss/extensions/ms-toolsai.jupyter-2025.1.0-linux-x64/dist/extension.node.js:304:145848)]
20:24:43.667 [warn] Failed to attach variable provider [Error: Extension 'ms-toolsai.jupyter' CANNOT use API proposal: notebookVariableProvider.
Its package.json#enabledApiProposals-property declares:  but NOT notebookVariableProvider.
 The missing proposal MUST be added and you must start in extension development mode or use the following command line switch: --enable-proposed-api ms-toolsai.jupyter
	at N (file:///usr/lib/code-oss/resources/app/out/vs/workbench/api/node/extensionHostProcess.js:110:16858)
	at set variableProvider (file:///usr/lib/code-oss/resources/app/out/vs/workbench/api/node/extensionHostProcess.js:171:20783)
	at n.create (/home/~/.vscode-oss/extensions/ms-toolsai.jupyter-2025.1.0-linux-x64/dist/extension.node.js:304:87851)
	at /home/~/.vscode-oss/extensions/ms-toolsai.jupyter-2025.1.0-linux-x64/dist/extension.node.js:304:101516
	at Array.forEach (<anonymous>)
	at Xy.addImpl (/home/~/.vscode-oss/extensions/ms-toolsai.jupyter-2025.1.0-linux-x64/dist/extension.node.js:304:101489)
	at /home/~/.vscode-oss/extensions/ms-toolsai.jupyter-2025.1.0-linux-x64/dist/extension.node.js:304:100569
	at Array.forEach (<anonymous>)
	at Xy.batchAdd (/home/~/.vscode-oss/extensions/ms-toolsai.jupyter-2025.1.0-linux-x64/dist/extension.node.js:304:100539)
	at Xy.createNotebookControllers (/home/~/.vscode-oss/extensions/ms-toolsai.jupyter-2025.1.0-linux-x64/dist/extension.node.js:304:99597)
	at Xy.loadControllersImpl (/home/~/.vscode-oss/extensions/ms-toolsai.jupyter-2025.1.0-linux-x64/dist/extension.node.js:304:99057)
	at Xy.loadControllers (/home/~/.vscode-oss/extensions/ms-toolsai.jupyter-2025.1.0-linux-x64/dist/extension.node.js:304:98807)
	at Xy.<anonymous> (/home/~/.vscode-oss/extensions/ms-toolsai.jupyter-2025.1.0-linux-x64/dist/extension.node.js:304:98175)
	at D.B (file:///usr/lib/code-oss/resources/app/out/vs/workbench/api/node/extensionHostProcess.js:27:2373)
	at D.fire (file:///usr/lib/code-oss/resources/app/out/vs/workbench/api/node/extensionHostProcess.js:27:2591)
	at Ah.value (/home/~/.vscode-oss/extensions/ms-toolsai.jupyter-2025.1.0-linux-x64/dist/extension.node.js:285:19835)
	at D.B (file:///usr/lib/code-oss/resources/app/out/vs/workbench/api/node/extensionHostProcess.js:27:2373)
	at D.C (file:///usr/lib/code-oss/resources/app/out/vs/workbench/api/node/extensionHostProcess.js:27:2443)
	at D.fire (file:///usr/lib/code-oss/resources/app/out/vs/workbench/api/node/extensionHostProcess.js:27:2660)
	at lb.buildDummyEnvironment (/home/~/.vscode-oss/extensions/ms-toolsai.jupyter-2025.1.0-linux-x64/dist/extension.node.js:304:145848)]
20:24:43.668 [warn] Failed to attach variable provider [Error: Extension 'ms-toolsai.jupyter' CANNOT use API proposal: notebookVariableProvider.
Its package.json#enabledApiProposals-property declares:  but NOT notebookVariableProvider.
 The missing proposal MUST be added and you must start in extension development mode or use the following command line switch: --enable-proposed-api ms-toolsai.jupyter
	at N (file:///usr/lib/code-oss/resources/app/out/vs/workbench/api/node/extensionHostProcess.js:110:16858)
	at set variableProvider (file:///usr/lib/code-oss/resources/app/out/vs/workbench/api/node/extensionHostProcess.js:171:20783)
	at n.create (/home/~/.vscode-oss/extensions/ms-toolsai.jupyter-2025.1.0-linux-x64/dist/extension.node.js:304:87851)
	at /home/~/.vscode-oss/extensions/ms-toolsai.jupyter-2025.1.0-linux-x64/dist/extension.node.js:304:101516
	at Array.forEach (<anonymous>)
	at Xy.addImpl (/home/~/.vscode-oss/extensions/ms-toolsai.jupyter-2025.1.0-linux-x64/dist/extension.node.js:304:101489)
	at /home/~/.vscode-oss/extensions/ms-toolsai.jupyter-2025.1.0-linux-x64/dist/extension.node.js:304:100569
	at Array.forEach (<anonymous>)
	at Xy.batchAdd (/home/~/.vscode-oss/extensions/ms-toolsai.jupyter-2025.1.0-linux-x64/dist/extension.node.js:304:100539)
	at Xy.createNotebookControllers (/home/~/.vscode-oss/extensions/ms-toolsai.jupyter-2025.1.0-linux-x64/dist/extension.node.js:304:99597)
	at Xy.loadControllersImpl (/home/~/.vscode-oss/extensions/ms-toolsai.jupyter-2025.1.0-linux-x64/dist/extension.node.js:304:99057)
	at Xy.loadControllers (/home/~/.vscode-oss/extensions/ms-toolsai.jupyter-2025.1.0-linux-x64/dist/extension.node.js:304:98807)
	at Xy.<anonymous> (/home/~/.vscode-oss/extensions/ms-toolsai.jupyter-2025.1.0-linux-x64/dist/extension.node.js:304:98175)
	at D.B (file:///usr/lib/code-oss/resources/app/out/vs/workbench/api/node/extensionHostProcess.js:27:2373)
	at D.fire (file:///usr/lib/code-oss/resources/app/out/vs/workbench/api/node/extensionHostProcess.js:27:2591)
	at Ah.value (/home/~/.vscode-oss/extensions/ms-toolsai.jupyter-2025.1.0-linux-x64/dist/extension.node.js:285:19835)
	at D.B (file:///usr/lib/code-oss/resources/app/out/vs/workbench/api/node/extensionHostProcess.js:27:2373)
	at D.C (file:///usr/lib/code-oss/resources/app/out/vs/workbench/api/node/extensionHostProcess.js:27:2443)
	at D.fire (file:///usr/lib/code-oss/resources/app/out/vs/workbench/api/node/extensionHostProcess.js:27:2660)
	at lb.buildDummyEnvironment (/home/~/.vscode-oss/extensions/ms-toolsai.jupyter-2025.1.0-linux-x64/dist/extension.node.js:304:145848)]
20:24:43.673 [warn] Failed to attach variable provider [Error: Extension 'ms-toolsai.jupyter' CANNOT use API proposal: notebookVariableProvider.
Its package.json#enabledApiProposals-property declares:  but NOT notebookVariableProvider.
 The missing proposal MUST be added and you must start in extension development mode or use the following command line switch: --enable-proposed-api ms-toolsai.jupyter
	at N (file:///usr/lib/code-oss/resources/app/out/vs/workbench/api/node/extensionHostProcess.js:110:16858)
	at set variableProvider (file:///usr/lib/code-oss/resources/app/out/vs/workbench/api/node/extensionHostProcess.js:171:20783)
	at n.create (/home/~/.vscode-oss/extensions/ms-toolsai.jupyter-2025.1.0-linux-x64/dist/extension.node.js:304:87851)
	at /home/~/.vscode-oss/extensions/ms-toolsai.jupyter-2025.1.0-linux-x64/dist/extension.node.js:304:101516
	at Array.forEach (<anonymous>)
	at Xy.addImpl (/home/~/.vscode-oss/extensions/ms-toolsai.jupyter-2025.1.0-linux-x64/dist/extension.node.js:304:101489)
	at /home/~/.vscode-oss/extensions/ms-toolsai.jupyter-2025.1.0-linux-x64/dist/extension.node.js:304:100569
	at Array.forEach (<anonymous>)
	at Xy.batchAdd (/home/~/.vscode-oss/extensions/ms-toolsai.jupyter-2025.1.0-linux-x64/dist/extension.node.js:304:100539)
	at Xy.createNotebookControllers (/home/~/.vscode-oss/extensions/ms-toolsai.jupyter-2025.1.0-linux-x64/dist/extension.node.js:304:99597)
	at Xy.loadControllersImpl (/home/~/.vscode-oss/extensions/ms-toolsai.jupyter-2025.1.0-linux-x64/dist/extension.node.js:304:99057)
	at Xy.loadControllers (/home/~/.vscode-oss/extensions/ms-toolsai.jupyter-2025.1.0-linux-x64/dist/extension.node.js:304:98807)
	at Xy.<anonymous> (/home/~/.vscode-oss/extensions/ms-toolsai.jupyter-2025.1.0-linux-x64/dist/extension.node.js:304:98175)
	at D.B (file:///usr/lib/code-oss/resources/app/out/vs/workbench/api/node/extensionHostProcess.js:27:2373)
	at D.fire (file:///usr/lib/code-oss/resources/app/out/vs/workbench/api/node/extensionHostProcess.js:27:2591)
	at Ah.value (/home/~/.vscode-oss/extensions/ms-toolsai.jupyter-2025.1.0-linux-x64/dist/extension.node.js:285:19835)
	at D.B (file:///usr/lib/code-oss/resources/app/out/vs/workbench/api/node/extensionHostProcess.js:27:2373)
	at D.C (file:///usr/lib/code-oss/resources/app/out/vs/workbench/api/node/extensionHostProcess.js:27:2443)
	at D.fire (file:///usr/lib/code-oss/resources/app/out/vs/workbench/api/node/extensionHostProcess.js:27:2660)
	at lb.buildDummyEnvironment (/home/~/.vscode-oss/extensions/ms-toolsai.jupyter-2025.1.0-linux-x64/dist/extension.node.js:304:145848)]
20:24:43.673 [warn] Failed to attach variable provider [Error: Extension 'ms-toolsai.jupyter' CANNOT use API proposal: notebookVariableProvider.
Its package.json#enabledApiProposals-property declares:  but NOT notebookVariableProvider.
 The missing proposal MUST be added and you must start in extension development mode or use the following command line switch: --enable-proposed-api ms-toolsai.jupyter
	at N (file:///usr/lib/code-oss/resources/app/out/vs/workbench/api/node/extensionHostProcess.js:110:16858)
	at set variableProvider (file:///usr/lib/code-oss/resources/app/out/vs/workbench/api/node/extensionHostProcess.js:171:20783)
	at n.create (/home/~/.vscode-oss/extensions/ms-toolsai.jupyter-2025.1.0-linux-x64/dist/extension.node.js:304:87851)
	at /home/~/.vscode-oss/extensions/ms-toolsai.jupyter-2025.1.0-linux-x64/dist/extension.node.js:304:101516
	at Array.forEach (<anonymous>)
	at Xy.addImpl (/home/~/.vscode-oss/extensions/ms-toolsai.jupyter-2025.1.0-linux-x64/dist/extension.node.js:304:101489)
	at /home/~/.vscode-oss/extensions/ms-toolsai.jupyter-2025.1.0-linux-x64/dist/extension.node.js:304:100569
	at Array.forEach (<anonymous>)
	at Xy.batchAdd (/home/~/.vscode-oss/extensions/ms-toolsai.jupyter-2025.1.0-linux-x64/dist/extension.node.js:304:100539)
	at Xy.createNotebookControllers (/home/~/.vscode-oss/extensions/ms-toolsai.jupyter-2025.1.0-linux-x64/dist/extension.node.js:304:99597)
	at Xy.loadControllersImpl (/home/~/.vscode-oss/extensions/ms-toolsai.jupyter-2025.1.0-linux-x64/dist/extension.node.js:304:99057)
	at Xy.loadControllers (/home/~/.vscode-oss/extensions/ms-toolsai.jupyter-2025.1.0-linux-x64/dist/extension.node.js:304:98807)
	at Xy.<anonymous> (/home/~/.vscode-oss/extensions/ms-toolsai.jupyter-2025.1.0-linux-x64/dist/extension.node.js:304:98175)
	at D.B (file:///usr/lib/code-oss/resources/app/out/vs/workbench/api/node/extensionHostProcess.js:27:2373)
	at D.fire (file:///usr/lib/code-oss/resources/app/out/vs/workbench/api/node/extensionHostProcess.js:27:2591)
	at Ah.value (/home/~/.vscode-oss/extensions/ms-toolsai.jupyter-2025.1.0-linux-x64/dist/extension.node.js:285:19835)
	at D.B (file:///usr/lib/code-oss/resources/app/out/vs/workbench/api/node/extensionHostProcess.js:27:2373)
	at D.C (file:///usr/lib/code-oss/resources/app/out/vs/workbench/api/node/extensionHostProcess.js:27:2443)
	at D.fire (file:///usr/lib/code-oss/resources/app/out/vs/workbench/api/node/extensionHostProcess.js:27:2660)
	at lb.buildDummyEnvironment (/home/~/.vscode-oss/extensions/ms-toolsai.jupyter-2025.1.0-linux-x64/dist/extension.node.js:304:145848)]
20:24:44.078 [info] Starting Kernel (Python Path: /data/tmp/rm-test-async/layers/api/venv/bin/python, Venv, 3.12.8) for '/data/tmp/rm-test-async/layers/api/nb.ipynb' (disableUI=true)
20:24:44.202 [error] Failure in registering port attributes [Error: Extension 'ms-toolsai.jupyter' CANNOT use API proposal: portsAttributes.
Its package.json#enabledApiProposals-property declares:  but NOT portsAttributes.
 The missing proposal MUST be added and you must start in extension development mode or use the following command line switch: --enable-proposed-api ms-toolsai.jupyter
	at N (file:///usr/lib/code-oss/resources/app/out/vs/workbench/api/node/extensionHostProcess.js:110:16858)
	at Object.registerPortAttributesProvider (file:///usr/lib/code-oss/resources/app/out/vs/workbench/api/node/extensionHostProcess.js:172:55654)
	at JD (/home/~/.vscode-oss/extensions/ms-toolsai.jupyter-2025.1.0-linux-x64/dist/extension.node.js:282:2688)
	at Us.launch (/home/~/.vscode-oss/extensions/ms-toolsai.jupyter-2025.1.0-linux-x64/dist/extension.node.js:303:7467)
	at process.processTicksAndRejections (node:internal/process/task_queues:95:5)
	at async tT.start (/home/~/.vscode-oss/extensions/ms-toolsai.jupyter-2025.1.0-linux-x64/dist/extension.node.js:304:11153)
	at async rT.startKernel (/home/~/.vscode-oss/extensions/ms-toolsai.jupyter-2025.1.0-linux-x64/dist/extension.node.js:304:21741)
	at async Wy.create (/home/~/.vscode-oss/extensions/ms-toolsai.jupyter-2025.1.0-linux-x64/dist/extension.node.js:304:24048)
	at async I_.createJupyterSession (/home/~/.vscode-oss/extensions/ms-toolsai.jupyter-2025.1.0-linux-x64/dist/extension.node.js:285:36917)
	at async I_.startJupyterSession (/home/~/.vscode-oss/extensions/ms-toolsai.jupyter-2025.1.0-linux-x64/dist/extension.node.js:285:34694)
	at async I_.start (/home/~/.vscode-oss/extensions/ms-toolsai.jupyter-2025.1.0-linux-x64/dist/extension.node.js:285:30778)
	at async n.wrapKernelMethodImpl (/home/~/.vscode-oss/extensions/ms-toolsai.jupyter-2025.1.0-linux-x64/dist/extension.node.js:304:84148)]
20:24:45.197 [info] Process Execution: /data/tmp/rm-test-async/layers/api/venv/bin/python -c "import ipykernel; print(ipykernel.__version__); print("5dc3a68c-e34e-4080-9c3e-2a532b2ccb4d"); print(ipykernel.__file__)"
20:24:45.213 [info] Process Execution: /data/tmp/rm-test-async/layers/api/venv/bin/python -m ipykernel_launcher --f=/home/~/.local/share/jupyter/runtime/kernel-v3ff5a1dde6d4f0ea0566341ff27e2fc89a5cd7662.json
    > cwd: /data/tmp/rm-test-async/layers/api
20:24:45.277 [info] Process Execution: /data/tmp/rm-test-async/layers/api/venv/bin/python -m pip list
20:24:47.019 [info] Kernel successfully started
20:24:47.032 [info] Process Execution: /data/tmp/rm-test-async/layers/api/venv/bin/python /home/~/.vscode-oss/extensions/ms-toolsai.jupyter-2025.1.0-linux-x64/pythonFiles/printJupyterDataDir.py
20:28:32.553 [warn] No interpreter with path /data/local_tmp/pyenvs/py312/venv/bin/python3 found in Python API, will convert Uri path to string as Id /data/local_tmp/pyenvs/py312/venv/bin/python3
20:28:32.684 [warn] Failed to attach variable provider [Error: Extension 'ms-toolsai.jupyter' CANNOT use API proposal: notebookVariableProvider.
Its package.json#enabledApiProposals-property declares:  but NOT notebookVariableProvider.
 The missing proposal MUST be added and you must start in extension development mode or use the following command line switch: --enable-proposed-api ms-toolsai.jupyter
	at N (file:///usr/lib/code-oss/resources/app/out/vs/workbench/api/node/extensionHostProcess.js:110:16858)
	at set variableProvider (file:///usr/lib/code-oss/resources/app/out/vs/workbench/api/node/extensionHostProcess.js:171:20783)
	at n.create (/home/~/.vscode-oss/extensions/ms-toolsai.jupyter-2025.1.0-linux-x64/dist/extension.node.js:304:87851)
	at /home/~/.vscode-oss/extensions/ms-toolsai.jupyter-2025.1.0-linux-x64/dist/extension.node.js:304:101516
	at Array.forEach (<anonymous>)
	at Xy.addImpl (/home/~/.vscode-oss/extensions/ms-toolsai.jupyter-2025.1.0-linux-x64/dist/extension.node.js:304:101489)
	at /home/~/.vscode-oss/extensions/ms-toolsai.jupyter-2025.1.0-linux-x64/dist/extension.node.js:304:100569
	at Array.forEach (<anonymous>)
	at Xy.batchAdd (/home/~/.vscode-oss/extensions/ms-toolsai.jupyter-2025.1.0-linux-x64/dist/extension.node.js:304:100539)
	at Xy.createNotebookControllers (/home/~/.vscode-oss/extensions/ms-toolsai.jupyter-2025.1.0-linux-x64/dist/extension.node.js:304:99597)
	at Xy.loadControllersImpl (/home/~/.vscode-oss/extensions/ms-toolsai.jupyter-2025.1.0-linux-x64/dist/extension.node.js:304:99057)
	at Xy.loadControllers (/home/~/.vscode-oss/extensions/ms-toolsai.jupyter-2025.1.0-linux-x64/dist/extension.node.js:304:98807)
	at Xy.<anonymous> (/home/~/.vscode-oss/extensions/ms-toolsai.jupyter-2025.1.0-linux-x64/dist/extension.node.js:304:98175)
	at D.B (file:///usr/lib/code-oss/resources/app/out/vs/workbench/api/node/extensionHostProcess.js:27:2373)
	at D.fire (file:///usr/lib/code-oss/resources/app/out/vs/workbench/api/node/extensionHostProcess.js:27:2591)
	at Ah.value (/home/~/.vscode-oss/extensions/ms-toolsai.jupyter-2025.1.0-linux-x64/dist/extension.node.js:285:19835)
	at D.B (file:///usr/lib/code-oss/resources/app/out/vs/workbench/api/node/extensionHostProcess.js:27:2373)
	at D.C (file:///usr/lib/code-oss/resources/app/out/vs/workbench/api/node/extensionHostProcess.js:27:2443)
	at D.fire (file:///usr/lib/code-oss/resources/app/out/vs/workbench/api/node/extensionHostProcess.js:27:2660)
	at sf.writeToCache (/home/~/.vscode-oss/extensions/ms-toolsai.jupyter-2025.1.0-linux-x64/dist/extension.node.js:299:36232)
	at sf.updateCache (/home/~/.vscode-oss/extensions/ms-toolsai.jupyter-2025.1.0-linux-x64/dist/extension.node.js:299:35517)
	at /home/~/.vscode-oss/extensions/ms-toolsai.jupyter-2025.1.0-linux-x64/dist/extension.node.js:60:12513
	at yz (/home/~/.vscode-oss/extensions/ms-toolsai.jupyter-2025.1.0-linux-x64/dist/extension.node.js:60:12090)
	at i.value (/home/~/.vscode-oss/extensions/ms-toolsai.jupyter-2025.1.0-linux-x64/dist/extension.node.js:60:12494)
	at D.B (file:///usr/lib/code-oss/resources/app/out/vs/workbench/api/node/extensionHostProcess.js:27:2373)
	at D.fire (file:///usr/lib/code-oss/resources/app/out/vs/workbench/api/node/extensionHostProcess.js:27:2591)
	at lu.updateCache (/home/~/.vscode-oss/extensions/ms-toolsai.jupyter-2025.1.0-linux-x64/dist/extension.node.js:299:31258)
	at lu.appendNewKernels (/home/~/.vscode-oss/extensions/ms-toolsai.jupyter-2025.1.0-linux-x64/dist/extension.node.js:299:32425)
	at /home/~/.vscode-oss/extensions/ms-toolsai.jupyter-2025.1.0-linux-x64/dist/extension.node.js:299:32076
	at async Promise.all (index 1)
	at async lu.listKernelsImplementation (/home/~/.vscode-oss/extensions/ms-toolsai.jupyter-2025.1.0-linux-x64/dist/extension.node.js:299:32097)
	at async /home/~/.vscode-oss/extensions/ms-toolsai.jupyter-2025.1.0-linux-x64/dist/extension.node.js:299:29723]
20:28:32.685 [warn] Failed to attach variable provider [Error: Extension 'ms-toolsai.jupyter' CANNOT use API proposal: notebookVariableProvider.
Its package.json#enabledApiProposals-property declares:  but NOT notebookVariableProvider.
 The missing proposal MUST be added and you must start in extension development mode or use the following command line switch: --enable-proposed-api ms-toolsai.jupyter
	at N (file:///usr/lib/code-oss/resources/app/out/vs/workbench/api/node/extensionHostProcess.js:110:16858)
	at set variableProvider (file:///usr/lib/code-oss/resources/app/out/vs/workbench/api/node/extensionHostProcess.js:171:20783)
	at n.create (/home/~/.vscode-oss/extensions/ms-toolsai.jupyter-2025.1.0-linux-x64/dist/extension.node.js:304:87851)
	at /home/~/.vscode-oss/extensions/ms-toolsai.jupyter-2025.1.0-linux-x64/dist/extension.node.js:304:101516
	at Array.forEach (<anonymous>)
	at Xy.addImpl (/home/~/.vscode-oss/extensions/ms-toolsai.jupyter-2025.1.0-linux-x64/dist/extension.node.js:304:101489)
	at /home/~/.vscode-oss/extensions/ms-toolsai.jupyter-2025.1.0-linux-x64/dist/extension.node.js:304:100569
	at Array.forEach (<anonymous>)
	at Xy.batchAdd (/home/~/.vscode-oss/extensions/ms-toolsai.jupyter-2025.1.0-linux-x64/dist/extension.node.js:304:100539)
	at Xy.createNotebookControllers (/home/~/.vscode-oss/extensions/ms-toolsai.jupyter-2025.1.0-linux-x64/dist/extension.node.js:304:99597)
	at Xy.loadControllersImpl (/home/~/.vscode-oss/extensions/ms-toolsai.jupyter-2025.1.0-linux-x64/dist/extension.node.js:304:99057)
	at Xy.loadControllers (/home/~/.vscode-oss/extensions/ms-toolsai.jupyter-2025.1.0-linux-x64/dist/extension.node.js:304:98807)
	at Xy.<anonymous> (/home/~/.vscode-oss/extensions/ms-toolsai.jupyter-2025.1.0-linux-x64/dist/extension.node.js:304:98175)
	at D.B (file:///usr/lib/code-oss/resources/app/out/vs/workbench/api/node/extensionHostProcess.js:27:2373)
	at D.fire (file:///usr/lib/code-oss/resources/app/out/vs/workbench/api/node/extensionHostProcess.js:27:2591)
	at Ah.value (/home/~/.vscode-oss/extensions/ms-toolsai.jupyter-2025.1.0-linux-x64/dist/extension.node.js:285:19835)
	at D.B (file:///usr/lib/code-oss/resources/app/out/vs/workbench/api/node/extensionHostProcess.js:27:2373)
	at D.C (file:///usr/lib/code-oss/resources/app/out/vs/workbench/api/node/extensionHostProcess.js:27:2443)
	at D.fire (file:///usr/lib/code-oss/resources/app/out/vs/workbench/api/node/extensionHostProcess.js:27:2660)
	at sf.writeToCache (/home/~/.vscode-oss/extensions/ms-toolsai.jupyter-2025.1.0-linux-x64/dist/extension.node.js:299:36232)
	at sf.updateCache (/home/~/.vscode-oss/extensions/ms-toolsai.jupyter-2025.1.0-linux-x64/dist/extension.node.js:299:35517)
	at /home/~/.vscode-oss/extensions/ms-toolsai.jupyter-2025.1.0-linux-x64/dist/extension.node.js:60:12513
	at yz (/home/~/.vscode-oss/extensions/ms-toolsai.jupyter-2025.1.0-linux-x64/dist/extension.node.js:60:12090)
	at i.value (/home/~/.vscode-oss/extensions/ms-toolsai.jupyter-2025.1.0-linux-x64/dist/extension.node.js:60:12494)
	at D.B (file:///usr/lib/code-oss/resources/app/out/vs/workbench/api/node/extensionHostProcess.js:27:2373)
	at D.fire (file:///usr/lib/code-oss/resources/app/out/vs/workbench/api/node/extensionHostProcess.js:27:2591)
	at lu.updateCache (/home/~/.vscode-oss/extensions/ms-toolsai.jupyter-2025.1.0-linux-x64/dist/extension.node.js:299:31258)
	at lu.appendNewKernels (/home/~/.vscode-oss/extensions/ms-toolsai.jupyter-2025.1.0-linux-x64/dist/extension.node.js:299:32425)
	at /home/~/.vscode-oss/extensions/ms-toolsai.jupyter-2025.1.0-linux-x64/dist/extension.node.js:299:32076
	at async Promise.all (index 1)
	at async lu.listKernelsImplementation (/home/~/.vscode-oss/extensions/ms-toolsai.jupyter-2025.1.0-linux-x64/dist/extension.node.js:299:32097)
	at async /home/~/.vscode-oss/extensions/ms-toolsai.jupyter-2025.1.0-linux-x64/dist/extension.node.js:299:29723]
20:28:32.690 [warn] Failed to attach variable provider [Error: Extension 'ms-toolsai.jupyter' CANNOT use API proposal: notebookVariableProvider.
Its package.json#enabledApiProposals-property declares:  but NOT notebookVariableProvider.
 The missing proposal MUST be added and you must start in extension development mode or use the following command line switch: --enable-proposed-api ms-toolsai.jupyter
	at N (file:///usr/lib/code-oss/resources/app/out/vs/workbench/api/node/extensionHostProcess.js:110:16858)
	at set variableProvider (file:///usr/lib/code-oss/resources/app/out/vs/workbench/api/node/extensionHostProcess.js:171:20783)
	at n.create (/home/~/.vscode-oss/extensions/ms-toolsai.jupyter-2025.1.0-linux-x64/dist/extension.node.js:304:87851)
	at /home/~/.vscode-oss/extensions/ms-toolsai.jupyter-2025.1.0-linux-x64/dist/extension.node.js:304:101516
	at Array.forEach (<anonymous>)
	at Xy.addImpl (/home/~/.vscode-oss/extensions/ms-toolsai.jupyter-2025.1.0-linux-x64/dist/extension.node.js:304:101489)
	at /home/~/.vscode-oss/extensions/ms-toolsai.jupyter-2025.1.0-linux-x64/dist/extension.node.js:304:100569
	at Array.forEach (<anonymous>)
	at Xy.batchAdd (/home/~/.vscode-oss/extensions/ms-toolsai.jupyter-2025.1.0-linux-x64/dist/extension.node.js:304:100539)
	at Xy.createNotebookControllers (/home/~/.vscode-oss/extensions/ms-toolsai.jupyter-2025.1.0-linux-x64/dist/extension.node.js:304:99597)
	at Xy.loadControllersImpl (/home/~/.vscode-oss/extensions/ms-toolsai.jupyter-2025.1.0-linux-x64/dist/extension.node.js:304:99057)
	at Xy.loadControllers (/home/~/.vscode-oss/extensions/ms-toolsai.jupyter-2025.1.0-linux-x64/dist/extension.node.js:304:98807)
	at Xy.<anonymous> (/home/~/.vscode-oss/extensions/ms-toolsai.jupyter-2025.1.0-linux-x64/dist/extension.node.js:304:98175)
	at D.B (file:///usr/lib/code-oss/resources/app/out/vs/workbench/api/node/extensionHostProcess.js:27:2373)
	at D.fire (file:///usr/lib/code-oss/resources/app/out/vs/workbench/api/node/extensionHostProcess.js:27:2591)
	at Ah.value (/home/~/.vscode-oss/extensions/ms-toolsai.jupyter-2025.1.0-linux-x64/dist/extension.node.js:285:19835)
	at D.B (file:///usr/lib/code-oss/resources/app/out/vs/workbench/api/node/extensionHostProcess.js:27:2373)
	at D.C (file:///usr/lib/code-oss/resources/app/out/vs/workbench/api/node/extensionHostProcess.js:27:2443)
	at D.fire (file:///usr/lib/code-oss/resources/app/out/vs/workbench/api/node/extensionHostProcess.js:27:2660)
	at lb.buildDummyEnvironment (/home/~/.vscode-oss/extensions/ms-toolsai.jupyter-2025.1.0-linux-x64/dist/extension.node.js:304:145848)]
20:28:32.691 [warn] Failed to attach variable provider [Error: Extension 'ms-toolsai.jupyter' CANNOT use API proposal: notebookVariableProvider.
Its package.json#enabledApiProposals-property declares:  but NOT notebookVariableProvider.
 The missing proposal MUST be added and you must start in extension development mode or use the following command line switch: --enable-proposed-api ms-toolsai.jupyter
	at N (file:///usr/lib/code-oss/resources/app/out/vs/workbench/api/node/extensionHostProcess.js:110:16858)
	at set variableProvider (file:///usr/lib/code-oss/resources/app/out/vs/workbench/api/node/extensionHostProcess.js:171:20783)
	at n.create (/home/~/.vscode-oss/extensions/ms-toolsai.jupyter-2025.1.0-linux-x64/dist/extension.node.js:304:87851)
	at /home/~/.vscode-oss/extensions/ms-toolsai.jupyter-2025.1.0-linux-x64/dist/extension.node.js:304:101516
	at Array.forEach (<anonymous>)
	at Xy.addImpl (/home/~/.vscode-oss/extensions/ms-toolsai.jupyter-2025.1.0-linux-x64/dist/extension.node.js:304:101489)
	at /home/~/.vscode-oss/extensions/ms-toolsai.jupyter-2025.1.0-linux-x64/dist/extension.node.js:304:100569
	at Array.forEach (<anonymous>)
	at Xy.batchAdd (/home/~/.vscode-oss/extensions/ms-toolsai.jupyter-2025.1.0-linux-x64/dist/extension.node.js:304:100539)
	at Xy.createNotebookControllers (/home/~/.vscode-oss/extensions/ms-toolsai.jupyter-2025.1.0-linux-x64/dist/extension.node.js:304:99597)
	at Xy.loadControllersImpl (/home/~/.vscode-oss/extensions/ms-toolsai.jupyter-2025.1.0-linux-x64/dist/extension.node.js:304:99057)
	at Xy.loadControllers (/home/~/.vscode-oss/extensions/ms-toolsai.jupyter-2025.1.0-linux-x64/dist/extension.node.js:304:98807)
	at Xy.<anonymous> (/home/~/.vscode-oss/extensions/ms-toolsai.jupyter-2025.1.0-linux-x64/dist/extension.node.js:304:98175)
	at D.B (file:///usr/lib/code-oss/resources/app/out/vs/workbench/api/node/extensionHostProcess.js:27:2373)
	at D.fire (file:///usr/lib/code-oss/resources/app/out/vs/workbench/api/node/extensionHostProcess.js:27:2591)
	at Ah.value (/home/~/.vscode-oss/extensions/ms-toolsai.jupyter-2025.1.0-linux-x64/dist/extension.node.js:285:19835)
	at D.B (file:///usr/lib/code-oss/resources/app/out/vs/workbench/api/node/extensionHostProcess.js:27:2373)
	at D.C (file:///usr/lib/code-oss/resources/app/out/vs/workbench/api/node/extensionHostProcess.js:27:2443)
	at D.fire (file:///usr/lib/code-oss/resources/app/out/vs/workbench/api/node/extensionHostProcess.js:27:2660)
	at lb.buildDummyEnvironment (/home/~/.vscode-oss/extensions/ms-toolsai.jupyter-2025.1.0-linux-x64/dist/extension.node.js:304:145848)]
20:32:21.498 [info] Dispose Kernel '/data/tmp/rm-test-async/layers/api/nb.ipynb' associated with '/data/tmp/rm-test-async/layers/api/nb.ipynb'
