2025-03-31 20:13:12.304 [info] Extension host with pid 4765 started
2025-03-31 20:13:12.305 [info] Skipping acquiring lock for /home/mhamdi/.config/Code - OSS/User/workspaceStorage/d8eda7006e08bd8efc643602fbbd06ad.
2025-03-31 20:13:12.488 [info] ExtensionService#_doActivateExtension vscode.ipynb, startup: false, activationEvent: 'onNotebookSerializer:jupyter-notebook'
2025-03-31 20:13:12.578 [info] ExtensionService#_doActivateExtension vscode.emmet, startup: false, activationEvent: 'onLanguage'
2025-03-31 20:13:12.883 [info] ExtensionService#_doActivateExtension vscode.git-base, startup: true, activationEvent: '*', root cause: vscode.git
2025-03-31 20:13:12.894 [info] ExtensionService#_doActivateExtension ms-python.python, startup: true, activationEvent: 'workspaceContains:requirements.txt'
2025-03-31 20:13:14.076 [info] ExtensionService#_doActivateExtension vscode.git, startup: true, activationEvent: '*'
2025-03-31 20:13:14.473 [info] ExtensionService#_doActivateExtension vscode.github, startup: true, activationEvent: '*'
2025-03-31 20:13:14.609 [info] ExtensionService#_doActivateExtension ms-toolsai.jupyter, startup: false, activationEvent: 'onNotebook:jupyter-notebook'
2025-03-31 20:13:14.618 [error] Activating extension ms-toolsai.jupyter failed due to an error:
2025-03-31 20:13:14.618 [error] Error: Cannot find module '/home/mhamdi/.vscode-oss/extensions/ms-toolsai.jupyter-2025.1.0-linux-x64/dist/extension.node.proxy.js'
Require stack:
- /usr/lib/code-oss/resources/app/out/vs/workbench/api/node/extensionHostProcess.js
	at Module._resolveFilename (node:internal/modules/cjs/loader:1232:15)
	at n._resolveFilename (node:electron/js2c/utility_init:2:16068)
	at t._resolveFilename (file:///usr/lib/code-oss/resources/app/out/vs/workbench/api/node/extensionHostProcess.js:182:22666)
	at Module._load (node:internal/modules/cjs/loader:1058:27)
	at c._load (node:electron/js2c/node_init:2:16955)
	at e._load (file:///usr/lib/code-oss/resources/app/out/vs/workbench/api/node/extensionHostProcess.js:190:10896)
	at t._load (file:///usr/lib/code-oss/resources/app/out/vs/workbench/api/node/extensionHostProcess.js:182:22384)
	at i._load (file:///usr/lib/code-oss/resources/app/out/vs/workbench/api/node/extensionHostProcess.js:174:21398)
	at Module.require (node:internal/modules/cjs/loader:1318:19)
	at require (node:internal/modules/helpers:179:18)
	at PW.xb (file:///usr/lib/code-oss/resources/app/out/vs/workbench/api/node/extensionHostProcess.js:182:23704)
	at async Promise.all (index 0)
2025-03-31 20:13:14.618 [info] ExtensionService#_doActivateExtension ms-toolsai.vscode-jupyter-cell-tags, startup: false, activationEvent: 'onNotebook:jupyter-notebook'
2025-03-31 20:13:14.625 [info] ExtensionService#_doActivateExtension ms-toolsai.vscode-jupyter-slideshow, startup: false, activationEvent: 'onNotebook:jupyter-notebook'
2025-03-31 20:13:14.891 [info] Eager extensions activated
2025-03-31 20:13:15.457 [info] ExtensionService#_doActivateExtension vscode.debug-auto-launch, startup: false, activationEvent: 'onStartupFinished'
2025-03-31 20:13:15.463 [info] ExtensionService#_doActivateExtension vscode.merge-conflict, startup: false, activationEvent: 'onStartupFinished'
2025-03-31 20:13:15.687 [info] ExtensionService#_doActivateExtension vscode.github-authentication, startup: false, activationEvent: 'onAuthenticationRequest:github'
2025-03-31 20:13:15.825 [info] ExtensionService#_doActivateExtension ms-python.vscode-pylance, startup: false, activationEvent: 'api', root cause: ms-python.python
2025-03-31 20:13:16.849 [error] Error: Extension 'ms-python.python' CANNOT use API proposal: testObserver.
Its package.json#enabledApiProposals-property declares:  but NOT testObserver.
 The missing proposal MUST be added and you must start in extension development mode or use the following command line switch: --enable-proposed-api ms-python.python
	at N (file:///usr/lib/code-oss/resources/app/out/vs/workbench/api/node/extensionHostProcess.js:110:16858)
	at get testResults (file:///usr/lib/code-oss/resources/app/out/vs/workbench/api/node/extensionHostProcess.js:172:39426)
	at C.activate (/home/mhamdi/.vscode-oss/extensions/ms-python.python-2025.2.0-linux-x64/out/client/extension.js:2:908493)
	at /home/mhamdi/.vscode-oss/extensions/ms-python.python-2025.2.0-linux-x64/out/client/extension.js:2:2457
	at Array.map (<anonymous>)
	at v.activateWorkspace (/home/mhamdi/.vscode-oss/extensions/ms-python.python-2025.2.0-linux-x64/out/client/extension.js:2:2447)
2025-03-31 20:13:36.597 [info] Extension host terminating: renderer closed the MessagePort
2025-03-31 20:13:36.653 [error] Canceled: Canceled
	at new XR (file:///usr/lib/code-oss/resources/app/out/vs/workbench/api/node/extensionHostProcess.js:29:110406)
	at Uy.U (file:///usr/lib/code-oss/resources/app/out/vs/workbench/api/node/extensionHostProcess.js:29:115016)
	at s.<computed>.n.charCodeAt.s.<computed> (file:///usr/lib/code-oss/resources/app/out/vs/workbench/api/node/extensionHostProcess.js:29:112510)
	at mw.g (file:///usr/lib/code-oss/resources/app/out/vs/workbench/api/node/extensionHostProcess.js:112:32221)
	at mw.executeCommand (file:///usr/lib/code-oss/resources/app/out/vs/workbench/api/node/extensionHostProcess.js:112:31725)
	at r.registerCommand.description (file:///usr/lib/code-oss/resources/app/out/vs/workbench/api/node/extensionHostProcess.js:112:31055)
	at mw.h (file:///usr/lib/code-oss/resources/app/out/vs/workbench/api/node/extensionHostProcess.js:112:32741)
	at mw.g (file:///usr/lib/code-oss/resources/app/out/vs/workbench/api/node/extensionHostProcess.js:112:31818)
	at mw.executeCommand (file:///usr/lib/code-oss/resources/app/out/vs/workbench/api/node/extensionHostProcess.js:112:31725)
	at Object.executeCommand (file:///usr/lib/code-oss/resources/app/out/vs/workbench/api/node/extensionHostProcess.js:172:37254)
	at Ah.L [as value] (/usr/lib/code-oss/resources/app/extensions/git/dist/main.js:2:997602)
	at D.B (file:///usr/lib/code-oss/resources/app/out/vs/workbench/api/node/extensionHostProcess.js:27:2373)
	at D.C (file:///usr/lib/code-oss/resources/app/out/vs/workbench/api/node/extensionHostProcess.js:27:2443)
	at D.fire (file:///usr/lib/code-oss/resources/app/out/vs/workbench/api/node/extensionHostProcess.js:27:2660)
	at Object.p [as dispose] (/usr/lib/code-oss/resources/app/extensions/git/dist/main.js:2:1020242)
	at /usr/lib/code-oss/resources/app/extensions/git/dist/main.js:2:1026621
	at Array.forEach (<anonymous>)
	at b.dispose (/usr/lib/code-oss/resources/app/extensions/git/dist/main.js:2:1026607)
	at cv.<anonymous> (file:///usr/lib/code-oss/resources/app/out/vs/workbench/api/node/extensionHostProcess.js:106:20084)
	at cv.dispose (file:///usr/lib/code-oss/resources/app/out/vs/workbench/api/node/extensionHostProcess.js:106:20180)
	at cv.<anonymous> (/usr/lib/code-oss/resources/app/extensions/git/dist/main.js:2:1000086)
	at cv.dispose (file:///usr/lib/code-oss/resources/app/out/vs/workbench/api/node/extensionHostProcess.js:106:20180)
	at ui (file:///usr/lib/code-oss/resources/app/out/vs/workbench/api/node/extensionHostProcess.js:25:699)
	at file:///usr/lib/code-oss/resources/app/out/vs/workbench/api/node/extensionHostProcess.js:116:14992
	at file:///usr/lib/code-oss/resources/app/out/vs/workbench/api/node/extensionHostProcess.js:25:1009
	at Object.dispose (file:///usr/lib/code-oss/resources/app/out/vs/workbench/api/node/extensionHostProcess.js:8:705)
	at PW.eb (file:///usr/lib/code-oss/resources/app/out/vs/workbench/api/node/extensionHostProcess.js:116:11919)
	at file:///usr/lib/code-oss/resources/app/out/vs/workbench/api/node/extensionHostProcess.js:116:9874
	at Array.map (<anonymous>)
	at PW.$ (file:///usr/lib/code-oss/resources/app/out/vs/workbench/api/node/extensionHostProcess.js:116:9862)
	at PW.terminate (file:///usr/lib/code-oss/resources/app/out/vs/workbench/api/node/extensionHostProcess.js:116:10105)
	at wC.terminate (file:///usr/lib/code-oss/resources/app/out/vs/workbench/api/node/extensionHostProcess.js:117:1434)
	at ts (file:///usr/lib/code-oss/resources/app/out/vs/workbench/api/node/extensionHostProcess.js:190:15080)
	at MessagePortMain.<anonymous> (file:///usr/lib/code-oss/resources/app/out/vs/workbench/api/node/extensionHostProcess.js:190:11628)
	at MessagePortMain.emit (node:events:519:28)
	at MessagePortMain._internalPort.emit (node:electron/js2c/utility_init:2:2949) setContext undefined
2025-03-31 20:13:36.656 [error] Canceled: Canceled
	at new XR (file:///usr/lib/code-oss/resources/app/out/vs/workbench/api/node/extensionHostProcess.js:29:110406)
	at Uy.U (file:///usr/lib/code-oss/resources/app/out/vs/workbench/api/node/extensionHostProcess.js:29:115016)
	at s.<computed>.n.charCodeAt.s.<computed> (file:///usr/lib/code-oss/resources/app/out/vs/workbench/api/node/extensionHostProcess.js:29:112510)
	at mw.g (file:///usr/lib/code-oss/resources/app/out/vs/workbench/api/node/extensionHostProcess.js:112:32221)
	at mw.executeCommand (file:///usr/lib/code-oss/resources/app/out/vs/workbench/api/node/extensionHostProcess.js:112:31725)
	at r.registerCommand.description (file:///usr/lib/code-oss/resources/app/out/vs/workbench/api/node/extensionHostProcess.js:112:31055)
	at mw.h (file:///usr/lib/code-oss/resources/app/out/vs/workbench/api/node/extensionHostProcess.js:112:32741)
	at mw.g (file:///usr/lib/code-oss/resources/app/out/vs/workbench/api/node/extensionHostProcess.js:112:31818)
	at mw.executeCommand (file:///usr/lib/code-oss/resources/app/out/vs/workbench/api/node/extensionHostProcess.js:112:31725)
	at Object.executeCommand (file:///usr/lib/code-oss/resources/app/out/vs/workbench/api/node/extensionHostProcess.js:172:37254)
	at set hasGitHubRepositories (/usr/lib/code-oss/resources/app/extensions/github/dist/extension.js:2:344164)
	at /usr/lib/code-oss/resources/app/extensions/github/dist/extension.js:2:345123
	at Ah.value (/usr/lib/code-oss/resources/app/extensions/git/dist/main.js:2:1117802)
	at D.B (file:///usr/lib/code-oss/resources/app/out/vs/workbench/api/node/extensionHostProcess.js:27:2373)
	at D.C (file:///usr/lib/code-oss/resources/app/out/vs/workbench/api/node/extensionHostProcess.js:27:2443)
	at D.fire (file:///usr/lib/code-oss/resources/app/out/vs/workbench/api/node/extensionHostProcess.js:27:2660)
	at Object.p [as dispose] (/usr/lib/code-oss/resources/app/extensions/git/dist/main.js:2:1020242)
	at /usr/lib/code-oss/resources/app/extensions/git/dist/main.js:2:1026621
	at Array.forEach (<anonymous>)
	at b.dispose (/usr/lib/code-oss/resources/app/extensions/git/dist/main.js:2:1026607)
	at cv.<anonymous> (file:///usr/lib/code-oss/resources/app/out/vs/workbench/api/node/extensionHostProcess.js:106:20084)
	at cv.dispose (file:///usr/lib/code-oss/resources/app/out/vs/workbench/api/node/extensionHostProcess.js:106:20180)
	at cv.<anonymous> (/usr/lib/code-oss/resources/app/extensions/git/dist/main.js:2:1000086)
	at cv.dispose (file:///usr/lib/code-oss/resources/app/out/vs/workbench/api/node/extensionHostProcess.js:106:20180)
	at ui (file:///usr/lib/code-oss/resources/app/out/vs/workbench/api/node/extensionHostProcess.js:25:699)
	at file:///usr/lib/code-oss/resources/app/out/vs/workbench/api/node/extensionHostProcess.js:116:14992
	at file:///usr/lib/code-oss/resources/app/out/vs/workbench/api/node/extensionHostProcess.js:25:1009
	at Object.dispose (file:///usr/lib/code-oss/resources/app/out/vs/workbench/api/node/extensionHostProcess.js:8:705)
	at PW.eb (file:///usr/lib/code-oss/resources/app/out/vs/workbench/api/node/extensionHostProcess.js:116:11919)
	at file:///usr/lib/code-oss/resources/app/out/vs/workbench/api/node/extensionHostProcess.js:116:9874
	at Array.map (<anonymous>)
	at PW.$ (file:///usr/lib/code-oss/resources/app/out/vs/workbench/api/node/extensionHostProcess.js:116:9862)
	at PW.terminate (file:///usr/lib/code-oss/resources/app/out/vs/workbench/api/node/extensionHostProcess.js:116:10105)
	at wC.terminate (file:///usr/lib/code-oss/resources/app/out/vs/workbench/api/node/extensionHostProcess.js:117:1434)
	at ts (file:///usr/lib/code-oss/resources/app/out/vs/workbench/api/node/extensionHostProcess.js:190:15080)
	at MessagePortMain.<anonymous> (file:///usr/lib/code-oss/resources/app/out/vs/workbench/api/node/extensionHostProcess.js:190:11628)
	at MessagePortMain.emit (node:events:519:28)
	at MessagePortMain._internalPort.emit (node:electron/js2c/utility_init:2:2949) setContext undefined
2025-03-31 20:13:36.656 [info] Extension host with pid 4765 exiting with code 0
2025-03-31 20:13:38.516 [info] Extension host with pid 5232 started
2025-03-31 20:13:38.516 [info] Skipping acquiring lock for /home/mhamdi/.config/Code - OSS/User/workspaceStorage/d8eda7006e08bd8efc643602fbbd06ad.
2025-03-31 20:13:38.548 [info] ExtensionService#_doActivateExtension vscode.emmet, startup: false, activationEvent: 'onLanguage'
2025-03-31 20:13:38.602 [info] ExtensionService#_doActivateExtension vscode.ipynb, startup: false, activationEvent: 'onNotebookSerializer:jupyter-notebook'
2025-03-31 20:13:38.666 [info] ExtensionService#_doActivateExtension ms-toolsai.vscode-jupyter-cell-tags, startup: false, activationEvent: 'onNotebook:jupyter-notebook'
2025-03-31 20:13:38.672 [info] ExtensionService#_doActivateExtension ms-toolsai.vscode-jupyter-slideshow, startup: false, activationEvent: 'onNotebook:jupyter-notebook'
2025-03-31 20:13:38.678 [info] ExtensionService#_doActivateExtension vscode.github-authentication, startup: false, activationEvent: 'onAuthenticationRequest:github'
2025-03-31 20:13:38.815 [info] ExtensionService#_doActivateExtension vscode.git-base, startup: true, activationEvent: '*', root cause: vscode.git
2025-03-31 20:13:38.820 [info] ExtensionService#_doActivateExtension ms-python.python, startup: true, activationEvent: 'workspaceContains:requirements.txt'
2025-03-31 20:13:39.342 [info] ExtensionService#_doActivateExtension vscode.git, startup: true, activationEvent: '*'
2025-03-31 20:13:39.513 [info] ExtensionService#_doActivateExtension vscode.github, startup: true, activationEvent: '*'
2025-03-31 20:13:39.745 [info] Eager extensions activated
2025-03-31 20:13:39.839 [info] ExtensionService#_doActivateExtension vscode.debug-auto-launch, startup: false, activationEvent: 'onStartupFinished'
2025-03-31 20:13:39.848 [info] ExtensionService#_doActivateExtension vscode.merge-conflict, startup: false, activationEvent: 'onStartupFinished'
2025-03-31 20:13:40.231 [info] ExtensionService#_doActivateExtension ms-python.vscode-pylance, startup: false, activationEvent: 'api', root cause: ms-python.python
2025-03-31 20:13:41.170 [error] Error: Extension 'ms-python.python' CANNOT use API proposal: testObserver.
Its package.json#enabledApiProposals-property declares:  but NOT testObserver.
 The missing proposal MUST be added and you must start in extension development mode or use the following command line switch: --enable-proposed-api ms-python.python
	at N (file:///usr/lib/code-oss/resources/app/out/vs/workbench/api/node/extensionHostProcess.js:110:16858)
	at get testResults (file:///usr/lib/code-oss/resources/app/out/vs/workbench/api/node/extensionHostProcess.js:172:39426)
	at C.activate (/home/mhamdi/.vscode-oss/extensions/ms-python.python-2025.2.0-linux-x64/out/client/extension.js:2:908493)
	at /home/mhamdi/.vscode-oss/extensions/ms-python.python-2025.2.0-linux-x64/out/client/extension.js:2:2457
	at Array.map (<anonymous>)
	at v.activateWorkspace (/home/mhamdi/.vscode-oss/extensions/ms-python.python-2025.2.0-linux-x64/out/client/extension.js:2:2447)
2025-03-31 20:14:38.008 [info] ExtensionService#_doActivateExtension ms-toolsai.jupyter, startup: false, activationEvent: 'onNotebook:jupyter-notebook'
2025-03-31 20:14:38.769 [info] ExtensionService#_doActivateExtension ms-toolsai.jupyter-renderers, startup: false, activationEvent: 'api', root cause: ms-toolsai.jupyter
2025-03-31 20:15:29.702 [info] ExtensionService#_doActivateExtension ms-python.debugpy, startup: false, activationEvent: 'onLanguage:python'
2025-03-31 20:15:30.166 [error] Activating extension ms-python.debugpy failed due to an error:
2025-03-31 20:15:30.167 [error] Error: Extension 'ms-python.debugpy' CANNOT use API proposal: portsAttributes.
Its package.json#enabledApiProposals-property declares:  but NOT portsAttributes.
 The missing proposal MUST be added and you must start in extension development mode or use the following command line switch: --enable-proposed-api ms-python.debugpy
	at N (file:///usr/lib/code-oss/resources/app/out/vs/workbench/api/node/extensionHostProcess.js:110:16858)
	at Object.registerPortAttributesProvider (file:///usr/lib/code-oss/resources/app/out/vs/workbench/api/node/extensionHostProcess.js:172:55654)
	at t.registerDebugger (/home/mhamdi/.vscode-oss/extensions/ms-python.debugpy-2025.4.1-linux-x64/dist/extension.js:2:846581)
	at e.activate (/home/mhamdi/.vscode-oss/extensions/ms-python.debugpy-2025.4.1-linux-x64/dist/extension.js:2:1098040)
	at Ow.kb (file:///usr/lib/code-oss/resources/app/out/vs/workbench/api/node/extensionHostProcess.js:116:15214)
	at Ow.jb (file:///usr/lib/code-oss/resources/app/out/vs/workbench/api/node/extensionHostProcess.js:116:14921)
	at file:///usr/lib/code-oss/resources/app/out/vs/workbench/api/node/extensionHostProcess.js:116:13079
	at async aw.n (file:///usr/lib/code-oss/resources/app/out/vs/workbench/api/node/extensionHostProcess.js:112:4447)
	at async aw.m (file:///usr/lib/code-oss/resources/app/out/vs/workbench/api/node/extensionHostProcess.js:112:4410)
	at async aw.l (file:///usr/lib/code-oss/resources/app/out/vs/workbench/api/node/extensionHostProcess.js:112:3866)
2025-03-31 20:21:23.408 [info] Extension host terminating: renderer closed the MessagePort
2025-03-31 20:21:23.536 [error] Canceled: Canceled
	at new XR (file:///usr/lib/code-oss/resources/app/out/vs/workbench/api/node/extensionHostProcess.js:29:110406)
	at Uy.U (file:///usr/lib/code-oss/resources/app/out/vs/workbench/api/node/extensionHostProcess.js:29:115016)
	at s.<computed>.n.charCodeAt.s.<computed> (file:///usr/lib/code-oss/resources/app/out/vs/workbench/api/node/extensionHostProcess.js:29:112510)
	at mw.g (file:///usr/lib/code-oss/resources/app/out/vs/workbench/api/node/extensionHostProcess.js:112:32221)
	at mw.executeCommand (file:///usr/lib/code-oss/resources/app/out/vs/workbench/api/node/extensionHostProcess.js:112:31725)
	at r.registerCommand.description (file:///usr/lib/code-oss/resources/app/out/vs/workbench/api/node/extensionHostProcess.js:112:31055)
	at mw.h (file:///usr/lib/code-oss/resources/app/out/vs/workbench/api/node/extensionHostProcess.js:112:32741)
	at mw.g (file:///usr/lib/code-oss/resources/app/out/vs/workbench/api/node/extensionHostProcess.js:112:31818)
	at mw.executeCommand (file:///usr/lib/code-oss/resources/app/out/vs/workbench/api/node/extensionHostProcess.js:112:31725)
	at Object.executeCommand (file:///usr/lib/code-oss/resources/app/out/vs/workbench/api/node/extensionHostProcess.js:172:37254)
	at Ah.L [as value] (/usr/lib/code-oss/resources/app/extensions/git/dist/main.js:2:997602)
	at D.B (file:///usr/lib/code-oss/resources/app/out/vs/workbench/api/node/extensionHostProcess.js:27:2373)
	at D.C (file:///usr/lib/code-oss/resources/app/out/vs/workbench/api/node/extensionHostProcess.js:27:2443)
	at D.fire (file:///usr/lib/code-oss/resources/app/out/vs/workbench/api/node/extensionHostProcess.js:27:2660)
	at Object.p [as dispose] (/usr/lib/code-oss/resources/app/extensions/git/dist/main.js:2:1020242)
	at /usr/lib/code-oss/resources/app/extensions/git/dist/main.js:2:1026621
	at Array.forEach (<anonymous>)
	at b.dispose (/usr/lib/code-oss/resources/app/extensions/git/dist/main.js:2:1026607)
	at cv.<anonymous> (file:///usr/lib/code-oss/resources/app/out/vs/workbench/api/node/extensionHostProcess.js:106:20084)
	at cv.dispose (file:///usr/lib/code-oss/resources/app/out/vs/workbench/api/node/extensionHostProcess.js:106:20180)
	at cv.<anonymous> (/usr/lib/code-oss/resources/app/extensions/git/dist/main.js:2:1000086)
	at cv.dispose (file:///usr/lib/code-oss/resources/app/out/vs/workbench/api/node/extensionHostProcess.js:106:20180)
	at ui (file:///usr/lib/code-oss/resources/app/out/vs/workbench/api/node/extensionHostProcess.js:25:699)
	at file:///usr/lib/code-oss/resources/app/out/vs/workbench/api/node/extensionHostProcess.js:116:14992
	at file:///usr/lib/code-oss/resources/app/out/vs/workbench/api/node/extensionHostProcess.js:25:1009
	at Object.dispose (file:///usr/lib/code-oss/resources/app/out/vs/workbench/api/node/extensionHostProcess.js:8:705)
	at PW.eb (file:///usr/lib/code-oss/resources/app/out/vs/workbench/api/node/extensionHostProcess.js:116:11919)
	at file:///usr/lib/code-oss/resources/app/out/vs/workbench/api/node/extensionHostProcess.js:116:9874
	at Array.map (<anonymous>)
	at PW.$ (file:///usr/lib/code-oss/resources/app/out/vs/workbench/api/node/extensionHostProcess.js:116:9862)
	at PW.terminate (file:///usr/lib/code-oss/resources/app/out/vs/workbench/api/node/extensionHostProcess.js:116:10105)
	at wC.terminate (file:///usr/lib/code-oss/resources/app/out/vs/workbench/api/node/extensionHostProcess.js:117:1434)
	at ts (file:///usr/lib/code-oss/resources/app/out/vs/workbench/api/node/extensionHostProcess.js:190:15080)
	at MessagePortMain.<anonymous> (file:///usr/lib/code-oss/resources/app/out/vs/workbench/api/node/extensionHostProcess.js:190:11628)
	at MessagePortMain.emit (node:events:519:28)
	at MessagePortMain._internalPort.emit (node:electron/js2c/utility_init:2:2949) setContext undefined
2025-03-31 20:21:23.538 [error] Canceled: Canceled
	at new XR (file:///usr/lib/code-oss/resources/app/out/vs/workbench/api/node/extensionHostProcess.js:29:110406)
	at Uy.U (file:///usr/lib/code-oss/resources/app/out/vs/workbench/api/node/extensionHostProcess.js:29:115016)
	at s.<computed>.n.charCodeAt.s.<computed> (file:///usr/lib/code-oss/resources/app/out/vs/workbench/api/node/extensionHostProcess.js:29:112510)
	at mw.g (file:///usr/lib/code-oss/resources/app/out/vs/workbench/api/node/extensionHostProcess.js:112:32221)
	at mw.executeCommand (file:///usr/lib/code-oss/resources/app/out/vs/workbench/api/node/extensionHostProcess.js:112:31725)
	at r.registerCommand.description (file:///usr/lib/code-oss/resources/app/out/vs/workbench/api/node/extensionHostProcess.js:112:31055)
	at mw.h (file:///usr/lib/code-oss/resources/app/out/vs/workbench/api/node/extensionHostProcess.js:112:32741)
	at mw.g (file:///usr/lib/code-oss/resources/app/out/vs/workbench/api/node/extensionHostProcess.js:112:31818)
	at mw.executeCommand (file:///usr/lib/code-oss/resources/app/out/vs/workbench/api/node/extensionHostProcess.js:112:31725)
	at Object.executeCommand (file:///usr/lib/code-oss/resources/app/out/vs/workbench/api/node/extensionHostProcess.js:172:37254)
	at set hasGitHubRepositories (/usr/lib/code-oss/resources/app/extensions/github/dist/extension.js:2:344164)
	at /usr/lib/code-oss/resources/app/extensions/github/dist/extension.js:2:345123
	at Ah.value (/usr/lib/code-oss/resources/app/extensions/git/dist/main.js:2:1117802)
	at D.B (file:///usr/lib/code-oss/resources/app/out/vs/workbench/api/node/extensionHostProcess.js:27:2373)
	at D.C (file:///usr/lib/code-oss/resources/app/out/vs/workbench/api/node/extensionHostProcess.js:27:2443)
	at D.fire (file:///usr/lib/code-oss/resources/app/out/vs/workbench/api/node/extensionHostProcess.js:27:2660)
	at Object.p [as dispose] (/usr/lib/code-oss/resources/app/extensions/git/dist/main.js:2:1020242)
	at /usr/lib/code-oss/resources/app/extensions/git/dist/main.js:2:1026621
	at Array.forEach (<anonymous>)
	at b.dispose (/usr/lib/code-oss/resources/app/extensions/git/dist/main.js:2:1026607)
	at cv.<anonymous> (file:///usr/lib/code-oss/resources/app/out/vs/workbench/api/node/extensionHostProcess.js:106:20084)
	at cv.dispose (file:///usr/lib/code-oss/resources/app/out/vs/workbench/api/node/extensionHostProcess.js:106:20180)
	at cv.<anonymous> (/usr/lib/code-oss/resources/app/extensions/git/dist/main.js:2:1000086)
	at cv.dispose (file:///usr/lib/code-oss/resources/app/out/vs/workbench/api/node/extensionHostProcess.js:106:20180)
	at ui (file:///usr/lib/code-oss/resources/app/out/vs/workbench/api/node/extensionHostProcess.js:25:699)
	at file:///usr/lib/code-oss/resources/app/out/vs/workbench/api/node/extensionHostProcess.js:116:14992
	at file:///usr/lib/code-oss/resources/app/out/vs/workbench/api/node/extensionHostProcess.js:25:1009
	at Object.dispose (file:///usr/lib/code-oss/resources/app/out/vs/workbench/api/node/extensionHostProcess.js:8:705)
	at PW.eb (file:///usr/lib/code-oss/resources/app/out/vs/workbench/api/node/extensionHostProcess.js:116:11919)
	at file:///usr/lib/code-oss/resources/app/out/vs/workbench/api/node/extensionHostProcess.js:116:9874
	at Array.map (<anonymous>)
	at PW.$ (file:///usr/lib/code-oss/resources/app/out/vs/workbench/api/node/extensionHostProcess.js:116:9862)
	at PW.terminate (file:///usr/lib/code-oss/resources/app/out/vs/workbench/api/node/extensionHostProcess.js:116:10105)
	at wC.terminate (file:///usr/lib/code-oss/resources/app/out/vs/workbench/api/node/extensionHostProcess.js:117:1434)
	at ts (file:///usr/lib/code-oss/resources/app/out/vs/workbench/api/node/extensionHostProcess.js:190:15080)
	at MessagePortMain.<anonymous> (file:///usr/lib/code-oss/resources/app/out/vs/workbench/api/node/extensionHostProcess.js:190:11628)
	at MessagePortMain.emit (node:events:519:28)
	at MessagePortMain._internalPort.emit (node:electron/js2c/utility_init:2:2949) setContext undefined
2025-03-31 20:21:23.539 [error] Canceled: Canceled
	at new XR (file:///usr/lib/code-oss/resources/app/out/vs/workbench/api/node/extensionHostProcess.js:29:110406)
	at Uy.U (file:///usr/lib/code-oss/resources/app/out/vs/workbench/api/node/extensionHostProcess.js:29:115016)
	at s.<computed>.n.charCodeAt.s.<computed> (file:///usr/lib/code-oss/resources/app/out/vs/workbench/api/node/extensionHostProcess.js:29:112510)
	at mw.g (file:///usr/lib/code-oss/resources/app/out/vs/workbench/api/node/extensionHostProcess.js:112:32221)
	at mw.executeCommand (file:///usr/lib/code-oss/resources/app/out/vs/workbench/api/node/extensionHostProcess.js:112:31725)
	at r.registerCommand.description (file:///usr/lib/code-oss/resources/app/out/vs/workbench/api/node/extensionHostProcess.js:112:31055)
	at mw.h (file:///usr/lib/code-oss/resources/app/out/vs/workbench/api/node/extensionHostProcess.js:112:32741)
	at mw.g (file:///usr/lib/code-oss/resources/app/out/vs/workbench/api/node/extensionHostProcess.js:112:31818)
	at mw.executeCommand (file:///usr/lib/code-oss/resources/app/out/vs/workbench/api/node/extensionHostProcess.js:112:31725)
	at Object.executeCommand (file:///usr/lib/code-oss/resources/app/out/vs/workbench/api/node/extensionHostProcess.js:172:37254)
	at ir.set (/home/mhamdi/.vscode-oss/extensions/ms-toolsai.jupyter-2025.1.0-linux-x64/dist/extension.node.js:304:165658)
	at dI.updateContextOfActiveNotebookKernel (/home/mhamdi/.vscode-oss/extensions/ms-toolsai.jupyter-2025.1.0-linux-x64/dist/extension.node.js:382:11182)
	at dI.onDidKernelStatusChange (/home/mhamdi/.vscode-oss/extensions/ms-toolsai.jupyter-2025.1.0-linux-x64/dist/extension.node.js:382:12834)
	at D.B (file:///usr/lib/code-oss/resources/app/out/vs/workbench/api/node/extensionHostProcess.js:27:2373)
	at D.C (file:///usr/lib/code-oss/resources/app/out/vs/workbench/api/node/extensionHostProcess.js:27:2443)
	at D.fire (file:///usr/lib/code-oss/resources/app/out/vs/workbench/api/node/extensionHostProcess.js:27:2660)
	at Cy.<anonymous> (/home/mhamdi/.vscode-oss/extensions/ms-toolsai.jupyter-2025.1.0-linux-x64/dist/extension.node.js:299:2959)
	at D.B (file:///usr/lib/code-oss/resources/app/out/vs/workbench/api/node/extensionHostProcess.js:27:2373)
	at D.C (file:///usr/lib/code-oss/resources/app/out/vs/workbench/api/node/extensionHostProcess.js:27:2443)
	at D.fire (file:///usr/lib/code-oss/resources/app/out/vs/workbench/api/node/extensionHostProcess.js:27:2660)
	at e (/home/mhamdi/.vscode-oss/extensions/ms-toolsai.jupyter-2025.1.0-linux-x64/dist/extension.node.js:285:32519)
	at I_.dispose (/home/mhamdi/.vscode-oss/extensions/ms-toolsai.jupyter-2025.1.0-linux-x64/dist/extension.node.js:285:32642)
	at /home/mhamdi/.vscode-oss/extensions/ms-toolsai.jupyter-2025.1.0-linux-x64/dist/extension.node.js:183:1926
	at Array.map (<anonymous>)
	at Pg.dispose (/home/mhamdi/.vscode-oss/extensions/ms-toolsai.jupyter-2025.1.0-linux-x64/dist/extension.node.js:183:1917)
	at Object.bhe (/home/mhamdi/.vscode-oss/extensions/ms-toolsai.jupyter-2025.1.0-linux-x64/dist/extension.node.js:445:3880)
	at Object.m (/home/mhamdi/.vscode-oss/extensions/ms-toolsai.jupyter-2025.1.0-linux-x64/dist/extension.node.proxy.js:1:963)
	at PW.eb (file:///usr/lib/code-oss/resources/app/out/vs/workbench/api/node/extensionHostProcess.js:116:11724)
	at file:///usr/lib/code-oss/resources/app/out/vs/workbench/api/node/extensionHostProcess.js:116:9874
	at Array.map (<anonymous>)
	at PW.$ (file:///usr/lib/code-oss/resources/app/out/vs/workbench/api/node/extensionHostProcess.js:116:9862)
	at PW.terminate (file:///usr/lib/code-oss/resources/app/out/vs/workbench/api/node/extensionHostProcess.js:116:10105)
	at wC.terminate (file:///usr/lib/code-oss/resources/app/out/vs/workbench/api/node/extensionHostProcess.js:117:1434)
	at ts (file:///usr/lib/code-oss/resources/app/out/vs/workbench/api/node/extensionHostProcess.js:190:15080)
	at MessagePortMain.<anonymous> (file:///usr/lib/code-oss/resources/app/out/vs/workbench/api/node/extensionHostProcess.js:190:11628)
	at MessagePortMain.emit (node:events:519:28)
	at MessagePortMain._internalPort.emit (node:electron/js2c/utility_init:2:2949) setContext undefined
2025-03-31 20:21:23.540 [info] Extension host with pid 5232 exiting with code 0
