2025-03-31 20:35:23.420 [warning] Dir "/data/tmp/rm-test-async/layers/api/.pixi/envs" is not watchable (directory does not exist)
2025-03-31 20:35:23.420 [info] Python interpreter path: ./venv/bin/python
2025-03-31 20:35:23.503 [info] > pyenv which python
2025-03-31 20:35:23.503 [info] cwd: .
2025-03-31 20:35:23.856 [info] > conda info --json
2025-03-31 20:35:23.873 [info] Starting Pylance language server.
2025-03-31 20:35:24.113 [info] > ~/.conda/bin/conda info --json
2025-03-31 20:35:24.120 [info] > ~/miniconda3/bin/conda info --json
2025-03-31 20:35:24.607 [info] > . ./venv/bin/activate && echo 'e8b39361-0157-4923-80e1-22d70d46dee6' && python ~/.vscode-oss/extensions/ms-python.python-2025.2.0-linux-x64/python_files/printEnvVariables.py
2025-03-31 20:35:24.607 [info] shell: bash
2025-03-31 20:35:24.632 [info] > . ./venv/bin/activate && echo 'e8b39361-0157-4923-80e1-22d70d46dee6' && python ~/.vscode-oss/extensions/ms-python.python-2025.2.0-linux-x64/python_files/printEnvVariables.py
2025-03-31 20:35:24.632 [info] shell: bash
2025-03-31 20:38:11.607 [info] Starting Environment refresh
2025-03-31 20:38:11.607 [info] Searching for interpreters in posix paths locator
2025-03-31 20:38:11.612 [info] Searching for pyenv environments
2025-03-31 20:38:11.612 [info] Searching for conda environments
2025-03-31 20:38:11.612 [info] Searching for global virtual environments
2025-03-31 20:38:11.612 [info] Searching for custom virtual environments
2025-03-31 20:38:11.673 [info] > ~/miniconda3/bin/conda info --json
2025-03-31 20:38:11.673 [info] > hatch env show --json
2025-03-31 20:38:11.673 [info] cwd: .
2025-03-31 20:38:11.686 [info] pyenv is not installed
2025-03-31 20:38:11.686 [info] Finished searching for pyenv environments: 78 milliseconds
2025-03-31 20:38:11.687 [info] Finished searching for custom virtual envs: 76 milliseconds
2025-03-31 20:38:11.706 [info] Finished searching for global virtual envs: 96 milliseconds
2025-03-31 20:38:11.757 [info] Found: /bin/python --> /bin/python3.13
2025-03-31 20:38:11.762 [info] Found: /bin/python3 --> /bin/python3.13
2025-03-31 20:38:11.764 [info] Found: /bin/python3.13 --> /bin/python3.13
2025-03-31 20:38:11.942 [info] > ./venv/bin/python -I ~/.vscode-oss/extensions/ms-python.python-2025.2.0-linux-x64/python_files/get_output_via_markers.py ~/.vscode-oss/extensions/ms-python.python-2025.2.0-linux-x64/python_files/interpreterInfo.py
2025-03-31 20:38:11.991 [info] Found: /sbin/python --> /sbin/python3.13
2025-03-31 20:38:11.992 [info] Found: /sbin/python3 --> /sbin/python3.13
2025-03-31 20:38:11.992 [info] Found: /sbin/python3.13 --> /sbin/python3.13
2025-03-31 20:38:12.010 [info] Found: /usr/bin/python --> /usr/bin/python3.13
2025-03-31 20:38:12.011 [info] Found: /usr/bin/python3 --> /usr/bin/python3.13
2025-03-31 20:38:12.011 [info] Found: /usr/bin/python3.13 --> /usr/bin/python3.13
2025-03-31 20:38:12.076 [info] Found: /usr/sbin/python --> /usr/sbin/python3.13
2025-03-31 20:38:12.076 [info] Found: /usr/sbin/python3 --> /usr/sbin/python3.13
2025-03-31 20:38:12.077 [info] Found: /usr/sbin/python3.13 --> /usr/sbin/python3.13
2025-03-31 20:38:12.128 [info] > /bin/python -I ~/.vscode-oss/extensions/ms-python.python-2025.2.0-linux-x64/python_files/get_output_via_markers.py ~/.vscode-oss/extensions/ms-python.python-2025.2.0-linux-x64/python_files/interpreterInfo.py
2025-03-31 20:38:12.200 [info] > /sbin/python -I ~/.vscode-oss/extensions/ms-python.python-2025.2.0-linux-x64/python_files/get_output_via_markers.py ~/.vscode-oss/extensions/ms-python.python-2025.2.0-linux-x64/python_files/interpreterInfo.py
2025-03-31 20:38:12.236 [info] Finished searching for interpreters in posix paths locator: 632 milliseconds
2025-03-31 20:38:12.289 [info] > /usr/bin/python -I ~/.vscode-oss/extensions/ms-python.python-2025.2.0-linux-x64/python_files/get_output_via_markers.py ~/.vscode-oss/extensions/ms-python.python-2025.2.0-linux-x64/python_files/interpreterInfo.py
2025-03-31 20:38:12.442 [info] > /usr/sbin/python -I ~/.vscode-oss/extensions/ms-python.python-2025.2.0-linux-x64/python_files/get_output_via_markers.py ~/.vscode-oss/extensions/ms-python.python-2025.2.0-linux-x64/python_files/interpreterInfo.py
2025-03-31 20:38:13.618 [info] > ~/miniconda3/bin/python -I ~/.vscode-oss/extensions/ms-python.python-2025.2.0-linux-x64/python_files/get_output_via_markers.py ~/.vscode-oss/extensions/ms-python.python-2025.2.0-linux-x64/python_files/interpreterInfo.py
2025-03-31 20:38:13.648 [info] > ~/miniconda3/envs/py306/bin/python -I ~/.vscode-oss/extensions/ms-python.python-2025.2.0-linux-x64/python_files/get_output_via_markers.py ~/.vscode-oss/extensions/ms-python.python-2025.2.0-linux-x64/python_files/interpreterInfo.py
2025-03-31 20:38:13.656 [info] Finished searching for conda environments: 2046 milliseconds
2025-03-31 20:38:13.664 [info] Environments refresh paths discovered (event): 2062 milliseconds
2025-03-31 20:38:13.664 [info] Environments refresh paths discovered: 2062 milliseconds
2025-03-31 20:38:13.742 [info] > ~/miniconda3/envs/py310/bin/python -I ~/.vscode-oss/extensions/ms-python.python-2025.2.0-linux-x64/python_files/get_output_via_markers.py ~/.vscode-oss/extensions/ms-python.python-2025.2.0-linux-x64/python_files/interpreterInfo.py
2025-03-31 20:38:13.771 [info] > ~/miniconda3/envs/py311/bin/python -I ~/.vscode-oss/extensions/ms-python.python-2025.2.0-linux-x64/python_files/get_output_via_markers.py ~/.vscode-oss/extensions/ms-python.python-2025.2.0-linux-x64/python_files/interpreterInfo.py
2025-03-31 20:38:13.843 [info] > ~/miniconda3/envs/py312/bin/python -I ~/.vscode-oss/extensions/ms-python.python-2025.2.0-linux-x64/python_files/get_output_via_markers.py ~/.vscode-oss/extensions/ms-python.python-2025.2.0-linux-x64/python_files/interpreterInfo.py
2025-03-31 20:38:13.915 [info] Environments refresh finished (event): 2313 milliseconds
2025-03-31 20:38:14.010 [info] Environment refresh took 2409 milliseconds
2025-03-31 20:38:14.087 [info] > /data/local_tmp/pyenvs/py312/venv/bin/python3 -I ~/.vscode-oss/extensions/ms-python.python-2025.2.0-linux-x64/python_files/get_output_via_markers.py ~/.vscode-oss/extensions/ms-python.python-2025.2.0-linux-x64/python_files/interpreterInfo.py
2025-03-31 20:38:58.876 [info] Discover tests for workspace name: undefined - uri: /home/mhamdi/.config/Code - OSS/User/settings.json
2025-03-31 20:39:18.187 [info] Discover tests for workspace name: undefined - uri: /home/mhamdi/.config/Code - OSS/User/settings.json
2025-03-31 20:39:22.008 [info] Discover tests for workspace name: undefined - uri: /home/mhamdi/.config/Code - OSS/User/settings.json
2025-03-31 20:39:24.732 [info] Discover tests for workspace name: undefined - uri: /home/mhamdi/.config/Code - OSS/User/settings.json
2025-03-31 20:46:53.122 [info] > . ./venv/bin/activate && echo 'e8b39361-0157-4923-80e1-22d70d46dee6' && python ~/.vscode-oss/extensions/ms-python.python-2025.2.0-linux-x64/python_files/printEnvVariables.py
2025-03-31 20:46:53.122 [info] shell: bash
2025-03-31 20:46:53.159 [info] > . ./venv/bin/activate && echo 'e8b39361-0157-4923-80e1-22d70d46dee6' && python ~/.vscode-oss/extensions/ms-python.python-2025.2.0-linux-x64/python_files/printEnvVariables.py
2025-03-31 20:46:53.159 [info] shell: bash
2025-03-31 20:52:40.473 [info] Discover tests for workspace name: api - uri: /data/tmp/rm-test-async/layers/api/api.py
2025-03-31 20:52:41.746 [info] Discover tests for workspace name: api - uri: /data/tmp/rm-test-async/layers/api/api.py
2025-03-31 20:52:51.468 [info] Discover tests for workspace name: api - uri: /data/tmp/rm-test-async/layers/api/api.py
2025-03-31 20:52:51.728 [info] > ./venv/bin/python ~/.vscode-oss/extensions/ms-python.python-2025.2.0-linux-x64/python_files/normalizeSelection.py
2025-03-31 20:52:51.944 [info] Send text to terminal: source /data/tmp/rm-test-async/layers/api/venv/bin/activate
2025-03-31 20:52:52.945 [info] Send text to terminal: if __name__ == '__main__' and '__file__' in globals():
    pname = next_server()
    print(pname)


2025-03-31 20:53:01.403 [info] Discover tests for workspace name: api - uri: /data/tmp/rm-test-async/layers/api/api.py
2025-03-31 20:53:01.789 [info] > ./venv/bin/python ~/.vscode-oss/extensions/ms-python.python-2025.2.0-linux-x64/python_files/normalizeSelection.py
2025-03-31 20:53:01.882 [info] Send text to terminal: if __name__ == '__main__' and '__file__' in globals():
    pname = next_server()
    print(pname)


2025-03-31 20:53:17.356 [info] Discover tests for workspace name: api - uri: /data/tmp/rm-test-async/layers/api/api.py
2025-03-31 20:53:17.621 [info] > ./venv/bin/python ~/.vscode-oss/extensions/ms-python.python-2025.2.0-linux-x64/python_files/normalizeSelection.py
2025-03-31 20:53:17.717 [info] Send text to terminal: if __name__ == '__main__' and not '__file__' in globals():
    pname = next_server()
    print(pname)


2025-03-31 20:53:38.801 [info] CreateEnv Trigger - Skipping for /data/tmp/rm-test-async/layers/api/api.py
2025-03-31 20:54:39.012 [info] Discover tests for workspace name: api - uri: /data/tmp/rm-test-async/layers/api/api.py
2025-03-31 20:54:39.776 [info] Discover tests for workspace name: api - uri: /data/tmp/rm-test-async/layers/api/api.py
2025-03-31 20:55:12.120 [info] Discover tests for workspace name: api - uri: /data/tmp/rm-test-async/layers/api/api.py
2025-03-31 20:55:15.267 [info] > ./venv/bin/python ~/.vscode-oss/extensions/ms-python.python-2025.2.0-linux-x64/python_files/normalizeSelection.py
2025-03-31 20:55:15.371 [info] Send text to terminal: if __name__ == '__main__' and "get_ipython" not in dir():
    pname = next_server()
    print(pname)


2025-03-31 20:56:38.552 [info] Discover tests for workspace name: api - uri: /data/tmp/rm-test-async/layers/api/api.py
2025-03-31 20:57:07.073 [info] Discover tests for workspace name: api - uri: /data/tmp/rm-test-async/layers/api/api.py
2025-03-31 21:00:25.106 [info] Discover tests for workspace name: api - uri: /data/tmp/rm-test-async/layers/api/api.py
2025-03-31 21:06:54.935 [info] > ./venv/bin/python ~/.vscode-oss/extensions/ms-python.python-2025.2.0-linux-x64/python_files/normalizeSelection.py
2025-03-31 21:06:55.029 [info] Send text to terminal: if __name__ == '__main__' and not hasattr(__builtins__,'__IPYTHON__'):
    pname = next_server()
    print(pname)


2025-03-31 21:07:01.576 [info] Discover tests for workspace name: api - uri: /data/tmp/rm-test-async/layers/api/api.py
2025-03-31 21:08:03.039 [info] Discover tests for workspace name: api - uri: /data/tmp/rm-test-async/layers/api/api.py
2025-03-31 21:12:09.426 [info] Discover tests for workspace name: api - uri: /data/tmp/rm-test-async/layers/api/api.py
2025-03-31 21:14:08.270 [info] Discover tests for workspace name: api - uri: /data/tmp/rm-test-async/layers/api/api.py
2025-03-31 21:14:28.417 [info] Discover tests for workspace name: api - uri: /data/tmp/rm-test-async/layers/api/api.py
2025-03-31 21:15:17.745 [info] Discover tests for workspace name: api - uri: /data/tmp/rm-test-async/layers/api/api.py
2025-03-31 21:17:19.934 [info] Discover tests for workspace name: api - uri: /data/tmp/rm-test-async/layers/api/api.py
2025-03-31 21:17:20.945 [info] Discover tests for workspace name: api - uri: /data/tmp/rm-test-async/layers/api/api.py
2025-03-31 21:17:21.082 [info] > ./venv/bin/python ~/.vscode-oss/extensions/ms-python.python-2025.2.0-linux-x64/python_files/normalizeSelection.py
2025-03-31 21:17:21.173 [info] Send text to terminal: if __name__ == '__main__' and (sys.argc == 0 or sys.argv[1]!='foo'):
    pname = next_server()
    print(pname)


2025-03-31 21:18:08.915 [info] Discover tests for workspace name: api - uri: /data/tmp/rm-test-async/layers/api/api.py
2025-03-31 21:18:28.530 [info] Discover tests for workspace name: api - uri: /data/tmp/rm-test-async/layers/api/api.py
2025-03-31 21:19:05.778 [info] Discover tests for workspace name: api - uri: /data/tmp/rm-test-async/layers/api/api.py
2025-03-31 21:19:11.611 [info] Discover tests for workspace name: api - uri: /data/tmp/rm-test-async/layers/api/api.py
2025-03-31 21:19:34.892 [info] Discover tests for workspace name: api - uri: /data/tmp/rm-test-async/layers/api/api.py
2025-03-31 21:22:26.386 [info] Discover tests for workspace name: api - uri: /data/tmp/rm-test-async/layers/api/api.py
2025-03-31 21:23:01.972 [info] Discover tests for workspace name: api - uri: /data/tmp/rm-test-async/layers/api/api.py
2025-03-31 21:25:08.729 [info] Discover tests for workspace name: api - uri: /data/tmp/rm-test-async/layers/api/api.py
2025-03-31 21:25:12.471 [info] Discover tests for workspace name: api - uri: /data/tmp/rm-test-async/layers/api/api.py
2025-03-31 21:32:40.618 [info] Discover tests for workspace name: api - uri: /data/tmp/rm-test-async/layers/api/api.py
2025-03-31 21:33:38.011 [info] Discover tests for workspace name: api - uri: /data/tmp/rm-test-async/layers/api/api.py
2025-03-31 21:34:01.336 [info] Discover tests for workspace name: api - uri: /data/tmp/rm-test-async/layers/api/api.py
2025-03-31 21:34:02.803 [info] Discover tests for workspace name: api - uri: /data/tmp/rm-test-async/layers/api/api.py
2025-03-31 21:34:10.676 [info] Discover tests for workspace name: api - uri: /data/tmp/rm-test-async/layers/api/api.py
2025-03-31 21:35:45.745 [info] Discover tests for workspace name: api - uri: /data/tmp/rm-test-async/layers/api/api.py
2025-03-31 21:36:15.907 [info] Discover tests for workspace name: api - uri: /data/tmp/rm-test-async/layers/api/api.py
