2025-03-31 20:08:38.533 [info] Started local extension host with pid 32600.
2025-03-31 20:08:39.210 [error] Extension 'ms-python.debugpy CANNOT USE these API proposals 'portsAttributes, debugVisualization, contribViewsWelcome'. You MUST start in extension development mode or use the --enable-proposed-api command line flag
2025-03-31 20:08:39.211 [error] Extension 'ms-python.python CANNOT USE these API proposals 'contribEditorContentMenu, quickPickSortByLabel, testObserver, quickPickItemTooltip, terminalDataWriteEvent, terminalExecuteCommandEvent, codeActionAI, notebookReplDocument, notebookVariableProvider'. You MUST start in extension development mode or use the --enable-proposed-api command line flag
2025-03-31 20:08:39.212 [error] Extension 'ms-toolsai.jupyter CANNOT USE these API proposals 'notebookDeprecated, notebookMessaging, notebookMime, contribNotebookStaticPreloads, portsAttributes, quickPickSortByLabel, notebookKernelSource, interactiveWindow, quickPickItemTooltip, notebookExecution, notebookCellExecution, notebookVariableProvider, notebookReplDocument'. You MUST start in extension development mode or use the --enable-proposed-api command line flag
2025-03-31 20:08:39.212 [error] Extension 'ms-toolsai.jupyter-renderers CANNOT USE these API proposals 'contribNotebookStaticPreloads'. You MUST start in extension development mode or use the --enable-proposed-api command line flag
2025-03-31 20:08:39.280 [error] [ms-python.python]: editor/content is a proposed menu identifier. It requires 'package.json#enabledApiProposals: ["contribEditorContentMenu"]' and is only available when running out of dev or with the following command line switch: --enable-proposed-api ms-python.python
2025-03-31 20:08:43.935 [error] Error while getting the latest version for the extension ms-python.debugpy. Cannot read properties of undefined (reading 'replace')
2025-03-31 20:08:43.937 [error] Error while getting the latest version for the extension ms-python.python. Cannot read properties of undefined (reading 'replace')
2025-03-31 20:08:43.937 [error] Error while getting the latest version for the extension ms-python.vscode-pylance. Cannot read properties of undefined (reading 'replace')
2025-03-31 20:08:43.938 [error] Error while getting the latest version for the extension ms-toolsai.jupyter. Cannot read properties of undefined (reading 'replace')
2025-03-31 20:08:43.939 [error] Error while getting the latest version for the extension ms-toolsai.jupyter-keymap. Cannot read properties of undefined (reading 'replace')
2025-03-31 20:08:43.939 [error] Error while getting the latest version for the extension ms-toolsai.jupyter-renderers. Cannot read properties of undefined (reading 'replace')
2025-03-31 20:08:43.945 [error] Error while getting the latest version for the extension ms-toolsai.vscode-jupyter-cell-tags. Cannot read properties of undefined (reading 'replace')
2025-03-31 20:08:43.946 [error] Error while getting the latest version for the extension ms-toolsai.vscode-jupyter-slideshow. Cannot read properties of undefined (reading 'replace')
2025-03-31 20:08:45.364 [info] [perf] Render performance baseline is 66ms
2025-03-31 20:08:45.890 [error] An unknown error occurred. Please consult the log for more details.
2025-03-31 20:10:18.787 [error] [ms-python.python]: editor/content is a proposed menu identifier. It requires 'package.json#enabledApiProposals: ["contribEditorContentMenu"]' and is only available when running out of dev or with the following command line switch: --enable-proposed-api ms-python.python
2025-03-31 20:10:18.975 [info] Started local extension host with pid 2050.
2025-03-31 20:10:22.596 [error] An unknown error occurred. Please consult the log for more details.
2025-03-31 20:10:33.738 [error] Extension 'ms-toolsai.jupyter-renderers CANNOT USE these API proposals 'contribNotebookStaticPreloads'. You MUST start in extension development mode or use the --enable-proposed-api command line flag
2025-03-31 20:10:33.739 [error] Extension 'ms-toolsai.jupyter CANNOT USE these API proposals 'notebookDeprecated, notebookMessaging, notebookMime, contribNotebookStaticPreloads, portsAttributes, quickPickSortByLabel, notebookKernelSource, interactiveWindow, quickPickItemTooltip, notebookExecution, notebookCellExecution, notebookVariableProvider, notebookReplDocument'. You MUST start in extension development mode or use the --enable-proposed-api command line flag
2025-03-31 20:10:33.757 [error] [ms-python.python]: editor/content is a proposed menu identifier. It requires 'package.json#enabledApiProposals: ["contribEditorContentMenu"]' and is only available when running out of dev or with the following command line switch: --enable-proposed-api ms-python.python
