2025-03-31 20:22:59.522 [info] Getting Manifest... ms-python.python
2025-03-31 20:22:59.624 [info] Installing extension: ms-python.python {"installPreReleaseVersion":false,"context":{"skipWalkthrough":true},"pinned":false,"isMachineScoped":false,"profileLocation":{"$mid":1,"external":"vscode-userdata:/home/mhamdi/.vscode-oss/extensions/extensions.json","path":"/home/mhamdi/.vscode-oss/extensions/extensions.json","scheme":"vscode-userdata"},"installOnlyNewlyAddedFromExtensionPack":true,"isApplicationScoped":false,"productVersion":{"version":"1.97.2","date":"2025-02-18T03:23:28.185Z"}}
2025-03-31 20:23:01.627 [info] Getting Manifest... ms-toolsai.jupyter
2025-03-31 20:23:01.682 [info] Getting Manifest... ms-python.vscode-pylance
2025-03-31 20:23:01.706 [info] Getting Manifest... ms-python.debugpy
2025-03-31 20:23:01.716 [info] Installing extension: ms-toolsai.jupyter {"installPreReleaseVersion":false,"context":{"skipWalkthrough":true},"pinned":true,"isMachineScoped":false,"profileLocation":{"$mid":1,"external":"vscode-userdata:/home/mhamdi/.vscode-oss/extensions/extensions.json","path":"/home/mhamdi/.vscode-oss/extensions/extensions.json","scheme":"vscode-userdata"},"installOnlyNewlyAddedFromExtensionPack":true,"isApplicationScoped":false,"productVersion":{"version":"1.97.2","date":"2025-02-18T03:23:28.185Z"}}
2025-03-31 20:23:01.798 [info] Installing extension: ms-python.vscode-pylance {"installPreReleaseVersion":false,"context":{"skipWalkthrough":true,"dependecyOrPackExtensionInstall":true},"pinned":false,"isMachineScoped":false,"profileLocation":{"$mid":1,"external":"vscode-userdata:/home/mhamdi/.vscode-oss/extensions/extensions.json","path":"/home/mhamdi/.vscode-oss/extensions/extensions.json","scheme":"vscode-userdata"},"installOnlyNewlyAddedFromExtensionPack":true,"isApplicationScoped":false,"productVersion":{"version":"1.97.2","date":"2025-02-18T03:23:28.185Z"}}
2025-03-31 20:23:01.798 [info] Installing extension: ms-python.debugpy {"installPreReleaseVersion":false,"context":{"skipWalkthrough":true,"dependecyOrPackExtensionInstall":true},"pinned":false,"isMachineScoped":false,"profileLocation":{"$mid":1,"external":"vscode-userdata:/home/mhamdi/.vscode-oss/extensions/extensions.json","path":"/home/mhamdi/.vscode-oss/extensions/extensions.json","scheme":"vscode-userdata"},"installOnlyNewlyAddedFromExtensionPack":true,"isApplicationScoped":false,"productVersion":{"version":"1.97.2","date":"2025-02-18T03:23:28.185Z"}}
2025-03-31 20:23:02.217 [info] Getting Manifest... ms-toolsai.jupyter-keymap
2025-03-31 20:23:02.258 [info] Getting Manifest... ms-toolsai.jupyter-renderers
2025-03-31 20:23:02.312 [info] Getting Manifest... ms-toolsai.vscode-jupyter-cell-tags
2025-03-31 20:23:02.392 [info] Getting Manifest... ms-toolsai.vscode-jupyter-slideshow
2025-03-31 20:23:02.575 [info] Installing extension: ms-toolsai.jupyter-keymap {"installPreReleaseVersion":false,"context":{"skipWalkthrough":true,"dependecyOrPackExtensionInstall":true},"pinned":true,"isMachineScoped":false,"profileLocation":{"$mid":1,"external":"vscode-userdata:/home/mhamdi/.vscode-oss/extensions/extensions.json","path":"/home/mhamdi/.vscode-oss/extensions/extensions.json","scheme":"vscode-userdata"},"installOnlyNewlyAddedFromExtensionPack":true,"isApplicationScoped":false,"productVersion":{"version":"1.97.2","date":"2025-02-18T03:23:28.185Z"}}
2025-03-31 20:23:02.576 [info] Installing extension: ms-toolsai.jupyter-renderers {"installPreReleaseVersion":false,"context":{"skipWalkthrough":true,"dependecyOrPackExtensionInstall":true},"pinned":true,"isMachineScoped":false,"profileLocation":{"$mid":1,"external":"vscode-userdata:/home/mhamdi/.vscode-oss/extensions/extensions.json","path":"/home/mhamdi/.vscode-oss/extensions/extensions.json","scheme":"vscode-userdata"},"installOnlyNewlyAddedFromExtensionPack":true,"isApplicationScoped":false,"productVersion":{"version":"1.97.2","date":"2025-02-18T03:23:28.185Z"}}
2025-03-31 20:23:02.576 [info] Installing extension: ms-toolsai.vscode-jupyter-cell-tags {"installPreReleaseVersion":false,"context":{"skipWalkthrough":true,"dependecyOrPackExtensionInstall":true},"pinned":true,"isMachineScoped":false,"profileLocation":{"$mid":1,"external":"vscode-userdata:/home/mhamdi/.vscode-oss/extensions/extensions.json","path":"/home/mhamdi/.vscode-oss/extensions/extensions.json","scheme":"vscode-userdata"},"installOnlyNewlyAddedFromExtensionPack":true,"isApplicationScoped":false,"productVersion":{"version":"1.97.2","date":"2025-02-18T03:23:28.185Z"}}
2025-03-31 20:23:02.577 [info] Installing extension: ms-toolsai.vscode-jupyter-slideshow {"installPreReleaseVersion":false,"context":{"skipWalkthrough":true,"dependecyOrPackExtensionInstall":true},"pinned":true,"isMachineScoped":false,"profileLocation":{"$mid":1,"external":"vscode-userdata:/home/mhamdi/.vscode-oss/extensions/extensions.json","path":"/home/mhamdi/.vscode-oss/extensions/extensions.json","scheme":"vscode-userdata"},"installOnlyNewlyAddedFromExtensionPack":true,"isApplicationScoped":false,"productVersion":{"version":"1.97.2","date":"2025-02-18T03:23:28.185Z"}}
2025-03-31 20:23:03.978 [error] Could not load vsce-sign module Cannot find package '@vscode/vsce-sign' imported from /usr/lib/code-oss/resources/app/out/vs/code/electron-utility/sharedProcess/sharedProcessMain.js
2025-03-31 20:23:03.978 [info] Extension signature verification is not done: ms-toolsai.vscode-jupyter-cell-tags
2025-03-31 20:23:04.071 [info] Extracted extension to file:///home/mhamdi/.vscode-oss/extensions/ms-toolsai.vscode-jupyter-cell-tags-0.1.9: ms-toolsai.vscode-jupyter-cell-tags
2025-03-31 20:23:04.091 [info] Renamed to /home/mhamdi/.vscode-oss/extensions/ms-toolsai.vscode-jupyter-cell-tags-0.1.9
2025-03-31 20:23:04.098 [error] Could not load vsce-sign module Cannot find package '@vscode/vsce-sign' imported from /usr/lib/code-oss/resources/app/out/vs/code/electron-utility/sharedProcess/sharedProcessMain.js
2025-03-31 20:23:04.098 [info] Extension signature verification is not done: ms-toolsai.jupyter-keymap
2025-03-31 20:23:04.144 [info] Extracted extension to file:///home/mhamdi/.vscode-oss/extensions/ms-toolsai.jupyter-keymap-1.1.2: ms-toolsai.jupyter-keymap
2025-03-31 20:23:04.153 [info] Renamed to /home/mhamdi/.vscode-oss/extensions/ms-toolsai.jupyter-keymap-1.1.2
2025-03-31 20:23:04.404 [error] Could not load vsce-sign module Cannot find package '@vscode/vsce-sign' imported from /usr/lib/code-oss/resources/app/out/vs/code/electron-utility/sharedProcess/sharedProcessMain.js
2025-03-31 20:23:04.404 [info] Extension signature verification is not done: ms-toolsai.vscode-jupyter-slideshow
2025-03-31 20:23:04.504 [info] Extracted extension to file:///home/mhamdi/.vscode-oss/extensions/ms-toolsai.vscode-jupyter-slideshow-0.1.6: ms-toolsai.vscode-jupyter-slideshow
2025-03-31 20:23:04.517 [info] Renamed to /home/mhamdi/.vscode-oss/extensions/ms-toolsai.vscode-jupyter-slideshow-0.1.6
2025-03-31 20:23:06.896 [error] Could not load vsce-sign module Cannot find package '@vscode/vsce-sign' imported from /usr/lib/code-oss/resources/app/out/vs/code/electron-utility/sharedProcess/sharedProcessMain.js
2025-03-31 20:23:06.897 [info] Extension signature verification is not done: ms-toolsai.jupyter
2025-03-31 20:23:07.692 [info] Extracted extension to file:///home/mhamdi/.vscode-oss/extensions/ms-toolsai.jupyter-2025.1.0-linux-x64: ms-toolsai.jupyter
2025-03-31 20:23:07.740 [info] Renamed to /home/mhamdi/.vscode-oss/extensions/ms-toolsai.jupyter-2025.1.0-linux-x64
2025-03-31 20:23:09.206 [error] Could not load vsce-sign module Cannot find package '@vscode/vsce-sign' imported from /usr/lib/code-oss/resources/app/out/vs/code/electron-utility/sharedProcess/sharedProcessMain.js
2025-03-31 20:23:09.206 [info] Extension signature verification is not done: ms-python.debugpy
2025-03-31 20:23:10.413 [info] Extracted extension to file:///home/mhamdi/.vscode-oss/extensions/ms-python.debugpy-2025.4.1-linux-x64: ms-python.debugpy
2025-03-31 20:23:10.461 [info] Renamed to /home/mhamdi/.vscode-oss/extensions/ms-python.debugpy-2025.4.1-linux-x64
2025-03-31 20:23:11.851 [error] Could not load vsce-sign module Cannot find package '@vscode/vsce-sign' imported from /usr/lib/code-oss/resources/app/out/vs/code/electron-utility/sharedProcess/sharedProcessMain.js
2025-03-31 20:23:11.851 [info] Extension signature verification is not done: ms-python.python
2025-03-31 20:23:12.566 [error] Could not load vsce-sign module Cannot find package '@vscode/vsce-sign' imported from /usr/lib/code-oss/resources/app/out/vs/code/electron-utility/sharedProcess/sharedProcessMain.js
2025-03-31 20:23:12.567 [info] Extension signature verification is not done: ms-toolsai.jupyter-renderers
2025-03-31 20:23:13.505 [info] Extracted extension to file:///home/mhamdi/.vscode-oss/extensions/ms-toolsai.jupyter-renderers-1.1.0: ms-toolsai.jupyter-renderers
2025-03-31 20:23:13.527 [info] Renamed to /home/mhamdi/.vscode-oss/extensions/ms-toolsai.jupyter-renderers-1.1.0
2025-03-31 20:23:13.590 [info] Extension installed successfully: ms-toolsai.vscode-jupyter-cell-tags vscode-userdata:/home/mhamdi/.vscode-oss/extensions/extensions.json
2025-03-31 20:23:13.592 [info] Extension installed successfully: ms-toolsai.jupyter-keymap vscode-userdata:/home/mhamdi/.vscode-oss/extensions/extensions.json
2025-03-31 20:23:13.593 [info] Extension installed successfully: ms-toolsai.vscode-jupyter-slideshow vscode-userdata:/home/mhamdi/.vscode-oss/extensions/extensions.json
2025-03-31 20:23:13.594 [info] Extension installed successfully: ms-toolsai.jupyter vscode-userdata:/home/mhamdi/.vscode-oss/extensions/extensions.json
2025-03-31 20:23:13.595 [info] Extension installed successfully: ms-toolsai.jupyter-renderers vscode-userdata:/home/mhamdi/.vscode-oss/extensions/extensions.json
2025-03-31 20:23:17.763 [info] Extracted extension to file:///home/mhamdi/.vscode-oss/extensions/ms-python.python-2025.2.0-linux-x64: ms-python.python
2025-03-31 20:23:17.958 [info] Renamed to /home/mhamdi/.vscode-oss/extensions/ms-python.python-2025.2.0-linux-x64
2025-03-31 20:23:18.326 [error] Could not load vsce-sign module Cannot find package '@vscode/vsce-sign' imported from /usr/lib/code-oss/resources/app/out/vs/code/electron-utility/sharedProcess/sharedProcessMain.js
2025-03-31 20:23:18.327 [info] Extension signature verification is not done: ms-python.vscode-pylance
2025-03-31 20:23:27.831 [info] Extracted extension to file:///home/mhamdi/.vscode-oss/extensions/ms-python.vscode-pylance-2025.3.2: ms-python.vscode-pylance
2025-03-31 20:23:28.471 [info] Renamed to /home/mhamdi/.vscode-oss/extensions/ms-python.vscode-pylance-2025.3.2
2025-03-31 20:23:28.518 [info] Extension installed successfully: ms-python.debugpy vscode-userdata:/home/mhamdi/.vscode-oss/extensions/extensions.json
2025-03-31 20:23:28.519 [info] Extension installed successfully: ms-python.python vscode-userdata:/home/mhamdi/.vscode-oss/extensions/extensions.json
2025-03-31 20:23:28.519 [info] Extension installed successfully: ms-python.vscode-pylance vscode-userdata:/home/mhamdi/.vscode-oss/extensions/extensions.json
