Code - OSS (1.97.2, undefined, desktop)
Jupyter Extension Version: 2025.1.0.
Python Extension Version: 2025.2.0.
Pylance Extension Version: 2025.3.2.
Platform: linux (x64).
Home = /home/mhamdi
Temp Storage folder ~/.config/Code - OSS/User/globalStorage/ms-toolsai.jupyter/version-2025.1.0
Workspace folder /data/tmp/rm-test-async/layers/api
20:14:41.925 [warn] No interpreter with path /data/local_tmp/pyenvs/py312/venv/bin/python3 found in Python API, will convert Uri path to string as Id /data/local_tmp/pyenvs/py312/venv/bin/python3
20:15:29.411 [info] Starting Kernel (Python Path: /data/tmp/rm-test-async/layers/api/venv/bin/python, Venv, 3.12.8) for '/data/tmp/rm-test-async/layers/api/nb.ipynb' (disableUI=true)
20:15:29.676 [info] Process Execution: /data/tmp/rm-test-async/layers/api/venv/bin/python -m pip list
20:15:30.484 [info] Process Execution: /data/tmp/rm-test-async/layers/api/venv/bin/python -c "import ipykernel; print(ipykernel.__version__); print("5dc3a68c-e34e-4080-9c3e-2a532b2ccb4d"); print(ipykernel.__file__)"
20:15:30.500 [info] Process Execution: /data/tmp/rm-test-async/layers/api/venv/bin/python -m ipykernel_launcher --f=/home/~/.local/share/jupyter/runtime/kernel-v3c42d1fa36b47bfe77e504f6320a6fa9968b8a5c0.json
    > cwd: /data/tmp/rm-test-async/layers/api
20:15:31.927 [info] Kernel successfully started
20:15:31.941 [info] Process Execution: /data/tmp/rm-test-async/layers/api/venv/bin/python /home/~/.vscode-oss/extensions/ms-toolsai.jupyter-2025.1.0-linux-x64/pythonFiles/printJupyterDataDir.py
20:20:07.070 [warn] Cell completed with errors [su [Error]: name '__none__' is not defined
	at n.execute (/home/~/.vscode-oss/extensions/ms-toolsai.jupyter-2025.1.0-linux-x64/dist/extension.node.js:297:4958)] {
  ename: 'NameError',
  evalue: "name '__none__' is not defined",
  traceback: [
    '\x1B[31m---------------------------------------------------------------------------\x1B[39m',
    '\x1B[31mNameError\x1B[39m                                 Traceback (most recent call last)',
    '\x1B[36mCell\x1B[39m\x1B[36m \x1B[39m\x1B[32mIn[5]\x1B[39m\x1B[32m, line 1\x1B[39m\n' +
      '\x1B[32m----> \x1B[39m\x1B[32m1\x1B[39m \x1B[34m__name__\x1B[39m= \x1B[43m__none__\x1B[49m\n' +
      '\x1B[32m      2\x1B[39m \x1B[38;5;28mprint\x1B[39m(\x1B[34m__name__\x1B[39m)\n',
    "\x1B[31mNameError\x1B[39m: name '__none__' is not defined"
  ]
}
20:21:23.459 [info] Dispose Kernel '/data/tmp/rm-test-async/layers/api/nb.ipynb' associated with '/data/tmp/rm-test-async/layers/api/nb.ipynb'
