Code - OSS (1.97.2, undefined, desktop)
Jupyter Extension Version: 2025.1.0.
Python Extension Version: 2025.2.0.
Pylance Extension Version: 2025.3.2.
Platform: linux (x64).
Home = /home/mhamdi
Temp Storage folder ~/.config/Code - OSS/User/globalStorage/ms-toolsai.jupyter/version-2025.1.0
Workspace folder /data/tmp/rm-test-async/layers/api
17:28:17.799 [error] Error in activating extension, failed in wy [Error: Extension 'ms-toolsai.jupyter' CANNOT use API proposal: notebookKernelSource.
Its package.json#enabledApiProposals-property declares:  but NOT notebookKernelSource.
 The missing proposal MUST be added and you must start in extension development mode or use the following command line switch: --enable-proposed-api ms-toolsai.jupyter
	at N (file:///usr/lib/code-oss/resources/app/out/vs/workbench/api/node/extensionHostProcess.js:110:16858)
	at Object.createNotebookControllerDetectionTask (file:///usr/lib/code-oss/resources/app/out/vs/workbench/api/node/extensionHostProcess.js:172:59121)
	at i (/home/~/.vscode-oss/extensions/ms-toolsai.jupyter-2025.1.0-linux-x64/dist/extension.node.js:299:6630)
	at wy.startRefreshWithPython (/home/~/.vscode-oss/extensions/ms-toolsai.jupyter-2025.1.0-linux-x64/dist/extension.node.js:299:6853)
	at wy.activate (/home/~/.vscode-oss/extensions/ms-toolsai.jupyter-2025.1.0-linux-x64/dist/extension.node.js:299:5077)
	at /home/~/.vscode-oss/extensions/ms-toolsai.jupyter-2025.1.0-linux-x64/dist/extension.node.js:382:27934
	at Array.map (<anonymous>)
	at hI.activate (/home/~/.vscode-oss/extensions/ms-toolsai.jupyter-2025.1.0-linux-x64/dist/extension.node.js:382:27920)
	at QG (/home/~/.vscode-oss/extensions/ms-toolsai.jupyter-2025.1.0-linux-x64/dist/extension.node.js:445:2137)
	at async Ehe (/home/~/.vscode-oss/extensions/ms-toolsai.jupyter-2025.1.0-linux-x64/dist/extension.node.js:447:454)]
17:28:17.812 [error] Error in activating extension, failed in ob [Error: Extension 'ms-toolsai.jupyter' CANNOT use API proposal: notebookKernelSource.
Its package.json#enabledApiProposals-property declares:  but NOT notebookKernelSource.
 The missing proposal MUST be added and you must start in extension development mode or use the following command line switch: --enable-proposed-api ms-toolsai.jupyter
	at N (file:///usr/lib/code-oss/resources/app/out/vs/workbench/api/node/extensionHostProcess.js:110:16858)
	at Object.registerKernelSourceActionProvider (file:///usr/lib/code-oss/resources/app/out/vs/workbench/api/node/extensionHostProcess.js:172:59243)
	at ob.activate (/home/~/.vscode-oss/extensions/ms-toolsai.jupyter-2025.1.0-linux-x64/dist/extension.node.js:304:116884)
	at /home/~/.vscode-oss/extensions/ms-toolsai.jupyter-2025.1.0-linux-x64/dist/extension.node.js:382:27934
	at Array.map (<anonymous>)
	at hI.activate (/home/~/.vscode-oss/extensions/ms-toolsai.jupyter-2025.1.0-linux-x64/dist/extension.node.js:382:27920)
	at QG (/home/~/.vscode-oss/extensions/ms-toolsai.jupyter-2025.1.0-linux-x64/dist/extension.node.js:445:2137)
	at async Ehe (/home/~/.vscode-oss/extensions/ms-toolsai.jupyter-2025.1.0-linux-x64/dist/extension.node.js:447:454)]
17:28:22.161 [warn] Failed to attach variable provider Error: Extension 'ms-toolsai.jupyter' CANNOT use API proposal: notebookVariableProvider.
Its package.json#enabledApiProposals-property declares:  but NOT notebookVariableProvider.
 The missing proposal MUST be added and you must start in extension development mode or use the following command line switch: --enable-proposed-api ms-toolsai.jupyter
    at N (file:///usr/lib/code-oss/resources/app/out/vs/workbench/api/node/extensionHostProcess.js:110:16858)
    at Object.set variableProvider [as variableProvider] (file:///usr/lib/code-oss/resources/app/out/vs/workbench/api/node/extensionHostProcess.js:171:20783)
    at Function.create (/home/~/.vscode-oss/extensions/ms-toolsai.jupyter-2025.1.0-linux-x64/dist/extension.node.js:304:87851)
    at /home/~/.vscode-oss/extensions/ms-toolsai.jupyter-2025.1.0-linux-x64/dist/extension.node.js:304:101516
    at Array.forEach (<anonymous>)
    at Xy.addImpl (/home/~/.vscode-oss/extensions/ms-toolsai.jupyter-2025.1.0-linux-x64/dist/extension.node.js:304:101489)
    at /home/~/.vscode-oss/extensions/ms-toolsai.jupyter-2025.1.0-linux-x64/dist/extension.node.js:304:100569
    at Array.forEach (<anonymous>)
    at Xy.batchAdd (/home/~/.vscode-oss/extensions/ms-toolsai.jupyter-2025.1.0-linux-x64/dist/extension.node.js:304:100539)
    at Xy.createNotebookControllers (/home/~/.vscode-oss/extensions/ms-toolsai.jupyter-2025.1.0-linux-x64/dist/extension.node.js:304:99597)
    at Xy.loadControllersImpl (/home/~/.vscode-oss/extensions/ms-toolsai.jupyter-2025.1.0-linux-x64/dist/extension.node.js:304:99057)
    at Xy.loadControllers (/home/~/.vscode-oss/extensions/ms-toolsai.jupyter-2025.1.0-linux-x64/dist/extension.node.js:304:98807)
    at Xy.<anonymous> (/home/~/.vscode-oss/extensions/ms-toolsai.jupyter-2025.1.0-linux-x64/dist/extension.node.js:304:98175)
    at D.B (file:///usr/lib/code-oss/resources/app/out/vs/workbench/api/node/extensionHostProcess.js:27:2373)
    at D.fire (file:///usr/lib/code-oss/resources/app/out/vs/workbench/api/node/extensionHostProcess.js:27:2591)
    at Ah.value (/home/~/.vscode-oss/extensions/ms-toolsai.jupyter-2025.1.0-linux-x64/dist/extension.node.js:285:19835)
    at D.B (file:///usr/lib/code-oss/resources/app/out/vs/workbench/api/node/extensionHostProcess.js:27:2373)
    at D.C (file:///usr/lib/code-oss/resources/app/out/vs/workbench/api/node/extensionHostProcess.js:27:2443)
    at D.fire (file:///usr/lib/code-oss/resources/app/out/vs/workbench/api/node/extensionHostProcess.js:27:2660)
    at lb.buildDummyEnvironment (/home/~/.vscode-oss/extensions/ms-toolsai.jupyter-2025.1.0-linux-x64/dist/extension.node.js:304:145848)
17:28:22.184 [warn] Failed to attach variable provider Error: Extension 'ms-toolsai.jupyter' CANNOT use API proposal: notebookVariableProvider.
Its package.json#enabledApiProposals-property declares:  but NOT notebookVariableProvider.
 The missing proposal MUST be added and you must start in extension development mode or use the following command line switch: --enable-proposed-api ms-toolsai.jupyter
    at N (file:///usr/lib/code-oss/resources/app/out/vs/workbench/api/node/extensionHostProcess.js:110:16858)
    at Object.set variableProvider [as variableProvider] (file:///usr/lib/code-oss/resources/app/out/vs/workbench/api/node/extensionHostProcess.js:171:20783)
    at Function.create (/home/~/.vscode-oss/extensions/ms-toolsai.jupyter-2025.1.0-linux-x64/dist/extension.node.js:304:87851)
    at /home/~/.vscode-oss/extensions/ms-toolsai.jupyter-2025.1.0-linux-x64/dist/extension.node.js:304:101516
    at Array.forEach (<anonymous>)
    at Xy.addImpl (/home/~/.vscode-oss/extensions/ms-toolsai.jupyter-2025.1.0-linux-x64/dist/extension.node.js:304:101489)
    at /home/~/.vscode-oss/extensions/ms-toolsai.jupyter-2025.1.0-linux-x64/dist/extension.node.js:304:100569
    at Array.forEach (<anonymous>)
    at Xy.batchAdd (/home/~/.vscode-oss/extensions/ms-toolsai.jupyter-2025.1.0-linux-x64/dist/extension.node.js:304:100539)
    at Xy.createNotebookControllers (/home/~/.vscode-oss/extensions/ms-toolsai.jupyter-2025.1.0-linux-x64/dist/extension.node.js:304:99597)
    at Xy.loadControllersImpl (/home/~/.vscode-oss/extensions/ms-toolsai.jupyter-2025.1.0-linux-x64/dist/extension.node.js:304:99057)
    at Xy.loadControllers (/home/~/.vscode-oss/extensions/ms-toolsai.jupyter-2025.1.0-linux-x64/dist/extension.node.js:304:98807)
    at Xy.<anonymous> (/home/~/.vscode-oss/extensions/ms-toolsai.jupyter-2025.1.0-linux-x64/dist/extension.node.js:304:98175)
    at D.B (file:///usr/lib/code-oss/resources/app/out/vs/workbench/api/node/extensionHostProcess.js:27:2373)
    at D.fire (file:///usr/lib/code-oss/resources/app/out/vs/workbench/api/node/extensionHostProcess.js:27:2591)
    at Ah.value (/home/~/.vscode-oss/extensions/ms-toolsai.jupyter-2025.1.0-linux-x64/dist/extension.node.js:285:19835)
    at D.B (file:///usr/lib/code-oss/resources/app/out/vs/workbench/api/node/extensionHostProcess.js:27:2373)
    at D.C (file:///usr/lib/code-oss/resources/app/out/vs/workbench/api/node/extensionHostProcess.js:27:2443)
    at D.fire (file:///usr/lib/code-oss/resources/app/out/vs/workbench/api/node/extensionHostProcess.js:27:2660)
    at lb.buildDummyEnvironment (/home/~/.vscode-oss/extensions/ms-toolsai.jupyter-2025.1.0-linux-x64/dist/extension.node.js:304:145848)
17:28:22.197 [warn] Failed to attach variable provider Error: Extension 'ms-toolsai.jupyter' CANNOT use API proposal: notebookVariableProvider.
Its package.json#enabledApiProposals-property declares:  but NOT notebookVariableProvider.
 The missing proposal MUST be added and you must start in extension development mode or use the following command line switch: --enable-proposed-api ms-toolsai.jupyter
    at N (file:///usr/lib/code-oss/resources/app/out/vs/workbench/api/node/extensionHostProcess.js:110:16858)
    at Object.set variableProvider [as variableProvider] (file:///usr/lib/code-oss/resources/app/out/vs/workbench/api/node/extensionHostProcess.js:171:20783)
    at Function.create (/home/~/.vscode-oss/extensions/ms-toolsai.jupyter-2025.1.0-linux-x64/dist/extension.node.js:304:87851)
    at /home/~/.vscode-oss/extensions/ms-toolsai.jupyter-2025.1.0-linux-x64/dist/extension.node.js:304:101516
    at Array.forEach (<anonymous>)
    at Xy.addImpl (/home/~/.vscode-oss/extensions/ms-toolsai.jupyter-2025.1.0-linux-x64/dist/extension.node.js:304:101489)
    at /home/~/.vscode-oss/extensions/ms-toolsai.jupyter-2025.1.0-linux-x64/dist/extension.node.js:304:100569
    at Array.forEach (<anonymous>)
    at Xy.batchAdd (/home/~/.vscode-oss/extensions/ms-toolsai.jupyter-2025.1.0-linux-x64/dist/extension.node.js:304:100539)
    at Xy.createNotebookControllers (/home/~/.vscode-oss/extensions/ms-toolsai.jupyter-2025.1.0-linux-x64/dist/extension.node.js:304:99597)
    at Xy.loadControllersImpl (/home/~/.vscode-oss/extensions/ms-toolsai.jupyter-2025.1.0-linux-x64/dist/extension.node.js:304:99057)
    at Xy.loadControllers (/home/~/.vscode-oss/extensions/ms-toolsai.jupyter-2025.1.0-linux-x64/dist/extension.node.js:304:98807)
    at Xy.<anonymous> (/home/~/.vscode-oss/extensions/ms-toolsai.jupyter-2025.1.0-linux-x64/dist/extension.node.js:304:98175)
    at D.B (file:///usr/lib/code-oss/resources/app/out/vs/workbench/api/node/extensionHostProcess.js:27:2373)
    at D.fire (file:///usr/lib/code-oss/resources/app/out/vs/workbench/api/node/extensionHostProcess.js:27:2591)
    at Ah.value (/home/~/.vscode-oss/extensions/ms-toolsai.jupyter-2025.1.0-linux-x64/dist/extension.node.js:285:19835)
    at D.B (file:///usr/lib/code-oss/resources/app/out/vs/workbench/api/node/extensionHostProcess.js:27:2373)
    at D.C (file:///usr/lib/code-oss/resources/app/out/vs/workbench/api/node/extensionHostProcess.js:27:2443)
    at D.fire (file:///usr/lib/code-oss/resources/app/out/vs/workbench/api/node/extensionHostProcess.js:27:2660)
    at lb.buildDummyEnvironment (/home/~/.vscode-oss/extensions/ms-toolsai.jupyter-2025.1.0-linux-x64/dist/extension.node.js:304:145848)
17:28:22.202 [warn] Failed to attach variable provider Error: Extension 'ms-toolsai.jupyter' CANNOT use API proposal: notebookVariableProvider.
Its package.json#enabledApiProposals-property declares:  but NOT notebookVariableProvider.
 The missing proposal MUST be added and you must start in extension development mode or use the following command line switch: --enable-proposed-api ms-toolsai.jupyter
    at N (file:///usr/lib/code-oss/resources/app/out/vs/workbench/api/node/extensionHostProcess.js:110:16858)
    at Object.set variableProvider [as variableProvider] (file:///usr/lib/code-oss/resources/app/out/vs/workbench/api/node/extensionHostProcess.js:171:20783)
    at Function.create (/home/~/.vscode-oss/extensions/ms-toolsai.jupyter-2025.1.0-linux-x64/dist/extension.node.js:304:87851)
    at /home/~/.vscode-oss/extensions/ms-toolsai.jupyter-2025.1.0-linux-x64/dist/extension.node.js:304:101516
    at Array.forEach (<anonymous>)
    at Xy.addImpl (/home/~/.vscode-oss/extensions/ms-toolsai.jupyter-2025.1.0-linux-x64/dist/extension.node.js:304:101489)
    at /home/~/.vscode-oss/extensions/ms-toolsai.jupyter-2025.1.0-linux-x64/dist/extension.node.js:304:100569
    at Array.forEach (<anonymous>)
    at Xy.batchAdd (/home/~/.vscode-oss/extensions/ms-toolsai.jupyter-2025.1.0-linux-x64/dist/extension.node.js:304:100539)
    at Xy.createNotebookControllers (/home/~/.vscode-oss/extensions/ms-toolsai.jupyter-2025.1.0-linux-x64/dist/extension.node.js:304:99597)
    at Xy.loadControllersImpl (/home/~/.vscode-oss/extensions/ms-toolsai.jupyter-2025.1.0-linux-x64/dist/extension.node.js:304:99057)
    at Xy.loadControllers (/home/~/.vscode-oss/extensions/ms-toolsai.jupyter-2025.1.0-linux-x64/dist/extension.node.js:304:98807)
    at Xy.<anonymous> (/home/~/.vscode-oss/extensions/ms-toolsai.jupyter-2025.1.0-linux-x64/dist/extension.node.js:304:98175)
    at D.B (file:///usr/lib/code-oss/resources/app/out/vs/workbench/api/node/extensionHostProcess.js:27:2373)
    at D.fire (file:///usr/lib/code-oss/resources/app/out/vs/workbench/api/node/extensionHostProcess.js:27:2591)
    at Ah.value (/home/~/.vscode-oss/extensions/ms-toolsai.jupyter-2025.1.0-linux-x64/dist/extension.node.js:285:19835)
    at D.B (file:///usr/lib/code-oss/resources/app/out/vs/workbench/api/node/extensionHostProcess.js:27:2373)
    at D.C (file:///usr/lib/code-oss/resources/app/out/vs/workbench/api/node/extensionHostProcess.js:27:2443)
    at D.fire (file:///usr/lib/code-oss/resources/app/out/vs/workbench/api/node/extensionHostProcess.js:27:2660)
    at lb.buildDummyEnvironment (/home/~/.vscode-oss/extensions/ms-toolsai.jupyter-2025.1.0-linux-x64/dist/extension.node.js:304:145848)
17:28:22.207 [warn] Failed to attach variable provider Error: Extension 'ms-toolsai.jupyter' CANNOT use API proposal: notebookVariableProvider.
Its package.json#enabledApiProposals-property declares:  but NOT notebookVariableProvider.
 The missing proposal MUST be added and you must start in extension development mode or use the following command line switch: --enable-proposed-api ms-toolsai.jupyter
    at N (file:///usr/lib/code-oss/resources/app/out/vs/workbench/api/node/extensionHostProcess.js:110:16858)
    at Object.set variableProvider [as variableProvider] (file:///usr/lib/code-oss/resources/app/out/vs/workbench/api/node/extensionHostProcess.js:171:20783)
    at Function.create (/home/~/.vscode-oss/extensions/ms-toolsai.jupyter-2025.1.0-linux-x64/dist/extension.node.js:304:87851)
    at /home/~/.vscode-oss/extensions/ms-toolsai.jupyter-2025.1.0-linux-x64/dist/extension.node.js:304:101516
    at Array.forEach (<anonymous>)
    at Xy.addImpl (/home/~/.vscode-oss/extensions/ms-toolsai.jupyter-2025.1.0-linux-x64/dist/extension.node.js:304:101489)
    at /home/~/.vscode-oss/extensions/ms-toolsai.jupyter-2025.1.0-linux-x64/dist/extension.node.js:304:100569
    at Array.forEach (<anonymous>)
    at Xy.batchAdd (/home/~/.vscode-oss/extensions/ms-toolsai.jupyter-2025.1.0-linux-x64/dist/extension.node.js:304:100539)
    at Xy.createNotebookControllers (/home/~/.vscode-oss/extensions/ms-toolsai.jupyter-2025.1.0-linux-x64/dist/extension.node.js:304:99597)
    at Xy.loadControllersImpl (/home/~/.vscode-oss/extensions/ms-toolsai.jupyter-2025.1.0-linux-x64/dist/extension.node.js:304:99057)
    at Xy.loadControllers (/home/~/.vscode-oss/extensions/ms-toolsai.jupyter-2025.1.0-linux-x64/dist/extension.node.js:304:98807)
    at Xy.<anonymous> (/home/~/.vscode-oss/extensions/ms-toolsai.jupyter-2025.1.0-linux-x64/dist/extension.node.js:304:98175)
    at D.B (file:///usr/lib/code-oss/resources/app/out/vs/workbench/api/node/extensionHostProcess.js:27:2373)
    at D.fire (file:///usr/lib/code-oss/resources/app/out/vs/workbench/api/node/extensionHostProcess.js:27:2591)
    at Ah.value (/home/~/.vscode-oss/extensions/ms-toolsai.jupyter-2025.1.0-linux-x64/dist/extension.node.js:285:19835)
    at D.B (file:///usr/lib/code-oss/resources/app/out/vs/workbench/api/node/extensionHostProcess.js:27:2373)
    at D.C (file:///usr/lib/code-oss/resources/app/out/vs/workbench/api/node/extensionHostProcess.js:27:2443)
    at D.fire (file:///usr/lib/code-oss/resources/app/out/vs/workbench/api/node/extensionHostProcess.js:27:2660)
    at lb.buildDummyEnvironment (/home/~/.vscode-oss/extensions/ms-toolsai.jupyter-2025.1.0-linux-x64/dist/extension.node.js:304:145848)
17:28:22.215 [warn] Failed to attach variable provider Error: Extension 'ms-toolsai.jupyter' CANNOT use API proposal: notebookVariableProvider.
Its package.json#enabledApiProposals-property declares:  but NOT notebookVariableProvider.
 The missing proposal MUST be added and you must start in extension development mode or use the following command line switch: --enable-proposed-api ms-toolsai.jupyter
    at N (file:///usr/lib/code-oss/resources/app/out/vs/workbench/api/node/extensionHostProcess.js:110:16858)
    at Object.set variableProvider [as variableProvider] (file:///usr/lib/code-oss/resources/app/out/vs/workbench/api/node/extensionHostProcess.js:171:20783)
    at Function.create (/home/~/.vscode-oss/extensions/ms-toolsai.jupyter-2025.1.0-linux-x64/dist/extension.node.js:304:87851)
    at /home/~/.vscode-oss/extensions/ms-toolsai.jupyter-2025.1.0-linux-x64/dist/extension.node.js:304:101516
    at Array.forEach (<anonymous>)
    at Xy.addImpl (/home/~/.vscode-oss/extensions/ms-toolsai.jupyter-2025.1.0-linux-x64/dist/extension.node.js:304:101489)
    at /home/~/.vscode-oss/extensions/ms-toolsai.jupyter-2025.1.0-linux-x64/dist/extension.node.js:304:100569
    at Array.forEach (<anonymous>)
    at Xy.batchAdd (/home/~/.vscode-oss/extensions/ms-toolsai.jupyter-2025.1.0-linux-x64/dist/extension.node.js:304:100539)
    at Xy.createNotebookControllers (/home/~/.vscode-oss/extensions/ms-toolsai.jupyter-2025.1.0-linux-x64/dist/extension.node.js:304:99597)
    at Xy.loadControllersImpl (/home/~/.vscode-oss/extensions/ms-toolsai.jupyter-2025.1.0-linux-x64/dist/extension.node.js:304:99057)
    at Xy.loadControllers (/home/~/.vscode-oss/extensions/ms-toolsai.jupyter-2025.1.0-linux-x64/dist/extension.node.js:304:98807)
    at Xy.<anonymous> (/home/~/.vscode-oss/extensions/ms-toolsai.jupyter-2025.1.0-linux-x64/dist/extension.node.js:304:98175)
    at D.B (file:///usr/lib/code-oss/resources/app/out/vs/workbench/api/node/extensionHostProcess.js:27:2373)
    at D.fire (file:///usr/lib/code-oss/resources/app/out/vs/workbench/api/node/extensionHostProcess.js:27:2591)
    at Ah.value (/home/~/.vscode-oss/extensions/ms-toolsai.jupyter-2025.1.0-linux-x64/dist/extension.node.js:285:19835)
    at D.B (file:///usr/lib/code-oss/resources/app/out/vs/workbench/api/node/extensionHostProcess.js:27:2373)
    at D.C (file:///usr/lib/code-oss/resources/app/out/vs/workbench/api/node/extensionHostProcess.js:27:2443)
    at D.fire (file:///usr/lib/code-oss/resources/app/out/vs/workbench/api/node/extensionHostProcess.js:27:2660)
    at lb.buildDummyEnvironment (/home/~/.vscode-oss/extensions/ms-toolsai.jupyter-2025.1.0-linux-x64/dist/extension.node.js:304:145848)
17:28:22.223 [warn] Failed to attach variable provider Error: Extension 'ms-toolsai.jupyter' CANNOT use API proposal: notebookVariableProvider.
Its package.json#enabledApiProposals-property declares:  but NOT notebookVariableProvider.
 The missing proposal MUST be added and you must start in extension development mode or use the following command line switch: --enable-proposed-api ms-toolsai.jupyter
    at N (file:///usr/lib/code-oss/resources/app/out/vs/workbench/api/node/extensionHostProcess.js:110:16858)
    at Object.set variableProvider [as variableProvider] (file:///usr/lib/code-oss/resources/app/out/vs/workbench/api/node/extensionHostProcess.js:171:20783)
    at Function.create (/home/~/.vscode-oss/extensions/ms-toolsai.jupyter-2025.1.0-linux-x64/dist/extension.node.js:304:87851)
    at /home/~/.vscode-oss/extensions/ms-toolsai.jupyter-2025.1.0-linux-x64/dist/extension.node.js:304:101516
    at Array.forEach (<anonymous>)
    at Xy.addImpl (/home/~/.vscode-oss/extensions/ms-toolsai.jupyter-2025.1.0-linux-x64/dist/extension.node.js:304:101489)
    at /home/~/.vscode-oss/extensions/ms-toolsai.jupyter-2025.1.0-linux-x64/dist/extension.node.js:304:100569
    at Array.forEach (<anonymous>)
    at Xy.batchAdd (/home/~/.vscode-oss/extensions/ms-toolsai.jupyter-2025.1.0-linux-x64/dist/extension.node.js:304:100539)
    at Xy.createNotebookControllers (/home/~/.vscode-oss/extensions/ms-toolsai.jupyter-2025.1.0-linux-x64/dist/extension.node.js:304:99597)
    at Xy.loadControllersImpl (/home/~/.vscode-oss/extensions/ms-toolsai.jupyter-2025.1.0-linux-x64/dist/extension.node.js:304:99057)
    at Xy.loadControllers (/home/~/.vscode-oss/extensions/ms-toolsai.jupyter-2025.1.0-linux-x64/dist/extension.node.js:304:98807)
    at Xy.<anonymous> (/home/~/.vscode-oss/extensions/ms-toolsai.jupyter-2025.1.0-linux-x64/dist/extension.node.js:304:98175)
    at D.B (file:///usr/lib/code-oss/resources/app/out/vs/workbench/api/node/extensionHostProcess.js:27:2373)
    at D.fire (file:///usr/lib/code-oss/resources/app/out/vs/workbench/api/node/extensionHostProcess.js:27:2591)
    at Ah.value (/home/~/.vscode-oss/extensions/ms-toolsai.jupyter-2025.1.0-linux-x64/dist/extension.node.js:285:19835)
    at D.B (file:///usr/lib/code-oss/resources/app/out/vs/workbench/api/node/extensionHostProcess.js:27:2373)
    at D.C (file:///usr/lib/code-oss/resources/app/out/vs/workbench/api/node/extensionHostProcess.js:27:2443)
    at D.fire (file:///usr/lib/code-oss/resources/app/out/vs/workbench/api/node/extensionHostProcess.js:27:2660)
    at lb.buildDummyEnvironment (/home/~/.vscode-oss/extensions/ms-toolsai.jupyter-2025.1.0-linux-x64/dist/extension.node.js:304:145848)
17:28:22.226 [warn] Failed to attach variable provider Error: Extension 'ms-toolsai.jupyter' CANNOT use API proposal: notebookVariableProvider.
Its package.json#enabledApiProposals-property declares:  but NOT notebookVariableProvider.
 The missing proposal MUST be added and you must start in extension development mode or use the following command line switch: --enable-proposed-api ms-toolsai.jupyter
    at N (file:///usr/lib/code-oss/resources/app/out/vs/workbench/api/node/extensionHostProcess.js:110:16858)
    at Object.set variableProvider [as variableProvider] (file:///usr/lib/code-oss/resources/app/out/vs/workbench/api/node/extensionHostProcess.js:171:20783)
    at Function.create (/home/~/.vscode-oss/extensions/ms-toolsai.jupyter-2025.1.0-linux-x64/dist/extension.node.js:304:87851)
    at /home/~/.vscode-oss/extensions/ms-toolsai.jupyter-2025.1.0-linux-x64/dist/extension.node.js:304:101516
    at Array.forEach (<anonymous>)
    at Xy.addImpl (/home/~/.vscode-oss/extensions/ms-toolsai.jupyter-2025.1.0-linux-x64/dist/extension.node.js:304:101489)
    at /home/~/.vscode-oss/extensions/ms-toolsai.jupyter-2025.1.0-linux-x64/dist/extension.node.js:304:100569
    at Array.forEach (<anonymous>)
    at Xy.batchAdd (/home/~/.vscode-oss/extensions/ms-toolsai.jupyter-2025.1.0-linux-x64/dist/extension.node.js:304:100539)
    at Xy.createNotebookControllers (/home/~/.vscode-oss/extensions/ms-toolsai.jupyter-2025.1.0-linux-x64/dist/extension.node.js:304:99597)
    at Xy.loadControllersImpl (/home/~/.vscode-oss/extensions/ms-toolsai.jupyter-2025.1.0-linux-x64/dist/extension.node.js:304:99057)
    at Xy.loadControllers (/home/~/.vscode-oss/extensions/ms-toolsai.jupyter-2025.1.0-linux-x64/dist/extension.node.js:304:98807)
    at Xy.<anonymous> (/home/~/.vscode-oss/extensions/ms-toolsai.jupyter-2025.1.0-linux-x64/dist/extension.node.js:304:98175)
    at D.B (file:///usr/lib/code-oss/resources/app/out/vs/workbench/api/node/extensionHostProcess.js:27:2373)
    at D.fire (file:///usr/lib/code-oss/resources/app/out/vs/workbench/api/node/extensionHostProcess.js:27:2591)
    at Ah.value (/home/~/.vscode-oss/extensions/ms-toolsai.jupyter-2025.1.0-linux-x64/dist/extension.node.js:285:19835)
    at D.B (file:///usr/lib/code-oss/resources/app/out/vs/workbench/api/node/extensionHostProcess.js:27:2373)
    at D.C (file:///usr/lib/code-oss/resources/app/out/vs/workbench/api/node/extensionHostProcess.js:27:2443)
    at D.fire (file:///usr/lib/code-oss/resources/app/out/vs/workbench/api/node/extensionHostProcess.js:27:2660)
    at lb.buildDummyEnvironment (/home/~/.vscode-oss/extensions/ms-toolsai.jupyter-2025.1.0-linux-x64/dist/extension.node.js:304:145848)
17:28:22.231 [warn] Failed to attach variable provider Error: Extension 'ms-toolsai.jupyter' CANNOT use API proposal: notebookVariableProvider.
Its package.json#enabledApiProposals-property declares:  but NOT notebookVariableProvider.
 The missing proposal MUST be added and you must start in extension development mode or use the following command line switch: --enable-proposed-api ms-toolsai.jupyter
    at N (file:///usr/lib/code-oss/resources/app/out/vs/workbench/api/node/extensionHostProcess.js:110:16858)
    at Object.set variableProvider [as variableProvider] (file:///usr/lib/code-oss/resources/app/out/vs/workbench/api/node/extensionHostProcess.js:171:20783)
    at Function.create (/home/~/.vscode-oss/extensions/ms-toolsai.jupyter-2025.1.0-linux-x64/dist/extension.node.js:304:87851)
    at /home/~/.vscode-oss/extensions/ms-toolsai.jupyter-2025.1.0-linux-x64/dist/extension.node.js:304:101516
    at Array.forEach (<anonymous>)
    at Xy.addImpl (/home/~/.vscode-oss/extensions/ms-toolsai.jupyter-2025.1.0-linux-x64/dist/extension.node.js:304:101489)
    at /home/~/.vscode-oss/extensions/ms-toolsai.jupyter-2025.1.0-linux-x64/dist/extension.node.js:304:100569
    at Array.forEach (<anonymous>)
    at Xy.batchAdd (/home/~/.vscode-oss/extensions/ms-toolsai.jupyter-2025.1.0-linux-x64/dist/extension.node.js:304:100539)
    at Xy.createNotebookControllers (/home/~/.vscode-oss/extensions/ms-toolsai.jupyter-2025.1.0-linux-x64/dist/extension.node.js:304:99597)
    at Xy.loadControllersImpl (/home/~/.vscode-oss/extensions/ms-toolsai.jupyter-2025.1.0-linux-x64/dist/extension.node.js:304:99057)
    at Xy.loadControllers (/home/~/.vscode-oss/extensions/ms-toolsai.jupyter-2025.1.0-linux-x64/dist/extension.node.js:304:98807)
    at Xy.<anonymous> (/home/~/.vscode-oss/extensions/ms-toolsai.jupyter-2025.1.0-linux-x64/dist/extension.node.js:304:98175)
    at D.B (file:///usr/lib/code-oss/resources/app/out/vs/workbench/api/node/extensionHostProcess.js:27:2373)
    at D.fire (file:///usr/lib/code-oss/resources/app/out/vs/workbench/api/node/extensionHostProcess.js:27:2591)
    at Ah.value (/home/~/.vscode-oss/extensions/ms-toolsai.jupyter-2025.1.0-linux-x64/dist/extension.node.js:285:19835)
    at D.B (file:///usr/lib/code-oss/resources/app/out/vs/workbench/api/node/extensionHostProcess.js:27:2373)
    at D.C (file:///usr/lib/code-oss/resources/app/out/vs/workbench/api/node/extensionHostProcess.js:27:2443)
    at D.fire (file:///usr/lib/code-oss/resources/app/out/vs/workbench/api/node/extensionHostProcess.js:27:2660)
    at lb.buildDummyEnvironment (/home/~/.vscode-oss/extensions/ms-toolsai.jupyter-2025.1.0-linux-x64/dist/extension.node.js:304:145848)
17:28:22.234 [warn] Failed to attach variable provider Error: Extension 'ms-toolsai.jupyter' CANNOT use API proposal: notebookVariableProvider.
Its package.json#enabledApiProposals-property declares:  but NOT notebookVariableProvider.
 The missing proposal MUST be added and you must start in extension development mode or use the following command line switch: --enable-proposed-api ms-toolsai.jupyter
    at N (file:///usr/lib/code-oss/resources/app/out/vs/workbench/api/node/extensionHostProcess.js:110:16858)
    at Object.set variableProvider [as variableProvider] (file:///usr/lib/code-oss/resources/app/out/vs/workbench/api/node/extensionHostProcess.js:171:20783)
    at Function.create (/home/~/.vscode-oss/extensions/ms-toolsai.jupyter-2025.1.0-linux-x64/dist/extension.node.js:304:87851)
    at /home/~/.vscode-oss/extensions/ms-toolsai.jupyter-2025.1.0-linux-x64/dist/extension.node.js:304:101516
    at Array.forEach (<anonymous>)
    at Xy.addImpl (/home/~/.vscode-oss/extensions/ms-toolsai.jupyter-2025.1.0-linux-x64/dist/extension.node.js:304:101489)
    at /home/~/.vscode-oss/extensions/ms-toolsai.jupyter-2025.1.0-linux-x64/dist/extension.node.js:304:100569
    at Array.forEach (<anonymous>)
    at Xy.batchAdd (/home/~/.vscode-oss/extensions/ms-toolsai.jupyter-2025.1.0-linux-x64/dist/extension.node.js:304:100539)
    at Xy.createNotebookControllers (/home/~/.vscode-oss/extensions/ms-toolsai.jupyter-2025.1.0-linux-x64/dist/extension.node.js:304:99597)
    at Xy.loadControllersImpl (/home/~/.vscode-oss/extensions/ms-toolsai.jupyter-2025.1.0-linux-x64/dist/extension.node.js:304:99057)
    at Xy.loadControllers (/home/~/.vscode-oss/extensions/ms-toolsai.jupyter-2025.1.0-linux-x64/dist/extension.node.js:304:98807)
    at Xy.<anonymous> (/home/~/.vscode-oss/extensions/ms-toolsai.jupyter-2025.1.0-linux-x64/dist/extension.node.js:304:98175)
    at D.B (file:///usr/lib/code-oss/resources/app/out/vs/workbench/api/node/extensionHostProcess.js:27:2373)
    at D.fire (file:///usr/lib/code-oss/resources/app/out/vs/workbench/api/node/extensionHostProcess.js:27:2591)
    at Ah.value (/home/~/.vscode-oss/extensions/ms-toolsai.jupyter-2025.1.0-linux-x64/dist/extension.node.js:285:19835)
    at D.B (file:///usr/lib/code-oss/resources/app/out/vs/workbench/api/node/extensionHostProcess.js:27:2373)
    at D.C (file:///usr/lib/code-oss/resources/app/out/vs/workbench/api/node/extensionHostProcess.js:27:2443)
    at D.fire (file:///usr/lib/code-oss/resources/app/out/vs/workbench/api/node/extensionHostProcess.js:27:2660)
    at lb.buildDummyEnvironment (/home/~/.vscode-oss/extensions/ms-toolsai.jupyter-2025.1.0-linux-x64/dist/extension.node.js:304:145848)
17:28:22.243 [warn] Failed to attach variable provider Error: Extension 'ms-toolsai.jupyter' CANNOT use API proposal: notebookVariableProvider.
Its package.json#enabledApiProposals-property declares:  but NOT notebookVariableProvider.
 The missing proposal MUST be added and you must start in extension development mode or use the following command line switch: --enable-proposed-api ms-toolsai.jupyter
    at N (file:///usr/lib/code-oss/resources/app/out/vs/workbench/api/node/extensionHostProcess.js:110:16858)
    at Object.set variableProvider [as variableProvider] (file:///usr/lib/code-oss/resources/app/out/vs/workbench/api/node/extensionHostProcess.js:171:20783)
    at Function.create (/home/~/.vscode-oss/extensions/ms-toolsai.jupyter-2025.1.0-linux-x64/dist/extension.node.js:304:87851)
    at /home/~/.vscode-oss/extensions/ms-toolsai.jupyter-2025.1.0-linux-x64/dist/extension.node.js:304:101516
    at Array.forEach (<anonymous>)
    at Xy.addImpl (/home/~/.vscode-oss/extensions/ms-toolsai.jupyter-2025.1.0-linux-x64/dist/extension.node.js:304:101489)
    at /home/~/.vscode-oss/extensions/ms-toolsai.jupyter-2025.1.0-linux-x64/dist/extension.node.js:304:100569
    at Array.forEach (<anonymous>)
    at Xy.batchAdd (/home/~/.vscode-oss/extensions/ms-toolsai.jupyter-2025.1.0-linux-x64/dist/extension.node.js:304:100539)
    at Xy.createNotebookControllers (/home/~/.vscode-oss/extensions/ms-toolsai.jupyter-2025.1.0-linux-x64/dist/extension.node.js:304:99597)
    at Xy.loadControllersImpl (/home/~/.vscode-oss/extensions/ms-toolsai.jupyter-2025.1.0-linux-x64/dist/extension.node.js:304:99057)
    at Xy.loadControllers (/home/~/.vscode-oss/extensions/ms-toolsai.jupyter-2025.1.0-linux-x64/dist/extension.node.js:304:98807)
    at Xy.<anonymous> (/home/~/.vscode-oss/extensions/ms-toolsai.jupyter-2025.1.0-linux-x64/dist/extension.node.js:304:98175)
    at D.B (file:///usr/lib/code-oss/resources/app/out/vs/workbench/api/node/extensionHostProcess.js:27:2373)
    at D.fire (file:///usr/lib/code-oss/resources/app/out/vs/workbench/api/node/extensionHostProcess.js:27:2591)
    at Ah.value (/home/~/.vscode-oss/extensions/ms-toolsai.jupyter-2025.1.0-linux-x64/dist/extension.node.js:285:19835)
    at D.B (file:///usr/lib/code-oss/resources/app/out/vs/workbench/api/node/extensionHostProcess.js:27:2373)
    at D.C (file:///usr/lib/code-oss/resources/app/out/vs/workbench/api/node/extensionHostProcess.js:27:2443)
    at D.fire (file:///usr/lib/code-oss/resources/app/out/vs/workbench/api/node/extensionHostProcess.js:27:2660)
    at lb.buildDummyEnvironment (/home/~/.vscode-oss/extensions/ms-toolsai.jupyter-2025.1.0-linux-x64/dist/extension.node.js:304:145848)
17:28:22.246 [warn] Failed to attach variable provider Error: Extension 'ms-toolsai.jupyter' CANNOT use API proposal: notebookVariableProvider.
Its package.json#enabledApiProposals-property declares:  but NOT notebookVariableProvider.
 The missing proposal MUST be added and you must start in extension development mode or use the following command line switch: --enable-proposed-api ms-toolsai.jupyter
    at N (file:///usr/lib/code-oss/resources/app/out/vs/workbench/api/node/extensionHostProcess.js:110:16858)
    at Object.set variableProvider [as variableProvider] (file:///usr/lib/code-oss/resources/app/out/vs/workbench/api/node/extensionHostProcess.js:171:20783)
    at Function.create (/home/~/.vscode-oss/extensions/ms-toolsai.jupyter-2025.1.0-linux-x64/dist/extension.node.js:304:87851)
    at /home/~/.vscode-oss/extensions/ms-toolsai.jupyter-2025.1.0-linux-x64/dist/extension.node.js:304:101516
    at Array.forEach (<anonymous>)
    at Xy.addImpl (/home/~/.vscode-oss/extensions/ms-toolsai.jupyter-2025.1.0-linux-x64/dist/extension.node.js:304:101489)
    at /home/~/.vscode-oss/extensions/ms-toolsai.jupyter-2025.1.0-linux-x64/dist/extension.node.js:304:100569
    at Array.forEach (<anonymous>)
    at Xy.batchAdd (/home/~/.vscode-oss/extensions/ms-toolsai.jupyter-2025.1.0-linux-x64/dist/extension.node.js:304:100539)
    at Xy.createNotebookControllers (/home/~/.vscode-oss/extensions/ms-toolsai.jupyter-2025.1.0-linux-x64/dist/extension.node.js:304:99597)
    at Xy.loadControllersImpl (/home/~/.vscode-oss/extensions/ms-toolsai.jupyter-2025.1.0-linux-x64/dist/extension.node.js:304:99057)
    at Xy.loadControllers (/home/~/.vscode-oss/extensions/ms-toolsai.jupyter-2025.1.0-linux-x64/dist/extension.node.js:304:98807)
    at Xy.<anonymous> (/home/~/.vscode-oss/extensions/ms-toolsai.jupyter-2025.1.0-linux-x64/dist/extension.node.js:304:98175)
    at D.B (file:///usr/lib/code-oss/resources/app/out/vs/workbench/api/node/extensionHostProcess.js:27:2373)
    at D.fire (file:///usr/lib/code-oss/resources/app/out/vs/workbench/api/node/extensionHostProcess.js:27:2591)
    at Ah.value (/home/~/.vscode-oss/extensions/ms-toolsai.jupyter-2025.1.0-linux-x64/dist/extension.node.js:285:19835)
    at D.B (file:///usr/lib/code-oss/resources/app/out/vs/workbench/api/node/extensionHostProcess.js:27:2373)
    at D.C (file:///usr/lib/code-oss/resources/app/out/vs/workbench/api/node/extensionHostProcess.js:27:2443)
    at D.fire (file:///usr/lib/code-oss/resources/app/out/vs/workbench/api/node/extensionHostProcess.js:27:2660)
    at lb.buildDummyEnvironment (/home/~/.vscode-oss/extensions/ms-toolsai.jupyter-2025.1.0-linux-x64/dist/extension.node.js:304:145848)
17:28:22.260 [warn] Failed to attach variable provider Error: Extension 'ms-toolsai.jupyter' CANNOT use API proposal: notebookVariableProvider.
Its package.json#enabledApiProposals-property declares:  but NOT notebookVariableProvider.
 The missing proposal MUST be added and you must start in extension development mode or use the following command line switch: --enable-proposed-api ms-toolsai.jupyter
    at N (file:///usr/lib/code-oss/resources/app/out/vs/workbench/api/node/extensionHostProcess.js:110:16858)
    at Object.set variableProvider [as variableProvider] (file:///usr/lib/code-oss/resources/app/out/vs/workbench/api/node/extensionHostProcess.js:171:20783)
    at Function.create (/home/~/.vscode-oss/extensions/ms-toolsai.jupyter-2025.1.0-linux-x64/dist/extension.node.js:304:87851)
    at /home/~/.vscode-oss/extensions/ms-toolsai.jupyter-2025.1.0-linux-x64/dist/extension.node.js:304:101516
    at Array.forEach (<anonymous>)
    at Xy.addImpl (/home/~/.vscode-oss/extensions/ms-toolsai.jupyter-2025.1.0-linux-x64/dist/extension.node.js:304:101489)
    at /home/~/.vscode-oss/extensions/ms-toolsai.jupyter-2025.1.0-linux-x64/dist/extension.node.js:304:100569
    at Array.forEach (<anonymous>)
    at Xy.batchAdd (/home/~/.vscode-oss/extensions/ms-toolsai.jupyter-2025.1.0-linux-x64/dist/extension.node.js:304:100539)
    at Xy.createNotebookControllers (/home/~/.vscode-oss/extensions/ms-toolsai.jupyter-2025.1.0-linux-x64/dist/extension.node.js:304:99597)
    at Xy.loadControllersImpl (/home/~/.vscode-oss/extensions/ms-toolsai.jupyter-2025.1.0-linux-x64/dist/extension.node.js:304:99057)
    at Xy.loadControllers (/home/~/.vscode-oss/extensions/ms-toolsai.jupyter-2025.1.0-linux-x64/dist/extension.node.js:304:98807)
    at Xy.<anonymous> (/home/~/.vscode-oss/extensions/ms-toolsai.jupyter-2025.1.0-linux-x64/dist/extension.node.js:304:98175)
    at D.B (file:///usr/lib/code-oss/resources/app/out/vs/workbench/api/node/extensionHostProcess.js:27:2373)
    at D.fire (file:///usr/lib/code-oss/resources/app/out/vs/workbench/api/node/extensionHostProcess.js:27:2591)
    at Ah.value (/home/~/.vscode-oss/extensions/ms-toolsai.jupyter-2025.1.0-linux-x64/dist/extension.node.js:285:19835)
    at D.B (file:///usr/lib/code-oss/resources/app/out/vs/workbench/api/node/extensionHostProcess.js:27:2373)
    at D.C (file:///usr/lib/code-oss/resources/app/out/vs/workbench/api/node/extensionHostProcess.js:27:2443)
    at D.fire (file:///usr/lib/code-oss/resources/app/out/vs/workbench/api/node/extensionHostProcess.js:27:2660)
    at lb.buildDummyEnvironment (/home/~/.vscode-oss/extensions/ms-toolsai.jupyter-2025.1.0-linux-x64/dist/extension.node.js:304:145848)
17:28:22.266 [warn] Failed to attach variable provider Error: Extension 'ms-toolsai.jupyter' CANNOT use API proposal: notebookVariableProvider.
Its package.json#enabledApiProposals-property declares:  but NOT notebookVariableProvider.
 The missing proposal MUST be added and you must start in extension development mode or use the following command line switch: --enable-proposed-api ms-toolsai.jupyter
    at N (file:///usr/lib/code-oss/resources/app/out/vs/workbench/api/node/extensionHostProcess.js:110:16858)
    at Object.set variableProvider [as variableProvider] (file:///usr/lib/code-oss/resources/app/out/vs/workbench/api/node/extensionHostProcess.js:171:20783)
    at Function.create (/home/~/.vscode-oss/extensions/ms-toolsai.jupyter-2025.1.0-linux-x64/dist/extension.node.js:304:87851)
    at /home/~/.vscode-oss/extensions/ms-toolsai.jupyter-2025.1.0-linux-x64/dist/extension.node.js:304:101516
    at Array.forEach (<anonymous>)
    at Xy.addImpl (/home/~/.vscode-oss/extensions/ms-toolsai.jupyter-2025.1.0-linux-x64/dist/extension.node.js:304:101489)
    at /home/~/.vscode-oss/extensions/ms-toolsai.jupyter-2025.1.0-linux-x64/dist/extension.node.js:304:100569
    at Array.forEach (<anonymous>)
    at Xy.batchAdd (/home/~/.vscode-oss/extensions/ms-toolsai.jupyter-2025.1.0-linux-x64/dist/extension.node.js:304:100539)
    at Xy.createNotebookControllers (/home/~/.vscode-oss/extensions/ms-toolsai.jupyter-2025.1.0-linux-x64/dist/extension.node.js:304:99597)
    at Xy.loadControllersImpl (/home/~/.vscode-oss/extensions/ms-toolsai.jupyter-2025.1.0-linux-x64/dist/extension.node.js:304:99057)
    at Xy.loadControllers (/home/~/.vscode-oss/extensions/ms-toolsai.jupyter-2025.1.0-linux-x64/dist/extension.node.js:304:98807)
    at Xy.<anonymous> (/home/~/.vscode-oss/extensions/ms-toolsai.jupyter-2025.1.0-linux-x64/dist/extension.node.js:304:98175)
    at D.B (file:///usr/lib/code-oss/resources/app/out/vs/workbench/api/node/extensionHostProcess.js:27:2373)
    at D.fire (file:///usr/lib/code-oss/resources/app/out/vs/workbench/api/node/extensionHostProcess.js:27:2591)
    at Ah.value (/home/~/.vscode-oss/extensions/ms-toolsai.jupyter-2025.1.0-linux-x64/dist/extension.node.js:285:19835)
    at D.B (file:///usr/lib/code-oss/resources/app/out/vs/workbench/api/node/extensionHostProcess.js:27:2373)
    at D.C (file:///usr/lib/code-oss/resources/app/out/vs/workbench/api/node/extensionHostProcess.js:27:2443)
    at D.fire (file:///usr/lib/code-oss/resources/app/out/vs/workbench/api/node/extensionHostProcess.js:27:2660)
    at lb.buildDummyEnvironment (/home/~/.vscode-oss/extensions/ms-toolsai.jupyter-2025.1.0-linux-x64/dist/extension.node.js:304:145848)
17:28:22.277 [warn] Failed to attach variable provider Error: Extension 'ms-toolsai.jupyter' CANNOT use API proposal: notebookVariableProvider.
Its package.json#enabledApiProposals-property declares:  but NOT notebookVariableProvider.
 The missing proposal MUST be added and you must start in extension development mode or use the following command line switch: --enable-proposed-api ms-toolsai.jupyter
    at N (file:///usr/lib/code-oss/resources/app/out/vs/workbench/api/node/extensionHostProcess.js:110:16858)
    at Object.set variableProvider [as variableProvider] (file:///usr/lib/code-oss/resources/app/out/vs/workbench/api/node/extensionHostProcess.js:171:20783)
    at Function.create (/home/~/.vscode-oss/extensions/ms-toolsai.jupyter-2025.1.0-linux-x64/dist/extension.node.js:304:87851)
    at /home/~/.vscode-oss/extensions/ms-toolsai.jupyter-2025.1.0-linux-x64/dist/extension.node.js:304:101516
    at Array.forEach (<anonymous>)
    at Xy.addImpl (/home/~/.vscode-oss/extensions/ms-toolsai.jupyter-2025.1.0-linux-x64/dist/extension.node.js:304:101489)
    at /home/~/.vscode-oss/extensions/ms-toolsai.jupyter-2025.1.0-linux-x64/dist/extension.node.js:304:100569
    at Array.forEach (<anonymous>)
    at Xy.batchAdd (/home/~/.vscode-oss/extensions/ms-toolsai.jupyter-2025.1.0-linux-x64/dist/extension.node.js:304:100539)
    at Xy.createNotebookControllers (/home/~/.vscode-oss/extensions/ms-toolsai.jupyter-2025.1.0-linux-x64/dist/extension.node.js:304:99597)
    at Xy.loadControllersImpl (/home/~/.vscode-oss/extensions/ms-toolsai.jupyter-2025.1.0-linux-x64/dist/extension.node.js:304:99057)
    at Xy.loadControllers (/home/~/.vscode-oss/extensions/ms-toolsai.jupyter-2025.1.0-linux-x64/dist/extension.node.js:304:98807)
    at Xy.<anonymous> (/home/~/.vscode-oss/extensions/ms-toolsai.jupyter-2025.1.0-linux-x64/dist/extension.node.js:304:98175)
    at D.B (file:///usr/lib/code-oss/resources/app/out/vs/workbench/api/node/extensionHostProcess.js:27:2373)
    at D.fire (file:///usr/lib/code-oss/resources/app/out/vs/workbench/api/node/extensionHostProcess.js:27:2591)
    at Ah.value (/home/~/.vscode-oss/extensions/ms-toolsai.jupyter-2025.1.0-linux-x64/dist/extension.node.js:285:19835)
    at D.B (file:///usr/lib/code-oss/resources/app/out/vs/workbench/api/node/extensionHostProcess.js:27:2373)
    at D.C (file:///usr/lib/code-oss/resources/app/out/vs/workbench/api/node/extensionHostProcess.js:27:2443)
    at D.fire (file:///usr/lib/code-oss/resources/app/out/vs/workbench/api/node/extensionHostProcess.js:27:2660)
    at lb.buildDummyEnvironment (/home/~/.vscode-oss/extensions/ms-toolsai.jupyter-2025.1.0-linux-x64/dist/extension.node.js:304:145848)
17:28:22.281 [warn] Failed to attach variable provider Error: Extension 'ms-toolsai.jupyter' CANNOT use API proposal: notebookVariableProvider.
Its package.json#enabledApiProposals-property declares:  but NOT notebookVariableProvider.
 The missing proposal MUST be added and you must start in extension development mode or use the following command line switch: --enable-proposed-api ms-toolsai.jupyter
    at N (file:///usr/lib/code-oss/resources/app/out/vs/workbench/api/node/extensionHostProcess.js:110:16858)
    at Object.set variableProvider [as variableProvider] (file:///usr/lib/code-oss/resources/app/out/vs/workbench/api/node/extensionHostProcess.js:171:20783)
    at Function.create (/home/~/.vscode-oss/extensions/ms-toolsai.jupyter-2025.1.0-linux-x64/dist/extension.node.js:304:87851)
    at /home/~/.vscode-oss/extensions/ms-toolsai.jupyter-2025.1.0-linux-x64/dist/extension.node.js:304:101516
    at Array.forEach (<anonymous>)
    at Xy.addImpl (/home/~/.vscode-oss/extensions/ms-toolsai.jupyter-2025.1.0-linux-x64/dist/extension.node.js:304:101489)
    at /home/~/.vscode-oss/extensions/ms-toolsai.jupyter-2025.1.0-linux-x64/dist/extension.node.js:304:100569
    at Array.forEach (<anonymous>)
    at Xy.batchAdd (/home/~/.vscode-oss/extensions/ms-toolsai.jupyter-2025.1.0-linux-x64/dist/extension.node.js:304:100539)
    at Xy.createNotebookControllers (/home/~/.vscode-oss/extensions/ms-toolsai.jupyter-2025.1.0-linux-x64/dist/extension.node.js:304:99597)
    at Xy.loadControllersImpl (/home/~/.vscode-oss/extensions/ms-toolsai.jupyter-2025.1.0-linux-x64/dist/extension.node.js:304:99057)
    at Xy.loadControllers (/home/~/.vscode-oss/extensions/ms-toolsai.jupyter-2025.1.0-linux-x64/dist/extension.node.js:304:98807)
    at Xy.<anonymous> (/home/~/.vscode-oss/extensions/ms-toolsai.jupyter-2025.1.0-linux-x64/dist/extension.node.js:304:98175)
    at D.B (file:///usr/lib/code-oss/resources/app/out/vs/workbench/api/node/extensionHostProcess.js:27:2373)
    at D.fire (file:///usr/lib/code-oss/resources/app/out/vs/workbench/api/node/extensionHostProcess.js:27:2591)
    at Ah.value (/home/~/.vscode-oss/extensions/ms-toolsai.jupyter-2025.1.0-linux-x64/dist/extension.node.js:285:19835)
    at D.B (file:///usr/lib/code-oss/resources/app/out/vs/workbench/api/node/extensionHostProcess.js:27:2373)
    at D.C (file:///usr/lib/code-oss/resources/app/out/vs/workbench/api/node/extensionHostProcess.js:27:2443)
    at D.fire (file:///usr/lib/code-oss/resources/app/out/vs/workbench/api/node/extensionHostProcess.js:27:2660)
    at lb.buildDummyEnvironment (/home/~/.vscode-oss/extensions/ms-toolsai.jupyter-2025.1.0-linux-x64/dist/extension.node.js:304:145848)
17:28:22.297 [warn] Failed to attach variable provider Error: Extension 'ms-toolsai.jupyter' CANNOT use API proposal: notebookVariableProvider.
Its package.json#enabledApiProposals-property declares:  but NOT notebookVariableProvider.
 The missing proposal MUST be added and you must start in extension development mode or use the following command line switch: --enable-proposed-api ms-toolsai.jupyter
    at N (file:///usr/lib/code-oss/resources/app/out/vs/workbench/api/node/extensionHostProcess.js:110:16858)
    at Object.set variableProvider [as variableProvider] (file:///usr/lib/code-oss/resources/app/out/vs/workbench/api/node/extensionHostProcess.js:171:20783)
    at Function.create (/home/~/.vscode-oss/extensions/ms-toolsai.jupyter-2025.1.0-linux-x64/dist/extension.node.js:304:87851)
    at /home/~/.vscode-oss/extensions/ms-toolsai.jupyter-2025.1.0-linux-x64/dist/extension.node.js:304:101516
    at Array.forEach (<anonymous>)
    at Xy.addImpl (/home/~/.vscode-oss/extensions/ms-toolsai.jupyter-2025.1.0-linux-x64/dist/extension.node.js:304:101489)
    at /home/~/.vscode-oss/extensions/ms-toolsai.jupyter-2025.1.0-linux-x64/dist/extension.node.js:304:100569
    at Array.forEach (<anonymous>)
    at Xy.batchAdd (/home/~/.vscode-oss/extensions/ms-toolsai.jupyter-2025.1.0-linux-x64/dist/extension.node.js:304:100539)
    at Xy.createNotebookControllers (/home/~/.vscode-oss/extensions/ms-toolsai.jupyter-2025.1.0-linux-x64/dist/extension.node.js:304:99597)
    at Xy.loadControllersImpl (/home/~/.vscode-oss/extensions/ms-toolsai.jupyter-2025.1.0-linux-x64/dist/extension.node.js:304:99057)
    at Xy.loadControllers (/home/~/.vscode-oss/extensions/ms-toolsai.jupyter-2025.1.0-linux-x64/dist/extension.node.js:304:98807)
    at Xy.<anonymous> (/home/~/.vscode-oss/extensions/ms-toolsai.jupyter-2025.1.0-linux-x64/dist/extension.node.js:304:98175)
    at D.B (file:///usr/lib/code-oss/resources/app/out/vs/workbench/api/node/extensionHostProcess.js:27:2373)
    at D.fire (file:///usr/lib/code-oss/resources/app/out/vs/workbench/api/node/extensionHostProcess.js:27:2591)
    at Ah.value (/home/~/.vscode-oss/extensions/ms-toolsai.jupyter-2025.1.0-linux-x64/dist/extension.node.js:285:19835)
    at D.B (file:///usr/lib/code-oss/resources/app/out/vs/workbench/api/node/extensionHostProcess.js:27:2373)
    at D.C (file:///usr/lib/code-oss/resources/app/out/vs/workbench/api/node/extensionHostProcess.js:27:2443)
    at D.fire (file:///usr/lib/code-oss/resources/app/out/vs/workbench/api/node/extensionHostProcess.js:27:2660)
    at lb.buildDummyEnvironment (/home/~/.vscode-oss/extensions/ms-toolsai.jupyter-2025.1.0-linux-x64/dist/extension.node.js:304:145848)
17:28:22.301 [warn] Failed to attach variable provider Error: Extension 'ms-toolsai.jupyter' CANNOT use API proposal: notebookVariableProvider.
Its package.json#enabledApiProposals-property declares:  but NOT notebookVariableProvider.
 The missing proposal MUST be added and you must start in extension development mode or use the following command line switch: --enable-proposed-api ms-toolsai.jupyter
    at N (file:///usr/lib/code-oss/resources/app/out/vs/workbench/api/node/extensionHostProcess.js:110:16858)
    at Object.set variableProvider [as variableProvider] (file:///usr/lib/code-oss/resources/app/out/vs/workbench/api/node/extensionHostProcess.js:171:20783)
    at Function.create (/home/~/.vscode-oss/extensions/ms-toolsai.jupyter-2025.1.0-linux-x64/dist/extension.node.js:304:87851)
    at /home/~/.vscode-oss/extensions/ms-toolsai.jupyter-2025.1.0-linux-x64/dist/extension.node.js:304:101516
    at Array.forEach (<anonymous>)
    at Xy.addImpl (/home/~/.vscode-oss/extensions/ms-toolsai.jupyter-2025.1.0-linux-x64/dist/extension.node.js:304:101489)
    at /home/~/.vscode-oss/extensions/ms-toolsai.jupyter-2025.1.0-linux-x64/dist/extension.node.js:304:100569
    at Array.forEach (<anonymous>)
    at Xy.batchAdd (/home/~/.vscode-oss/extensions/ms-toolsai.jupyter-2025.1.0-linux-x64/dist/extension.node.js:304:100539)
    at Xy.createNotebookControllers (/home/~/.vscode-oss/extensions/ms-toolsai.jupyter-2025.1.0-linux-x64/dist/extension.node.js:304:99597)
    at Xy.loadControllersImpl (/home/~/.vscode-oss/extensions/ms-toolsai.jupyter-2025.1.0-linux-x64/dist/extension.node.js:304:99057)
    at Xy.loadControllers (/home/~/.vscode-oss/extensions/ms-toolsai.jupyter-2025.1.0-linux-x64/dist/extension.node.js:304:98807)
    at Xy.<anonymous> (/home/~/.vscode-oss/extensions/ms-toolsai.jupyter-2025.1.0-linux-x64/dist/extension.node.js:304:98175)
    at D.B (file:///usr/lib/code-oss/resources/app/out/vs/workbench/api/node/extensionHostProcess.js:27:2373)
    at D.fire (file:///usr/lib/code-oss/resources/app/out/vs/workbench/api/node/extensionHostProcess.js:27:2591)
    at Ah.value (/home/~/.vscode-oss/extensions/ms-toolsai.jupyter-2025.1.0-linux-x64/dist/extension.node.js:285:19835)
    at D.B (file:///usr/lib/code-oss/resources/app/out/vs/workbench/api/node/extensionHostProcess.js:27:2373)
    at D.C (file:///usr/lib/code-oss/resources/app/out/vs/workbench/api/node/extensionHostProcess.js:27:2443)
    at D.fire (file:///usr/lib/code-oss/resources/app/out/vs/workbench/api/node/extensionHostProcess.js:27:2660)
    at lb.buildDummyEnvironment (/home/~/.vscode-oss/extensions/ms-toolsai.jupyter-2025.1.0-linux-x64/dist/extension.node.js:304:145848)
17:28:22.320 [warn] Failed to attach variable provider Error: Extension 'ms-toolsai.jupyter' CANNOT use API proposal: notebookVariableProvider.
Its package.json#enabledApiProposals-property declares:  but NOT notebookVariableProvider.
 The missing proposal MUST be added and you must start in extension development mode or use the following command line switch: --enable-proposed-api ms-toolsai.jupyter
    at N (file:///usr/lib/code-oss/resources/app/out/vs/workbench/api/node/extensionHostProcess.js:110:16858)
    at Object.set variableProvider [as variableProvider] (file:///usr/lib/code-oss/resources/app/out/vs/workbench/api/node/extensionHostProcess.js:171:20783)
    at Function.create (/home/~/.vscode-oss/extensions/ms-toolsai.jupyter-2025.1.0-linux-x64/dist/extension.node.js:304:87851)
    at /home/~/.vscode-oss/extensions/ms-toolsai.jupyter-2025.1.0-linux-x64/dist/extension.node.js:304:101516
    at Array.forEach (<anonymous>)
    at Xy.addImpl (/home/~/.vscode-oss/extensions/ms-toolsai.jupyter-2025.1.0-linux-x64/dist/extension.node.js:304:101489)
    at /home/~/.vscode-oss/extensions/ms-toolsai.jupyter-2025.1.0-linux-x64/dist/extension.node.js:304:100569
    at Array.forEach (<anonymous>)
    at Xy.batchAdd (/home/~/.vscode-oss/extensions/ms-toolsai.jupyter-2025.1.0-linux-x64/dist/extension.node.js:304:100539)
    at Xy.createNotebookControllers (/home/~/.vscode-oss/extensions/ms-toolsai.jupyter-2025.1.0-linux-x64/dist/extension.node.js:304:99597)
    at Xy.loadControllersImpl (/home/~/.vscode-oss/extensions/ms-toolsai.jupyter-2025.1.0-linux-x64/dist/extension.node.js:304:99057)
    at Xy.loadControllers (/home/~/.vscode-oss/extensions/ms-toolsai.jupyter-2025.1.0-linux-x64/dist/extension.node.js:304:98807)
    at Xy.<anonymous> (/home/~/.vscode-oss/extensions/ms-toolsai.jupyter-2025.1.0-linux-x64/dist/extension.node.js:304:98175)
    at D.B (file:///usr/lib/code-oss/resources/app/out/vs/workbench/api/node/extensionHostProcess.js:27:2373)
    at D.fire (file:///usr/lib/code-oss/resources/app/out/vs/workbench/api/node/extensionHostProcess.js:27:2591)
    at Ah.value (/home/~/.vscode-oss/extensions/ms-toolsai.jupyter-2025.1.0-linux-x64/dist/extension.node.js:285:19835)
    at D.B (file:///usr/lib/code-oss/resources/app/out/vs/workbench/api/node/extensionHostProcess.js:27:2373)
    at D.C (file:///usr/lib/code-oss/resources/app/out/vs/workbench/api/node/extensionHostProcess.js:27:2443)
    at D.fire (file:///usr/lib/code-oss/resources/app/out/vs/workbench/api/node/extensionHostProcess.js:27:2660)
    at lb.buildDummyEnvironment (/home/~/.vscode-oss/extensions/ms-toolsai.jupyter-2025.1.0-linux-x64/dist/extension.node.js:304:145848)
17:28:22.323 [warn] Failed to attach variable provider Error: Extension 'ms-toolsai.jupyter' CANNOT use API proposal: notebookVariableProvider.
Its package.json#enabledApiProposals-property declares:  but NOT notebookVariableProvider.
 The missing proposal MUST be added and you must start in extension development mode or use the following command line switch: --enable-proposed-api ms-toolsai.jupyter
    at N (file:///usr/lib/code-oss/resources/app/out/vs/workbench/api/node/extensionHostProcess.js:110:16858)
    at Object.set variableProvider [as variableProvider] (file:///usr/lib/code-oss/resources/app/out/vs/workbench/api/node/extensionHostProcess.js:171:20783)
    at Function.create (/home/~/.vscode-oss/extensions/ms-toolsai.jupyter-2025.1.0-linux-x64/dist/extension.node.js:304:87851)
    at /home/~/.vscode-oss/extensions/ms-toolsai.jupyter-2025.1.0-linux-x64/dist/extension.node.js:304:101516
    at Array.forEach (<anonymous>)
    at Xy.addImpl (/home/~/.vscode-oss/extensions/ms-toolsai.jupyter-2025.1.0-linux-x64/dist/extension.node.js:304:101489)
    at /home/~/.vscode-oss/extensions/ms-toolsai.jupyter-2025.1.0-linux-x64/dist/extension.node.js:304:100569
    at Array.forEach (<anonymous>)
    at Xy.batchAdd (/home/~/.vscode-oss/extensions/ms-toolsai.jupyter-2025.1.0-linux-x64/dist/extension.node.js:304:100539)
    at Xy.createNotebookControllers (/home/~/.vscode-oss/extensions/ms-toolsai.jupyter-2025.1.0-linux-x64/dist/extension.node.js:304:99597)
    at Xy.loadControllersImpl (/home/~/.vscode-oss/extensions/ms-toolsai.jupyter-2025.1.0-linux-x64/dist/extension.node.js:304:99057)
    at Xy.loadControllers (/home/~/.vscode-oss/extensions/ms-toolsai.jupyter-2025.1.0-linux-x64/dist/extension.node.js:304:98807)
    at Xy.<anonymous> (/home/~/.vscode-oss/extensions/ms-toolsai.jupyter-2025.1.0-linux-x64/dist/extension.node.js:304:98175)
    at D.B (file:///usr/lib/code-oss/resources/app/out/vs/workbench/api/node/extensionHostProcess.js:27:2373)
    at D.fire (file:///usr/lib/code-oss/resources/app/out/vs/workbench/api/node/extensionHostProcess.js:27:2591)
    at Ah.value (/home/~/.vscode-oss/extensions/ms-toolsai.jupyter-2025.1.0-linux-x64/dist/extension.node.js:285:19835)
    at D.B (file:///usr/lib/code-oss/resources/app/out/vs/workbench/api/node/extensionHostProcess.js:27:2373)
    at D.C (file:///usr/lib/code-oss/resources/app/out/vs/workbench/api/node/extensionHostProcess.js:27:2443)
    at D.fire (file:///usr/lib/code-oss/resources/app/out/vs/workbench/api/node/extensionHostProcess.js:27:2660)
    at lb.buildDummyEnvironment (/home/~/.vscode-oss/extensions/ms-toolsai.jupyter-2025.1.0-linux-x64/dist/extension.node.js:304:145848)
17:28:22.699 [info] Starting Kernel (Python Path: /data/tmp/rm-test-async/layers/api/venv/bin/python, Venv, 3.12.8) for '/data/tmp/rm-test-async/layers/api/j.ipynb' (disableUI=true)
17:28:22.934 [error] Failure in registering port attributes Error: Extension 'ms-toolsai.jupyter' CANNOT use API proposal: portsAttributes.
Its package.json#enabledApiProposals-property declares:  but NOT portsAttributes.
 The missing proposal MUST be added and you must start in extension development mode or use the following command line switch: --enable-proposed-api ms-toolsai.jupyter
    at N (file:///usr/lib/code-oss/resources/app/out/vs/workbench/api/node/extensionHostProcess.js:110:16858)
    at Object.registerPortAttributesProvider (file:///usr/lib/code-oss/resources/app/out/vs/workbench/api/node/extensionHostProcess.js:172:55654)
    at JD (/home/~/.vscode-oss/extensions/ms-toolsai.jupyter-2025.1.0-linux-x64/dist/extension.node.js:282:2688)
    at Us.launch (/home/~/.vscode-oss/extensions/ms-toolsai.jupyter-2025.1.0-linux-x64/dist/extension.node.js:303:7467)
    at processTicksAndRejections (node:internal/process/task_queues:95:5)
    at tT.start (/home/~/.vscode-oss/extensions/ms-toolsai.jupyter-2025.1.0-linux-x64/dist/extension.node.js:304:11153)
    at rT.startKernel (/home/~/.vscode-oss/extensions/ms-toolsai.jupyter-2025.1.0-linux-x64/dist/extension.node.js:304:21741)
    at Wy.create (/home/~/.vscode-oss/extensions/ms-toolsai.jupyter-2025.1.0-linux-x64/dist/extension.node.js:304:24048)
    at I_.createJupyterSession (/home/~/.vscode-oss/extensions/ms-toolsai.jupyter-2025.1.0-linux-x64/dist/extension.node.js:285:36917)
    at I_.startJupyterSession (/home/~/.vscode-oss/extensions/ms-toolsai.jupyter-2025.1.0-linux-x64/dist/extension.node.js:285:34694)
    at I_.start (/home/~/.vscode-oss/extensions/ms-toolsai.jupyter-2025.1.0-linux-x64/dist/extension.node.js:285:30778)
    at Function.wrapKernelMethodImpl (/home/~/.vscode-oss/extensions/ms-toolsai.jupyter-2025.1.0-linux-x64/dist/extension.node.js:304:84148)
17:28:24.319 [info] Process Execution: /data/tmp/rm-test-async/layers/api/venv/bin/python -m pip list
17:28:24.347 [info] Process Execution: /data/tmp/rm-test-async/layers/api/venv/bin/python -c "import ipykernel; print(ipykernel.__version__); print("5dc3a68c-e34e-4080-9c3e-2a532b2ccb4d"); print(ipykernel.__file__)"
17:28:24.387 [info] Process Execution: /data/tmp/rm-test-async/layers/api/venv/bin/python -m ipykernel_launcher --f=/home/~/.local/share/jupyter/runtime/kernel-v3ad1337c96e448e783d2a34d2f1d56e3511338f70.json
    > cwd: /data/tmp/rm-test-async/layers/api
17:28:27.797 [info] Kernel successfully started
19:15:08.578 [info] Dispose Kernel '/data/tmp/rm-test-async/layers/api/j.ipynb' associated with '/data/tmp/rm-test-async/layers/api/j.ipynb'
