2025-04-01 06:36:46.837 [info] [main] Log level: Info
2025-04-01 06:36:46.837 [info] [main] Validating found git in: "git"
2025-04-01 06:36:46.837 [info] [main] Using git "2.49.0" from "git"
2025-04-01 06:36:46.837 [info] [Model][doInitialScan] Initial repository scan started
2025-04-01 06:36:46.837 [info] > git rev-parse --show-toplevel [13ms]
2025-04-01 06:36:46.837 [info] > git rev-parse --git-dir --git-common-dir [4ms]
2025-04-01 06:36:46.837 [info] [Model][openRepository] Opened repository: /data/tmp/rm-test-async/layers/api
2025-04-01 06:36:46.840 [info] > git rev-parse --show-toplevel [5ms]
2025-04-01 06:36:46.842 [info] > git config --get commit.template [18ms]
2025-04-01 06:36:46.873 [info] > git for-each-ref --format=%(refname)%00%(upstream:short)%00%(objectname)%00%(upstream:track)%00%(upstream:remotename)%00%(upstream:remoteref) refs/heads/master refs/remotes/master [7ms]
2025-04-01 06:36:46.874 [info] > git rev-parse --show-toplevel [22ms]
2025-04-01 06:36:46.900 [info] > git rev-parse --show-toplevel [8ms]
2025-04-01 06:36:46.954 [info] > git status -z -uall [17ms]
2025-04-01 06:36:46.955 [info] > git rev-parse --show-toplevel [38ms]
2025-04-01 06:36:47.820 [info] > git for-each-ref --sort -committerdate --format %(refname) %(objectname) %(*objectname) [868ms]
2025-04-01 06:36:51.514 [info] > git for-each-ref --format=%(refname)%00%(upstream:short)%00%(objectname)%00%(upstream:track)%00%(upstream:remotename)%00%(upstream:remoteref) refs/heads/master refs/remotes/master [3608ms]
2025-04-01 06:36:51.530 [info] > git rev-parse --show-toplevel [3728ms]
2025-04-01 06:36:51.531 [info] [Model][doInitialScan] Initial repository scan completed - repositories (1), closed repositories (0), parent repositories (0), unsafe repositories (0)
2025-04-01 06:36:53.286 [info] > git config --get --local branch.master.vscode-merge-base [1757ms]
2025-04-01 06:36:53.316 [info] > git config --get commit.template [1849ms]
2025-04-01 06:36:53.531 [info] > git check-ignore -v -z --stdin [184ms]
2025-04-01 06:36:53.533 [info] > git for-each-ref --format=%(refname)%00%(upstream:short)%00%(objectname)%00%(upstream:track)%00%(upstream:remotename)%00%(upstream:remoteref) refs/heads/origin/master refs/remotes/origin/master [218ms]
2025-04-01 06:36:53.619 [info] > git merge-base refs/heads/master refs/remotes/origin/master [57ms]
2025-04-01 06:36:53.651 [info] > git for-each-ref --format=%(refname)%00%(upstream:short)%00%(objectname)%00%(upstream:track)%00%(upstream:remotename)%00%(upstream:remoteref) refs/heads/master refs/remotes/master [36ms]
2025-04-01 06:36:53.710 [info] > git diff --name-status -z --diff-filter=ADMR 802d6c2738c9a188f06bffe0c09117a242287bb8...refs/remotes/origin/master [64ms]
2025-04-01 06:36:53.781 [info] > git status -z -uall [34ms]
2025-04-01 06:36:54.007 [info] > git for-each-ref --sort -committerdate --format %(refname) %(objectname) %(*objectname) [231ms]
2025-04-01 06:40:29.218 [info] > git show --textconv :rm.py [24ms]
2025-04-01 06:40:29.238 [info] > git ls-files --stage -- /data/tmp/rm-test-async/layers/api/rm.py [24ms]
2025-04-01 06:40:29.259 [info] > git hash-object -t tree /dev/null [22ms]
2025-04-01 06:40:29.259 [warning] [GitFileSystemProvider][readFile] File not found - git:/data/tmp/rm-test-async/layers/api/rm.py.git?%7B%22path%22%3A%22%2Fdata%2Ftmp%2Frm-test-async%2Flayers%2Fapi%2Frm.py%22%2C%22ref%22%3A%22%22%7D
2025-04-01 06:40:29.276 [info] > git hash-object -t tree /dev/null [18ms]
2025-04-01 06:40:29.276 [warning] [GitFileSystemProvider][stat] File not found - git:/data/tmp/rm-test-async/layers/api/rm.py.git?%7B%22path%22%3A%22%2Fdata%2Ftmp%2Frm-test-async%2Flayers%2Fapi%2Frm.py%22%2C%22ref%22%3A%22%22%7D
2025-04-01 06:40:29.400 [info] > git check-ignore -v -z --stdin [7ms]
2025-04-01 06:40:29.920 [info] > git config --get commit.template [20ms]
2025-04-01 06:40:29.922 [info] > git for-each-ref --format=%(refname)%00%(upstream:short)%00%(objectname)%00%(upstream:track)%00%(upstream:remotename)%00%(upstream:remoteref) refs/heads/master refs/remotes/master [4ms]
2025-04-01 06:40:29.972 [info] > git status -z -uall [29ms]
2025-04-01 06:40:29.974 [info] > git for-each-ref --sort -committerdate --format %(refname) %(objectname) %(*objectname) [4ms]
2025-04-01 06:40:32.853 [info] > git show --textconv :api.py [23ms]
2025-04-01 06:40:32.855 [info] > git ls-files --stage -- /data/tmp/rm-test-async/layers/api/api.py [3ms]
2025-04-01 06:40:32.880 [info] > git cat-file -s baf05945d7363eebfa4b06605b7628b1417a9fa7 [3ms]
2025-04-01 06:40:33.044 [info] > git blame --root --incremental 802d6c2738c9a188f06bffe0c09117a242287bb8 -- /data/tmp/rm-test-async/layers/api/api.py [47ms]
2025-04-01 06:41:42.943 [info] > git config --get commit.template [21ms]
2025-04-01 06:41:42.945 [info] > git for-each-ref --format=%(refname)%00%(upstream:short)%00%(objectname)%00%(upstream:track)%00%(upstream:remotename)%00%(upstream:remoteref) refs/heads/master refs/remotes/master [4ms]
2025-04-01 06:41:42.983 [info] > git status -z -uall [18ms]
2025-04-01 06:41:42.985 [info] > git for-each-ref --sort -committerdate --format %(refname) %(objectname) %(*objectname) [4ms]
2025-04-01 06:41:45.281 [info] > git show --textconv :api.py [23ms]
2025-04-01 06:41:45.284 [info] > git ls-files --stage -- /data/tmp/rm-test-async/layers/api/api.py [3ms]
2025-04-01 06:41:45.305 [info] > git cat-file -s baf05945d7363eebfa4b06605b7628b1417a9fa7 [4ms]
