2025-03-31 20:13:10.715 [info] Started local extension host with pid 4765.
2025-03-31 20:13:11.597 [error] Extension 'ms-python.debugpy CANNOT USE these API proposals 'portsAttributes, debugVisualization, contribViewsWelcome'. You MUST start in extension development mode or use the --enable-proposed-api command line flag
2025-03-31 20:13:11.598 [error] Extension 'ms-python.python CANNOT USE these API proposals 'contribEditorContentMenu, quickPickSortByLabel, testObserver, quickPickItemTooltip, terminalDataWriteEvent, terminalExecuteCommandEvent, codeActionAI, notebookReplDocument, notebookVariableProvider'. You MUST start in extension development mode or use the --enable-proposed-api command line flag
2025-03-31 20:13:11.598 [error] Extension 'ms-toolsai.jupyter-renderers CANNOT USE these API proposals 'contribNotebookStaticPreloads'. You MUST start in extension development mode or use the --enable-proposed-api command line flag
2025-03-31 20:13:11.713 [error] [ms-python.python]: editor/content is a proposed menu identifier. It requires 'package.json#enabledApiProposals: ["contribEditorContentMenu"]' and is only available when running out of dev or with the following command line switch: --enable-proposed-api ms-python.python
2025-03-31 20:13:16.075 [error] Error while getting the latest version for the extension ms-python.debugpy. Cannot read properties of undefined (reading 'replace')
2025-03-31 20:13:16.075 [error] Error while getting the latest version for the extension ms-python.python. Cannot read properties of undefined (reading 'replace')
2025-03-31 20:13:16.076 [error] Error while getting the latest version for the extension ms-python.vscode-pylance. Cannot read properties of undefined (reading 'replace')
2025-03-31 20:13:16.076 [error] Error while getting the latest version for the extension ms-toolsai.jupyter. Cannot read properties of undefined (reading 'replace')
2025-03-31 20:13:16.080 [error] Error while getting the latest version for the extension ms-toolsai.jupyter-keymap. Cannot read properties of undefined (reading 'replace')
2025-03-31 20:13:16.081 [error] Error while getting the latest version for the extension ms-toolsai.jupyter-renderers. Cannot read properties of undefined (reading 'replace')
2025-03-31 20:13:16.081 [error] Error while getting the latest version for the extension ms-toolsai.vscode-jupyter-cell-tags. Cannot read properties of undefined (reading 'replace')
2025-03-31 20:13:16.082 [error] Error while getting the latest version for the extension ms-toolsai.vscode-jupyter-slideshow. Cannot read properties of undefined (reading 'replace')
2025-03-31 20:13:16.859 [error] An unknown error occurred. Please consult the log for more details.
2025-03-31 20:13:17.392 [info] [perf] Render performance baseline is 61ms
2025-03-31 20:13:28.377 [error] Cannot read the extension from /home/mhamdi/.vscode-oss/extensions/ms-toolsai.jupyter-2025.1.0-linux-x64: ScanningExtension: Cannot read the extension from /home/mhamdi/.vscode-oss/extensions/ms-toolsai.jupyter-2025.1.0-linux-x64
    at dh.scanLocalExtension (file:///usr/lib/code-oss/resources/app/out/vs/code/electron-utility/sharedProcess/sharedProcessMain.js:74:72155)
2025-03-31 20:13:36.714 [error] [ms-python.python]: editor/content is a proposed menu identifier. It requires 'package.json#enabledApiProposals: ["contribEditorContentMenu"]' and is only available when running out of dev or with the following command line switch: --enable-proposed-api ms-python.python
2025-03-31 20:13:36.960 [info] Started local extension host with pid 5232.
2025-03-31 20:13:41.174 [error] An unknown error occurred. Please consult the log for more details.
2025-03-31 20:14:37.596 [error] [ms-python.python]: editor/content is a proposed menu identifier. It requires 'package.json#enabledApiProposals: ["contribEditorContentMenu"]' and is only available when running out of dev or with the following command line switch: --enable-proposed-api ms-python.python
