2025-03-31 20:06:12.063 [info] [main] Log level: Info
2025-03-31 20:06:12.063 [info] [main] Validating found git in: "git"
2025-03-31 20:06:12.063 [info] [main] Using git "2.49.0" from "git"
2025-03-31 20:06:12.063 [info] [Model][doInitialScan] Initial repository scan started
2025-03-31 20:06:12.063 [info] > git rev-parse --show-toplevel [4ms]
2025-03-31 20:06:12.063 [info] > git rev-parse --git-dir --git-common-dir [4ms]
2025-03-31 20:06:12.063 [info] [Model][openRepository] Opened repository: /data/tmp/rm-test-async/layers/api
2025-03-31 20:06:12.063 [info] > git config --get commit.template [14ms]
2025-03-31 20:06:12.063 [info] > git rev-parse --show-toplevel [4ms]
2025-03-31 20:06:12.063 [info] > git rev-parse --show-toplevel [13ms]
2025-03-31 20:06:12.063 [info] > git for-each-ref --format=%(refname)%00%(upstream:short)%00%(objectname)%00%(upstream:track)%00%(upstream:remotename)%00%(upstream:remoteref) refs/heads/master refs/remotes/master [24ms]
2025-03-31 20:06:12.063 [info] > git status -z -uall [27ms]
2025-03-31 20:06:12.063 [info] > git for-each-ref --sort -committerdate --format %(refname) %(objectname) %(*objectname) [7ms]
2025-03-31 20:06:12.063 [info] > git rev-parse --show-toplevel [105ms]
2025-03-31 20:06:12.063 [info] > git for-each-ref --format=%(refname)%00%(upstream:short)%00%(objectname)%00%(upstream:track)%00%(upstream:remotename)%00%(upstream:remoteref) refs/heads/master refs/remotes/master [26ms]
2025-03-31 20:06:12.063 [info] > git config --get --local branch.master.vscode-merge-base [27ms]
2025-03-31 20:06:12.063 [info] > git rev-parse --show-toplevel [69ms]
2025-03-31 20:06:12.063 [info] > git for-each-ref --format=%(refname)%00%(upstream:short)%00%(objectname)%00%(upstream:track)%00%(upstream:remotename)%00%(upstream:remoteref) refs/heads/origin/master refs/remotes/origin/master [18ms]
2025-03-31 20:06:12.063 [info] > git rev-parse --show-toplevel [20ms]
2025-03-31 20:06:12.063 [info] [Model][doInitialScan] Initial repository scan completed - repositories (1), closed repositories (0), parent repositories (0), unsafe repositories (0)
2025-03-31 20:06:12.063 [info] > git merge-base refs/heads/master refs/remotes/origin/master [62ms]
2025-03-31 20:06:12.063 [info] > git diff --name-status -z --diff-filter=ADMR 802d6c2738c9a188f06bffe0c09117a242287bb8...refs/remotes/origin/master [25ms]
2025-03-31 20:06:12.063 [info] > git config --get commit.template [43ms]
2025-03-31 20:06:12.063 [info] > git for-each-ref --format=%(refname)%00%(upstream:short)%00%(objectname)%00%(upstream:track)%00%(upstream:remotename)%00%(upstream:remoteref) refs/heads/master refs/remotes/master [18ms]
2025-03-31 20:06:12.097 [info] > git status -z -uall [21ms]
2025-03-31 20:06:12.100 [info] > git for-each-ref --sort -committerdate --format %(refname) %(objectname) %(*objectname) [6ms]
2025-03-31 20:06:14.367 [info] > git check-ignore -v -z --stdin [159ms]
