2025-03-31 20:24:43.788 [warning] Dir "/data/tmp/rm-test-async/layers/api/.pixi/envs" is not watchable (directory does not exist)
2025-03-31 20:24:43.788 [error] Unable to check if shell integration is active [Error: Extension 'ms-python.python' CANNOT use API proposal: terminalDataWriteEvent.
Its package.json#enabledApiProposals-property declares:  but NOT terminalDataWriteEvent.
 The missing proposal MUST be added and you must start in extension development mode or use the following command line switch: --enable-proposed-api ms-python.python
	at N (file:///usr/lib/code-oss/resources/app/out/vs/workbench/api/node/extensionHostProcess.js:110:16858)
	at a.onDidWriteTerminalData (file:///usr/lib/code-oss/resources/app/out/vs/workbench/api/node/extensionHostProcess.js:172:46213)
	at new v (/home/mhamdi/.vscode-oss/extensions/ms-python.python-2025.2.0-linux-x64/out/client/extension.js:2:877941)
	at ge (/home/mhamdi/.vscode-oss/extensions/ms-python.python-2025.2.0-linux-x64/out/client/extension.js:2:1684578)
	at /home/mhamdi/.vscode-oss/extensions/ms-python.python-2025.2.0-linux-x64/out/client/extension.js:2:1687942
	at /home/mhamdi/.vscode-oss/extensions/ms-python.python-2025.2.0-linux-x64/out/client/extension.js:2:1687970
	at Se (/home/mhamdi/.vscode-oss/extensions/ms-python.python-2025.2.0-linux-x64/out/client/extension.js:2:1688037)
	at /home/mhamdi/.vscode-oss/extensions/ms-python.python-2025.2.0-linux-x64/out/client/extension.js:2:1688517
	at we (/home/mhamdi/.vscode-oss/extensions/ms-python.python-2025.2.0-linux-x64/out/client/extension.js:2:1688458)
	at Pe (/home/mhamdi/.vscode-oss/extensions/ms-python.python-2025.2.0-linux-x64/out/client/extension.js:2:1688492)
	at /home/mhamdi/.vscode-oss/extensions/ms-python.python-2025.2.0-linux-x64/out/client/extension.js:2:1685731
	at /home/mhamdi/.vscode-oss/extensions/ms-python.python-2025.2.0-linux-x64/out/client/extension.js:2:1687336
	at Array.reduce (<anonymous>)
	at /home/mhamdi/.vscode-oss/extensions/ms-python.python-2025.2.0-linux-x64/out/client/extension.js:2:1687308
	at /home/mhamdi/.vscode-oss/extensions/ms-python.python-2025.2.0-linux-x64/out/client/extension.js:2:1687590
	at /home/mhamdi/.vscode-oss/extensions/ms-python.python-2025.2.0-linux-x64/out/client/extension.js:2:1687970
	at Se (/home/mhamdi/.vscode-oss/extensions/ms-python.python-2025.2.0-linux-x64/out/client/extension.js:2:1688037)
	at /home/mhamdi/.vscode-oss/extensions/ms-python.python-2025.2.0-linux-x64/out/client/extension.js:2:1688517
	at we (/home/mhamdi/.vscode-oss/extensions/ms-python.python-2025.2.0-linux-x64/out/client/extension.js:2:1688458)
	at Pe (/home/mhamdi/.vscode-oss/extensions/ms-python.python-2025.2.0-linux-x64/out/client/extension.js:2:1688492)
	at /home/mhamdi/.vscode-oss/extensions/ms-python.python-2025.2.0-linux-x64/out/client/extension.js:2:1685731
	at /home/mhamdi/.vscode-oss/extensions/ms-python.python-2025.2.0-linux-x64/out/client/extension.js:2:1715401
	at /home/mhamdi/.vscode-oss/extensions/ms-python.python-2025.2.0-linux-x64/out/client/extension.js:2:1715422
	at e._get (/home/mhamdi/.vscode-oss/extensions/ms-python.python-2025.2.0-linux-x64/out/client/extension.js:2:1714435)
	at e._getButThrowIfAsync (/home/mhamdi/.vscode-oss/extensions/ms-python.python-2025.2.0-linux-x64/out/client/extension.js:2:1714495)
	at e.get (/home/mhamdi/.vscode-oss/extensions/ms-python.python-2025.2.0-linux-x64/out/client/extension.js:2:1710204)
	at e.dynamicValue (/home/mhamdi/.vscode-oss/extensions/ms-python.python-2025.2.0-linux-x64/out/client/extension.js:2:1699937)
	at /home/mhamdi/.vscode-oss/extensions/ms-python.python-2025.2.0-linux-x64/out/client/extension.js:2:1686114
	at Ee (/home/mhamdi/.vscode-oss/extensions/ms-python.python-2025.2.0-linux-x64/out/client/extension.js:2:1686370)
	at Se (/home/mhamdi/.vscode-oss/extensions/ms-python.python-2025.2.0-linux-x64/out/client/extension.js:2:1688086)
	at /home/mhamdi/.vscode-oss/extensions/ms-python.python-2025.2.0-linux-x64/out/client/extension.js:2:1688517
	at we (/home/mhamdi/.vscode-oss/extensions/ms-python.python-2025.2.0-linux-x64/out/client/extension.js:2:1688458)
	at Pe (/home/mhamdi/.vscode-oss/extensions/ms-python.python-2025.2.0-linux-x64/out/client/extension.js:2:1688492)
	at /home/mhamdi/.vscode-oss/extensions/ms-python.python-2025.2.0-linux-x64/out/client/extension.js:2:1685731
	at /home/mhamdi/.vscode-oss/extensions/ms-python.python-2025.2.0-linux-x64/out/client/extension.js:2:1685665
	at Array.map (<anonymous>)
	at /home/mhamdi/.vscode-oss/extensions/ms-python.python-2025.2.0-linux-x64/out/client/extension.js:2:1685636
	at /home/mhamdi/.vscode-oss/extensions/ms-python.python-2025.2.0-linux-x64/out/client/extension.js:2:1687336
	at Array.reduce (<anonymous>)
	at /home/mhamdi/.vscode-oss/extensions/ms-python.python-2025.2.0-linux-x64/out/client/extension.js:2:1687308
	at /home/mhamdi/.vscode-oss/extensions/ms-python.python-2025.2.0-linux-x64/out/client/extension.js:2:1687590
	at /home/mhamdi/.vscode-oss/extensions/ms-python.python-2025.2.0-linux-x64/out/client/extension.js:2:1687970
	at Se (/home/mhamdi/.vscode-oss/extensions/ms-python.python-2025.2.0-linux-x64/out/client/extension.js:2:1688037)
	at /home/mhamdi/.vscode-oss/extensions/ms-python.python-2025.2.0-linux-x64/out/client/extension.js:2:1688517
	at we (/home/mhamdi/.vscode-oss/extensions/ms-python.python-2025.2.0-linux-x64/out/client/extension.js:2:1688458)
	at Pe (/home/mhamdi/.vscode-oss/extensions/ms-python.python-2025.2.0-linux-x64/out/client/extension.js:2:1688492)
	at /home/mhamdi/.vscode-oss/extensions/ms-python.python-2025.2.0-linux-x64/out/client/extension.js:2:1685731
	at /home/mhamdi/.vscode-oss/extensions/ms-python.python-2025.2.0-linux-x64/out/client/extension.js:2:1715401
	at /home/mhamdi/.vscode-oss/extensions/ms-python.python-2025.2.0-linux-x64/out/client/extension.js:2:1715422
	at e._get (/home/mhamdi/.vscode-oss/extensions/ms-python.python-2025.2.0-linux-x64/out/client/extension.js:2:1714435)
	at e._getButThrowIfAsync (/home/mhamdi/.vscode-oss/extensions/ms-python.python-2025.2.0-linux-x64/out/client/extension.js:2:1714495)
	at e.get (/home/mhamdi/.vscode-oss/extensions/ms-python.python-2025.2.0-linux-x64/out/client/extension.js:2:1710204)
	at a.get (/home/mhamdi/.vscode-oss/extensions/ms-python.python-2025.2.0-linux-x64/out/client/extension.js:2:536568)
	at /home/mhamdi/.vscode-oss/extensions/ms-python.python-2025.2.0-linux-x64/out/client/extension.js:2:451405
	at async t.activateComponents (/home/mhamdi/.vscode-oss/extensions/ms-python.python-2025.2.0-linux-x64/out/client/extension.js:2:449685)
	at async /home/mhamdi/.vscode-oss/extensions/ms-python.python-2025.2.0-linux-x64/out/client/extension.js:2:2639567
	at async e (/home/mhamdi/.vscode-oss/extensions/ms-python.python-2025.2.0-linux-x64/out/client/extension.js:2:2639099)
	at async aw.n (file:///usr/lib/code-oss/resources/app/out/vs/workbench/api/node/extensionHostProcess.js:112:4447)
	at async aw.m (file:///usr/lib/code-oss/resources/app/out/vs/workbench/api/node/extensionHostProcess.js:112:4410)
	at async aw.l (file:///usr/lib/code-oss/resources/app/out/vs/workbench/api/node/extensionHostProcess.js:112:3866)]
2025-03-31 20:24:43.788 [info] Python interpreter path: ./venv/bin/python
2025-03-31 20:24:43.788 [info] > pyenv which python
2025-03-31 20:24:43.788 [info] cwd: .
2025-03-31 20:24:44.136 [error] [
  'Failed to activate a workspace, Class name = v, completed in 3055ms, has a falsy return value, Arg 1: <Uri:/data/tmp/rm-test-async/layers/api/nb.ipynb>, Arg 2: {"started":1743449080098}, Return Value: undefined',
  [Error: Extension 'ms-python.python' CANNOT use API proposal: testObserver.
  Its package.json#enabledApiProposals-property declares:  but NOT testObserver.
   The missing proposal MUST be added and you must start in extension development mode or use the following command line switch: --enable-proposed-api ms-python.python
  	at N (file:///usr/lib/code-oss/resources/app/out/vs/workbench/api/node/extensionHostProcess.js:110:16858)
  	at get testResults (file:///usr/lib/code-oss/resources/app/out/vs/workbench/api/node/extensionHostProcess.js:172:39426)
  	at C.activate (/home/mhamdi/.vscode-oss/extensions/ms-python.python-2025.2.0-linux-x64/out/client/extension.js:2:908493)
  	at /home/mhamdi/.vscode-oss/extensions/ms-python.python-2025.2.0-linux-x64/out/client/extension.js:2:2457
  	at Array.map (<anonymous>)
  	at v.activateWorkspace (/home/mhamdi/.vscode-oss/extensions/ms-python.python-2025.2.0-linux-x64/out/client/extension.js:2:2447)]
]
2025-03-31 20:24:44.137 [error] Failure during activation. [Error: Extension 'ms-python.python' CANNOT use API proposal: testObserver.
Its package.json#enabledApiProposals-property declares:  but NOT testObserver.
 The missing proposal MUST be added and you must start in extension development mode or use the following command line switch: --enable-proposed-api ms-python.python
	at N (file:///usr/lib/code-oss/resources/app/out/vs/workbench/api/node/extensionHostProcess.js:110:16858)
	at get testResults (file:///usr/lib/code-oss/resources/app/out/vs/workbench/api/node/extensionHostProcess.js:172:39426)
	at C.activate (/home/mhamdi/.vscode-oss/extensions/ms-python.python-2025.2.0-linux-x64/out/client/extension.js:2:908493)
	at /home/mhamdi/.vscode-oss/extensions/ms-python.python-2025.2.0-linux-x64/out/client/extension.js:2:2457
	at Array.map (<anonymous>)
	at v.activateWorkspace (/home/mhamdi/.vscode-oss/extensions/ms-python.python-2025.2.0-linux-x64/out/client/extension.js:2:2447)]
2025-03-31 20:24:44.137 [error] sendStartupTelemetry() failed. [Error: Extension 'ms-python.python' CANNOT use API proposal: testObserver.
Its package.json#enabledApiProposals-property declares:  but NOT testObserver.
 The missing proposal MUST be added and you must start in extension development mode or use the following command line switch: --enable-proposed-api ms-python.python
	at N (file:///usr/lib/code-oss/resources/app/out/vs/workbench/api/node/extensionHostProcess.js:110:16858)
	at get testResults (file:///usr/lib/code-oss/resources/app/out/vs/workbench/api/node/extensionHostProcess.js:172:39426)
	at C.activate (/home/mhamdi/.vscode-oss/extensions/ms-python.python-2025.2.0-linux-x64/out/client/extension.js:2:908493)
	at /home/mhamdi/.vscode-oss/extensions/ms-python.python-2025.2.0-linux-x64/out/client/extension.js:2:2457
	at Array.map (<anonymous>)
	at v.activateWorkspace (/home/mhamdi/.vscode-oss/extensions/ms-python.python-2025.2.0-linux-x64/out/client/extension.js:2:2447)]
2025-03-31 20:24:44.346 [info] > conda info --json
2025-03-31 20:24:44.353 [info] Starting Pylance language server.
2025-03-31 20:24:44.437 [info] > ~/.conda/bin/conda info --json
2025-03-31 20:24:44.445 [info] > ~/miniconda3/bin/conda info --json
2025-03-31 20:24:45.065 [info] > . ./venv/bin/activate && echo 'e8b39361-0157-4923-80e1-22d70d46dee6' && python ~/.vscode-oss/extensions/ms-python.python-2025.2.0-linux-x64/python_files/printEnvVariables.py
2025-03-31 20:24:45.065 [info] shell: bash
2025-03-31 20:24:45.082 [info] > . ./venv/bin/activate && echo 'e8b39361-0157-4923-80e1-22d70d46dee6' && python ~/.vscode-oss/extensions/ms-python.python-2025.2.0-linux-x64/python_files/printEnvVariables.py
2025-03-31 20:24:45.082 [info] shell: bash
2025-03-31 20:28:30.721 [info] Starting Environment refresh
2025-03-31 20:28:30.721 [info] Searching for interpreters in posix paths locator
2025-03-31 20:28:30.723 [info] Searching for pyenv environments
2025-03-31 20:28:30.723 [info] Searching for conda environments
2025-03-31 20:28:30.724 [info] Searching for global virtual environments
2025-03-31 20:28:30.724 [info] Searching for custom virtual environments
2025-03-31 20:28:30.747 [info] > ~/miniconda3/bin/conda info --json
2025-03-31 20:28:30.747 [info] > hatch env show --json
2025-03-31 20:28:30.747 [info] cwd: .
2025-03-31 20:28:30.752 [info] pyenv is not installed
2025-03-31 20:28:30.752 [info] Finished searching for pyenv environments: 30 milliseconds
2025-03-31 20:28:30.753 [info] Finished searching for custom virtual envs: 29 milliseconds
2025-03-31 20:28:30.758 [info] Finished searching for global virtual envs: 35 milliseconds
2025-03-31 20:28:30.799 [info] Found: /bin/python --> /bin/python3.13
2025-03-31 20:28:30.809 [info] Found: /bin/python3 --> /bin/python3.13
2025-03-31 20:28:30.816 [info] Found: /bin/python3.13 --> /bin/python3.13
2025-03-31 20:28:31.003 [info] Found: /sbin/python --> /sbin/python3.13
2025-03-31 20:28:31.018 [info] > ./venv/bin/python -I ~/.vscode-oss/extensions/ms-python.python-2025.2.0-linux-x64/python_files/get_output_via_markers.py ~/.vscode-oss/extensions/ms-python.python-2025.2.0-linux-x64/python_files/interpreterInfo.py
2025-03-31 20:28:31.028 [info] Found: /sbin/python3 --> /sbin/python3.13
2025-03-31 20:28:31.033 [info] Found: /sbin/python3.13 --> /sbin/python3.13
2025-03-31 20:28:31.061 [info] Found: /usr/bin/python --> /usr/bin/python3.13
2025-03-31 20:28:31.064 [info] Found: /usr/bin/python3 --> /usr/bin/python3.13
2025-03-31 20:28:31.066 [info] Found: /usr/bin/python3.13 --> /usr/bin/python3.13
2025-03-31 20:28:31.173 [info] Found: /usr/sbin/python --> /usr/sbin/python3.13
2025-03-31 20:28:31.174 [info] Found: /usr/sbin/python3 --> /usr/sbin/python3.13
2025-03-31 20:28:31.174 [info] Found: /usr/sbin/python3.13 --> /usr/sbin/python3.13
2025-03-31 20:28:31.204 [info] > /bin/python -I ~/.vscode-oss/extensions/ms-python.python-2025.2.0-linux-x64/python_files/get_output_via_markers.py ~/.vscode-oss/extensions/ms-python.python-2025.2.0-linux-x64/python_files/interpreterInfo.py
2025-03-31 20:28:31.242 [info] > /sbin/python -I ~/.vscode-oss/extensions/ms-python.python-2025.2.0-linux-x64/python_files/get_output_via_markers.py ~/.vscode-oss/extensions/ms-python.python-2025.2.0-linux-x64/python_files/interpreterInfo.py
2025-03-31 20:28:31.304 [info] Finished searching for interpreters in posix paths locator: 585 milliseconds
2025-03-31 20:28:31.423 [info] > /usr/bin/python -I ~/.vscode-oss/extensions/ms-python.python-2025.2.0-linux-x64/python_files/get_output_via_markers.py ~/.vscode-oss/extensions/ms-python.python-2025.2.0-linux-x64/python_files/interpreterInfo.py
2025-03-31 20:28:31.463 [info] > /usr/sbin/python -I ~/.vscode-oss/extensions/ms-python.python-2025.2.0-linux-x64/python_files/get_output_via_markers.py ~/.vscode-oss/extensions/ms-python.python-2025.2.0-linux-x64/python_files/interpreterInfo.py
2025-03-31 20:28:32.265 [info] > ~/miniconda3/bin/python -I ~/.vscode-oss/extensions/ms-python.python-2025.2.0-linux-x64/python_files/get_output_via_markers.py ~/.vscode-oss/extensions/ms-python.python-2025.2.0-linux-x64/python_files/interpreterInfo.py
2025-03-31 20:28:32.280 [info] > ~/miniconda3/envs/py306/bin/python -I ~/.vscode-oss/extensions/ms-python.python-2025.2.0-linux-x64/python_files/get_output_via_markers.py ~/.vscode-oss/extensions/ms-python.python-2025.2.0-linux-x64/python_files/interpreterInfo.py
2025-03-31 20:28:32.287 [info] Finished searching for conda environments: 1565 milliseconds
2025-03-31 20:28:32.291 [info] Environments refresh paths discovered (event): 1573 milliseconds
2025-03-31 20:28:32.291 [info] Environments refresh paths discovered: 1573 milliseconds
2025-03-31 20:28:32.354 [info] > ~/miniconda3/envs/py310/bin/python -I ~/.vscode-oss/extensions/ms-python.python-2025.2.0-linux-x64/python_files/get_output_via_markers.py ~/.vscode-oss/extensions/ms-python.python-2025.2.0-linux-x64/python_files/interpreterInfo.py
2025-03-31 20:28:32.364 [info] > ~/miniconda3/envs/py311/bin/python -I ~/.vscode-oss/extensions/ms-python.python-2025.2.0-linux-x64/python_files/get_output_via_markers.py ~/.vscode-oss/extensions/ms-python.python-2025.2.0-linux-x64/python_files/interpreterInfo.py
2025-03-31 20:28:32.427 [info] > ~/miniconda3/envs/py312/bin/python -I ~/.vscode-oss/extensions/ms-python.python-2025.2.0-linux-x64/python_files/get_output_via_markers.py ~/.vscode-oss/extensions/ms-python.python-2025.2.0-linux-x64/python_files/interpreterInfo.py
2025-03-31 20:28:32.500 [info] Environments refresh finished (event): 1782 milliseconds
2025-03-31 20:28:32.559 [info] Environment refresh took 1843 milliseconds
2025-03-31 20:28:32.614 [info] > /data/local_tmp/pyenvs/py312/venv/bin/python3 -I ~/.vscode-oss/extensions/ms-python.python-2025.2.0-linux-x64/python_files/get_output_via_markers.py ~/.vscode-oss/extensions/ms-python.python-2025.2.0-linux-x64/python_files/interpreterInfo.py
