Code - OSS (1.97.2, undefined, desktop)
Jupyter Extension Version: 2025.1.0.
Python Extension Version: 2025.2.0.
Pylance Extension Version: 2025.3.2.
Platform: linux (x64).
Home = /home/mhamdi
Temp Storage folder ~/.config/Code - OSS/User/globalStorage/ms-toolsai.jupyter/version-2025.1.0
Workspace folder /data/tmp/rm-test-async/layers/api
20:06:13.077 [error] Error in activating extension, failed in wy [Error: Extension 'ms-toolsai.jupyter' CANNOT use API proposal: notebookKernelSource.
Its package.json#enabledApiProposals-property declares:  but NOT notebookKernelSource.
 The missing proposal MUST be added and you must start in extension development mode or use the following command line switch: --enable-proposed-api ms-toolsai.jupyter
	at N (file:///usr/lib/code-oss/resources/app/out/vs/workbench/api/node/extensionHostProcess.js:110:16858)
	at Object.createNotebookControllerDetectionTask (file:///usr/lib/code-oss/resources/app/out/vs/workbench/api/node/extensionHostProcess.js:172:59121)
	at i (/home/~/.vscode-oss/extensions/ms-toolsai.jupyter-2025.1.0-linux-x64/dist/extension.node.js:299:6630)
	at wy.startRefreshWithPython (/home/~/.vscode-oss/extensions/ms-toolsai.jupyter-2025.1.0-linux-x64/dist/extension.node.js:299:6853)
	at wy.activate (/home/~/.vscode-oss/extensions/ms-toolsai.jupyter-2025.1.0-linux-x64/dist/extension.node.js:299:5077)
	at /home/~/.vscode-oss/extensions/ms-toolsai.jupyter-2025.1.0-linux-x64/dist/extension.node.js:382:27934
	at Array.map (<anonymous>)
	at hI.activate (/home/~/.vscode-oss/extensions/ms-toolsai.jupyter-2025.1.0-linux-x64/dist/extension.node.js:382:27920)
	at QG (/home/~/.vscode-oss/extensions/ms-toolsai.jupyter-2025.1.0-linux-x64/dist/extension.node.js:445:2137)
	at async Ehe (/home/~/.vscode-oss/extensions/ms-toolsai.jupyter-2025.1.0-linux-x64/dist/extension.node.js:447:454)]
20:06:13.089 [error] Error in activating extension, failed in ob [Error: Extension 'ms-toolsai.jupyter' CANNOT use API proposal: notebookKernelSource.
Its package.json#enabledApiProposals-property declares:  but NOT notebookKernelSource.
 The missing proposal MUST be added and you must start in extension development mode or use the following command line switch: --enable-proposed-api ms-toolsai.jupyter
	at N (file:///usr/lib/code-oss/resources/app/out/vs/workbench/api/node/extensionHostProcess.js:110:16858)
	at Object.registerKernelSourceActionProvider (file:///usr/lib/code-oss/resources/app/out/vs/workbench/api/node/extensionHostProcess.js:172:59243)
	at ob.activate (/home/~/.vscode-oss/extensions/ms-toolsai.jupyter-2025.1.0-linux-x64/dist/extension.node.js:304:116884)
	at /home/~/.vscode-oss/extensions/ms-toolsai.jupyter-2025.1.0-linux-x64/dist/extension.node.js:382:27934
	at Array.map (<anonymous>)
	at hI.activate (/home/~/.vscode-oss/extensions/ms-toolsai.jupyter-2025.1.0-linux-x64/dist/extension.node.js:382:27920)
	at QG (/home/~/.vscode-oss/extensions/ms-toolsai.jupyter-2025.1.0-linux-x64/dist/extension.node.js:445:2137)
	at async Ehe (/home/~/.vscode-oss/extensions/ms-toolsai.jupyter-2025.1.0-linux-x64/dist/extension.node.js:447:454)]
20:06:14.279 [warn] Failed to attach variable provider [Error: Extension 'ms-toolsai.jupyter' CANNOT use API proposal: notebookVariableProvider.
Its package.json#enabledApiProposals-property declares:  but NOT notebookVariableProvider.
 The missing proposal MUST be added and you must start in extension development mode or use the following command line switch: --enable-proposed-api ms-toolsai.jupyter
	at N (file:///usr/lib/code-oss/resources/app/out/vs/workbench/api/node/extensionHostProcess.js:110:16858)
	at set variableProvider (file:///usr/lib/code-oss/resources/app/out/vs/workbench/api/node/extensionHostProcess.js:171:20783)
	at n.create (/home/~/.vscode-oss/extensions/ms-toolsai.jupyter-2025.1.0-linux-x64/dist/extension.node.js:304:87851)
	at /home/~/.vscode-oss/extensions/ms-toolsai.jupyter-2025.1.0-linux-x64/dist/extension.node.js:304:101516
	at Array.forEach (<anonymous>)
	at Xy.addImpl (/home/~/.vscode-oss/extensions/ms-toolsai.jupyter-2025.1.0-linux-x64/dist/extension.node.js:304:101489)
	at /home/~/.vscode-oss/extensions/ms-toolsai.jupyter-2025.1.0-linux-x64/dist/extension.node.js:304:100569
	at Array.forEach (<anonymous>)
	at Xy.batchAdd (/home/~/.vscode-oss/extensions/ms-toolsai.jupyter-2025.1.0-linux-x64/dist/extension.node.js:304:100539)
	at Xy.createNotebookControllers (/home/~/.vscode-oss/extensions/ms-toolsai.jupyter-2025.1.0-linux-x64/dist/extension.node.js:304:99597)
	at Xy.loadControllersImpl (/home/~/.vscode-oss/extensions/ms-toolsai.jupyter-2025.1.0-linux-x64/dist/extension.node.js:304:99057)
	at Xy.loadControllers (/home/~/.vscode-oss/extensions/ms-toolsai.jupyter-2025.1.0-linux-x64/dist/extension.node.js:304:98807)
	at Xy.<anonymous> (/home/~/.vscode-oss/extensions/ms-toolsai.jupyter-2025.1.0-linux-x64/dist/extension.node.js:304:98175)
	at D.B (file:///usr/lib/code-oss/resources/app/out/vs/workbench/api/node/extensionHostProcess.js:27:2373)
	at D.fire (file:///usr/lib/code-oss/resources/app/out/vs/workbench/api/node/extensionHostProcess.js:27:2591)
	at Ah.value (/home/~/.vscode-oss/extensions/ms-toolsai.jupyter-2025.1.0-linux-x64/dist/extension.node.js:285:19835)
	at D.B (file:///usr/lib/code-oss/resources/app/out/vs/workbench/api/node/extensionHostProcess.js:27:2373)
	at D.C (file:///usr/lib/code-oss/resources/app/out/vs/workbench/api/node/extensionHostProcess.js:27:2443)
	at D.fire (file:///usr/lib/code-oss/resources/app/out/vs/workbench/api/node/extensionHostProcess.js:27:2660)
	at lb.buildDummyEnvironment (/home/~/.vscode-oss/extensions/ms-toolsai.jupyter-2025.1.0-linux-x64/dist/extension.node.js:304:145848)]
20:06:14.280 [warn] Failed to attach variable provider [Error: Extension 'ms-toolsai.jupyter' CANNOT use API proposal: notebookVariableProvider.
Its package.json#enabledApiProposals-property declares:  but NOT notebookVariableProvider.
 The missing proposal MUST be added and you must start in extension development mode or use the following command line switch: --enable-proposed-api ms-toolsai.jupyter
	at N (file:///usr/lib/code-oss/resources/app/out/vs/workbench/api/node/extensionHostProcess.js:110:16858)
	at set variableProvider (file:///usr/lib/code-oss/resources/app/out/vs/workbench/api/node/extensionHostProcess.js:171:20783)
	at n.create (/home/~/.vscode-oss/extensions/ms-toolsai.jupyter-2025.1.0-linux-x64/dist/extension.node.js:304:87851)
	at /home/~/.vscode-oss/extensions/ms-toolsai.jupyter-2025.1.0-linux-x64/dist/extension.node.js:304:101516
	at Array.forEach (<anonymous>)
	at Xy.addImpl (/home/~/.vscode-oss/extensions/ms-toolsai.jupyter-2025.1.0-linux-x64/dist/extension.node.js:304:101489)
	at /home/~/.vscode-oss/extensions/ms-toolsai.jupyter-2025.1.0-linux-x64/dist/extension.node.js:304:100569
	at Array.forEach (<anonymous>)
	at Xy.batchAdd (/home/~/.vscode-oss/extensions/ms-toolsai.jupyter-2025.1.0-linux-x64/dist/extension.node.js:304:100539)
	at Xy.createNotebookControllers (/home/~/.vscode-oss/extensions/ms-toolsai.jupyter-2025.1.0-linux-x64/dist/extension.node.js:304:99597)
	at Xy.loadControllersImpl (/home/~/.vscode-oss/extensions/ms-toolsai.jupyter-2025.1.0-linux-x64/dist/extension.node.js:304:99057)
	at Xy.loadControllers (/home/~/.vscode-oss/extensions/ms-toolsai.jupyter-2025.1.0-linux-x64/dist/extension.node.js:304:98807)
	at Xy.<anonymous> (/home/~/.vscode-oss/extensions/ms-toolsai.jupyter-2025.1.0-linux-x64/dist/extension.node.js:304:98175)
	at D.B (file:///usr/lib/code-oss/resources/app/out/vs/workbench/api/node/extensionHostProcess.js:27:2373)
	at D.fire (file:///usr/lib/code-oss/resources/app/out/vs/workbench/api/node/extensionHostProcess.js:27:2591)
	at Ah.value (/home/~/.vscode-oss/extensions/ms-toolsai.jupyter-2025.1.0-linux-x64/dist/extension.node.js:285:19835)
	at D.B (file:///usr/lib/code-oss/resources/app/out/vs/workbench/api/node/extensionHostProcess.js:27:2373)
	at D.C (file:///usr/lib/code-oss/resources/app/out/vs/workbench/api/node/extensionHostProcess.js:27:2443)
	at D.fire (file:///usr/lib/code-oss/resources/app/out/vs/workbench/api/node/extensionHostProcess.js:27:2660)
	at lb.buildDummyEnvironment (/home/~/.vscode-oss/extensions/ms-toolsai.jupyter-2025.1.0-linux-x64/dist/extension.node.js:304:145848)]
20:06:14.283 [warn] Failed to attach variable provider [Error: Extension 'ms-toolsai.jupyter' CANNOT use API proposal: notebookVariableProvider.
Its package.json#enabledApiProposals-property declares:  but NOT notebookVariableProvider.
 The missing proposal MUST be added and you must start in extension development mode or use the following command line switch: --enable-proposed-api ms-toolsai.jupyter
	at N (file:///usr/lib/code-oss/resources/app/out/vs/workbench/api/node/extensionHostProcess.js:110:16858)
	at set variableProvider (file:///usr/lib/code-oss/resources/app/out/vs/workbench/api/node/extensionHostProcess.js:171:20783)
	at n.create (/home/~/.vscode-oss/extensions/ms-toolsai.jupyter-2025.1.0-linux-x64/dist/extension.node.js:304:87851)
	at /home/~/.vscode-oss/extensions/ms-toolsai.jupyter-2025.1.0-linux-x64/dist/extension.node.js:304:101516
	at Array.forEach (<anonymous>)
	at Xy.addImpl (/home/~/.vscode-oss/extensions/ms-toolsai.jupyter-2025.1.0-linux-x64/dist/extension.node.js:304:101489)
	at /home/~/.vscode-oss/extensions/ms-toolsai.jupyter-2025.1.0-linux-x64/dist/extension.node.js:304:100569
	at Array.forEach (<anonymous>)
	at Xy.batchAdd (/home/~/.vscode-oss/extensions/ms-toolsai.jupyter-2025.1.0-linux-x64/dist/extension.node.js:304:100539)
	at Xy.createNotebookControllers (/home/~/.vscode-oss/extensions/ms-toolsai.jupyter-2025.1.0-linux-x64/dist/extension.node.js:304:99597)
	at Xy.loadControllersImpl (/home/~/.vscode-oss/extensions/ms-toolsai.jupyter-2025.1.0-linux-x64/dist/extension.node.js:304:99057)
	at Xy.loadControllers (/home/~/.vscode-oss/extensions/ms-toolsai.jupyter-2025.1.0-linux-x64/dist/extension.node.js:304:98807)
	at Xy.<anonymous> (/home/~/.vscode-oss/extensions/ms-toolsai.jupyter-2025.1.0-linux-x64/dist/extension.node.js:304:98175)
	at D.B (file:///usr/lib/code-oss/resources/app/out/vs/workbench/api/node/extensionHostProcess.js:27:2373)
	at D.fire (file:///usr/lib/code-oss/resources/app/out/vs/workbench/api/node/extensionHostProcess.js:27:2591)
	at Ah.value (/home/~/.vscode-oss/extensions/ms-toolsai.jupyter-2025.1.0-linux-x64/dist/extension.node.js:285:19835)
	at D.B (file:///usr/lib/code-oss/resources/app/out/vs/workbench/api/node/extensionHostProcess.js:27:2373)
	at D.C (file:///usr/lib/code-oss/resources/app/out/vs/workbench/api/node/extensionHostProcess.js:27:2443)
	at D.fire (file:///usr/lib/code-oss/resources/app/out/vs/workbench/api/node/extensionHostProcess.js:27:2660)
	at lb.buildDummyEnvironment (/home/~/.vscode-oss/extensions/ms-toolsai.jupyter-2025.1.0-linux-x64/dist/extension.node.js:304:145848)]
20:06:14.284 [warn] Failed to attach variable provider [Error: Extension 'ms-toolsai.jupyter' CANNOT use API proposal: notebookVariableProvider.
Its package.json#enabledApiProposals-property declares:  but NOT notebookVariableProvider.
 The missing proposal MUST be added and you must start in extension development mode or use the following command line switch: --enable-proposed-api ms-toolsai.jupyter
	at N (file:///usr/lib/code-oss/resources/app/out/vs/workbench/api/node/extensionHostProcess.js:110:16858)
	at set variableProvider (file:///usr/lib/code-oss/resources/app/out/vs/workbench/api/node/extensionHostProcess.js:171:20783)
	at n.create (/home/~/.vscode-oss/extensions/ms-toolsai.jupyter-2025.1.0-linux-x64/dist/extension.node.js:304:87851)
	at /home/~/.vscode-oss/extensions/ms-toolsai.jupyter-2025.1.0-linux-x64/dist/extension.node.js:304:101516
	at Array.forEach (<anonymous>)
	at Xy.addImpl (/home/~/.vscode-oss/extensions/ms-toolsai.jupyter-2025.1.0-linux-x64/dist/extension.node.js:304:101489)
	at /home/~/.vscode-oss/extensions/ms-toolsai.jupyter-2025.1.0-linux-x64/dist/extension.node.js:304:100569
	at Array.forEach (<anonymous>)
	at Xy.batchAdd (/home/~/.vscode-oss/extensions/ms-toolsai.jupyter-2025.1.0-linux-x64/dist/extension.node.js:304:100539)
	at Xy.createNotebookControllers (/home/~/.vscode-oss/extensions/ms-toolsai.jupyter-2025.1.0-linux-x64/dist/extension.node.js:304:99597)
	at Xy.loadControllersImpl (/home/~/.vscode-oss/extensions/ms-toolsai.jupyter-2025.1.0-linux-x64/dist/extension.node.js:304:99057)
	at Xy.loadControllers (/home/~/.vscode-oss/extensions/ms-toolsai.jupyter-2025.1.0-linux-x64/dist/extension.node.js:304:98807)
	at Xy.<anonymous> (/home/~/.vscode-oss/extensions/ms-toolsai.jupyter-2025.1.0-linux-x64/dist/extension.node.js:304:98175)
	at D.B (file:///usr/lib/code-oss/resources/app/out/vs/workbench/api/node/extensionHostProcess.js:27:2373)
	at D.fire (file:///usr/lib/code-oss/resources/app/out/vs/workbench/api/node/extensionHostProcess.js:27:2591)
	at Ah.value (/home/~/.vscode-oss/extensions/ms-toolsai.jupyter-2025.1.0-linux-x64/dist/extension.node.js:285:19835)
	at D.B (file:///usr/lib/code-oss/resources/app/out/vs/workbench/api/node/extensionHostProcess.js:27:2373)
	at D.C (file:///usr/lib/code-oss/resources/app/out/vs/workbench/api/node/extensionHostProcess.js:27:2443)
	at D.fire (file:///usr/lib/code-oss/resources/app/out/vs/workbench/api/node/extensionHostProcess.js:27:2660)
	at lb.buildDummyEnvironment (/home/~/.vscode-oss/extensions/ms-toolsai.jupyter-2025.1.0-linux-x64/dist/extension.node.js:304:145848)]
20:06:14.286 [warn] Failed to attach variable provider [Error: Extension 'ms-toolsai.jupyter' CANNOT use API proposal: notebookVariableProvider.
Its package.json#enabledApiProposals-property declares:  but NOT notebookVariableProvider.
 The missing proposal MUST be added and you must start in extension development mode or use the following command line switch: --enable-proposed-api ms-toolsai.jupyter
	at N (file:///usr/lib/code-oss/resources/app/out/vs/workbench/api/node/extensionHostProcess.js:110:16858)
	at set variableProvider (file:///usr/lib/code-oss/resources/app/out/vs/workbench/api/node/extensionHostProcess.js:171:20783)
	at n.create (/home/~/.vscode-oss/extensions/ms-toolsai.jupyter-2025.1.0-linux-x64/dist/extension.node.js:304:87851)
	at /home/~/.vscode-oss/extensions/ms-toolsai.jupyter-2025.1.0-linux-x64/dist/extension.node.js:304:101516
	at Array.forEach (<anonymous>)
	at Xy.addImpl (/home/~/.vscode-oss/extensions/ms-toolsai.jupyter-2025.1.0-linux-x64/dist/extension.node.js:304:101489)
	at /home/~/.vscode-oss/extensions/ms-toolsai.jupyter-2025.1.0-linux-x64/dist/extension.node.js:304:100569
	at Array.forEach (<anonymous>)
	at Xy.batchAdd (/home/~/.vscode-oss/extensions/ms-toolsai.jupyter-2025.1.0-linux-x64/dist/extension.node.js:304:100539)
	at Xy.createNotebookControllers (/home/~/.vscode-oss/extensions/ms-toolsai.jupyter-2025.1.0-linux-x64/dist/extension.node.js:304:99597)
	at Xy.loadControllersImpl (/home/~/.vscode-oss/extensions/ms-toolsai.jupyter-2025.1.0-linux-x64/dist/extension.node.js:304:99057)
	at Xy.loadControllers (/home/~/.vscode-oss/extensions/ms-toolsai.jupyter-2025.1.0-linux-x64/dist/extension.node.js:304:98807)
	at Xy.<anonymous> (/home/~/.vscode-oss/extensions/ms-toolsai.jupyter-2025.1.0-linux-x64/dist/extension.node.js:304:98175)
	at D.B (file:///usr/lib/code-oss/resources/app/out/vs/workbench/api/node/extensionHostProcess.js:27:2373)
	at D.fire (file:///usr/lib/code-oss/resources/app/out/vs/workbench/api/node/extensionHostProcess.js:27:2591)
	at Ah.value (/home/~/.vscode-oss/extensions/ms-toolsai.jupyter-2025.1.0-linux-x64/dist/extension.node.js:285:19835)
	at D.B (file:///usr/lib/code-oss/resources/app/out/vs/workbench/api/node/extensionHostProcess.js:27:2373)
	at D.C (file:///usr/lib/code-oss/resources/app/out/vs/workbench/api/node/extensionHostProcess.js:27:2443)
	at D.fire (file:///usr/lib/code-oss/resources/app/out/vs/workbench/api/node/extensionHostProcess.js:27:2660)
	at lb.buildDummyEnvironment (/home/~/.vscode-oss/extensions/ms-toolsai.jupyter-2025.1.0-linux-x64/dist/extension.node.js:304:145848)]
20:06:14.287 [warn] Failed to attach variable provider [Error: Extension 'ms-toolsai.jupyter' CANNOT use API proposal: notebookVariableProvider.
Its package.json#enabledApiProposals-property declares:  but NOT notebookVariableProvider.
 The missing proposal MUST be added and you must start in extension development mode or use the following command line switch: --enable-proposed-api ms-toolsai.jupyter
	at N (file:///usr/lib/code-oss/resources/app/out/vs/workbench/api/node/extensionHostProcess.js:110:16858)
	at set variableProvider (file:///usr/lib/code-oss/resources/app/out/vs/workbench/api/node/extensionHostProcess.js:171:20783)
	at n.create (/home/~/.vscode-oss/extensions/ms-toolsai.jupyter-2025.1.0-linux-x64/dist/extension.node.js:304:87851)
	at /home/~/.vscode-oss/extensions/ms-toolsai.jupyter-2025.1.0-linux-x64/dist/extension.node.js:304:101516
	at Array.forEach (<anonymous>)
	at Xy.addImpl (/home/~/.vscode-oss/extensions/ms-toolsai.jupyter-2025.1.0-linux-x64/dist/extension.node.js:304:101489)
	at /home/~/.vscode-oss/extensions/ms-toolsai.jupyter-2025.1.0-linux-x64/dist/extension.node.js:304:100569
	at Array.forEach (<anonymous>)
	at Xy.batchAdd (/home/~/.vscode-oss/extensions/ms-toolsai.jupyter-2025.1.0-linux-x64/dist/extension.node.js:304:100539)
	at Xy.createNotebookControllers (/home/~/.vscode-oss/extensions/ms-toolsai.jupyter-2025.1.0-linux-x64/dist/extension.node.js:304:99597)
	at Xy.loadControllersImpl (/home/~/.vscode-oss/extensions/ms-toolsai.jupyter-2025.1.0-linux-x64/dist/extension.node.js:304:99057)
	at Xy.loadControllers (/home/~/.vscode-oss/extensions/ms-toolsai.jupyter-2025.1.0-linux-x64/dist/extension.node.js:304:98807)
	at Xy.<anonymous> (/home/~/.vscode-oss/extensions/ms-toolsai.jupyter-2025.1.0-linux-x64/dist/extension.node.js:304:98175)
	at D.B (file:///usr/lib/code-oss/resources/app/out/vs/workbench/api/node/extensionHostProcess.js:27:2373)
	at D.fire (file:///usr/lib/code-oss/resources/app/out/vs/workbench/api/node/extensionHostProcess.js:27:2591)
	at Ah.value (/home/~/.vscode-oss/extensions/ms-toolsai.jupyter-2025.1.0-linux-x64/dist/extension.node.js:285:19835)
	at D.B (file:///usr/lib/code-oss/resources/app/out/vs/workbench/api/node/extensionHostProcess.js:27:2373)
	at D.C (file:///usr/lib/code-oss/resources/app/out/vs/workbench/api/node/extensionHostProcess.js:27:2443)
	at D.fire (file:///usr/lib/code-oss/resources/app/out/vs/workbench/api/node/extensionHostProcess.js:27:2660)
	at lb.buildDummyEnvironment (/home/~/.vscode-oss/extensions/ms-toolsai.jupyter-2025.1.0-linux-x64/dist/extension.node.js:304:145848)]
20:06:14.290 [warn] Failed to attach variable provider [Error: Extension 'ms-toolsai.jupyter' CANNOT use API proposal: notebookVariableProvider.
Its package.json#enabledApiProposals-property declares:  but NOT notebookVariableProvider.
 The missing proposal MUST be added and you must start in extension development mode or use the following command line switch: --enable-proposed-api ms-toolsai.jupyter
	at N (file:///usr/lib/code-oss/resources/app/out/vs/workbench/api/node/extensionHostProcess.js:110:16858)
	at set variableProvider (file:///usr/lib/code-oss/resources/app/out/vs/workbench/api/node/extensionHostProcess.js:171:20783)
	at n.create (/home/~/.vscode-oss/extensions/ms-toolsai.jupyter-2025.1.0-linux-x64/dist/extension.node.js:304:87851)
	at /home/~/.vscode-oss/extensions/ms-toolsai.jupyter-2025.1.0-linux-x64/dist/extension.node.js:304:101516
	at Array.forEach (<anonymous>)
	at Xy.addImpl (/home/~/.vscode-oss/extensions/ms-toolsai.jupyter-2025.1.0-linux-x64/dist/extension.node.js:304:101489)
	at /home/~/.vscode-oss/extensions/ms-toolsai.jupyter-2025.1.0-linux-x64/dist/extension.node.js:304:100569
	at Array.forEach (<anonymous>)
	at Xy.batchAdd (/home/~/.vscode-oss/extensions/ms-toolsai.jupyter-2025.1.0-linux-x64/dist/extension.node.js:304:100539)
	at Xy.createNotebookControllers (/home/~/.vscode-oss/extensions/ms-toolsai.jupyter-2025.1.0-linux-x64/dist/extension.node.js:304:99597)
	at Xy.loadControllersImpl (/home/~/.vscode-oss/extensions/ms-toolsai.jupyter-2025.1.0-linux-x64/dist/extension.node.js:304:99057)
	at Xy.loadControllers (/home/~/.vscode-oss/extensions/ms-toolsai.jupyter-2025.1.0-linux-x64/dist/extension.node.js:304:98807)
	at Xy.<anonymous> (/home/~/.vscode-oss/extensions/ms-toolsai.jupyter-2025.1.0-linux-x64/dist/extension.node.js:304:98175)
	at D.B (file:///usr/lib/code-oss/resources/app/out/vs/workbench/api/node/extensionHostProcess.js:27:2373)
	at D.fire (file:///usr/lib/code-oss/resources/app/out/vs/workbench/api/node/extensionHostProcess.js:27:2591)
	at Ah.value (/home/~/.vscode-oss/extensions/ms-toolsai.jupyter-2025.1.0-linux-x64/dist/extension.node.js:285:19835)
	at D.B (file:///usr/lib/code-oss/resources/app/out/vs/workbench/api/node/extensionHostProcess.js:27:2373)
	at D.C (file:///usr/lib/code-oss/resources/app/out/vs/workbench/api/node/extensionHostProcess.js:27:2443)
	at D.fire (file:///usr/lib/code-oss/resources/app/out/vs/workbench/api/node/extensionHostProcess.js:27:2660)
	at lb.buildDummyEnvironment (/home/~/.vscode-oss/extensions/ms-toolsai.jupyter-2025.1.0-linux-x64/dist/extension.node.js:304:145848)]
20:06:14.291 [warn] Failed to attach variable provider [Error: Extension 'ms-toolsai.jupyter' CANNOT use API proposal: notebookVariableProvider.
Its package.json#enabledApiProposals-property declares:  but NOT notebookVariableProvider.
 The missing proposal MUST be added and you must start in extension development mode or use the following command line switch: --enable-proposed-api ms-toolsai.jupyter
	at N (file:///usr/lib/code-oss/resources/app/out/vs/workbench/api/node/extensionHostProcess.js:110:16858)
	at set variableProvider (file:///usr/lib/code-oss/resources/app/out/vs/workbench/api/node/extensionHostProcess.js:171:20783)
	at n.create (/home/~/.vscode-oss/extensions/ms-toolsai.jupyter-2025.1.0-linux-x64/dist/extension.node.js:304:87851)
	at /home/~/.vscode-oss/extensions/ms-toolsai.jupyter-2025.1.0-linux-x64/dist/extension.node.js:304:101516
	at Array.forEach (<anonymous>)
	at Xy.addImpl (/home/~/.vscode-oss/extensions/ms-toolsai.jupyter-2025.1.0-linux-x64/dist/extension.node.js:304:101489)
	at /home/~/.vscode-oss/extensions/ms-toolsai.jupyter-2025.1.0-linux-x64/dist/extension.node.js:304:100569
	at Array.forEach (<anonymous>)
	at Xy.batchAdd (/home/~/.vscode-oss/extensions/ms-toolsai.jupyter-2025.1.0-linux-x64/dist/extension.node.js:304:100539)
	at Xy.createNotebookControllers (/home/~/.vscode-oss/extensions/ms-toolsai.jupyter-2025.1.0-linux-x64/dist/extension.node.js:304:99597)
	at Xy.loadControllersImpl (/home/~/.vscode-oss/extensions/ms-toolsai.jupyter-2025.1.0-linux-x64/dist/extension.node.js:304:99057)
	at Xy.loadControllers (/home/~/.vscode-oss/extensions/ms-toolsai.jupyter-2025.1.0-linux-x64/dist/extension.node.js:304:98807)
	at Xy.<anonymous> (/home/~/.vscode-oss/extensions/ms-toolsai.jupyter-2025.1.0-linux-x64/dist/extension.node.js:304:98175)
	at D.B (file:///usr/lib/code-oss/resources/app/out/vs/workbench/api/node/extensionHostProcess.js:27:2373)
	at D.fire (file:///usr/lib/code-oss/resources/app/out/vs/workbench/api/node/extensionHostProcess.js:27:2591)
	at Ah.value (/home/~/.vscode-oss/extensions/ms-toolsai.jupyter-2025.1.0-linux-x64/dist/extension.node.js:285:19835)
	at D.B (file:///usr/lib/code-oss/resources/app/out/vs/workbench/api/node/extensionHostProcess.js:27:2373)
	at D.C (file:///usr/lib/code-oss/resources/app/out/vs/workbench/api/node/extensionHostProcess.js:27:2443)
	at D.fire (file:///usr/lib/code-oss/resources/app/out/vs/workbench/api/node/extensionHostProcess.js:27:2660)
	at lb.buildDummyEnvironment (/home/~/.vscode-oss/extensions/ms-toolsai.jupyter-2025.1.0-linux-x64/dist/extension.node.js:304:145848)]
20:06:14.294 [warn] Failed to attach variable provider [Error: Extension 'ms-toolsai.jupyter' CANNOT use API proposal: notebookVariableProvider.
Its package.json#enabledApiProposals-property declares:  but NOT notebookVariableProvider.
 The missing proposal MUST be added and you must start in extension development mode or use the following command line switch: --enable-proposed-api ms-toolsai.jupyter
	at N (file:///usr/lib/code-oss/resources/app/out/vs/workbench/api/node/extensionHostProcess.js:110:16858)
	at set variableProvider (file:///usr/lib/code-oss/resources/app/out/vs/workbench/api/node/extensionHostProcess.js:171:20783)
	at n.create (/home/~/.vscode-oss/extensions/ms-toolsai.jupyter-2025.1.0-linux-x64/dist/extension.node.js:304:87851)
	at /home/~/.vscode-oss/extensions/ms-toolsai.jupyter-2025.1.0-linux-x64/dist/extension.node.js:304:101516
	at Array.forEach (<anonymous>)
	at Xy.addImpl (/home/~/.vscode-oss/extensions/ms-toolsai.jupyter-2025.1.0-linux-x64/dist/extension.node.js:304:101489)
	at /home/~/.vscode-oss/extensions/ms-toolsai.jupyter-2025.1.0-linux-x64/dist/extension.node.js:304:100569
	at Array.forEach (<anonymous>)
	at Xy.batchAdd (/home/~/.vscode-oss/extensions/ms-toolsai.jupyter-2025.1.0-linux-x64/dist/extension.node.js:304:100539)
	at Xy.createNotebookControllers (/home/~/.vscode-oss/extensions/ms-toolsai.jupyter-2025.1.0-linux-x64/dist/extension.node.js:304:99597)
	at Xy.loadControllersImpl (/home/~/.vscode-oss/extensions/ms-toolsai.jupyter-2025.1.0-linux-x64/dist/extension.node.js:304:99057)
	at Xy.loadControllers (/home/~/.vscode-oss/extensions/ms-toolsai.jupyter-2025.1.0-linux-x64/dist/extension.node.js:304:98807)
	at Xy.<anonymous> (/home/~/.vscode-oss/extensions/ms-toolsai.jupyter-2025.1.0-linux-x64/dist/extension.node.js:304:98175)
	at D.B (file:///usr/lib/code-oss/resources/app/out/vs/workbench/api/node/extensionHostProcess.js:27:2373)
	at D.fire (file:///usr/lib/code-oss/resources/app/out/vs/workbench/api/node/extensionHostProcess.js:27:2591)
	at Ah.value (/home/~/.vscode-oss/extensions/ms-toolsai.jupyter-2025.1.0-linux-x64/dist/extension.node.js:285:19835)
	at D.B (file:///usr/lib/code-oss/resources/app/out/vs/workbench/api/node/extensionHostProcess.js:27:2373)
	at D.C (file:///usr/lib/code-oss/resources/app/out/vs/workbench/api/node/extensionHostProcess.js:27:2443)
	at D.fire (file:///usr/lib/code-oss/resources/app/out/vs/workbench/api/node/extensionHostProcess.js:27:2660)
	at lb.buildDummyEnvironment (/home/~/.vscode-oss/extensions/ms-toolsai.jupyter-2025.1.0-linux-x64/dist/extension.node.js:304:145848)]
20:06:14.296 [warn] Failed to attach variable provider [Error: Extension 'ms-toolsai.jupyter' CANNOT use API proposal: notebookVariableProvider.
Its package.json#enabledApiProposals-property declares:  but NOT notebookVariableProvider.
 The missing proposal MUST be added and you must start in extension development mode or use the following command line switch: --enable-proposed-api ms-toolsai.jupyter
	at N (file:///usr/lib/code-oss/resources/app/out/vs/workbench/api/node/extensionHostProcess.js:110:16858)
	at set variableProvider (file:///usr/lib/code-oss/resources/app/out/vs/workbench/api/node/extensionHostProcess.js:171:20783)
	at n.create (/home/~/.vscode-oss/extensions/ms-toolsai.jupyter-2025.1.0-linux-x64/dist/extension.node.js:304:87851)
	at /home/~/.vscode-oss/extensions/ms-toolsai.jupyter-2025.1.0-linux-x64/dist/extension.node.js:304:101516
	at Array.forEach (<anonymous>)
	at Xy.addImpl (/home/~/.vscode-oss/extensions/ms-toolsai.jupyter-2025.1.0-linux-x64/dist/extension.node.js:304:101489)
	at /home/~/.vscode-oss/extensions/ms-toolsai.jupyter-2025.1.0-linux-x64/dist/extension.node.js:304:100569
	at Array.forEach (<anonymous>)
	at Xy.batchAdd (/home/~/.vscode-oss/extensions/ms-toolsai.jupyter-2025.1.0-linux-x64/dist/extension.node.js:304:100539)
	at Xy.createNotebookControllers (/home/~/.vscode-oss/extensions/ms-toolsai.jupyter-2025.1.0-linux-x64/dist/extension.node.js:304:99597)
	at Xy.loadControllersImpl (/home/~/.vscode-oss/extensions/ms-toolsai.jupyter-2025.1.0-linux-x64/dist/extension.node.js:304:99057)
	at Xy.loadControllers (/home/~/.vscode-oss/extensions/ms-toolsai.jupyter-2025.1.0-linux-x64/dist/extension.node.js:304:98807)
	at Xy.<anonymous> (/home/~/.vscode-oss/extensions/ms-toolsai.jupyter-2025.1.0-linux-x64/dist/extension.node.js:304:98175)
	at D.B (file:///usr/lib/code-oss/resources/app/out/vs/workbench/api/node/extensionHostProcess.js:27:2373)
	at D.fire (file:///usr/lib/code-oss/resources/app/out/vs/workbench/api/node/extensionHostProcess.js:27:2591)
	at Ah.value (/home/~/.vscode-oss/extensions/ms-toolsai.jupyter-2025.1.0-linux-x64/dist/extension.node.js:285:19835)
	at D.B (file:///usr/lib/code-oss/resources/app/out/vs/workbench/api/node/extensionHostProcess.js:27:2373)
	at D.C (file:///usr/lib/code-oss/resources/app/out/vs/workbench/api/node/extensionHostProcess.js:27:2443)
	at D.fire (file:///usr/lib/code-oss/resources/app/out/vs/workbench/api/node/extensionHostProcess.js:27:2660)
	at lb.buildDummyEnvironment (/home/~/.vscode-oss/extensions/ms-toolsai.jupyter-2025.1.0-linux-x64/dist/extension.node.js:304:145848)]
20:06:14.299 [warn] Failed to attach variable provider [Error: Extension 'ms-toolsai.jupyter' CANNOT use API proposal: notebookVariableProvider.
Its package.json#enabledApiProposals-property declares:  but NOT notebookVariableProvider.
 The missing proposal MUST be added and you must start in extension development mode or use the following command line switch: --enable-proposed-api ms-toolsai.jupyter
	at N (file:///usr/lib/code-oss/resources/app/out/vs/workbench/api/node/extensionHostProcess.js:110:16858)
	at set variableProvider (file:///usr/lib/code-oss/resources/app/out/vs/workbench/api/node/extensionHostProcess.js:171:20783)
	at n.create (/home/~/.vscode-oss/extensions/ms-toolsai.jupyter-2025.1.0-linux-x64/dist/extension.node.js:304:87851)
	at /home/~/.vscode-oss/extensions/ms-toolsai.jupyter-2025.1.0-linux-x64/dist/extension.node.js:304:101516
	at Array.forEach (<anonymous>)
	at Xy.addImpl (/home/~/.vscode-oss/extensions/ms-toolsai.jupyter-2025.1.0-linux-x64/dist/extension.node.js:304:101489)
	at /home/~/.vscode-oss/extensions/ms-toolsai.jupyter-2025.1.0-linux-x64/dist/extension.node.js:304:100569
	at Array.forEach (<anonymous>)
	at Xy.batchAdd (/home/~/.vscode-oss/extensions/ms-toolsai.jupyter-2025.1.0-linux-x64/dist/extension.node.js:304:100539)
	at Xy.createNotebookControllers (/home/~/.vscode-oss/extensions/ms-toolsai.jupyter-2025.1.0-linux-x64/dist/extension.node.js:304:99597)
	at Xy.loadControllersImpl (/home/~/.vscode-oss/extensions/ms-toolsai.jupyter-2025.1.0-linux-x64/dist/extension.node.js:304:99057)
	at Xy.loadControllers (/home/~/.vscode-oss/extensions/ms-toolsai.jupyter-2025.1.0-linux-x64/dist/extension.node.js:304:98807)
	at Xy.<anonymous> (/home/~/.vscode-oss/extensions/ms-toolsai.jupyter-2025.1.0-linux-x64/dist/extension.node.js:304:98175)
	at D.B (file:///usr/lib/code-oss/resources/app/out/vs/workbench/api/node/extensionHostProcess.js:27:2373)
	at D.fire (file:///usr/lib/code-oss/resources/app/out/vs/workbench/api/node/extensionHostProcess.js:27:2591)
	at Ah.value (/home/~/.vscode-oss/extensions/ms-toolsai.jupyter-2025.1.0-linux-x64/dist/extension.node.js:285:19835)
	at D.B (file:///usr/lib/code-oss/resources/app/out/vs/workbench/api/node/extensionHostProcess.js:27:2373)
	at D.C (file:///usr/lib/code-oss/resources/app/out/vs/workbench/api/node/extensionHostProcess.js:27:2443)
	at D.fire (file:///usr/lib/code-oss/resources/app/out/vs/workbench/api/node/extensionHostProcess.js:27:2660)
	at lb.buildDummyEnvironment (/home/~/.vscode-oss/extensions/ms-toolsai.jupyter-2025.1.0-linux-x64/dist/extension.node.js:304:145848)]
20:06:14.300 [warn] Failed to attach variable provider [Error: Extension 'ms-toolsai.jupyter' CANNOT use API proposal: notebookVariableProvider.
Its package.json#enabledApiProposals-property declares:  but NOT notebookVariableProvider.
 The missing proposal MUST be added and you must start in extension development mode or use the following command line switch: --enable-proposed-api ms-toolsai.jupyter
	at N (file:///usr/lib/code-oss/resources/app/out/vs/workbench/api/node/extensionHostProcess.js:110:16858)
	at set variableProvider (file:///usr/lib/code-oss/resources/app/out/vs/workbench/api/node/extensionHostProcess.js:171:20783)
	at n.create (/home/~/.vscode-oss/extensions/ms-toolsai.jupyter-2025.1.0-linux-x64/dist/extension.node.js:304:87851)
	at /home/~/.vscode-oss/extensions/ms-toolsai.jupyter-2025.1.0-linux-x64/dist/extension.node.js:304:101516
	at Array.forEach (<anonymous>)
	at Xy.addImpl (/home/~/.vscode-oss/extensions/ms-toolsai.jupyter-2025.1.0-linux-x64/dist/extension.node.js:304:101489)
	at /home/~/.vscode-oss/extensions/ms-toolsai.jupyter-2025.1.0-linux-x64/dist/extension.node.js:304:100569
	at Array.forEach (<anonymous>)
	at Xy.batchAdd (/home/~/.vscode-oss/extensions/ms-toolsai.jupyter-2025.1.0-linux-x64/dist/extension.node.js:304:100539)
	at Xy.createNotebookControllers (/home/~/.vscode-oss/extensions/ms-toolsai.jupyter-2025.1.0-linux-x64/dist/extension.node.js:304:99597)
	at Xy.loadControllersImpl (/home/~/.vscode-oss/extensions/ms-toolsai.jupyter-2025.1.0-linux-x64/dist/extension.node.js:304:99057)
	at Xy.loadControllers (/home/~/.vscode-oss/extensions/ms-toolsai.jupyter-2025.1.0-linux-x64/dist/extension.node.js:304:98807)
	at Xy.<anonymous> (/home/~/.vscode-oss/extensions/ms-toolsai.jupyter-2025.1.0-linux-x64/dist/extension.node.js:304:98175)
	at D.B (file:///usr/lib/code-oss/resources/app/out/vs/workbench/api/node/extensionHostProcess.js:27:2373)
	at D.fire (file:///usr/lib/code-oss/resources/app/out/vs/workbench/api/node/extensionHostProcess.js:27:2591)
	at Ah.value (/home/~/.vscode-oss/extensions/ms-toolsai.jupyter-2025.1.0-linux-x64/dist/extension.node.js:285:19835)
	at D.B (file:///usr/lib/code-oss/resources/app/out/vs/workbench/api/node/extensionHostProcess.js:27:2373)
	at D.C (file:///usr/lib/code-oss/resources/app/out/vs/workbench/api/node/extensionHostProcess.js:27:2443)
	at D.fire (file:///usr/lib/code-oss/resources/app/out/vs/workbench/api/node/extensionHostProcess.js:27:2660)
	at lb.buildDummyEnvironment (/home/~/.vscode-oss/extensions/ms-toolsai.jupyter-2025.1.0-linux-x64/dist/extension.node.js:304:145848)]
20:06:14.303 [warn] Failed to attach variable provider [Error: Extension 'ms-toolsai.jupyter' CANNOT use API proposal: notebookVariableProvider.
Its package.json#enabledApiProposals-property declares:  but NOT notebookVariableProvider.
 The missing proposal MUST be added and you must start in extension development mode or use the following command line switch: --enable-proposed-api ms-toolsai.jupyter
	at N (file:///usr/lib/code-oss/resources/app/out/vs/workbench/api/node/extensionHostProcess.js:110:16858)
	at set variableProvider (file:///usr/lib/code-oss/resources/app/out/vs/workbench/api/node/extensionHostProcess.js:171:20783)
	at n.create (/home/~/.vscode-oss/extensions/ms-toolsai.jupyter-2025.1.0-linux-x64/dist/extension.node.js:304:87851)
	at /home/~/.vscode-oss/extensions/ms-toolsai.jupyter-2025.1.0-linux-x64/dist/extension.node.js:304:101516
	at Array.forEach (<anonymous>)
	at Xy.addImpl (/home/~/.vscode-oss/extensions/ms-toolsai.jupyter-2025.1.0-linux-x64/dist/extension.node.js:304:101489)
	at /home/~/.vscode-oss/extensions/ms-toolsai.jupyter-2025.1.0-linux-x64/dist/extension.node.js:304:100569
	at Array.forEach (<anonymous>)
	at Xy.batchAdd (/home/~/.vscode-oss/extensions/ms-toolsai.jupyter-2025.1.0-linux-x64/dist/extension.node.js:304:100539)
	at Xy.createNotebookControllers (/home/~/.vscode-oss/extensions/ms-toolsai.jupyter-2025.1.0-linux-x64/dist/extension.node.js:304:99597)
	at Xy.loadControllersImpl (/home/~/.vscode-oss/extensions/ms-toolsai.jupyter-2025.1.0-linux-x64/dist/extension.node.js:304:99057)
	at Xy.loadControllers (/home/~/.vscode-oss/extensions/ms-toolsai.jupyter-2025.1.0-linux-x64/dist/extension.node.js:304:98807)
	at Xy.<anonymous> (/home/~/.vscode-oss/extensions/ms-toolsai.jupyter-2025.1.0-linux-x64/dist/extension.node.js:304:98175)
	at D.B (file:///usr/lib/code-oss/resources/app/out/vs/workbench/api/node/extensionHostProcess.js:27:2373)
	at D.fire (file:///usr/lib/code-oss/resources/app/out/vs/workbench/api/node/extensionHostProcess.js:27:2591)
	at Ah.value (/home/~/.vscode-oss/extensions/ms-toolsai.jupyter-2025.1.0-linux-x64/dist/extension.node.js:285:19835)
	at D.B (file:///usr/lib/code-oss/resources/app/out/vs/workbench/api/node/extensionHostProcess.js:27:2373)
	at D.C (file:///usr/lib/code-oss/resources/app/out/vs/workbench/api/node/extensionHostProcess.js:27:2443)
	at D.fire (file:///usr/lib/code-oss/resources/app/out/vs/workbench/api/node/extensionHostProcess.js:27:2660)
	at lb.buildDummyEnvironment (/home/~/.vscode-oss/extensions/ms-toolsai.jupyter-2025.1.0-linux-x64/dist/extension.node.js:304:145848)]
20:06:14.304 [warn] Failed to attach variable provider [Error: Extension 'ms-toolsai.jupyter' CANNOT use API proposal: notebookVariableProvider.
Its package.json#enabledApiProposals-property declares:  but NOT notebookVariableProvider.
 The missing proposal MUST be added and you must start in extension development mode or use the following command line switch: --enable-proposed-api ms-toolsai.jupyter
	at N (file:///usr/lib/code-oss/resources/app/out/vs/workbench/api/node/extensionHostProcess.js:110:16858)
	at set variableProvider (file:///usr/lib/code-oss/resources/app/out/vs/workbench/api/node/extensionHostProcess.js:171:20783)
	at n.create (/home/~/.vscode-oss/extensions/ms-toolsai.jupyter-2025.1.0-linux-x64/dist/extension.node.js:304:87851)
	at /home/~/.vscode-oss/extensions/ms-toolsai.jupyter-2025.1.0-linux-x64/dist/extension.node.js:304:101516
	at Array.forEach (<anonymous>)
	at Xy.addImpl (/home/~/.vscode-oss/extensions/ms-toolsai.jupyter-2025.1.0-linux-x64/dist/extension.node.js:304:101489)
	at /home/~/.vscode-oss/extensions/ms-toolsai.jupyter-2025.1.0-linux-x64/dist/extension.node.js:304:100569
	at Array.forEach (<anonymous>)
	at Xy.batchAdd (/home/~/.vscode-oss/extensions/ms-toolsai.jupyter-2025.1.0-linux-x64/dist/extension.node.js:304:100539)
	at Xy.createNotebookControllers (/home/~/.vscode-oss/extensions/ms-toolsai.jupyter-2025.1.0-linux-x64/dist/extension.node.js:304:99597)
	at Xy.loadControllersImpl (/home/~/.vscode-oss/extensions/ms-toolsai.jupyter-2025.1.0-linux-x64/dist/extension.node.js:304:99057)
	at Xy.loadControllers (/home/~/.vscode-oss/extensions/ms-toolsai.jupyter-2025.1.0-linux-x64/dist/extension.node.js:304:98807)
	at Xy.<anonymous> (/home/~/.vscode-oss/extensions/ms-toolsai.jupyter-2025.1.0-linux-x64/dist/extension.node.js:304:98175)
	at D.B (file:///usr/lib/code-oss/resources/app/out/vs/workbench/api/node/extensionHostProcess.js:27:2373)
	at D.fire (file:///usr/lib/code-oss/resources/app/out/vs/workbench/api/node/extensionHostProcess.js:27:2591)
	at Ah.value (/home/~/.vscode-oss/extensions/ms-toolsai.jupyter-2025.1.0-linux-x64/dist/extension.node.js:285:19835)
	at D.B (file:///usr/lib/code-oss/resources/app/out/vs/workbench/api/node/extensionHostProcess.js:27:2373)
	at D.C (file:///usr/lib/code-oss/resources/app/out/vs/workbench/api/node/extensionHostProcess.js:27:2443)
	at D.fire (file:///usr/lib/code-oss/resources/app/out/vs/workbench/api/node/extensionHostProcess.js:27:2660)
	at lb.buildDummyEnvironment (/home/~/.vscode-oss/extensions/ms-toolsai.jupyter-2025.1.0-linux-x64/dist/extension.node.js:304:145848)]
20:06:14.308 [warn] Failed to attach variable provider [Error: Extension 'ms-toolsai.jupyter' CANNOT use API proposal: notebookVariableProvider.
Its package.json#enabledApiProposals-property declares:  but NOT notebookVariableProvider.
 The missing proposal MUST be added and you must start in extension development mode or use the following command line switch: --enable-proposed-api ms-toolsai.jupyter
	at N (file:///usr/lib/code-oss/resources/app/out/vs/workbench/api/node/extensionHostProcess.js:110:16858)
	at set variableProvider (file:///usr/lib/code-oss/resources/app/out/vs/workbench/api/node/extensionHostProcess.js:171:20783)
	at n.create (/home/~/.vscode-oss/extensions/ms-toolsai.jupyter-2025.1.0-linux-x64/dist/extension.node.js:304:87851)
	at /home/~/.vscode-oss/extensions/ms-toolsai.jupyter-2025.1.0-linux-x64/dist/extension.node.js:304:101516
	at Array.forEach (<anonymous>)
	at Xy.addImpl (/home/~/.vscode-oss/extensions/ms-toolsai.jupyter-2025.1.0-linux-x64/dist/extension.node.js:304:101489)
	at /home/~/.vscode-oss/extensions/ms-toolsai.jupyter-2025.1.0-linux-x64/dist/extension.node.js:304:100569
	at Array.forEach (<anonymous>)
	at Xy.batchAdd (/home/~/.vscode-oss/extensions/ms-toolsai.jupyter-2025.1.0-linux-x64/dist/extension.node.js:304:100539)
	at Xy.createNotebookControllers (/home/~/.vscode-oss/extensions/ms-toolsai.jupyter-2025.1.0-linux-x64/dist/extension.node.js:304:99597)
	at Xy.loadControllersImpl (/home/~/.vscode-oss/extensions/ms-toolsai.jupyter-2025.1.0-linux-x64/dist/extension.node.js:304:99057)
	at Xy.loadControllers (/home/~/.vscode-oss/extensions/ms-toolsai.jupyter-2025.1.0-linux-x64/dist/extension.node.js:304:98807)
	at Xy.<anonymous> (/home/~/.vscode-oss/extensions/ms-toolsai.jupyter-2025.1.0-linux-x64/dist/extension.node.js:304:98175)
	at D.B (file:///usr/lib/code-oss/resources/app/out/vs/workbench/api/node/extensionHostProcess.js:27:2373)
	at D.fire (file:///usr/lib/code-oss/resources/app/out/vs/workbench/api/node/extensionHostProcess.js:27:2591)
	at Ah.value (/home/~/.vscode-oss/extensions/ms-toolsai.jupyter-2025.1.0-linux-x64/dist/extension.node.js:285:19835)
	at D.B (file:///usr/lib/code-oss/resources/app/out/vs/workbench/api/node/extensionHostProcess.js:27:2373)
	at D.C (file:///usr/lib/code-oss/resources/app/out/vs/workbench/api/node/extensionHostProcess.js:27:2443)
	at D.fire (file:///usr/lib/code-oss/resources/app/out/vs/workbench/api/node/extensionHostProcess.js:27:2660)
	at lb.buildDummyEnvironment (/home/~/.vscode-oss/extensions/ms-toolsai.jupyter-2025.1.0-linux-x64/dist/extension.node.js:304:145848)]
20:06:14.309 [warn] Failed to attach variable provider [Error: Extension 'ms-toolsai.jupyter' CANNOT use API proposal: notebookVariableProvider.
Its package.json#enabledApiProposals-property declares:  but NOT notebookVariableProvider.
 The missing proposal MUST be added and you must start in extension development mode or use the following command line switch: --enable-proposed-api ms-toolsai.jupyter
	at N (file:///usr/lib/code-oss/resources/app/out/vs/workbench/api/node/extensionHostProcess.js:110:16858)
	at set variableProvider (file:///usr/lib/code-oss/resources/app/out/vs/workbench/api/node/extensionHostProcess.js:171:20783)
	at n.create (/home/~/.vscode-oss/extensions/ms-toolsai.jupyter-2025.1.0-linux-x64/dist/extension.node.js:304:87851)
	at /home/~/.vscode-oss/extensions/ms-toolsai.jupyter-2025.1.0-linux-x64/dist/extension.node.js:304:101516
	at Array.forEach (<anonymous>)
	at Xy.addImpl (/home/~/.vscode-oss/extensions/ms-toolsai.jupyter-2025.1.0-linux-x64/dist/extension.node.js:304:101489)
	at /home/~/.vscode-oss/extensions/ms-toolsai.jupyter-2025.1.0-linux-x64/dist/extension.node.js:304:100569
	at Array.forEach (<anonymous>)
	at Xy.batchAdd (/home/~/.vscode-oss/extensions/ms-toolsai.jupyter-2025.1.0-linux-x64/dist/extension.node.js:304:100539)
	at Xy.createNotebookControllers (/home/~/.vscode-oss/extensions/ms-toolsai.jupyter-2025.1.0-linux-x64/dist/extension.node.js:304:99597)
	at Xy.loadControllersImpl (/home/~/.vscode-oss/extensions/ms-toolsai.jupyter-2025.1.0-linux-x64/dist/extension.node.js:304:99057)
	at Xy.loadControllers (/home/~/.vscode-oss/extensions/ms-toolsai.jupyter-2025.1.0-linux-x64/dist/extension.node.js:304:98807)
	at Xy.<anonymous> (/home/~/.vscode-oss/extensions/ms-toolsai.jupyter-2025.1.0-linux-x64/dist/extension.node.js:304:98175)
	at D.B (file:///usr/lib/code-oss/resources/app/out/vs/workbench/api/node/extensionHostProcess.js:27:2373)
	at D.fire (file:///usr/lib/code-oss/resources/app/out/vs/workbench/api/node/extensionHostProcess.js:27:2591)
	at Ah.value (/home/~/.vscode-oss/extensions/ms-toolsai.jupyter-2025.1.0-linux-x64/dist/extension.node.js:285:19835)
	at D.B (file:///usr/lib/code-oss/resources/app/out/vs/workbench/api/node/extensionHostProcess.js:27:2373)
	at D.C (file:///usr/lib/code-oss/resources/app/out/vs/workbench/api/node/extensionHostProcess.js:27:2443)
	at D.fire (file:///usr/lib/code-oss/resources/app/out/vs/workbench/api/node/extensionHostProcess.js:27:2660)
	at lb.buildDummyEnvironment (/home/~/.vscode-oss/extensions/ms-toolsai.jupyter-2025.1.0-linux-x64/dist/extension.node.js:304:145848)]
20:06:14.313 [warn] Failed to attach variable provider [Error: Extension 'ms-toolsai.jupyter' CANNOT use API proposal: notebookVariableProvider.
Its package.json#enabledApiProposals-property declares:  but NOT notebookVariableProvider.
 The missing proposal MUST be added and you must start in extension development mode or use the following command line switch: --enable-proposed-api ms-toolsai.jupyter
	at N (file:///usr/lib/code-oss/resources/app/out/vs/workbench/api/node/extensionHostProcess.js:110:16858)
	at set variableProvider (file:///usr/lib/code-oss/resources/app/out/vs/workbench/api/node/extensionHostProcess.js:171:20783)
	at n.create (/home/~/.vscode-oss/extensions/ms-toolsai.jupyter-2025.1.0-linux-x64/dist/extension.node.js:304:87851)
	at /home/~/.vscode-oss/extensions/ms-toolsai.jupyter-2025.1.0-linux-x64/dist/extension.node.js:304:101516
	at Array.forEach (<anonymous>)
	at Xy.addImpl (/home/~/.vscode-oss/extensions/ms-toolsai.jupyter-2025.1.0-linux-x64/dist/extension.node.js:304:101489)
	at /home/~/.vscode-oss/extensions/ms-toolsai.jupyter-2025.1.0-linux-x64/dist/extension.node.js:304:100569
	at Array.forEach (<anonymous>)
	at Xy.batchAdd (/home/~/.vscode-oss/extensions/ms-toolsai.jupyter-2025.1.0-linux-x64/dist/extension.node.js:304:100539)
	at Xy.createNotebookControllers (/home/~/.vscode-oss/extensions/ms-toolsai.jupyter-2025.1.0-linux-x64/dist/extension.node.js:304:99597)
	at Xy.loadControllersImpl (/home/~/.vscode-oss/extensions/ms-toolsai.jupyter-2025.1.0-linux-x64/dist/extension.node.js:304:99057)
	at Xy.loadControllers (/home/~/.vscode-oss/extensions/ms-toolsai.jupyter-2025.1.0-linux-x64/dist/extension.node.js:304:98807)
	at Xy.<anonymous> (/home/~/.vscode-oss/extensions/ms-toolsai.jupyter-2025.1.0-linux-x64/dist/extension.node.js:304:98175)
	at D.B (file:///usr/lib/code-oss/resources/app/out/vs/workbench/api/node/extensionHostProcess.js:27:2373)
	at D.fire (file:///usr/lib/code-oss/resources/app/out/vs/workbench/api/node/extensionHostProcess.js:27:2591)
	at Ah.value (/home/~/.vscode-oss/extensions/ms-toolsai.jupyter-2025.1.0-linux-x64/dist/extension.node.js:285:19835)
	at D.B (file:///usr/lib/code-oss/resources/app/out/vs/workbench/api/node/extensionHostProcess.js:27:2373)
	at D.C (file:///usr/lib/code-oss/resources/app/out/vs/workbench/api/node/extensionHostProcess.js:27:2443)
	at D.fire (file:///usr/lib/code-oss/resources/app/out/vs/workbench/api/node/extensionHostProcess.js:27:2660)
	at lb.buildDummyEnvironment (/home/~/.vscode-oss/extensions/ms-toolsai.jupyter-2025.1.0-linux-x64/dist/extension.node.js:304:145848)]
20:06:14.314 [warn] Failed to attach variable provider [Error: Extension 'ms-toolsai.jupyter' CANNOT use API proposal: notebookVariableProvider.
Its package.json#enabledApiProposals-property declares:  but NOT notebookVariableProvider.
 The missing proposal MUST be added and you must start in extension development mode or use the following command line switch: --enable-proposed-api ms-toolsai.jupyter
	at N (file:///usr/lib/code-oss/resources/app/out/vs/workbench/api/node/extensionHostProcess.js:110:16858)
	at set variableProvider (file:///usr/lib/code-oss/resources/app/out/vs/workbench/api/node/extensionHostProcess.js:171:20783)
	at n.create (/home/~/.vscode-oss/extensions/ms-toolsai.jupyter-2025.1.0-linux-x64/dist/extension.node.js:304:87851)
	at /home/~/.vscode-oss/extensions/ms-toolsai.jupyter-2025.1.0-linux-x64/dist/extension.node.js:304:101516
	at Array.forEach (<anonymous>)
	at Xy.addImpl (/home/~/.vscode-oss/extensions/ms-toolsai.jupyter-2025.1.0-linux-x64/dist/extension.node.js:304:101489)
	at /home/~/.vscode-oss/extensions/ms-toolsai.jupyter-2025.1.0-linux-x64/dist/extension.node.js:304:100569
	at Array.forEach (<anonymous>)
	at Xy.batchAdd (/home/~/.vscode-oss/extensions/ms-toolsai.jupyter-2025.1.0-linux-x64/dist/extension.node.js:304:100539)
	at Xy.createNotebookControllers (/home/~/.vscode-oss/extensions/ms-toolsai.jupyter-2025.1.0-linux-x64/dist/extension.node.js:304:99597)
	at Xy.loadControllersImpl (/home/~/.vscode-oss/extensions/ms-toolsai.jupyter-2025.1.0-linux-x64/dist/extension.node.js:304:99057)
	at Xy.loadControllers (/home/~/.vscode-oss/extensions/ms-toolsai.jupyter-2025.1.0-linux-x64/dist/extension.node.js:304:98807)
	at Xy.<anonymous> (/home/~/.vscode-oss/extensions/ms-toolsai.jupyter-2025.1.0-linux-x64/dist/extension.node.js:304:98175)
	at D.B (file:///usr/lib/code-oss/resources/app/out/vs/workbench/api/node/extensionHostProcess.js:27:2373)
	at D.fire (file:///usr/lib/code-oss/resources/app/out/vs/workbench/api/node/extensionHostProcess.js:27:2591)
	at Ah.value (/home/~/.vscode-oss/extensions/ms-toolsai.jupyter-2025.1.0-linux-x64/dist/extension.node.js:285:19835)
	at D.B (file:///usr/lib/code-oss/resources/app/out/vs/workbench/api/node/extensionHostProcess.js:27:2373)
	at D.C (file:///usr/lib/code-oss/resources/app/out/vs/workbench/api/node/extensionHostProcess.js:27:2443)
	at D.fire (file:///usr/lib/code-oss/resources/app/out/vs/workbench/api/node/extensionHostProcess.js:27:2660)
	at lb.buildDummyEnvironment (/home/~/.vscode-oss/extensions/ms-toolsai.jupyter-2025.1.0-linux-x64/dist/extension.node.js:304:145848)]
20:06:14.318 [warn] Failed to attach variable provider [Error: Extension 'ms-toolsai.jupyter' CANNOT use API proposal: notebookVariableProvider.
Its package.json#enabledApiProposals-property declares:  but NOT notebookVariableProvider.
 The missing proposal MUST be added and you must start in extension development mode or use the following command line switch: --enable-proposed-api ms-toolsai.jupyter
	at N (file:///usr/lib/code-oss/resources/app/out/vs/workbench/api/node/extensionHostProcess.js:110:16858)
	at set variableProvider (file:///usr/lib/code-oss/resources/app/out/vs/workbench/api/node/extensionHostProcess.js:171:20783)
	at n.create (/home/~/.vscode-oss/extensions/ms-toolsai.jupyter-2025.1.0-linux-x64/dist/extension.node.js:304:87851)
	at /home/~/.vscode-oss/extensions/ms-toolsai.jupyter-2025.1.0-linux-x64/dist/extension.node.js:304:101516
	at Array.forEach (<anonymous>)
	at Xy.addImpl (/home/~/.vscode-oss/extensions/ms-toolsai.jupyter-2025.1.0-linux-x64/dist/extension.node.js:304:101489)
	at /home/~/.vscode-oss/extensions/ms-toolsai.jupyter-2025.1.0-linux-x64/dist/extension.node.js:304:100569
	at Array.forEach (<anonymous>)
	at Xy.batchAdd (/home/~/.vscode-oss/extensions/ms-toolsai.jupyter-2025.1.0-linux-x64/dist/extension.node.js:304:100539)
	at Xy.createNotebookControllers (/home/~/.vscode-oss/extensions/ms-toolsai.jupyter-2025.1.0-linux-x64/dist/extension.node.js:304:99597)
	at Xy.loadControllersImpl (/home/~/.vscode-oss/extensions/ms-toolsai.jupyter-2025.1.0-linux-x64/dist/extension.node.js:304:99057)
	at Xy.loadControllers (/home/~/.vscode-oss/extensions/ms-toolsai.jupyter-2025.1.0-linux-x64/dist/extension.node.js:304:98807)
	at Xy.<anonymous> (/home/~/.vscode-oss/extensions/ms-toolsai.jupyter-2025.1.0-linux-x64/dist/extension.node.js:304:98175)
	at D.B (file:///usr/lib/code-oss/resources/app/out/vs/workbench/api/node/extensionHostProcess.js:27:2373)
	at D.fire (file:///usr/lib/code-oss/resources/app/out/vs/workbench/api/node/extensionHostProcess.js:27:2591)
	at Ah.value (/home/~/.vscode-oss/extensions/ms-toolsai.jupyter-2025.1.0-linux-x64/dist/extension.node.js:285:19835)
	at D.B (file:///usr/lib/code-oss/resources/app/out/vs/workbench/api/node/extensionHostProcess.js:27:2373)
	at D.C (file:///usr/lib/code-oss/resources/app/out/vs/workbench/api/node/extensionHostProcess.js:27:2443)
	at D.fire (file:///usr/lib/code-oss/resources/app/out/vs/workbench/api/node/extensionHostProcess.js:27:2660)
	at lb.buildDummyEnvironment (/home/~/.vscode-oss/extensions/ms-toolsai.jupyter-2025.1.0-linux-x64/dist/extension.node.js:304:145848)]
20:06:14.319 [warn] Failed to attach variable provider [Error: Extension 'ms-toolsai.jupyter' CANNOT use API proposal: notebookVariableProvider.
Its package.json#enabledApiProposals-property declares:  but NOT notebookVariableProvider.
 The missing proposal MUST be added and you must start in extension development mode or use the following command line switch: --enable-proposed-api ms-toolsai.jupyter
	at N (file:///usr/lib/code-oss/resources/app/out/vs/workbench/api/node/extensionHostProcess.js:110:16858)
	at set variableProvider (file:///usr/lib/code-oss/resources/app/out/vs/workbench/api/node/extensionHostProcess.js:171:20783)
	at n.create (/home/~/.vscode-oss/extensions/ms-toolsai.jupyter-2025.1.0-linux-x64/dist/extension.node.js:304:87851)
	at /home/~/.vscode-oss/extensions/ms-toolsai.jupyter-2025.1.0-linux-x64/dist/extension.node.js:304:101516
	at Array.forEach (<anonymous>)
	at Xy.addImpl (/home/~/.vscode-oss/extensions/ms-toolsai.jupyter-2025.1.0-linux-x64/dist/extension.node.js:304:101489)
	at /home/~/.vscode-oss/extensions/ms-toolsai.jupyter-2025.1.0-linux-x64/dist/extension.node.js:304:100569
	at Array.forEach (<anonymous>)
	at Xy.batchAdd (/home/~/.vscode-oss/extensions/ms-toolsai.jupyter-2025.1.0-linux-x64/dist/extension.node.js:304:100539)
	at Xy.createNotebookControllers (/home/~/.vscode-oss/extensions/ms-toolsai.jupyter-2025.1.0-linux-x64/dist/extension.node.js:304:99597)
	at Xy.loadControllersImpl (/home/~/.vscode-oss/extensions/ms-toolsai.jupyter-2025.1.0-linux-x64/dist/extension.node.js:304:99057)
	at Xy.loadControllers (/home/~/.vscode-oss/extensions/ms-toolsai.jupyter-2025.1.0-linux-x64/dist/extension.node.js:304:98807)
	at Xy.<anonymous> (/home/~/.vscode-oss/extensions/ms-toolsai.jupyter-2025.1.0-linux-x64/dist/extension.node.js:304:98175)
	at D.B (file:///usr/lib/code-oss/resources/app/out/vs/workbench/api/node/extensionHostProcess.js:27:2373)
	at D.fire (file:///usr/lib/code-oss/resources/app/out/vs/workbench/api/node/extensionHostProcess.js:27:2591)
	at Ah.value (/home/~/.vscode-oss/extensions/ms-toolsai.jupyter-2025.1.0-linux-x64/dist/extension.node.js:285:19835)
	at D.B (file:///usr/lib/code-oss/resources/app/out/vs/workbench/api/node/extensionHostProcess.js:27:2373)
	at D.C (file:///usr/lib/code-oss/resources/app/out/vs/workbench/api/node/extensionHostProcess.js:27:2443)
	at D.fire (file:///usr/lib/code-oss/resources/app/out/vs/workbench/api/node/extensionHostProcess.js:27:2660)
	at lb.buildDummyEnvironment (/home/~/.vscode-oss/extensions/ms-toolsai.jupyter-2025.1.0-linux-x64/dist/extension.node.js:304:145848)]
