2025-03-31 20:33:14.720 [info] Started local extension host with pid 25104.
2025-03-31 20:33:16.411 [error] Extension 'ms-python.debugpy CANNOT USE these API proposals 'portsAttributes, debugVisualization, contribViewsWelcome'. You MUST start in extension development mode or use the --enable-proposed-api command line flag
2025-03-31 20:33:16.413 [error] Extension 'ms-toolsai.jupyter-renderers CANNOT USE these API proposals 'contribNotebookStaticPreloads'. You MUST start in extension development mode or use the --enable-proposed-api command line flag
2025-03-31 20:33:17.430 [error] Error while getting the latest version for the extension ms-python.debugpy. Cannot read properties of undefined (reading 'replace')
2025-03-31 20:33:17.431 [error] Error while getting the latest version for the extension ms-python.python. Cannot read properties of undefined (reading 'replace')
2025-03-31 20:33:17.432 [error] Error while getting the latest version for the extension ms-python.vscode-pylance. Cannot read properties of undefined (reading 'replace')
2025-03-31 20:33:17.433 [error] Error while getting the latest version for the extension ms-toolsai.jupyter. Cannot read properties of undefined (reading 'replace')
2025-03-31 20:33:17.434 [error] Error while getting the latest version for the extension ms-toolsai.jupyter-keymap. Cannot read properties of undefined (reading 'replace')
2025-03-31 20:33:17.436 [error] Error while getting the latest version for the extension ms-toolsai.jupyter-renderers. Cannot read properties of undefined (reading 'replace')
2025-03-31 20:33:17.436 [error] Error while getting the latest version for the extension ms-toolsai.vscode-jupyter-cell-tags. Cannot read properties of undefined (reading 'replace')
2025-03-31 20:33:17.437 [error] Error while getting the latest version for the extension ms-toolsai.vscode-jupyter-slideshow. Cannot read properties of undefined (reading 'replace')
2025-03-31 20:33:20.894 [info] [perf] Render performance baseline is 140ms
2025-03-31 20:33:31.661 [error] command 'workbench.action.chat.triggerSetup' not found: Error: command 'workbench.action.chat.triggerSetup' not found
    at f3e.n (vscode-file://vscode-app/usr/lib/code-oss/resources/app/out/vs/workbench/workbench.desktop.main.js:1288:1341)
    at f3e.executeCommand (vscode-file://vscode-app/usr/lib/code-oss/resources/app/out/vs/workbench/workbench.desktop.main.js:1288:1273)
2025-03-31 20:33:35.839 [error] command 'workbench.action.chat.triggerSetup' not found: Error: command 'workbench.action.chat.triggerSetup' not found
    at f3e.n (vscode-file://vscode-app/usr/lib/code-oss/resources/app/out/vs/workbench/workbench.desktop.main.js:1288:1341)
    at f3e.executeCommand (vscode-file://vscode-app/usr/lib/code-oss/resources/app/out/vs/workbench/workbench.desktop.main.js:1288:1273)
2025-03-31 20:34:12.576 [error] No default agent contributed: CodeExpectedError: No default agent contributed
    at zKe.S (vscode-file://vscode-app/usr/lib/code-oss/resources/app/out/vs/workbench/workbench.desktop.main.js:1931:25353)
2025-03-31 20:34:12.630 [error] Edit session was created for a non-existing chat session: 104a689f-ec54-4770-a337-b1253ac7f64d: CodeExpectedError: Edit session was created for a non-existing chat session: 104a689f-ec54-4770-a337-b1253ac7f64d
    at dJe.I (vscode-file://vscode-app/usr/lib/code-oss/resources/app/out/vs/workbench/workbench.desktop.main.js:1940:24084)
    at dJe.H (vscode-file://vscode-app/usr/lib/code-oss/resources/app/out/vs/workbench/workbench.desktop.main.js:1940:23604)
    at async vte.value (vscode-file://vscode-app/usr/lib/code-oss/resources/app/out/vs/workbench/workbench.desktop.main.js:694:24841)
2025-03-31 20:34:27.439 [error] No default agent contributed: CodeExpectedError: No default agent contributed
    at zKe.S (vscode-file://vscode-app/usr/lib/code-oss/resources/app/out/vs/workbench/workbench.desktop.main.js:1931:25353)
2025-03-31 20:34:33.372 [error] No default agent contributed: CodeExpectedError: No default agent contributed
    at zKe.S (vscode-file://vscode-app/usr/lib/code-oss/resources/app/out/vs/workbench/workbench.desktop.main.js:1931:25353)
2025-03-31 20:34:34.721 [error] No default agent contributed: CodeExpectedError: No default agent contributed
    at zKe.S (vscode-file://vscode-app/usr/lib/code-oss/resources/app/out/vs/workbench/workbench.desktop.main.js:1931:25353)
