2025-03-31 20:13:15.160 [info] [main] Log level: Info
2025-03-31 20:13:15.160 [info] [main] Validating found git in: "git"
2025-03-31 20:13:15.160 [info] [main] Using git "2.49.0" from "git"
2025-03-31 20:13:15.160 [info] [Model][doInitialScan] Initial repository scan started
2025-03-31 20:13:15.160 [info] > git rev-parse --show-toplevel [15ms]
2025-03-31 20:13:15.160 [info] > git rev-parse --git-dir --git-common-dir [4ms]
2025-03-31 20:13:15.160 [info] [Model][openRepository] Opened repository: /data/tmp/rm-test-async/layers/api
2025-03-31 20:13:15.160 [info] > git config --get commit.template [32ms]
2025-03-31 20:13:15.160 [info] > git rev-parse --show-toplevel [11ms]
2025-03-31 20:13:15.160 [info] > git rev-parse --show-toplevel [9ms]
2025-03-31 20:13:15.160 [info] > git for-each-ref --format=%(refname)%00%(upstream:short)%00%(objectname)%00%(upstream:track)%00%(upstream:remotename)%00%(upstream:remoteref) refs/heads/master refs/remotes/master [28ms]
2025-03-31 20:13:15.162 [info] > git status -z -uall [17ms]
2025-03-31 20:13:15.164 [info] > git rev-parse --show-toplevel [34ms]
2025-03-31 20:13:15.178 [info] > git for-each-ref --sort -committerdate --format %(refname) %(objectname) %(*objectname) [19ms]
2025-03-31 20:13:15.290 [info] > git for-each-ref --format=%(refname)%00%(upstream:short)%00%(objectname)%00%(upstream:track)%00%(upstream:remotename)%00%(upstream:remoteref) refs/heads/master refs/remotes/master [32ms]
2025-03-31 20:13:15.305 [info] > git rev-parse --show-toplevel [128ms]
2025-03-31 20:13:15.358 [info] > git config --get --local branch.master.vscode-merge-base [53ms]
2025-03-31 20:13:15.372 [info] > git config --get commit.template [93ms]
2025-03-31 20:13:15.386 [info] > git for-each-ref --format=%(refname)%00%(upstream:short)%00%(objectname)%00%(upstream:track)%00%(upstream:remotename)%00%(upstream:remoteref) refs/heads/origin/master refs/remotes/origin/master [15ms]
2025-03-31 20:13:15.402 [info] > git rev-parse --show-toplevel [47ms]
2025-03-31 20:13:15.403 [info] [Model][doInitialScan] Initial repository scan completed - repositories (1), closed repositories (0), parent repositories (0), unsafe repositories (0)
2025-03-31 20:13:15.435 [info] > git merge-base refs/heads/master refs/remotes/origin/master [35ms]
2025-03-31 20:13:15.558 [info] > git diff --name-status -z --diff-filter=ADMR 802d6c2738c9a188f06bffe0c09117a242287bb8...refs/remotes/origin/master [106ms]
2025-03-31 20:13:15.559 [info] > git for-each-ref --format=%(refname)%00%(upstream:short)%00%(objectname)%00%(upstream:track)%00%(upstream:remotename)%00%(upstream:remoteref) refs/heads/master refs/remotes/master [132ms]
2025-03-31 20:13:15.677 [info] > git status -z -uall [23ms]
2025-03-31 20:13:15.678 [info] > git for-each-ref --sort -committerdate --format %(refname) %(objectname) %(*objectname) [7ms]
2025-03-31 20:13:16.884 [info] > git check-ignore -v -z --stdin [37ms]
2025-03-31 20:13:39.823 [info] [main] Log level: Info
2025-03-31 20:13:39.823 [info] [main] Validating found git in: "git"
2025-03-31 20:13:39.823 [info] [main] Using git "2.49.0" from "git"
2025-03-31 20:13:39.823 [info] [Model][doInitialScan] Initial repository scan started
2025-03-31 20:13:39.823 [info] > git rev-parse --show-toplevel [20ms]
2025-03-31 20:13:39.923 [info] > git rev-parse --git-dir --git-common-dir [86ms]
2025-03-31 20:13:39.955 [info] [Model][openRepository] Opened repository: /data/tmp/rm-test-async/layers/api
2025-03-31 20:13:40.049 [info] > git config --get commit.template [41ms]
2025-03-31 20:13:40.055 [info] > git rev-parse --show-toplevel [9ms]
2025-03-31 20:13:40.101 [info] > git for-each-ref --format=%(refname)%00%(upstream:short)%00%(objectname)%00%(upstream:track)%00%(upstream:remotename)%00%(upstream:remoteref) refs/heads/master refs/remotes/master [29ms]
2025-03-31 20:13:40.113 [info] > git rev-parse --show-toplevel [14ms]
2025-03-31 20:13:40.169 [info] > git rev-parse --show-toplevel [35ms]
2025-03-31 20:13:40.229 [info] > git status -z -uall [26ms]
2025-03-31 20:13:41.011 [info] > git rev-parse --show-toplevel [783ms]
2025-03-31 20:13:41.011 [info] > git for-each-ref --sort -committerdate --format %(refname) %(objectname) %(*objectname) [795ms]
2025-03-31 20:13:41.105 [info] > git check-ignore -v -z --stdin [23ms]
2025-03-31 20:13:41.107 [info] > git for-each-ref --format=%(refname)%00%(upstream:short)%00%(objectname)%00%(upstream:track)%00%(upstream:remotename)%00%(upstream:remoteref) refs/heads/master refs/remotes/master [40ms]
2025-03-31 20:13:41.134 [info] > git config --get --local branch.master.vscode-merge-base [18ms]
2025-03-31 20:13:41.144 [info] > git config --get commit.template [40ms]
2025-03-31 20:13:41.145 [info] > git rev-parse --show-toplevel [49ms]
2025-03-31 20:13:41.146 [info] [Model][doInitialScan] Initial repository scan completed - repositories (1), closed repositories (0), parent repositories (0), unsafe repositories (0)
2025-03-31 20:13:41.157 [info] > git for-each-ref --format=%(refname)%00%(upstream:short)%00%(objectname)%00%(upstream:track)%00%(upstream:remotename)%00%(upstream:remoteref) refs/heads/origin/master refs/remotes/origin/master [14ms]
2025-03-31 20:13:41.181 [info] > git merge-base refs/heads/master refs/remotes/origin/master [14ms]
2025-03-31 20:13:41.193 [info] > git for-each-ref --format=%(refname)%00%(upstream:short)%00%(objectname)%00%(upstream:track)%00%(upstream:remotename)%00%(upstream:remoteref) refs/heads/master refs/remotes/master [13ms]
2025-03-31 20:13:41.230 [info] > git diff --name-status -z --diff-filter=ADMR 802d6c2738c9a188f06bffe0c09117a242287bb8...refs/remotes/origin/master [40ms]
2025-03-31 20:13:41.251 [info] > git status -z -uall [10ms]
2025-03-31 20:13:41.253 [info] > git for-each-ref --sort -committerdate --format %(refname) %(objectname) %(*objectname) [4ms]
