2025-03-31 20:35:24.653 [info] Reading sessions from keychain...
2025-03-31 20:35:24.653 [info] Getting sessions for all scopes...
2025-03-31 20:35:24.653 [info] Got 0 sessions for ...
2025-03-31 20:35:24.653 [info] Getting sessions for all scopes...
2025-03-31 20:35:24.653 [info] Got 0 sessions for ...
2025-03-31 20:35:24.692 [info] Getting sessions for read:user,repo,user:email,workflow...
2025-03-31 20:35:24.692 [info] Got 0 sessions for read:user,repo,user:email,workflow...
2025-03-31 20:35:25.836 [info] Getting sessions for all scopes...
2025-03-31 20:35:25.836 [info] Got 0 sessions for ...
2025-03-31 20:35:57.528 [info] Getting sessions for read:user,repo,user:email,workflow...
2025-03-31 20:35:57.528 [info] Got 0 sessions for read:user,repo,user:email,workflow...
2025-03-31 20:37:44.937 [info] Getting sessions for read:user,repo,user:email,workflow...
2025-03-31 20:37:44.937 [info] Got 0 sessions for read:user,repo,user:email,workflow...
2025-03-31 20:37:44.969 [info] Getting sessions for read:user...
2025-03-31 20:37:44.969 [info] Got 0 sessions for read:user...
2025-03-31 20:37:44.972 [info] Getting sessions for user:email...
2025-03-31 20:37:44.973 [info] Got 0 sessions for user:email...
2025-03-31 20:40:21.455 [info] Logging in with 'any' account...
2025-03-31 20:40:21.456 [info] Logging in for the following scopes: user:email
2025-03-31 20:40:21.489 [info] Trying device code flow... (user:email)
2025-03-31 20:42:35.219 [info] Getting user info...
2025-03-31 20:42:35.753 [info] Got account info!
2025-03-31 20:42:35.755 [info] Storing 1 sessions...
2025-03-31 20:42:51.860 [info] Reading sessions from keychain...
2025-03-31 20:42:51.860 [info] Stored 1 sessions!
2025-03-31 20:42:51.860 [info] Login success!
2025-03-31 20:42:51.877 [info] Got stored sessions!
2025-03-31 20:42:51.877 [info] Got 1 verified sessions.
2025-03-31 20:42:51.885 [info] Getting sessions for read:user,repo,user:email,workflow...
2025-03-31 20:42:51.885 [info] Got 0 sessions for read:user,repo,user:email,workflow...
2025-03-31 20:42:51.893 [info] Getting sessions for read:user,repo,user:email,workflow...
2025-03-31 20:42:51.893 [info] Got 0 sessions for read:user,repo,user:email,workflow...
2025-03-31 20:42:51.900 [info] Getting sessions for read:user...
2025-03-31 20:42:51.900 [info] Got 0 sessions for read:user...
2025-03-31 20:42:51.902 [info] Getting sessions for user:email...
2025-03-31 20:42:51.902 [info] Got 1 sessions for user:email...
2025-03-31 20:44:33.182 [info] Getting sessions for read:user,repo,user:email,workflow...
2025-03-31 20:44:33.182 [info] Got 0 sessions for read:user,repo,user:email,workflow...
2025-03-31 20:44:33.201 [info] Getting sessions for read:user,repo,user:email,workflow...
2025-03-31 20:44:33.201 [info] Got 0 sessions for read:user,repo,user:email,workflow...
2025-03-31 20:44:33.216 [info] Getting sessions for read:user...
2025-03-31 20:44:33.216 [info] Got 0 sessions for read:user...
2025-03-31 20:44:33.225 [info] Getting sessions for user:email...
2025-03-31 20:44:33.225 [info] Got 1 sessions for user:email...
2025-03-31 20:46:14.801 [info] Getting sessions for read:user,repo,user:email,workflow...
2025-03-31 20:46:14.801 [info] Got 0 sessions for read:user,repo,user:email,workflow...
