2025-04-01 17:28:22.955 [info] [main] Log level: Info
2025-04-01 17:28:22.955 [info] [main] Validating found git in: "git"
2025-04-01 17:28:22.955 [info] [main] Using git "2.49.0" from "git"
2025-04-01 17:28:22.955 [info] [Model][doInitialScan] Initial repository scan started
2025-04-01 17:28:22.955 [info] > git rev-parse --show-toplevel [1205ms]
2025-04-01 17:28:22.955 [info] > git rev-parse --git-dir --git-common-dir [183ms]
2025-04-01 17:28:22.955 [info] [Model][openRepository] Opened repository: /data/tmp/rm-test-async/layers/api
2025-04-01 17:28:22.955 [info] > git config --get commit.template [85ms]
2025-04-01 17:28:22.955 [info] > git rev-parse --show-toplevel [105ms]
2025-04-01 17:28:23.019 [info] > git rev-parse --show-toplevel [47ms]
2025-04-01 17:28:23.020 [info] > git for-each-ref --format=%(refname)%00%(upstream:short)%00%(objectname)%00%(upstream:track)%00%(upstream:remotename)%00%(upstream:remoteref) refs/heads/master refs/remotes/master [67ms]
2025-04-01 17:28:23.089 [info] > git rev-parse --show-toplevel [8ms]
2025-04-01 17:28:23.194 [info] > git rev-parse --show-toplevel [81ms]
2025-04-01 17:28:23.195 [info] > git status -z -uall [62ms]
2025-04-01 17:28:23.221 [info] > git for-each-ref --sort -committerdate --format %(refname) %(objectname) %(*objectname) [65ms]
2025-04-01 17:28:23.335 [info] > git check-ignore -v -z --stdin [21ms]
2025-04-01 17:28:23.337 [info] > git for-each-ref --format=%(refname)%00%(upstream:short)%00%(objectname)%00%(upstream:track)%00%(upstream:remotename)%00%(upstream:remoteref) refs/heads/master refs/remotes/master [52ms]
2025-04-01 17:28:23.356 [info] > git rev-parse --show-toplevel [135ms]
2025-04-01 17:28:23.357 [info] [Model][doInitialScan] Initial repository scan completed - repositories (1), closed repositories (0), parent repositories (0), unsafe repositories (0)
2025-04-01 17:28:23.420 [info] > git show --textconv :api.py [42ms]
2025-04-01 17:28:23.420 [info] > git ls-files --stage -- /data/tmp/rm-test-async/layers/api/api.py [22ms]
2025-04-01 17:28:23.445 [info] > git config --get --local branch.master.vscode-merge-base [90ms]
2025-04-01 17:28:23.474 [info] > git config --get commit.template [139ms]
2025-04-01 17:28:23.478 [info] > git for-each-ref --format=%(refname)%00%(upstream:short)%00%(objectname)%00%(upstream:track)%00%(upstream:remotename)%00%(upstream:remoteref) refs/heads/origin/master refs/remotes/origin/master [6ms]
2025-04-01 17:28:23.503 [info] > git cat-file -s baf05945d7363eebfa4b06605b7628b1417a9fa7 [59ms]
2025-04-01 17:28:23.645 [info] > git merge-base refs/heads/master refs/remotes/origin/master [143ms]
2025-04-01 17:28:23.683 [info] > git diff --name-status -z --diff-filter=ADMR 802d6c2738c9a188f06bffe0c09117a242287bb8...refs/remotes/origin/master [13ms]
2025-04-01 17:28:23.684 [info] > git for-each-ref --format=%(refname)%00%(upstream:short)%00%(objectname)%00%(upstream:track)%00%(upstream:remotename)%00%(upstream:remoteref) refs/heads/master refs/remotes/master [63ms]
2025-04-01 17:28:24.073 [info] > git status -z -uall [33ms]
2025-04-01 17:28:24.131 [info] > git for-each-ref --sort -committerdate --format %(refname) %(objectname) %(*objectname) [75ms]
2025-04-01 17:28:24.267 [info] > git blame --root --incremental 802d6c2738c9a188f06bffe0c09117a242287bb8 -- /data/tmp/rm-test-async/layers/api/api.py [93ms]
2025-04-01 17:28:54.642 [info] > git show --textconv :api.py [27ms]
2025-04-01 17:28:54.643 [info] > git ls-files --stage -- /data/tmp/rm-test-async/layers/api/api.py [6ms]
2025-04-01 17:28:54.666 [info] > git cat-file -s baf05945d7363eebfa4b06605b7628b1417a9fa7 [2ms]
2025-04-01 18:51:37.749 [info] > git config --get commit.template [29ms]
2025-04-01 18:51:37.750 [info] > git for-each-ref --format=%(refname)%00%(upstream:short)%00%(objectname)%00%(upstream:track)%00%(upstream:remotename)%00%(upstream:remoteref) refs/heads/master refs/remotes/master [4ms]
2025-04-01 18:51:37.796 [info] > git status -z -uall [20ms]
2025-04-01 18:51:37.798 [info] > git for-each-ref --sort -committerdate --format %(refname) %(objectname) %(*objectname) [4ms]
2025-04-01 18:51:43.152 [info] > git config --get commit.template [26ms]
2025-04-01 18:51:43.153 [info] > git for-each-ref --format=%(refname)%00%(upstream:short)%00%(objectname)%00%(upstream:track)%00%(upstream:remotename)%00%(upstream:remoteref) refs/heads/master refs/remotes/master [4ms]
2025-04-01 18:51:43.196 [info] > git status -z -uall [18ms]
2025-04-01 18:51:43.199 [info] > git for-each-ref --sort -committerdate --format %(refname) %(objectname) %(*objectname) [3ms]
2025-04-01 18:52:16.326 [info] > git config --get commit.template [28ms]
2025-04-01 18:52:16.329 [info] > git for-each-ref --format=%(refname)%00%(upstream:short)%00%(objectname)%00%(upstream:track)%00%(upstream:remotename)%00%(upstream:remoteref) refs/heads/master refs/remotes/master [4ms]
2025-04-01 18:52:16.366 [info] > git status -z -uall [18ms]
2025-04-01 18:52:16.367 [info] > git for-each-ref --sort -committerdate --format %(refname) %(objectname) %(*objectname) [2ms]
2025-04-01 18:52:27.021 [info] > git config --get commit.template [26ms]
2025-04-01 18:52:27.023 [info] > git for-each-ref --format=%(refname)%00%(upstream:short)%00%(objectname)%00%(upstream:track)%00%(upstream:remotename)%00%(upstream:remoteref) refs/heads/master refs/remotes/master [3ms]
2025-04-01 18:52:27.066 [info] > git status -z -uall [21ms]
2025-04-01 18:52:27.068 [info] > git for-each-ref --sort -committerdate --format %(refname) %(objectname) %(*objectname) [3ms]
