2025-03-31 20:35:23.678 [info] [main] Log level: Info
2025-03-31 20:35:23.678 [info] [main] Validating found git in: "git"
2025-03-31 20:35:23.678 [info] [main] Using git "2.49.0" from "git"
2025-03-31 20:35:23.678 [info] [Model][doInitialScan] Initial repository scan started
2025-03-31 20:35:23.678 [info] > git rev-parse --show-toplevel [1611ms]
2025-03-31 20:35:23.678 [info] > git rev-parse --git-dir --git-common-dir [66ms]
2025-03-31 20:35:23.678 [info] [Model][openRepository] Opened repository: /data/tmp/rm-test-async/layers/api
2025-03-31 20:35:23.681 [info] > git config --get commit.template [96ms]
2025-03-31 20:35:23.692 [info] > git rev-parse --show-toplevel [62ms]
2025-03-31 20:35:23.758 [info] > git rev-parse --show-toplevel [29ms]
2025-03-31 20:35:23.759 [info] > git for-each-ref --format=%(refname)%00%(upstream:short)%00%(objectname)%00%(upstream:track)%00%(upstream:remotename)%00%(upstream:remoteref) refs/heads/master refs/remotes/master [50ms]
2025-03-31 20:35:23.899 [info] > git rev-parse --show-toplevel [115ms]
2025-03-31 20:35:23.973 [info] > git status -z -uall [52ms]
2025-03-31 20:35:23.975 [info] > git rev-parse --show-toplevel [14ms]
2025-03-31 20:35:23.976 [info] > git for-each-ref --sort -committerdate --format %(refname) %(objectname) %(*objectname) [33ms]
2025-03-31 20:35:24.087 [info] > git for-each-ref --format=%(refname)%00%(upstream:short)%00%(objectname)%00%(upstream:track)%00%(upstream:remotename)%00%(upstream:remoteref) refs/heads/master refs/remotes/master [48ms]
2025-03-31 20:35:24.122 [info] > git config --get --local branch.master.vscode-merge-base [24ms]
2025-03-31 20:35:24.140 [info] > git config --get commit.template [53ms]
2025-03-31 20:35:24.140 [info] > git rev-parse --show-toplevel [66ms]
2025-03-31 20:35:24.141 [info] [Model][doInitialScan] Initial repository scan completed - repositories (1), closed repositories (0), parent repositories (0), unsafe repositories (0)
2025-03-31 20:35:24.148 [info] > git for-each-ref --format=%(refname)%00%(upstream:short)%00%(objectname)%00%(upstream:track)%00%(upstream:remotename)%00%(upstream:remoteref) refs/heads/origin/master refs/remotes/origin/master [9ms]
2025-03-31 20:35:24.170 [info] > git merge-base refs/heads/master refs/remotes/origin/master [11ms]
2025-03-31 20:35:24.183 [info] > git for-each-ref --format=%(refname)%00%(upstream:short)%00%(objectname)%00%(upstream:track)%00%(upstream:remotename)%00%(upstream:remoteref) refs/heads/master refs/remotes/master [16ms]
2025-03-31 20:35:24.184 [info] > git diff --name-status -z --diff-filter=ADMR 802d6c2738c9a188f06bffe0c09117a242287bb8...refs/remotes/origin/master [5ms]
2025-03-31 20:35:24.210 [info] > git status -z -uall [13ms]
2025-03-31 20:35:24.212 [info] > git for-each-ref --sort -committerdate --format %(refname) %(objectname) %(*objectname) [5ms]
2025-03-31 20:35:24.261 [info] > git check-ignore -v -z --stdin [6ms]
2025-03-31 20:35:57.349 [info] > git log --format=%H%n%aN%n%aE%n%at%n%ct%n%P%n%D%n%B -z --shortstat --diff-merges=first-parent -n50 --skip=0 --topo-order --decorate=full --stdin [69ms]
2025-03-31 20:45:51.192 [info] > git show --textconv :api.py [28ms]
2025-03-31 20:45:51.197 [info] > git ls-files --stage -- /data/tmp/rm-test-async/layers/api/api.py [7ms]
2025-03-31 20:45:51.222 [info] > git cat-file -s baf05945d7363eebfa4b06605b7628b1417a9fa7 [4ms]
2025-03-31 20:45:51.851 [info] > git blame --root --incremental 802d6c2738c9a188f06bffe0c09117a242287bb8 -- /data/tmp/rm-test-async/layers/api/api.py [14ms]
2025-03-31 20:46:14.796 [info] > git show -s --decorate=full --shortstat --format=%H%n%aN%n%aE%n%at%n%ct%n%P%n%D%n%B -z 5b5e6c43fd35b86c481165db5b9376bd359a8f5d [9ms]
2025-03-31 20:46:55.589 [info] > git config --get commit.template [26ms]
2025-03-31 20:46:55.590 [info] > git for-each-ref --format=%(refname)%00%(upstream:short)%00%(objectname)%00%(upstream:track)%00%(upstream:remotename)%00%(upstream:remoteref) refs/heads/master refs/remotes/master [4ms]
2025-03-31 20:46:55.640 [info] > git status -z -uall [26ms]
2025-03-31 20:46:55.642 [info] > git for-each-ref --sort -committerdate --format %(refname) %(objectname) %(*objectname) [3ms]
2025-03-31 20:47:04.753 [info] > git show --textconv :api.py [27ms]
2025-03-31 20:47:04.755 [info] > git ls-files --stage -- /data/tmp/rm-test-async/layers/api/api.py [4ms]
2025-03-31 20:47:04.778 [info] > git cat-file -s baf05945d7363eebfa4b06605b7628b1417a9fa7 [3ms]
2025-03-31 20:52:33.535 [info] > git show --textconv :api.py [28ms]
2025-03-31 20:52:33.538 [info] > git ls-files --stage -- /data/tmp/rm-test-async/layers/api/api.py [5ms]
2025-03-31 20:52:33.570 [info] > git cat-file -s baf05945d7363eebfa4b06605b7628b1417a9fa7 [4ms]
2025-03-31 20:52:41.349 [info] > git config --get commit.template [35ms]
2025-03-31 20:52:41.352 [info] > git for-each-ref --format=%(refname)%00%(upstream:short)%00%(objectname)%00%(upstream:track)%00%(upstream:remotename)%00%(upstream:remoteref) refs/heads/master refs/remotes/master [5ms]
2025-03-31 20:52:41.408 [info] > git status -z -uall [28ms]
2025-03-31 20:52:41.412 [info] > git for-each-ref --sort -committerdate --format %(refname) %(objectname) %(*objectname) [6ms]
2025-03-31 20:52:46.480 [info] > git config --get commit.template [25ms]
2025-03-31 20:52:46.482 [info] > git for-each-ref --format=%(refname)%00%(upstream:short)%00%(objectname)%00%(upstream:track)%00%(upstream:remotename)%00%(upstream:remoteref) refs/heads/master refs/remotes/master [2ms]
2025-03-31 20:52:46.533 [info] > git status -z -uall [27ms]
2025-03-31 20:52:46.535 [info] > git for-each-ref --sort -committerdate --format %(refname) %(objectname) %(*objectname) [5ms]
2025-03-31 20:52:49.487 [info] > git show --textconv :api.py [25ms]
2025-03-31 20:52:49.489 [info] > git ls-files --stage -- /data/tmp/rm-test-async/layers/api/api.py [4ms]
2025-03-31 20:52:49.513 [info] > git cat-file -s baf05945d7363eebfa4b06605b7628b1417a9fa7 [3ms]
2025-03-31 20:52:52.336 [info] > git config --get commit.template [34ms]
2025-03-31 20:52:52.345 [info] > git for-each-ref --format=%(refname)%00%(upstream:short)%00%(objectname)%00%(upstream:track)%00%(upstream:remotename)%00%(upstream:remoteref) refs/heads/master refs/remotes/master [10ms]
2025-03-31 20:52:52.429 [info] > git status -z -uall [46ms]
2025-03-31 20:52:52.429 [info] > git for-each-ref --sort -committerdate --format %(refname) %(objectname) %(*objectname) [6ms]
2025-03-31 20:53:02.271 [info] > git config --get commit.template [25ms]
2025-03-31 20:53:02.272 [info] > git for-each-ref --format=%(refname)%00%(upstream:short)%00%(objectname)%00%(upstream:track)%00%(upstream:remotename)%00%(upstream:remoteref) refs/heads/master refs/remotes/master [3ms]
2025-03-31 20:53:02.319 [info] > git status -z -uall [24ms]
2025-03-31 20:53:02.322 [info] > git for-each-ref --sort -committerdate --format %(refname) %(objectname) %(*objectname) [4ms]
2025-03-31 20:53:09.393 [info] > git config --get commit.template [33ms]
2025-03-31 20:53:09.394 [info] > git for-each-ref --format=%(refname)%00%(upstream:short)%00%(objectname)%00%(upstream:track)%00%(upstream:remotename)%00%(upstream:remoteref) refs/heads/master refs/remotes/master [4ms]
2025-03-31 20:53:09.441 [info] > git status -z -uall [22ms]
2025-03-31 20:53:09.443 [info] > git for-each-ref --sort -committerdate --format %(refname) %(objectname) %(*objectname) [4ms]
2025-03-31 20:53:11.414 [info] > git show --textconv :api.py [26ms]
2025-03-31 20:53:11.421 [info] > git ls-files --stage -- /data/tmp/rm-test-async/layers/api/api.py [8ms]
2025-03-31 20:53:11.451 [info] > git cat-file -s baf05945d7363eebfa4b06605b7628b1417a9fa7 [4ms]
2025-03-31 20:53:18.197 [info] > git config --get commit.template [3ms]
2025-03-31 20:53:18.224 [info] > git for-each-ref --format=%(refname)%00%(upstream:short)%00%(objectname)%00%(upstream:track)%00%(upstream:remotename)%00%(upstream:remoteref) refs/heads/master refs/remotes/master [3ms]
2025-03-31 20:53:18.275 [info] > git status -z -uall [25ms]
2025-03-31 20:53:18.277 [info] > git for-each-ref --sort -committerdate --format %(refname) %(objectname) %(*objectname) [4ms]
2025-03-31 20:53:34.474 [info] > git show --textconv :api.py [28ms]
2025-03-31 20:53:34.477 [info] > git ls-files --stage -- /data/tmp/rm-test-async/layers/api/api.py [4ms]
2025-03-31 20:53:34.515 [info] > git cat-file -s baf05945d7363eebfa4b06605b7628b1417a9fa7 [4ms]
2025-03-31 20:54:33.762 [info] > git config --get commit.template [21ms]
2025-03-31 20:54:33.763 [info] > git for-each-ref --format=%(refname)%00%(upstream:short)%00%(objectname)%00%(upstream:track)%00%(upstream:remotename)%00%(upstream:remoteref) refs/heads/master refs/remotes/master [3ms]
2025-03-31 20:54:33.804 [info] > git status -z -uall [21ms]
2025-03-31 20:54:33.806 [info] > git for-each-ref --sort -committerdate --format %(refname) %(objectname) %(*objectname) [4ms]
2025-03-31 20:54:40.840 [info] > git config --get commit.template [27ms]
2025-03-31 20:54:40.841 [info] > git for-each-ref --format=%(refname)%00%(upstream:short)%00%(objectname)%00%(upstream:track)%00%(upstream:remotename)%00%(upstream:remoteref) refs/heads/master refs/remotes/master [3ms]
2025-03-31 20:54:40.884 [info] > git status -z -uall [22ms]
2025-03-31 20:54:40.886 [info] > git for-each-ref --sort -committerdate --format %(refname) %(objectname) %(*objectname) [3ms]
2025-03-31 20:55:02.024 [info] > git config --get commit.template [25ms]
2025-03-31 20:55:02.025 [info] > git for-each-ref --format=%(refname)%00%(upstream:short)%00%(objectname)%00%(upstream:track)%00%(upstream:remotename)%00%(upstream:remoteref) refs/heads/master refs/remotes/master [3ms]
2025-03-31 20:55:02.076 [info] > git status -z -uall [25ms]
2025-03-31 20:55:02.077 [info] > git for-each-ref --sort -committerdate --format %(refname) %(objectname) %(*objectname) [3ms]
2025-03-31 20:55:07.121 [info] > git config --get commit.template [3ms]
2025-03-31 20:55:07.151 [info] > git for-each-ref --format=%(refname)%00%(upstream:short)%00%(objectname)%00%(upstream:track)%00%(upstream:remotename)%00%(upstream:remoteref) refs/heads/master refs/remotes/master [3ms]
2025-03-31 20:55:07.210 [info] > git status -z -uall [32ms]
2025-03-31 20:55:07.214 [info] > git for-each-ref --sort -committerdate --format %(refname) %(objectname) %(*objectname) [5ms]
2025-03-31 20:55:12.979 [info] > git config --get commit.template [19ms]
2025-03-31 20:55:12.981 [info] > git for-each-ref --format=%(refname)%00%(upstream:short)%00%(objectname)%00%(upstream:track)%00%(upstream:remotename)%00%(upstream:remoteref) refs/heads/master refs/remotes/master [3ms]
2025-03-31 20:55:13.022 [info] > git status -z -uall [22ms]
2025-03-31 20:55:13.024 [info] > git for-each-ref --sort -committerdate --format %(refname) %(objectname) %(*objectname) [5ms]
2025-03-31 20:55:59.251 [info] > git config --get commit.template [3ms]
2025-03-31 20:55:59.282 [info] > git for-each-ref --format=%(refname)%00%(upstream:short)%00%(objectname)%00%(upstream:track)%00%(upstream:remotename)%00%(upstream:remoteref) refs/heads/master refs/remotes/master [5ms]
2025-03-31 20:55:59.332 [info] > git status -z -uall [24ms]
2025-03-31 20:55:59.336 [info] > git for-each-ref --sort -committerdate --format %(refname) %(objectname) %(*objectname) [5ms]
2025-03-31 20:56:04.399 [info] > git for-each-ref --format=%(refname)%00%(upstream:short)%00%(objectname)%00%(upstream:track)%00%(upstream:remotename)%00%(upstream:remoteref) refs/heads/master refs/remotes/master [4ms]
2025-03-31 20:56:04.400 [info] > git config --get commit.template [31ms]
2025-03-31 20:56:04.452 [info] > git status -z -uall [29ms]
2025-03-31 20:56:04.454 [info] > git for-each-ref --sort -committerdate --format %(refname) %(objectname) %(*objectname) [4ms]
2025-03-31 20:56:32.647 [info] > git config --get commit.template [33ms]
2025-03-31 20:56:32.650 [info] > git for-each-ref --format=%(refname)%00%(upstream:short)%00%(objectname)%00%(upstream:track)%00%(upstream:remotename)%00%(upstream:remoteref) refs/heads/master refs/remotes/master [5ms]
2025-03-31 20:56:32.704 [info] > git status -z -uall [28ms]
2025-03-31 20:56:32.708 [info] > git for-each-ref --sort -committerdate --format %(refname) %(objectname) %(*objectname) [3ms]
2025-03-31 20:56:34.352 [info] > git show --textconv :api.py [33ms]
2025-03-31 20:56:34.355 [info] > git ls-files --stage -- /data/tmp/rm-test-async/layers/api/api.py [4ms]
2025-03-31 20:56:34.381 [info] > git cat-file -s baf05945d7363eebfa4b06605b7628b1417a9fa7 [3ms]
2025-03-31 20:56:39.435 [info] > git config --get commit.template [31ms]
2025-03-31 20:56:39.437 [info] > git for-each-ref --format=%(refname)%00%(upstream:short)%00%(objectname)%00%(upstream:track)%00%(upstream:remotename)%00%(upstream:remoteref) refs/heads/master refs/remotes/master [3ms]
2025-03-31 20:56:39.488 [info] > git status -z -uall [22ms]
2025-03-31 20:56:39.490 [info] > git for-each-ref --sort -committerdate --format %(refname) %(objectname) %(*objectname) [3ms]
2025-03-31 20:56:44.167 [info] > git show --textconv :api.py [48ms]
2025-03-31 20:56:44.169 [info] > git ls-files --stage -- /data/tmp/rm-test-async/layers/api/api.py [4ms]
2025-03-31 20:56:44.200 [info] > git cat-file -s baf05945d7363eebfa4b06605b7628b1417a9fa7 [4ms]
2025-03-31 20:56:52.166 [info] > git config --get commit.template [32ms]
2025-03-31 20:56:52.168 [info] > git for-each-ref --format=%(refname)%00%(upstream:short)%00%(objectname)%00%(upstream:track)%00%(upstream:remotename)%00%(upstream:remoteref) refs/heads/master refs/remotes/master [3ms]
2025-03-31 20:56:52.217 [info] > git status -z -uall [22ms]
2025-03-31 20:56:52.219 [info] > git for-each-ref --sort -committerdate --format %(refname) %(objectname) %(*objectname) [3ms]
2025-03-31 20:56:58.263 [info] > git show --textconv :api.py [25ms]
2025-03-31 20:56:58.266 [info] > git ls-files --stage -- /data/tmp/rm-test-async/layers/api/api.py [5ms]
2025-03-31 20:56:58.299 [info] > git cat-file -s baf05945d7363eebfa4b06605b7628b1417a9fa7 [4ms]
2025-03-31 20:57:07.953 [info] > git config --get commit.template [29ms]
2025-03-31 20:57:07.956 [info] > git for-each-ref --format=%(refname)%00%(upstream:short)%00%(objectname)%00%(upstream:track)%00%(upstream:remotename)%00%(upstream:remoteref) refs/heads/master refs/remotes/master [4ms]
2025-03-31 20:57:08.015 [info] > git status -z -uall [29ms]
2025-03-31 20:57:08.018 [info] > git for-each-ref --sort -committerdate --format %(refname) %(objectname) %(*objectname) [4ms]
2025-03-31 20:57:13.613 [info] > git config --get commit.template [29ms]
2025-03-31 20:57:13.615 [info] > git for-each-ref --format=%(refname)%00%(upstream:short)%00%(objectname)%00%(upstream:track)%00%(upstream:remotename)%00%(upstream:remoteref) refs/heads/master refs/remotes/master [4ms]
2025-03-31 20:57:13.676 [info] > git status -z -uall [29ms]
2025-03-31 20:57:13.679 [info] > git for-each-ref --sort -committerdate --format %(refname) %(objectname) %(*objectname) [4ms]
2025-03-31 20:59:48.015 [info] > git config --get commit.template [4ms]
2025-03-31 20:59:48.050 [info] > git for-each-ref --format=%(refname)%00%(upstream:short)%00%(objectname)%00%(upstream:track)%00%(upstream:remotename)%00%(upstream:remoteref) refs/heads/master refs/remotes/master [3ms]
2025-03-31 20:59:48.105 [info] > git status -z -uall [27ms]
2025-03-31 20:59:48.110 [info] > git for-each-ref --sort -committerdate --format %(refname) %(objectname) %(*objectname) [6ms]
2025-03-31 21:00:23.050 [info] > git show --textconv :api.py [31ms]
2025-03-31 21:00:23.054 [info] > git ls-files --stage -- /data/tmp/rm-test-async/layers/api/api.py [4ms]
2025-03-31 21:00:23.077 [info] > git cat-file -s baf05945d7363eebfa4b06605b7628b1417a9fa7 [3ms]
2025-03-31 21:00:25.965 [info] > git config --get commit.template [25ms]
2025-03-31 21:00:25.967 [info] > git for-each-ref --format=%(refname)%00%(upstream:short)%00%(objectname)%00%(upstream:track)%00%(upstream:remotename)%00%(upstream:remoteref) refs/heads/master refs/remotes/master [4ms]
2025-03-31 21:00:26.021 [info] > git status -z -uall [31ms]
2025-03-31 21:00:26.024 [info] > git for-each-ref --sort -committerdate --format %(refname) %(objectname) %(*objectname) [4ms]
2025-03-31 21:00:36.783 [info] > git config --get commit.template [29ms]
2025-03-31 21:00:36.786 [info] > git for-each-ref --format=%(refname)%00%(upstream:short)%00%(objectname)%00%(upstream:track)%00%(upstream:remotename)%00%(upstream:remoteref) refs/heads/master refs/remotes/master [5ms]
2025-03-31 21:00:36.837 [info] > git status -z -uall [25ms]
2025-03-31 21:00:36.840 [info] > git for-each-ref --sort -committerdate --format %(refname) %(objectname) %(*objectname) [3ms]
2025-03-31 21:03:15.727 [info] > git config --get commit.template [25ms]
2025-03-31 21:03:15.729 [info] > git for-each-ref --format=%(refname)%00%(upstream:short)%00%(objectname)%00%(upstream:track)%00%(upstream:remotename)%00%(upstream:remoteref) refs/heads/master refs/remotes/master [3ms]
2025-03-31 21:03:15.780 [info] > git status -z -uall [25ms]
2025-03-31 21:03:15.783 [info] > git for-each-ref --sort -committerdate --format %(refname) %(objectname) %(*objectname) [5ms]
2025-03-31 21:03:28.153 [info] > git config --get commit.template [4ms]
2025-03-31 21:03:28.184 [info] > git for-each-ref --format=%(refname)%00%(upstream:short)%00%(objectname)%00%(upstream:track)%00%(upstream:remotename)%00%(upstream:remoteref) refs/heads/master refs/remotes/master [4ms]
2025-03-31 21:03:28.236 [info] > git status -z -uall [27ms]
2025-03-31 21:03:28.239 [info] > git for-each-ref --sort -committerdate --format %(refname) %(objectname) %(*objectname) [4ms]
2025-03-31 21:06:45.662 [info] > git show --textconv :api.py [29ms]
2025-03-31 21:06:45.664 [info] > git ls-files --stage -- /data/tmp/rm-test-async/layers/api/api.py [3ms]
2025-03-31 21:06:45.695 [info] > git cat-file -s baf05945d7363eebfa4b06605b7628b1417a9fa7 [3ms]
2025-03-31 21:07:02.425 [info] > git config --get commit.template [2ms]
2025-03-31 21:07:02.452 [info] > git for-each-ref --format=%(refname)%00%(upstream:short)%00%(objectname)%00%(upstream:track)%00%(upstream:remotename)%00%(upstream:remoteref) refs/heads/master refs/remotes/master [2ms]
2025-03-31 21:07:02.507 [info] > git status -z -uall [28ms]
2025-03-31 21:07:02.509 [info] > git for-each-ref --sort -committerdate --format %(refname) %(objectname) %(*objectname) [4ms]
2025-03-31 21:07:07.581 [info] > git config --get commit.template [29ms]
2025-03-31 21:07:07.582 [info] > git for-each-ref --format=%(refname)%00%(upstream:short)%00%(objectname)%00%(upstream:track)%00%(upstream:remotename)%00%(upstream:remoteref) refs/heads/master refs/remotes/master [3ms]
2025-03-31 21:07:07.630 [info] > git status -z -uall [25ms]
2025-03-31 21:07:07.633 [info] > git for-each-ref --sort -committerdate --format %(refname) %(objectname) %(*objectname) [3ms]
2025-03-31 21:07:17.999 [info] > git config --get commit.template [39ms]
2025-03-31 21:07:18.001 [info] > git for-each-ref --format=%(refname)%00%(upstream:short)%00%(objectname)%00%(upstream:track)%00%(upstream:remotename)%00%(upstream:remoteref) refs/heads/master refs/remotes/master [4ms]
2025-03-31 21:07:18.070 [info] > git status -z -uall [37ms]
2025-03-31 21:07:18.078 [info] > git for-each-ref --sort -committerdate --format %(refname) %(objectname) %(*objectname) [12ms]
2025-03-31 21:07:34.444 [info] > git show --textconv :api.py [33ms]
2025-03-31 21:07:34.445 [info] > git ls-files --stage -- /data/tmp/rm-test-async/layers/api/api.py [5ms]
2025-03-31 21:07:34.480 [info] > git cat-file -s baf05945d7363eebfa4b06605b7628b1417a9fa7 [4ms]
2025-03-31 21:08:03.892 [info] > git config --get commit.template [3ms]
2025-03-31 21:08:03.922 [info] > git for-each-ref --format=%(refname)%00%(upstream:short)%00%(objectname)%00%(upstream:track)%00%(upstream:remotename)%00%(upstream:remoteref) refs/heads/master refs/remotes/master [4ms]
2025-03-31 21:08:03.988 [info] > git status -z -uall [34ms]
2025-03-31 21:08:03.991 [info] > git for-each-ref --sort -committerdate --format %(refname) %(objectname) %(*objectname) [4ms]
2025-03-31 21:08:09.044 [info] > git config --get commit.template [21ms]
2025-03-31 21:08:09.046 [info] > git for-each-ref --format=%(refname)%00%(upstream:short)%00%(objectname)%00%(upstream:track)%00%(upstream:remotename)%00%(upstream:remoteref) refs/heads/master refs/remotes/master [3ms]
2025-03-31 21:08:09.086 [info] > git status -z -uall [22ms]
2025-03-31 21:08:09.087 [info] > git for-each-ref --sort -committerdate --format %(refname) %(objectname) %(*objectname) [3ms]
2025-03-31 21:08:24.024 [info] > git config --get commit.template [35ms]
2025-03-31 21:08:24.026 [info] > git for-each-ref --format=%(refname)%00%(upstream:short)%00%(objectname)%00%(upstream:track)%00%(upstream:remotename)%00%(upstream:remoteref) refs/heads/master refs/remotes/master [3ms]
2025-03-31 21:08:24.080 [info] > git status -z -uall [23ms]
2025-03-31 21:08:24.081 [info] > git for-each-ref --sort -committerdate --format %(refname) %(objectname) %(*objectname) [4ms]
2025-03-31 21:08:55.844 [info] > git show --textconv :api.py [26ms]
2025-03-31 21:08:55.846 [info] > git ls-files --stage -- /data/tmp/rm-test-async/layers/api/api.py [4ms]
2025-03-31 21:08:55.875 [info] > git cat-file -s baf05945d7363eebfa4b06605b7628b1417a9fa7 [5ms]
2025-03-31 21:11:58.901 [info] > git show --textconv :api.py [35ms]
2025-03-31 21:11:58.903 [info] > git ls-files --stage -- /data/tmp/rm-test-async/layers/api/api.py [3ms]
2025-03-31 21:11:58.932 [info] > git cat-file -s baf05945d7363eebfa4b06605b7628b1417a9fa7 [3ms]
2025-03-31 21:12:10.277 [info] > git config --get commit.template [21ms]
2025-03-31 21:12:10.278 [info] > git for-each-ref --format=%(refname)%00%(upstream:short)%00%(objectname)%00%(upstream:track)%00%(upstream:remotename)%00%(upstream:remoteref) refs/heads/master refs/remotes/master [2ms]
2025-03-31 21:12:10.330 [info] > git status -z -uall [28ms]
2025-03-31 21:12:10.332 [info] > git for-each-ref --sort -committerdate --format %(refname) %(objectname) %(*objectname) [4ms]
2025-03-31 21:13:49.936 [info] > git show --textconv :api.py [27ms]
2025-03-31 21:13:49.940 [info] > git ls-files --stage -- /data/tmp/rm-test-async/layers/api/api.py [6ms]
2025-03-31 21:13:49.968 [info] > git cat-file -s baf05945d7363eebfa4b06605b7628b1417a9fa7 [3ms]
2025-03-31 21:14:09.144 [info] > git config --get commit.template [29ms]
2025-03-31 21:14:09.145 [info] > git for-each-ref --format=%(refname)%00%(upstream:short)%00%(objectname)%00%(upstream:track)%00%(upstream:remotename)%00%(upstream:remoteref) refs/heads/master refs/remotes/master [2ms]
2025-03-31 21:14:09.199 [info] > git status -z -uall [27ms]
2025-03-31 21:14:09.200 [info] > git for-each-ref --sort -committerdate --format %(refname) %(objectname) %(*objectname) [4ms]
2025-03-31 21:14:29.281 [info] > git config --get commit.template [25ms]
2025-03-31 21:14:29.282 [info] > git for-each-ref --format=%(refname)%00%(upstream:short)%00%(objectname)%00%(upstream:track)%00%(upstream:remotename)%00%(upstream:remoteref) refs/heads/master refs/remotes/master [2ms]
2025-03-31 21:14:29.323 [info] > git status -z -uall [21ms]
2025-03-31 21:14:29.325 [info] > git for-each-ref --sort -committerdate --format %(refname) %(objectname) %(*objectname) [3ms]
2025-03-31 21:14:31.654 [info] > git show --textconv :api.py [30ms]
2025-03-31 21:14:31.655 [info] > git ls-files --stage -- /data/tmp/rm-test-async/layers/api/api.py [5ms]
2025-03-31 21:14:31.681 [info] > git cat-file -s baf05945d7363eebfa4b06605b7628b1417a9fa7 [4ms]
2025-03-31 21:14:59.068 [info] > git config --get commit.template [3ms]
2025-03-31 21:14:59.095 [info] > git for-each-ref --format=%(refname)%00%(upstream:short)%00%(objectname)%00%(upstream:track)%00%(upstream:remotename)%00%(upstream:remoteref) refs/heads/master refs/remotes/master [3ms]
2025-03-31 21:14:59.142 [info] > git status -z -uall [23ms]
2025-03-31 21:14:59.145 [info] > git for-each-ref --sort -committerdate --format %(refname) %(objectname) %(*objectname) [4ms]
2025-03-31 21:15:13.191 [info] > git show --textconv :api.py [40ms]
2025-03-31 21:15:13.198 [info] > git ls-files --stage -- /data/tmp/rm-test-async/layers/api/api.py [8ms]
2025-03-31 21:15:13.238 [info] > git cat-file -s baf05945d7363eebfa4b06605b7628b1417a9fa7 [3ms]
2025-03-31 21:15:18.621 [info] > git config --get commit.template [30ms]
2025-03-31 21:15:18.623 [info] > git for-each-ref --format=%(refname)%00%(upstream:short)%00%(objectname)%00%(upstream:track)%00%(upstream:remotename)%00%(upstream:remoteref) refs/heads/master refs/remotes/master [3ms]
2025-03-31 21:15:18.677 [info] > git status -z -uall [29ms]
2025-03-31 21:15:18.679 [info] > git for-each-ref --sort -committerdate --format %(refname) %(objectname) %(*objectname) [3ms]
2025-03-31 21:15:37.616 [info] > git show --textconv :api.py [25ms]
2025-03-31 21:15:37.619 [info] > git ls-files --stage -- /data/tmp/rm-test-async/layers/api/api.py [3ms]
2025-03-31 21:15:37.648 [info] > git cat-file -s baf05945d7363eebfa4b06605b7628b1417a9fa7 [4ms]
2025-03-31 21:17:20.801 [info] > git config --get commit.template [26ms]
2025-03-31 21:17:20.803 [info] > git for-each-ref --format=%(refname)%00%(upstream:short)%00%(objectname)%00%(upstream:track)%00%(upstream:remotename)%00%(upstream:remoteref) refs/heads/master refs/remotes/master [3ms]
2025-03-31 21:17:20.852 [info] > git status -z -uall [24ms]
2025-03-31 21:17:20.854 [info] > git for-each-ref --sort -committerdate --format %(refname) %(objectname) %(*objectname) [4ms]
2025-03-31 21:17:28.388 [info] > git show --textconv :api.py [31ms]
2025-03-31 21:17:28.388 [info] > git ls-files --stage -- /data/tmp/rm-test-async/layers/api/api.py [4ms]
2025-03-31 21:17:28.417 [info] > git cat-file -s baf05945d7363eebfa4b06605b7628b1417a9fa7 [3ms]
2025-03-31 21:18:02.856 [info] > git show --textconv :api.py [33ms]
2025-03-31 21:18:02.860 [info] > git ls-files --stage -- /data/tmp/rm-test-async/layers/api/api.py [5ms]
2025-03-31 21:18:02.905 [info] > git cat-file -s baf05945d7363eebfa4b06605b7628b1417a9fa7 [12ms]
2025-03-31 21:18:09.781 [info] > git config --get commit.template [22ms]
2025-03-31 21:18:09.783 [info] > git for-each-ref --format=%(refname)%00%(upstream:short)%00%(objectname)%00%(upstream:track)%00%(upstream:remotename)%00%(upstream:remoteref) refs/heads/master refs/remotes/master [3ms]
2025-03-31 21:18:09.831 [info] > git status -z -uall [25ms]
2025-03-31 21:18:09.834 [info] > git for-each-ref --sort -committerdate --format %(refname) %(objectname) %(*objectname) [4ms]
2025-03-31 21:18:29.377 [info] > git config --get commit.template [3ms]
2025-03-31 21:18:29.404 [info] > git for-each-ref --format=%(refname)%00%(upstream:short)%00%(objectname)%00%(upstream:track)%00%(upstream:remotename)%00%(upstream:remoteref) refs/heads/master refs/remotes/master [3ms]
2025-03-31 21:18:29.457 [info] > git status -z -uall [26ms]
2025-03-31 21:18:29.459 [info] > git for-each-ref --sort -committerdate --format %(refname) %(objectname) %(*objectname) [3ms]
2025-03-31 21:19:06.647 [info] > git config --get commit.template [25ms]
2025-03-31 21:19:06.649 [info] > git for-each-ref --format=%(refname)%00%(upstream:short)%00%(objectname)%00%(upstream:track)%00%(upstream:remotename)%00%(upstream:remoteref) refs/heads/master refs/remotes/master [3ms]
2025-03-31 21:19:06.710 [info] > git status -z -uall [32ms]
2025-03-31 21:19:06.712 [info] > git for-each-ref --sort -committerdate --format %(refname) %(objectname) %(*objectname) [4ms]
2025-03-31 21:19:12.464 [info] > git config --get commit.template [23ms]
2025-03-31 21:19:12.466 [info] > git for-each-ref --format=%(refname)%00%(upstream:short)%00%(objectname)%00%(upstream:track)%00%(upstream:remotename)%00%(upstream:remoteref) refs/heads/master refs/remotes/master [2ms]
2025-03-31 21:19:12.509 [info] > git status -z -uall [23ms]
2025-03-31 21:19:12.511 [info] > git for-each-ref --sort -committerdate --format %(refname) %(objectname) %(*objectname) [3ms]
2025-03-31 21:19:35.763 [info] > git config --get commit.template [26ms]
2025-03-31 21:19:35.765 [info] > git for-each-ref --format=%(refname)%00%(upstream:short)%00%(objectname)%00%(upstream:track)%00%(upstream:remotename)%00%(upstream:remoteref) refs/heads/master refs/remotes/master [4ms]
2025-03-31 21:19:35.810 [info] > git status -z -uall [24ms]
2025-03-31 21:19:35.814 [info] > git for-each-ref --sort -committerdate --format %(refname) %(objectname) %(*objectname) [4ms]
2025-03-31 21:20:07.947 [info] > git show --textconv :api.py [38ms]
2025-03-31 21:20:07.953 [info] > git ls-files --stage -- /data/tmp/rm-test-async/layers/api/api.py [8ms]
2025-03-31 21:20:07.993 [info] > git cat-file -s baf05945d7363eebfa4b06605b7628b1417a9fa7 [7ms]
2025-03-31 21:22:27.259 [info] > git config --get commit.template [27ms]
2025-03-31 21:22:27.261 [info] > git for-each-ref --format=%(refname)%00%(upstream:short)%00%(objectname)%00%(upstream:track)%00%(upstream:remotename)%00%(upstream:remoteref) refs/heads/master refs/remotes/master [5ms]
2025-03-31 21:22:27.310 [info] > git status -z -uall [25ms]
2025-03-31 21:22:27.313 [info] > git for-each-ref --sort -committerdate --format %(refname) %(objectname) %(*objectname) [3ms]
2025-03-31 21:22:35.410 [info] > git config --get commit.template [4ms]
2025-03-31 21:22:35.448 [info] > git for-each-ref --format=%(refname)%00%(upstream:short)%00%(objectname)%00%(upstream:track)%00%(upstream:remotename)%00%(upstream:remoteref) refs/heads/master refs/remotes/master [4ms]
2025-03-31 21:22:35.499 [info] > git status -z -uall [26ms]
2025-03-31 21:22:35.501 [info] > git for-each-ref --sort -committerdate --format %(refname) %(objectname) %(*objectname) [4ms]
2025-03-31 21:22:55.967 [info] > git config --get commit.template [30ms]
2025-03-31 21:22:55.969 [info] > git for-each-ref --format=%(refname)%00%(upstream:short)%00%(objectname)%00%(upstream:track)%00%(upstream:remotename)%00%(upstream:remoteref) refs/heads/master refs/remotes/master [4ms]
2025-03-31 21:22:56.020 [info] > git status -z -uall [26ms]
2025-03-31 21:22:56.023 [info] > git for-each-ref --sort -committerdate --format %(refname) %(objectname) %(*objectname) [4ms]
2025-03-31 21:22:59.887 [info] > git show --textconv :api.py [72ms]
2025-03-31 21:22:59.891 [info] > git ls-files --stage -- /data/tmp/rm-test-async/layers/api/api.py [6ms]
2025-03-31 21:22:59.980 [info] > git cat-file -s baf05945d7363eebfa4b06605b7628b1417a9fa7 [12ms]
2025-03-31 21:23:02.810 [info] > git config --get commit.template [2ms]
2025-03-31 21:23:02.830 [info] > git for-each-ref --format=%(refname)%00%(upstream:short)%00%(objectname)%00%(upstream:track)%00%(upstream:remotename)%00%(upstream:remoteref) refs/heads/master refs/remotes/master [2ms]
2025-03-31 21:23:02.874 [info] > git status -z -uall [24ms]
2025-03-31 21:23:02.877 [info] > git for-each-ref --sort -committerdate --format %(refname) %(objectname) %(*objectname) [4ms]
2025-03-31 21:25:09.597 [info] > git config --get commit.template [24ms]
2025-03-31 21:25:09.599 [info] > git for-each-ref --format=%(refname)%00%(upstream:short)%00%(objectname)%00%(upstream:track)%00%(upstream:remotename)%00%(upstream:remoteref) refs/heads/master refs/remotes/master [3ms]
2025-03-31 21:25:09.651 [info] > git status -z -uall [25ms]
2025-03-31 21:25:09.654 [info] > git for-each-ref --sort -committerdate --format %(refname) %(objectname) %(*objectname) [4ms]
2025-03-31 21:25:14.716 [info] > git config --get commit.template [23ms]
2025-03-31 21:25:14.718 [info] > git for-each-ref --format=%(refname)%00%(upstream:short)%00%(objectname)%00%(upstream:track)%00%(upstream:remotename)%00%(upstream:remoteref) refs/heads/master refs/remotes/master [3ms]
2025-03-31 21:25:14.766 [info] > git status -z -uall [26ms]
2025-03-31 21:25:14.768 [info] > git for-each-ref --sort -committerdate --format %(refname) %(objectname) %(*objectname) [5ms]
2025-03-31 21:25:20.526 [info] > git config --get commit.template [37ms]
2025-03-31 21:25:20.528 [info] > git for-each-ref --format=%(refname)%00%(upstream:short)%00%(objectname)%00%(upstream:track)%00%(upstream:remotename)%00%(upstream:remoteref) refs/heads/master refs/remotes/master [3ms]
2025-03-31 21:25:20.570 [info] > git status -z -uall [20ms]
2025-03-31 21:25:20.572 [info] > git for-each-ref --sort -committerdate --format %(refname) %(objectname) %(*objectname) [3ms]
2025-03-31 21:25:27.236 [info] > git config --get commit.template [30ms]
2025-03-31 21:25:27.238 [info] > git for-each-ref --format=%(refname)%00%(upstream:short)%00%(objectname)%00%(upstream:track)%00%(upstream:remotename)%00%(upstream:remoteref) refs/heads/master refs/remotes/master [3ms]
2025-03-31 21:25:27.291 [info] > git status -z -uall [31ms]
2025-03-31 21:25:27.294 [info] > git for-each-ref --sort -committerdate --format %(refname) %(objectname) %(*objectname) [4ms]
2025-03-31 21:26:20.582 [info] > git show --textconv :api.py [1ms]
2025-03-31 21:26:20.629 [info] > git ls-files --stage -- /data/tmp/rm-test-async/layers/api/api.py [9ms]
2025-03-31 21:26:20.680 [info] > git cat-file -s baf05945d7363eebfa4b06605b7628b1417a9fa7 [3ms]
2025-03-31 21:26:34.117 [info] > git config --get commit.template [3ms]
2025-03-31 21:26:34.146 [info] > git for-each-ref --format=%(refname)%00%(upstream:short)%00%(objectname)%00%(upstream:track)%00%(upstream:remotename)%00%(upstream:remoteref) refs/heads/master refs/remotes/master [4ms]
2025-03-31 21:26:34.188 [info] > git status -z -uall [21ms]
2025-03-31 21:26:34.190 [info] > git for-each-ref --sort -committerdate --format %(refname) %(objectname) %(*objectname) [3ms]
2025-03-31 21:27:01.171 [info] > git config --get commit.template [3ms]
2025-03-31 21:27:01.192 [info] > git for-each-ref --format=%(refname)%00%(upstream:short)%00%(objectname)%00%(upstream:track)%00%(upstream:remotename)%00%(upstream:remoteref) refs/heads/master refs/remotes/master [3ms]
2025-03-31 21:27:01.234 [info] > git status -z -uall [20ms]
2025-03-31 21:27:01.236 [info] > git for-each-ref --sort -committerdate --format %(refname) %(objectname) %(*objectname) [3ms]
2025-03-31 21:27:12.735 [info] > git show --textconv :api.py [46ms]
2025-03-31 21:27:12.742 [info] > git ls-files --stage -- /data/tmp/rm-test-async/layers/api/api.py [9ms]
2025-03-31 21:27:12.786 [info] > git cat-file -s baf05945d7363eebfa4b06605b7628b1417a9fa7 [8ms]
2025-03-31 21:27:24.497 [info] > git config --get commit.template [34ms]
2025-03-31 21:27:24.499 [info] > git for-each-ref --format=%(refname)%00%(upstream:short)%00%(objectname)%00%(upstream:track)%00%(upstream:remotename)%00%(upstream:remoteref) refs/heads/master refs/remotes/master [4ms]
2025-03-31 21:27:24.552 [info] > git status -z -uall [30ms]
2025-03-31 21:27:24.554 [info] > git for-each-ref --sort -committerdate --format %(refname) %(objectname) %(*objectname) [4ms]
2025-03-31 21:28:12.392 [info] > git config --get commit.template [24ms]
2025-03-31 21:28:12.394 [info] > git for-each-ref --format=%(refname)%00%(upstream:short)%00%(objectname)%00%(upstream:track)%00%(upstream:remotename)%00%(upstream:remoteref) refs/heads/master refs/remotes/master [3ms]
2025-03-31 21:28:12.437 [info] > git status -z -uall [22ms]
2025-03-31 21:28:12.439 [info] > git for-each-ref --sort -committerdate --format %(refname) %(objectname) %(*objectname) [4ms]
2025-03-31 21:28:21.577 [info] > git config --get commit.template [2ms]
2025-03-31 21:28:21.614 [info] > git for-each-ref --format=%(refname)%00%(upstream:short)%00%(objectname)%00%(upstream:track)%00%(upstream:remotename)%00%(upstream:remoteref) refs/heads/master refs/remotes/master [7ms]
2025-03-31 21:28:21.671 [info] > git status -z -uall [25ms]
2025-03-31 21:28:21.674 [info] > git for-each-ref --sort -committerdate --format %(refname) %(objectname) %(*objectname) [3ms]
2025-03-31 21:28:26.726 [info] > git config --get commit.template [24ms]
2025-03-31 21:28:26.728 [info] > git for-each-ref --format=%(refname)%00%(upstream:short)%00%(objectname)%00%(upstream:track)%00%(upstream:remotename)%00%(upstream:remoteref) refs/heads/master refs/remotes/master [3ms]
2025-03-31 21:28:26.773 [info] > git status -z -uall [22ms]
2025-03-31 21:28:26.775 [info] > git for-each-ref --sort -committerdate --format %(refname) %(objectname) %(*objectname) [3ms]
2025-03-31 21:28:39.087 [info] > git config --get commit.template [22ms]
2025-03-31 21:28:39.089 [info] > git for-each-ref --format=%(refname)%00%(upstream:short)%00%(objectname)%00%(upstream:track)%00%(upstream:remotename)%00%(upstream:remoteref) refs/heads/master refs/remotes/master [3ms]
2025-03-31 21:28:39.149 [info] > git status -z -uall [25ms]
2025-03-31 21:28:39.151 [info] > git for-each-ref --sort -committerdate --format %(refname) %(objectname) %(*objectname) [4ms]
2025-03-31 21:28:45.191 [info] > git config --get commit.template [23ms]
2025-03-31 21:28:45.192 [info] > git for-each-ref --format=%(refname)%00%(upstream:short)%00%(objectname)%00%(upstream:track)%00%(upstream:remotename)%00%(upstream:remoteref) refs/heads/master refs/remotes/master [3ms]
2025-03-31 21:28:45.238 [info] > git status -z -uall [24ms]
2025-03-31 21:28:45.240 [info] > git for-each-ref --sort -committerdate --format %(refname) %(objectname) %(*objectname) [3ms]
2025-03-31 21:28:51.812 [info] > git config --get commit.template [32ms]
2025-03-31 21:28:51.813 [info] > git for-each-ref --format=%(refname)%00%(upstream:short)%00%(objectname)%00%(upstream:track)%00%(upstream:remotename)%00%(upstream:remoteref) refs/heads/master refs/remotes/master [5ms]
2025-03-31 21:28:51.856 [info] > git status -z -uall [22ms]
2025-03-31 21:28:51.859 [info] > git for-each-ref --sort -committerdate --format %(refname) %(objectname) %(*objectname) [4ms]
2025-03-31 21:28:52.442 [info] > git show --textconv :api.py [23ms]
2025-03-31 21:28:52.444 [info] > git ls-files --stage -- /data/tmp/rm-test-async/layers/api/api.py [3ms]
2025-03-31 21:28:52.469 [info] > git cat-file -s baf05945d7363eebfa4b06605b7628b1417a9fa7 [2ms]
2025-03-31 21:29:02.996 [info] > git config --get commit.template [2ms]
2025-03-31 21:29:03.017 [info] > git for-each-ref --format=%(refname)%00%(upstream:short)%00%(objectname)%00%(upstream:track)%00%(upstream:remotename)%00%(upstream:remoteref) refs/heads/master refs/remotes/master [3ms]
2025-03-31 21:29:03.056 [info] > git status -z -uall [20ms]
2025-03-31 21:29:03.058 [info] > git for-each-ref --sort -committerdate --format %(refname) %(objectname) %(*objectname) [3ms]
2025-03-31 21:32:20.524 [info] > git config --get commit.template [3ms]
2025-03-31 21:32:20.549 [info] > git for-each-ref --format=%(refname)%00%(upstream:short)%00%(objectname)%00%(upstream:track)%00%(upstream:remotename)%00%(upstream:remoteref) refs/heads/master refs/remotes/master [3ms]
2025-03-31 21:32:20.594 [info] > git status -z -uall [24ms]
2025-03-31 21:32:20.596 [info] > git for-each-ref --sort -committerdate --format %(refname) %(objectname) %(*objectname) [3ms]
2025-03-31 21:32:34.920 [info] > git show --textconv :api.py [28ms]
2025-03-31 21:32:34.922 [info] > git ls-files --stage -- /data/tmp/rm-test-async/layers/api/api.py [3ms]
2025-03-31 21:32:34.952 [info] > git cat-file -s baf05945d7363eebfa4b06605b7628b1417a9fa7 [5ms]
2025-03-31 21:32:41.492 [info] > git config --get commit.template [33ms]
2025-03-31 21:32:41.496 [info] > git for-each-ref --format=%(refname)%00%(upstream:short)%00%(objectname)%00%(upstream:track)%00%(upstream:remotename)%00%(upstream:remoteref) refs/heads/master refs/remotes/master [4ms]
2025-03-31 21:32:41.545 [info] > git status -z -uall [23ms]
2025-03-31 21:32:41.549 [info] > git for-each-ref --sort -committerdate --format %(refname) %(objectname) %(*objectname) [5ms]
2025-03-31 21:32:49.670 [info] > git show --textconv :api.py [27ms]
2025-03-31 21:32:49.672 [info] > git ls-files --stage -- /data/tmp/rm-test-async/layers/api/api.py [3ms]
2025-03-31 21:32:49.695 [info] > git cat-file -s baf05945d7363eebfa4b06605b7628b1417a9fa7 [3ms]
2025-03-31 21:33:22.914 [info] > git config --get commit.template [3ms]
2025-03-31 21:33:22.947 [info] > git ls-files --stage -- /data/tmp/rm-test-async/layers/api/api.py [3ms]
2025-03-31 21:33:23.024 [info] > git cat-file -s baf05945d7363eebfa4b06605b7628b1417a9fa7 [48ms]
2025-03-31 21:33:23.031 [info] > git for-each-ref --format=%(refname)%00%(upstream:short)%00%(objectname)%00%(upstream:track)%00%(upstream:remotename)%00%(upstream:remoteref) refs/heads/master refs/remotes/master [7ms]
2025-03-31 21:33:23.149 [info] > git show --textconv :api.py [80ms]
2025-03-31 21:33:23.149 [info] > git status -z -uall [46ms]
2025-03-31 21:33:23.155 [info] > git for-each-ref --sort -committerdate --format %(refname) %(objectname) %(*objectname) [7ms]
2025-03-31 21:33:38.876 [info] > git config --get commit.template [24ms]
2025-03-31 21:33:38.877 [info] > git for-each-ref --format=%(refname)%00%(upstream:short)%00%(objectname)%00%(upstream:track)%00%(upstream:remotename)%00%(upstream:remoteref) refs/heads/master refs/remotes/master [3ms]
2025-03-31 21:33:38.917 [info] > git status -z -uall [20ms]
2025-03-31 21:33:38.919 [info] > git for-each-ref --sort -committerdate --format %(refname) %(objectname) %(*objectname) [4ms]
2025-03-31 21:33:44.563 [info] > git config --get commit.template [26ms]
2025-03-31 21:33:44.564 [info] > git for-each-ref --format=%(refname)%00%(upstream:short)%00%(objectname)%00%(upstream:track)%00%(upstream:remotename)%00%(upstream:remoteref) refs/heads/master refs/remotes/master [2ms]
2025-03-31 21:33:44.622 [info] > git status -z -uall [29ms]
2025-03-31 21:33:44.625 [info] > git for-each-ref --sort -committerdate --format %(refname) %(objectname) %(*objectname) [5ms]
2025-03-31 21:33:53.991 [info] > git show --textconv :api.py [30ms]
2025-03-31 21:33:53.993 [info] > git ls-files --stage -- /data/tmp/rm-test-async/layers/api/api.py [4ms]
2025-03-31 21:33:54.016 [info] > git cat-file -s baf05945d7363eebfa4b06605b7628b1417a9fa7 [3ms]
2025-03-31 21:34:02.196 [info] > git config --get commit.template [29ms]
2025-03-31 21:34:02.199 [info] > git for-each-ref --format=%(refname)%00%(upstream:short)%00%(objectname)%00%(upstream:track)%00%(upstream:remotename)%00%(upstream:remoteref) refs/heads/master refs/remotes/master [5ms]
2025-03-31 21:34:02.255 [info] > git status -z -uall [25ms]
2025-03-31 21:34:02.257 [info] > git for-each-ref --sort -committerdate --format %(refname) %(objectname) %(*objectname) [5ms]
2025-03-31 21:34:07.323 [info] > git config --get commit.template [26ms]
2025-03-31 21:34:07.325 [info] > git for-each-ref --format=%(refname)%00%(upstream:short)%00%(objectname)%00%(upstream:track)%00%(upstream:remotename)%00%(upstream:remoteref) refs/heads/master refs/remotes/master [3ms]
2025-03-31 21:34:07.375 [info] > git status -z -uall [30ms]
2025-03-31 21:34:07.377 [info] > git for-each-ref --sort -committerdate --format %(refname) %(objectname) %(*objectname) [5ms]
2025-03-31 21:34:08.043 [info] > git show --textconv :api.py [26ms]
2025-03-31 21:34:08.045 [info] > git ls-files --stage -- /data/tmp/rm-test-async/layers/api/api.py [6ms]
2025-03-31 21:34:08.077 [info] > git cat-file -s baf05945d7363eebfa4b06605b7628b1417a9fa7 [4ms]
2025-03-31 21:34:12.465 [info] > git config --get commit.template [9ms]
2025-03-31 21:34:12.547 [info] > git for-each-ref --format=%(refname)%00%(upstream:short)%00%(objectname)%00%(upstream:track)%00%(upstream:remotename)%00%(upstream:remoteref) refs/heads/master refs/remotes/master [7ms]
2025-03-31 21:34:12.634 [info] > git status -z -uall [33ms]
2025-03-31 21:34:12.637 [info] > git for-each-ref --sort -committerdate --format %(refname) %(objectname) %(*objectname) [3ms]
2025-03-31 21:34:29.751 [info] > git config --get commit.template [24ms]
2025-03-31 21:34:29.752 [info] > git for-each-ref --format=%(refname)%00%(upstream:short)%00%(objectname)%00%(upstream:track)%00%(upstream:remotename)%00%(upstream:remoteref) refs/heads/master refs/remotes/master [4ms]
2025-03-31 21:34:29.799 [info] > git status -z -uall [23ms]
2025-03-31 21:34:29.801 [info] > git for-each-ref --sort -committerdate --format %(refname) %(objectname) %(*objectname) [3ms]
2025-03-31 21:34:44.049 [info] > git config --get commit.template [22ms]
2025-03-31 21:34:44.052 [info] > git for-each-ref --format=%(refname)%00%(upstream:short)%00%(objectname)%00%(upstream:track)%00%(upstream:remotename)%00%(upstream:remoteref) refs/heads/master refs/remotes/master [4ms]
2025-03-31 21:34:44.101 [info] > git status -z -uall [27ms]
2025-03-31 21:34:44.103 [info] > git for-each-ref --sort -committerdate --format %(refname) %(objectname) %(*objectname) [5ms]
2025-03-31 21:35:42.831 [info] > git show --textconv :api.py [24ms]
2025-03-31 21:35:42.833 [info] > git ls-files --stage -- /data/tmp/rm-test-async/layers/api/api.py [3ms]
2025-03-31 21:35:42.857 [info] > git cat-file -s baf05945d7363eebfa4b06605b7628b1417a9fa7 [3ms]
2025-03-31 21:36:09.053 [info] > git config --get commit.template [25ms]
2025-03-31 21:36:09.055 [info] > git for-each-ref --format=%(refname)%00%(upstream:short)%00%(objectname)%00%(upstream:track)%00%(upstream:remotename)%00%(upstream:remoteref) refs/heads/master refs/remotes/master [3ms]
2025-03-31 21:36:09.094 [info] > git status -z -uall [19ms]
2025-03-31 21:36:09.096 [info] > git for-each-ref --sort -committerdate --format %(refname) %(objectname) %(*objectname) [3ms]
2025-03-31 21:36:16.775 [info] > git config --get commit.template [23ms]
2025-03-31 21:36:16.776 [info] > git for-each-ref --format=%(refname)%00%(upstream:short)%00%(objectname)%00%(upstream:track)%00%(upstream:remotename)%00%(upstream:remoteref) refs/heads/master refs/remotes/master [3ms]
2025-03-31 21:36:16.826 [info] > git status -z -uall [28ms]
2025-03-31 21:36:16.828 [info] > git for-each-ref --sort -committerdate --format %(refname) %(objectname) %(*objectname) [5ms]
2025-03-31 21:37:05.882 [info] > git config --get commit.template [4ms]
2025-03-31 21:37:05.913 [info] > git for-each-ref --format=%(refname)%00%(upstream:short)%00%(objectname)%00%(upstream:track)%00%(upstream:remotename)%00%(upstream:remoteref) refs/heads/master refs/remotes/master [3ms]
2025-03-31 21:37:05.960 [info] > git status -z -uall [26ms]
2025-03-31 21:37:05.961 [info] > git for-each-ref --sort -committerdate --format %(refname) %(objectname) %(*objectname) [4ms]
2025-03-31 21:37:22.138 [info] > git config --get commit.template [23ms]
2025-03-31 21:37:22.140 [info] > git for-each-ref --format=%(refname)%00%(upstream:short)%00%(objectname)%00%(upstream:track)%00%(upstream:remotename)%00%(upstream:remoteref) refs/heads/master refs/remotes/master [3ms]
2025-03-31 21:37:22.186 [info] > git status -z -uall [24ms]
2025-03-31 21:37:22.189 [info] > git for-each-ref --sort -committerdate --format %(refname) %(objectname) %(*objectname) [4ms]
2025-03-31 21:37:27.234 [info] > git config --get commit.template [19ms]
2025-03-31 21:37:27.235 [info] > git for-each-ref --format=%(refname)%00%(upstream:short)%00%(objectname)%00%(upstream:track)%00%(upstream:remotename)%00%(upstream:remoteref) refs/heads/master refs/remotes/master [2ms]
2025-03-31 21:37:27.271 [info] > git status -z -uall [18ms]
2025-03-31 21:37:27.274 [info] > git for-each-ref --sort -committerdate --format %(refname) %(objectname) %(*objectname) [4ms]
2025-03-31 21:37:38.568 [info] > git config --get commit.template [25ms]
2025-03-31 21:37:38.568 [info] > git for-each-ref --format=%(refname)%00%(upstream:short)%00%(objectname)%00%(upstream:track)%00%(upstream:remotename)%00%(upstream:remoteref) refs/heads/master refs/remotes/master [3ms]
2025-03-31 21:37:38.614 [info] > git status -z -uall [23ms]
2025-03-31 21:37:38.617 [info] > git for-each-ref --sort -committerdate --format %(refname) %(objectname) %(*objectname) [4ms]
